2023-06-09 13:30:43,857 | INFO | =====================================
2023-06-09 13:30:43,857 | INFO | STARTING SET 2 OF bicep_curls
2023-06-09 13:30:43,857 | INFO | =====================================
2023-06-09 13:30:43,857 | INFO | Moving arm from up to halfway
2023-06-09 13:30:43,857 | INFO | Moving from [1.7, -1.1, 0, -1.1, -0.2] to [1.1, -1.1, 0, -1.1, -0.2] for duration 4
2023-06-09 13:30:43,866 | INFO | topic[/joint_angles] adding connection to [http://quori.wifi.local.cmu.edu:36879/], count 0
2023-06-09 13:30:47,862 | INFO | Robot says: Get ready for set 2 out of 2 of bicep curls
2023-06-09 13:30:49,864 | INFO | Robot smiling at intensity 0.8 for duration 4
2023-06-09 13:30:55,871 | INFO | -------------------Recording!
2023-06-09 13:30:55,872 | INFO | Moving arm from halfway to sides
2023-06-09 13:30:55,872 | INFO | Moving from [1.1, -1.1, 0, -1.1, -0.2] to [0.2, -1.1, 0, -1.1, -0.2] for duration 4
2023-06-09 13:30:57,875 | INFO | Robot says: Start bicep curls now
2023-06-09 13:31:00,137 | INFO | Current peak 63
2023-06-09 13:31:02,491 | INFO | Current peak 131
2023-06-09 13:31:02,700 | INFO | Good expert min 743.1063350280356 All expert min 743.1063350280356
2023-06-09 13:31:02,857 | INFO | Good expert min 804.2852290265757 All expert min 804.2852290265757
2023-06-09 13:31:03,116 | INFO | Good expert min 612.915923798469 All expert min 612.915923798469
2023-06-09 13:31:03,322 | INFO | Good expert min 1035.3179139834094 All expert min 1035.3179139834094
2023-06-09 13:31:03,328 | INFO | Actual Duration 2.250436, Average Expert Duration 2.71982825
2023-06-09 13:31:03,338 | INFO | {'speed': 'good', 'correction': ['Good right shoulder', 'Good left shoulder', 'Good right elbow', 'Good left elbow'], 'evaluation': [1, 1, 1, 1]}
2023-06-09 13:31:03,364 | INFO | Evaluation case  with message - 
2023-06-09 13:31:03,390 | INFO | Speed case  with message - 
2023-06-09 13:31:03,405 | INFO | Moving from [0.1488698497529566, -1.1846779759740436, 0.03709949299812329, -1.1248396137401961, -0.25841714322677434] to [0.26749132783645424, -1.1472586641393943, 0.0005517869308506035, -1.174189587239484, -0.14279193083058064] for duration 2
2023-06-09 13:31:06,422 | INFO | Current peak 202
2023-06-09 13:31:06,676 | INFO | Good expert min 792.8313578295306 All expert min 792.8313578295306
2023-06-09 13:31:06,987 | INFO | Good expert min 1320.6111798171362 All expert min 1320.6111798171362
2023-06-09 13:31:07,288 | INFO | Good expert min 1187.4167933870572 All expert min 1187.4167933870572
2023-06-09 13:31:07,603 | INFO | Good expert min 1634.0649644771568 All expert min 1634.0649644771568
2023-06-09 13:31:07,629 | INFO | Actual Duration 3.97308, Average Expert Duration 2.71982825
2023-06-09 13:31:07,649 | INFO | {'speed': 'good', 'correction': ['Good right shoulder', 'Good left shoulder', 'Good right elbow', 'ok left elbow'], 'evaluation': [1, 1, 1, 0]}
2023-06-09 13:31:07,675 | INFO | Evaluation case  with message - 
2023-06-09 13:31:07,700 | INFO | Speed case  with message - 
2023-06-09 13:31:07,726 | INFO | Moving from [0.2087673673912501, -1.0172550353455576, 0.03736817810831852, -1.088148175065143, -0.11497540524534622] to [0.1824508913752486, -1.0379840760411843, -0.046216465427687696, -1.0074886683741644, -0.12455241509315537] for duration 2
2023-06-09 13:31:10,358 | INFO | Current peak 257
2023-06-09 13:31:10,606 | INFO | Good expert min 381.80666515068964 All expert min 381.80666515068964
2023-06-09 13:31:10,763 | INFO | Good expert min 529.2655559418595 All expert min 529.2655559418595
2023-06-09 13:31:10,988 | INFO | Good expert min 396.0526426356916 All expert min 396.0526426356916
2023-06-09 13:31:11,138 | INFO | Good expert min 791.1228514066075 All expert min 791.1228514066075
2023-06-09 13:31:11,159 | INFO | Actual Duration 4.088957, Average Expert Duration 2.71982825
2023-06-09 13:31:11,185 | INFO | {'speed': 'good', 'correction': ['Good right shoulder', 'Good left shoulder', 'Good right elbow', 'Good left elbow'], 'evaluation': [1, 1, 1, 1]}
2023-06-09 13:31:11,211 | INFO | Evaluation case 2b with message - Looks good, great job!
2023-06-09 13:31:11,236 | INFO | Speed case 4b with message - Great work, nice pace.
2023-06-09 13:31:11,267 | INFO | Robot says: Looks good, great job!
2023-06-09 13:31:11,293 | INFO | Moving from [0, -0.8, 0, -0.8, 0.084] to [0.2, -1.1, 0, -1.1, -0.2] for duration 4
2023-06-09 13:31:15,344 | INFO | Robot smiling at intensity 0.9 for duration 4
2023-06-09 13:31:16,533 | INFO | Current peak 295
2023-06-09 13:31:16,703 | INFO | Good expert min 313.7684787222121 All expert min 313.7684787222121
2023-06-09 13:31:16,993 | INFO | Good expert min 375.33120565749834 All expert min 375.33120565749834
2023-06-09 13:31:17,344 | INFO | Good expert min 329.1087669526543 All expert min 329.1087669526543
2023-06-09 13:31:17,593 | INFO | Good expert min 525.9540075606883 All expert min 525.9540075606883
2023-06-09 13:31:17,593 | INFO | Actual Duration 6.112537, Average Expert Duration 2.71982825
2023-06-09 13:31:17,594 | INFO | {'speed': 'slow', 'correction': ['Good right shoulder', 'Good left shoulder', 'Good right elbow', 'Good left elbow'], 'evaluation': [1, 1, 1, 1]}
2023-06-09 13:31:17,594 | INFO | Evaluation case  with message - 
2023-06-09 13:31:17,594 | INFO | Speed case  with message - 
2023-06-09 13:31:17,614 | INFO | Moving from [0.11921729800996492, -1.0898746243859352, 0.04438733013052121, -1.1912243264203233, -0.2792174755280161] to [0.1288693887783531, -1.0780275939159047, 0.09243557747366657, -1.0984233388713405, -0.11122146335882974] for duration 2
2023-06-09 13:31:20,461 | INFO | Current peak 358
2023-06-09 13:31:20,653 | INFO | Good expert min 767.2553838049346 All expert min 767.2553838049346
2023-06-09 13:31:20,875 | INFO | Good expert min 1019.017092692012 All expert min 1019.017092692012
2023-06-09 13:31:21,066 | INFO | Good expert min 836.0075280673174 All expert min 836.0075280673174
2023-06-09 13:31:21,330 | INFO | Good expert min 1296.4295286213164 All expert min 1296.4295286213164
2023-06-09 13:31:21,346 | INFO | Actual Duration 4.003085, Average Expert Duration 2.71982825
2023-06-09 13:31:21,367 | INFO | {'speed': 'good', 'correction': ['Good right shoulder', 'Good left shoulder', 'Good right elbow', 'Good left elbow'], 'evaluation': [1, 1, 1, 1]}
2023-06-09 13:31:21,398 | INFO | Evaluation case  with message - 
2023-06-09 13:31:21,418 | INFO | Speed case  with message - 
2023-06-09 13:31:21,439 | INFO | Moving from [0.12389669361783409, -1.1942728655524946, -0.07023350616388496, -1.1434007846195897, -0.1727481586944611] to [0.2778423540415722, -1.113633961209389, 0.016774193180986163, -1.0322682506710763, -0.23741870389418537] for duration 2
2023-06-09 13:31:24,792 | INFO | Current peak 431
2023-06-09 13:31:25,008 | INFO | Good expert min 805.0293554981495 All expert min 805.0293554981495
2023-06-09 13:31:25,269 | INFO | Good expert min 1309.3065226964777 All expert min 1309.3065226964777
2023-06-09 13:31:25,568 | INFO | Good expert min 803.6985000198226 All expert min 803.6985000198226
2023-06-09 13:31:25,814 | INFO | Good expert min 1411.112146701754 All expert min 1411.112146701754
2023-06-09 13:31:25,830 | INFO | Actual Duration 4.13703, Average Expert Duration 2.71982825
2023-06-09 13:31:25,861 | INFO | {'speed': 'good', 'correction': ['Good right shoulder', 'Good left shoulder', 'Good right elbow', 'Good left elbow'], 'evaluation': [1, 1, 1, 1]}
2023-06-09 13:31:25,876 | INFO | Evaluation case  with message - 
2023-06-09 13:31:25,907 | INFO | Speed case  with message - 
2023-06-09 13:31:25,948 | INFO | Moving from [0.2140319042862356, -1.0175742620617259, -0.08577921357377279, -1.1022295674641713, -0.2123148089212723] to [0.22810711180359297, -1.0902370875693497, -0.043344160424484884, -1.1445606862011777, -0.2612476226266822] for duration 2
2023-06-09 13:31:28,972 | INFO | Current peak 493
2023-06-09 13:31:29,207 | INFO | Good expert min 750.673054645003 All expert min 750.673054645003
2023-06-09 13:31:29,431 | INFO | Good expert min 1177.9483913181327 All expert min 1177.9483913181327
2023-06-09 13:31:29,632 | INFO | Good expert min 980.7836542335998 All expert min 980.7836542335998
2023-06-09 13:31:29,931 | INFO | Good expert min 1444.2048753910906 All expert min 1444.2048753910906
2023-06-09 13:31:29,952 | INFO | Actual Duration 4.200895, Average Expert Duration 2.71982825
2023-06-09 13:31:29,983 | INFO | {'speed': 'good', 'correction': ['Good right shoulder', 'Good left shoulder', 'Good right elbow', 'Good left elbow'], 'evaluation': [1, 1, 1, 1]}
2023-06-09 13:31:30,009 | INFO | Evaluation case 2b with message - Great work, looking good!
2023-06-09 13:31:30,030 | INFO | Speed case 4b with message - Great work, nice pace.
2023-06-09 13:31:30,030 | INFO | Robot says: Great work, looking good!
2023-06-09 13:31:30,030 | INFO | Moving from [0, -0.8, 0, -0.8, 0.084] to [0.2, -1.1, 0, -1.1, -0.2] for duration 4
2023-06-09 13:31:34,045 | INFO | Robot smiling at intensity 0.9 for duration 4
2023-06-09 13:31:34,485 | INFO | Current peak 518
2023-06-09 13:31:34,693 | INFO | Good expert min 387.6522352704593 All expert min 387.6522352704593
2023-06-09 13:31:34,972 | INFO | Good expert min 739.6573077756876 All expert min 739.6573077756876
2023-06-09 13:31:35,148 | INFO | Good expert min 311.48540451879336 All expert min 311.48540451879336
2023-06-09 13:31:35,391 | INFO | Good expert min 937.8748515267705 All expert min 937.8748515267705
2023-06-09 13:31:35,417 | INFO | Actual Duration 5.713263, Average Expert Duration 2.71982825
2023-06-09 13:31:35,448 | INFO | {'speed': 'good', 'correction': ['Good right shoulder', 'Good left shoulder', 'Good right elbow', 'Good left elbow'], 'evaluation': [1, 1, 1, 1]}
2023-06-09 13:31:35,473 | INFO | Evaluation case  with message - 
2023-06-09 13:31:35,494 | INFO | Speed case  with message - 
2023-06-09 13:31:35,520 | INFO | Moving from [0.258407716793709, -1.1491687765362149, 0.03919265764252236, -1.1650240520370025, -0.28801985701667837] to [0.24190257677497182, -1.1009856646593827, 0.04104998509794894, -1.0677169272629419, -0.1187798226379286] for duration 2
2023-06-09 13:31:37,330 | INFO | Current peak 545
2023-06-09 13:31:37,330 | INFO | -------------------Done with exercise
2023-06-09 13:31:37,331 | INFO | Robot says: Almost done.
2023-06-09 13:31:37,365 | INFO | Good expert min 324.3386960603629 All expert min 324.3386960603629
2023-06-09 13:31:37,395 | INFO | Good expert min 600.4593608778202 All expert min 408.54011006114644
2023-06-09 13:31:37,429 | INFO | Good expert min 1018.584913648105 All expert min 262.52742324858747
2023-06-09 13:31:37,462 | INFO | Good expert min 930.3351421235892 All expert min 361.42816986207043
2023-06-09 13:31:37,462 | INFO | Actual Duration 2.692322, Average Expert Duration 2.71982825
2023-06-09 13:31:37,462 | INFO | {'speed': 'good', 'correction': ['Good right shoulder', 'low range of motion left shoulder', 'low range of motion right elbow', 'low range of motion left elbow'], 'evaluation': [1, -1, -1, -1]}
2023-06-09 13:31:37,462 | INFO | Evaluation case  with message - 
2023-06-09 13:31:37,462 | INFO | Speed case  with message - 
2023-06-09 13:31:37,463 | INFO | Moving from [0.13295823406853807, -1.080858961739249, 0.01348739751967809, -1.0380456929525497, -0.1578382566845311] to [0.2385261270949758, -1.013035534396205, -0.010156633743540477, -1.1957243633214831, -0.15897688941596122] for duration 2
2023-06-09 13:31:40,333 | INFO | Robot says: Rest.
2023-06-09 13:31:42,336 | INFO | Robot smiling at intensity 0.8 for duration 4
2023-06-09 13:31:42,337 | INFO | Robot says: Using the scale next to you, how difficult was that last set, from 1 to 10?
2023-06-09 13:31:42,337 | INFO | Moving arm from sides to up
2023-06-09 13:31:42,338 | INFO | Moving from [0.2, -1.1, 0, -1.1, -0.2] to [1.7, -1.1, 0, -1.1, -0.2] for duration 4
2023-06-09 13:31:44,341 | INFO | Total Number of Reps 9
2023-06-09 13:31:44,341 | INFO | Total Angles 550
2023-06-09 13:31:44,342 | INFO | topic impl's ref count is zero, deleting topic /joint_angles...
2023-06-09 13:31:44,342 | INFO | topic[/joint_angles] removing connection to http://quori.wifi.local.cmu.edu:36879/
2023-06-09 13:31:44,349 | INFO | Saved file Participant_8_Round_2_Robot_3_Exercise_bicep_curls_Set_2.npz
2023-06-09 13:32:02,337 | INFO | Robot says: Rest for 20 more seconds.
2023-06-09 13:32:22,348 | INFO | =====================================
2023-06-09 13:32:22,348 | INFO | STARTING SET 1 OF lateral_raises
2023-06-09 13:32:22,348 | INFO | =====================================
2023-06-09 13:32:22,348 | INFO | Moving arm from up to halfway
2023-06-09 13:32:22,348 | INFO | Moving from [1.7, -1.1, 0, -1.1, -0.2] to [1.1, -1.1, 0, -1.1, -0.2] for duration 4
2023-06-09 13:32:22,354 | INFO | topic[/joint_angles] adding connection to [http://quori.wifi.local.cmu.edu:36879/], count 0
2023-06-09 13:32:26,351 | INFO | Robot says: Get ready for set 1 out of 2 of lateral raises
2023-06-09 13:32:28,354 | INFO | Robot smiling at intensity 0.8 for duration 4
2023-06-09 13:32:34,361 | INFO | -------------------Recording!
2023-06-09 13:32:34,361 | INFO | Moving arm from halfway to sides
2023-06-09 13:32:34,362 | INFO | Moving from [1.1, -1.1, 0, -1.1, -0.2] to [0.2, -1.1, 0, -1.1, -0.2] for duration 4
2023-06-09 13:32:36,365 | INFO | Robot says: Start lateral raises now
2023-06-09 13:32:39,185 | INFO | Current peak 76
2023-06-09 13:32:41,500 | INFO | Current peak 143
2023-06-09 13:32:41,703 | INFO | Good expert min 792.0592107733264 All expert min 792.0592107733264
2023-06-09 13:32:41,917 | INFO | Good expert min 633.7876504692264 All expert min 633.7876504692264
2023-06-09 13:32:42,176 | INFO | Good expert min 1166.032972588971 All expert min 1166.032972588971
2023-06-09 13:32:42,435 | INFO | Good expert min 848.2859985199532 All expert min 848.2859985199532
2023-06-09 13:32:42,476 | INFO | Actual Duration 2.231597, Average Expert Duration 3.073079411764706
2023-06-09 13:32:42,517 | INFO | {'speed': 'good', 'correction': ['Good right shoulder', 'Good left shoulder', 'Good right elbow', 'Good left elbow'], 'evaluation': [1, 1, 1, 1]}
2023-06-09 13:32:42,553 | INFO | Evaluation case  with message - 
2023-06-09 13:32:42,584 | INFO | Speed case  with message - 
2023-06-09 13:32:42,625 | INFO | Moving from [0.13336211526064048, -1.021397613867721, -0.04138634427403858, -1.0282867614505615, -0.22117743776351032] to [0.2640517216905339, -1.0723661033158491, 0.07741682176323819, -1.0668145731553111, -0.2030267764978733] for duration 2
2023-06-09 13:32:45,510 | INFO | Current peak 202
2023-06-09 13:32:45,779 | INFO | Good expert min 759.2553738878067 All expert min 759.2553738878067
2023-06-09 13:32:46,052 | INFO | Good expert min 612.921282761562 All expert min 612.921282761562
2023-06-09 13:32:46,300 | INFO | Good expert min 1076.1733589838627 All expert min 1076.1733589838627
2023-06-09 13:32:46,517 | INFO | Good expert min 899.2980923593518 All expert min 899.2980923593518
2023-06-09 13:32:46,543 | INFO | Actual Duration 3.965705, Average Expert Duration 3.073079411764706
2023-06-09 13:32:46,579 | INFO | {'speed': 'good', 'correction': ['Good right shoulder', 'Good left shoulder', 'Good right elbow', 'Good left elbow'], 'evaluation': [1, 1, 1, 1]}
2023-06-09 13:32:46,615 | INFO | Evaluation case  with message - 
2023-06-09 13:32:46,630 | INFO | Speed case  with message - 
2023-06-09 13:32:46,630 | INFO | Moving from [0.12021264796543898, -1.0885840792387238, 0.06602677037081983, -1.0855550786074817, -0.2948669836923048] to [0.2915528339552469, -1.086486698547543, -0.0923171136530355, -1.1273883663933233, -0.19267272272110447] for duration 2
2023-06-09 13:32:50,026 | INFO | Current peak 270
2023-06-09 13:32:50,353 | INFO | Good expert min 1045.163762882786 All expert min 1045.163762882786
2023-06-09 13:32:50,561 | INFO | Good expert min 687.4583808921701 All expert min 687.4583808921701
2023-06-09 13:32:50,796 | INFO | Good expert min 1545.6726390843346 All expert min 1545.6726390843346
2023-06-09 13:32:51,090 | INFO | Good expert min 1254.6190131474186 All expert min 1254.6190131474186
2023-06-09 13:32:51,137 | INFO | Actual Duration 4.401094, Average Expert Duration 3.073079411764706
2023-06-09 13:32:51,173 | INFO | {'speed': 'good', 'correction': ['Good right shoulder', 'Good left shoulder', 'Good right elbow', 'Good left elbow'], 'evaluation': [1, 1, 1, 1]}
2023-06-09 13:32:51,209 | INFO | Evaluation case 2b with message - Looks good, great job!
2023-06-09 13:32:51,245 | INFO | Speed case 4b with message - Great work, nice pace.
2023-06-09 13:32:51,286 | INFO | Robot says: Looks good, great job!
2023-06-09 13:32:51,317 | INFO | Moving from [0, -0.8, 0, -0.8, 0.084] to [0.2, -1.1, 0, -1.1, -0.2] for duration 4
2023-06-09 13:32:55,337 | INFO | Robot smiling at intensity 0.9 for duration 4
2023-06-09 13:33:03,552 | INFO | Current peak 366
2023-06-09 13:33:03,878 | INFO | Good expert min 3636.3516597005996 All expert min 3636.3516597005996
2023-06-09 13:33:04,125 | INFO | Good expert min 2966.1163642209717 All expert min 2966.1163642209717
2023-06-09 13:33:04,310 | INFO | Good expert min 4396.684914208381 All expert min 4396.684914208381
2023-06-09 13:33:04,518 | INFO | Good expert min 3870.495570322732 All expert min 3870.495570322732
2023-06-09 13:33:04,554 | INFO | Actual Duration 8.712734, Average Expert Duration 3.073079411764706
2023-06-09 13:33:04,595 | INFO | {'speed': 'slow', 'correction': ['bad right shoulder', 'bad left shoulder', 'bad right elbow', 'bad left elbow'], 'evaluation': [-1, -1, -1, -1]}
2023-06-09 13:33:04,626 | INFO | Evaluation case  with message - 
2023-06-09 13:33:04,652 | INFO | Speed case  with message - 
2023-06-09 13:33:04,688 | INFO | Moving from [0.16679811310279144, -1.046907218096132, 0.09104649975919976, -1.1644350986859333, -0.28941421610642865] to [0.22611227846031587, -1.1757641738252647, 0.03428160246728415, -1.1347923570255973, -0.15025217074894895] for duration 2
2023-06-09 13:33:05,746 | INFO | Current peak 423
2023-06-09 13:33:05,892 | INFO | Good expert min 2191.0400864794206 All expert min 2113.455515707713
2023-06-09 13:33:06,115 | INFO | Good expert min 1909.059122293066 All expert min 1789.8851328948074
2023-06-09 13:33:06,336 | INFO | Good expert min 3351.4032853587787 All expert min 2871.5773658391886
2023-06-09 13:33:06,502 | INFO | Good expert min 2422.7560479016292 All expert min 2250.650016473817
2023-06-09 13:33:06,538 | INFO | Actual Duration 1.973895, Average Expert Duration 3.073079411764706
2023-06-09 13:33:06,579 | INFO | {'speed': 'good', 'correction': ['bad right shoulder', 'bad left shoulder', 'bad right elbow', 'bad left elbow'], 'evaluation': [-1, -1, -1, -1]}
2023-06-09 13:33:06,585 | INFO | Evaluation case 1i with message - Great work, try to get a full range of motion in your shoulders.
2023-06-09 13:33:06,585 | INFO | Speed case  with message - 
2023-06-09 13:33:06,610 | INFO | Robot says: Great work, try to get a full range of motion in your shoulders.
2023-06-09 13:33:06,646 | INFO | Moving from [0.2, -1.1, 0, -1.1, -0.188] to [0.2, -1.1, 0, -1.1, -0.188] for duration 4
2023-06-09 13:33:10,672 | INFO | Robot frowning at intensity 0.0 for duration 4
2023-06-09 13:33:12,397 | INFO | Current peak 468
2023-06-09 13:33:12,660 | INFO | Good expert min 924.2195039552811 All expert min 924.2195039552811
2023-06-09 13:33:12,831 | INFO | Good expert min 855.684032744892 All expert min 789.2583050412434
2023-06-09 13:33:13,039 | INFO | Good expert min 1524.4799077809628 All expert min 1524.4799077809628
2023-06-09 13:33:13,259 | INFO | Good expert min 1117.1083921003672 All expert min 968.3104357615174
2023-06-09 13:33:13,290 | INFO | Actual Duration 1.493083, Average Expert Duration 3.073079411764706
2023-06-09 13:33:13,326 | INFO | {'speed': 'good', 'correction': ['Good right shoulder', 'low range of motion left shoulder', 'Good right elbow', 'low range of motion left elbow'], 'evaluation': [1, -1, 1, -1]}
2023-06-09 13:33:13,367 | INFO | Evaluation case  with message - 
2023-06-09 13:33:13,408 | INFO | Speed case  with message - 
2023-06-09 13:33:13,439 | INFO | Moving from [0.13049884810618873, -1.1532167565749702, 0.01919632998983549, -1.189141136850093, -0.2647775404944967] to [0.28547043021752216, -1.0404537758603825, -0.005933728136723909, -1.0126864494673664, -0.19465946137201814] for duration 2
2023-06-09 13:33:14,926 | INFO | Current peak 491
2023-06-09 13:33:15,161 | INFO | Good expert min 1469.3135127120906 All expert min 1260.9043960539727
2023-06-09 13:33:15,329 | INFO | Good expert min 1386.0038926667721 All expert min 1386.0038926667721
2023-06-09 13:33:15,516 | INFO | Good expert min 2396.0087201272027 All expert min 2166.608712718308
2023-06-09 13:33:15,679 | INFO | Good expert min 2231.2856431613723 All expert min 2005.6131979982842
2023-06-09 13:33:15,716 | INFO | Actual Duration 0.765333, Average Expert Duration 3.073079411764706
2023-06-09 13:33:15,747 | INFO | {'speed': 'good', 'correction': ['high range of motion right shoulder', 'Good left shoulder', 'bad right elbow', 'bad left elbow'], 'evaluation': [-1, 1, -1, -1]}
2023-06-09 13:33:15,783 | INFO | Evaluation case  with message - 
2023-06-09 13:33:15,824 | INFO | Speed case 4b with message - Great work, nice pace.
2023-06-09 13:33:15,860 | INFO | Skipping Great work, nice pace.
2023-06-09 13:33:15,901 | INFO | Moving from [0, -0.8, 0, -0.8, 0.084] to [0.2, -1.1, 0, -1.1, -0.188] for duration 4
2023-06-09 13:33:19,931 | INFO | Robot smiling at intensity 0.9 for duration 4
2023-06-09 13:33:21,065 | INFO | Current peak 596
2023-06-09 13:33:21,356 | INFO | Good expert min 3571.694367386997 All expert min 3266.312248000843
2023-06-09 13:33:21,591 | INFO | Good expert min 3545.0234200884183 All expert min 3545.0234200884183
2023-06-09 13:33:21,820 | INFO | Good expert min 4651.807958167921 All expert min 4651.807958167921
2023-06-09 13:33:22,055 | INFO | Good expert min 4202.059964829222 All expert min 4202.059964829222
2023-06-09 13:33:22,092 | INFO | Actual Duration 17.424105, Average Expert Duration 3.073079411764706
2023-06-09 13:33:22,128 | INFO | {'speed': 'slow', 'correction': ['bad right shoulder', 'bad left shoulder', 'bad right elbow', 'bad left elbow'], 'evaluation': [-1, -1, -1, -1]}
2023-06-09 13:33:22,158 | INFO | Evaluation case 1i with message - Nice job, can you focus a bit more on a full range of motion in your shoulders?
2023-06-09 13:33:22,184 | INFO | Speed case  with message - 
2023-06-09 13:33:22,210 | INFO | Robot says: Nice job, can you focus a bit more on a full range of motion in your shoulders?
2023-06-09 13:33:22,261 | INFO | Moving from [0.2, -1.1, 0, -1.1, -0.188] to [0.2, -1.1, 0, -1.1, -0.188] for duration 4
2023-06-09 13:33:24,361 | INFO | -------------------Done with exercise
2023-06-09 13:33:24,361 | INFO | Robot says: Almost done.
2023-06-09 13:33:26,291 | INFO | Robot frowning at intensity 0.0 for duration 4
2023-06-09 13:33:26,327 | INFO | Good expert min 1663.1208451491277 All expert min 1219.3938515222583
2023-06-09 13:33:26,356 | INFO | Good expert min 1198.943321669617 All expert min 1198.943321669617
2023-06-09 13:33:26,385 | INFO | Good expert min 2371.7917801498065 All expert min 2081.75852078485
2023-06-09 13:33:26,414 | INFO | Good expert min 2126.179519000832 All expert min 1778.7299568274984
2023-06-09 13:33:26,415 | INFO | Actual Duration -0.976037, Average Expert Duration 3.073079411764706
2023-06-09 13:33:26,415 | INFO | {'speed': 'fast', 'correction': ['high range of motion right shoulder', 'Good left shoulder', 'bad right elbow', 'bad left elbow'], 'evaluation': [-1, 1, -1, -1]}
2023-06-09 13:33:26,415 | INFO | Evaluation case  with message - 
2023-06-09 13:33:26,415 | INFO | Speed case  with message - 
2023-06-09 13:33:26,415 | INFO | Moving from [0.23178295903024823, -1.0509932867370888, 0.09334472135622404, -1.008460836554505, -0.23318154592554288] to [0.20946321581279856, -1.077645279406064, -0.026939394198557662, -1.1422142977348566, -0.1094097315109673] for duration 2
2023-06-09 13:33:27,365 | INFO | Robot says: Rest.
2023-06-09 13:33:29,368 | INFO | Robot smiling at intensity 0.8 for duration 4
2023-06-09 13:33:29,368 | INFO | Robot says: Using the scale next to you, how difficult was that last set, from 1 to 10?
2023-06-09 13:33:29,369 | INFO | Moving arm from sides to up
2023-06-09 13:33:29,369 | INFO | Moving from [0.2, -1.1, 0, -1.1, -0.188] to [1.7, -1.1, 0, -1.1, -0.188] for duration 4
2023-06-09 13:33:31,372 | INFO | Total Number of Reps 9
2023-06-09 13:33:31,402 | INFO | Total Angles 630
2023-06-09 13:33:31,403 | INFO | topic impl's ref count is zero, deleting topic /joint_angles...
2023-06-09 13:33:31,403 | INFO | topic[/joint_angles] removing connection to http://quori.wifi.local.cmu.edu:36879/
2023-06-09 13:33:31,411 | INFO | Saved file Participant_8_Round_2_Robot_3_Exercise_lateral_raises_Set_1.npz
2023-06-09 13:33:49,368 | INFO | Robot says: Rest for 20 more seconds.
2023-06-09 13:34:09,479 | INFO | =====================================
2023-06-09 13:34:09,480 | INFO | STARTING SET 2 OF lateral_raises
2023-06-09 13:34:09,480 | INFO | =====================================
2023-06-09 13:34:09,480 | INFO | Moving arm from up to halfway
2023-06-09 13:34:09,480 | INFO | Moving from [1.7, -1.1, 0, -1.1, -0.2] to [1.1, -1.1, 0, -1.1, -0.2] for duration 4
2023-06-09 13:34:09,485 | INFO | topic[/joint_angles] adding connection to [http://quori.wifi.local.cmu.edu:36879/], count 0
2023-06-09 13:34:13,486 | INFO | Robot says: Get ready for set 2 out of 2 of lateral raises
2023-06-09 13:34:15,489 | INFO | Robot smiling at intensity 0.8 for duration 4
2023-06-09 13:34:21,496 | INFO | -------------------Recording!
2023-06-09 13:34:21,497 | INFO | Moving arm from halfway to sides
2023-06-09 13:34:21,497 | INFO | Moving from [1.1, -1.1, 0, -1.1, -0.2] to [0.2, -1.1, 0, -1.1, -0.2] for duration 4
2023-06-09 13:34:23,500 | INFO | Robot says: Start lateral raises now
2023-06-09 13:34:26,282 | INFO | Current peak 68
2023-06-09 13:34:28,232 | INFO | Current peak 119
2023-06-09 13:34:28,432 | INFO | Good expert min 689.704682071082 All expert min 612.9119571735014
2023-06-09 13:34:28,624 | INFO | Good expert min 559.3982880672303 All expert min 559.3982880672303
2023-06-09 13:34:28,922 | INFO | Good expert min 1011.0793157956637 All expert min 1011.0793157956637
2023-06-09 13:34:29,145 | INFO | Good expert min 896.9288600330971 All expert min 896.9288600330971
2023-06-09 13:34:29,181 | INFO | Actual Duration 2.027737, Average Expert Duration 3.073079411764706
2023-06-09 13:34:29,222 | INFO | {'speed': 'good', 'correction': ['high range of motion right shoulder', 'Good left shoulder', 'Good right elbow', 'Good left elbow'], 'evaluation': [-1, 1, 1, 1]}
2023-06-09 13:34:29,268 | INFO | Evaluation case  with message - 
2023-06-09 13:34:29,314 | INFO | Speed case  with message - 
2023-06-09 13:34:29,361 | INFO | Moving from [0.19494482780691666, -1.1371305089695796, -0.026975389181130335, -1.197415679235353, -0.1708218940194577] to [0.2659531319634636, -1.1271956519275457, -0.015135106237356671, -1.1876095271796476, -0.2059465595451293] for duration 2
2023-06-09 13:34:32,804 | INFO | Current peak 191
2023-06-09 13:34:33,063 | INFO | Good expert min 1254.6348047612903 All expert min 1220.2062851044489
2023-06-09 13:34:33,309 | INFO | Good expert min 767.5212026599801 All expert min 767.5212026599801
2023-06-09 13:34:33,519 | INFO | Good expert min 1866.183839232528 All expert min 1866.183839232528
2023-06-09 13:34:33,701 | INFO | Good expert min 1527.5413711607714 All expert min 1527.5413711607714
2023-06-09 13:34:33,742 | INFO | Actual Duration 4.66215, Average Expert Duration 3.073079411764706
2023-06-09 13:34:33,789 | INFO | {'speed': 'good', 'correction': ['high range of motion right shoulder', 'Good left shoulder', 'ok right elbow', 'Good left elbow'], 'evaluation': [-1, 1, 0, 1]}
2023-06-09 13:34:33,835 | INFO | Evaluation case 1d with message - Great work, can you focus on stopping your right arm at 90 degrees?
2023-06-09 13:34:33,881 | INFO | Speed case  with message - 
2023-06-09 13:34:33,912 | INFO | Robot says: Great work, can you focus on stopping your right arm at 90 degrees?
2023-06-09 13:34:33,912 | INFO | Moving from [0.2, -1.1, 0, -1.1, -0.188] to [0.2, -1.1, 0, -1.1, -0.188] for duration 4
2023-06-09 13:34:37,958 | INFO | Robot frowning at intensity 0.0 for duration 4
2023-06-09 13:34:47,470 | INFO | Current peak 475
2023-06-09 13:34:47,732 | INFO | Good expert min 9825.543967335336 All expert min 9247.224849069962
2023-06-09 13:34:48,010 | INFO | Good expert min 8572.429787833442 All expert min 8572.429787833442
2023-06-09 13:34:48,222 | INFO | Good expert min 13664.486445479517 All expert min 13664.486445479517
2023-06-09 13:34:48,427 | INFO | Good expert min 10554.683727059353 All expert min 10554.683727059353
2023-06-09 13:34:48,453 | INFO | Actual Duration 14.766023, Average Expert Duration 3.073079411764706
2023-06-09 13:34:48,515 | INFO | {'speed': 'slow', 'correction': ['bad right shoulder', 'bad left shoulder', 'bad right elbow', 'bad left elbow'], 'evaluation': [-1, -1, -1, -1]}
2023-06-09 13:34:48,546 | INFO | Evaluation case  with message - 
2023-06-09 13:34:48,561 | INFO | Speed case  with message - 
2023-06-09 13:34:48,561 | INFO | Moving from [0.22454755133536417, -1.0592146493367849, -0.018479454137219894, -1.0776256927968688, -0.211638667933106] to [0.1472636261439509, -1.0430796451121087, -0.09806624355527174, -1.076831103332686, -0.11074813573169412] for duration 2
2023-06-09 13:34:50,824 | INFO | Current peak 507
2023-06-09 13:34:51,079 | INFO | Good expert min 2105.758977993605 All expert min 2105.758977993605
2023-06-09 13:34:51,369 | INFO | Good expert min 2096.227941752419 All expert min 2096.227941752419
2023-06-09 13:34:51,610 | INFO | Good expert min 3021.078813228432 All expert min 2788.249775084672
2023-06-09 13:34:51,831 | INFO | Good expert min 2472.4513435161384 All expert min 2472.4513435161384
2023-06-09 13:34:51,872 | INFO | Actual Duration 3.044064, Average Expert Duration 3.073079411764706
2023-06-09 13:34:51,903 | INFO | {'speed': 'good', 'correction': ['bad right shoulder', 'bad left shoulder', 'bad right elbow', 'bad left elbow'], 'evaluation': [-1, -1, -1, -1]}
2023-06-09 13:34:51,913 | INFO | Evaluation case  with message - 
2023-06-09 13:34:51,949 | INFO | Speed case  with message - 
2023-06-09 13:34:51,980 | INFO | Moving from [0.2905244138696125, -1.1838555523370136, -0.05685529680829282, -1.0674587692094912, -0.09968507052317346] to [0.27713373424064414, -1.1254086526707403, 0.05901561564234556, -1.1225627559103737, -0.18383800402327632] for duration 2
2023-06-09 13:34:53,826 | INFO | Current peak 536
2023-06-09 13:34:53,970 | INFO | Good expert min 1915.2397249943301 All expert min 1543.9714681299106
2023-06-09 13:34:54,162 | INFO | Good expert min 968.9452175913373 All expert min 968.9452175913373
2023-06-09 13:34:54,374 | INFO | Good expert min 2251.383437275982 All expert min 2087.454152914647
2023-06-09 13:34:54,554 | INFO | Good expert min 2039.0077693733642 All expert min 2039.0077693733642
2023-06-09 13:34:54,580 | INFO | Actual Duration 2.990923, Average Expert Duration 3.073079411764706
2023-06-09 13:34:54,631 | INFO | {'speed': 'good', 'correction': ['high range of motion right shoulder', 'Good left shoulder', 'bad right elbow', 'bad left elbow'], 'evaluation': [-1, 1, -1, -1]}
2023-06-09 13:34:54,677 | INFO | Evaluation case 1i with message - Great work, try to get a full range of motion in your shoulders.
2023-06-09 13:34:54,713 | INFO | Speed case  with message - 
2023-06-09 13:34:54,734 | INFO | Robot says: Great work, try to get a full range of motion in your shoulders.
2023-06-09 13:34:54,775 | INFO | Moving from [0.2, -1.1, 0, -1.1, -0.188] to [0.2, -1.1, 0, -1.1, -0.188] for duration 4
2023-06-09 13:34:58,836 | INFO | Robot frowning at intensity 0.0 for duration 4
2023-06-09 13:35:01,542 | INFO | Current peak 614
2023-06-09 13:35:01,734 | INFO | Good expert min 3297.898859032261 All expert min 3088.6022654273434
2023-06-09 13:35:02,048 | INFO | Good expert min 3350.709615571208 All expert min 3204.589016463439
2023-06-09 13:35:02,306 | INFO | Good expert min 4475.649087477487 All expert min 3782.9923406359694
2023-06-09 13:35:02,467 | INFO | Good expert min 3249.36904049145 All expert min 3134.578650907674
2023-06-09 13:35:02,519 | INFO | Actual Duration 7.394294, Average Expert Duration 3.073079411764706
2023-06-09 13:35:02,560 | INFO | {'speed': 'slow', 'correction': ['bad right shoulder', 'bad left shoulder', 'bad right elbow', 'bad left elbow'], 'evaluation': [-1, -1, -1, -1]}
2023-06-09 13:35:02,606 | INFO | Evaluation case  with message - 
2023-06-09 13:35:02,652 | INFO | Speed case  with message - 
2023-06-09 13:35:02,693 | INFO | Moving from [0.29759047263577987, -1.0419460846616804, 0.08312998020261245, -1.055509257550464, -0.17148846349005076] to [0.1575957901584947, -1.0146787944869449, 0.021546041575352046, -1.198008488606324, -0.14275143615789962] for duration 2
2023-06-09 13:35:05,124 | INFO | Current peak 665
2023-06-09 13:35:05,318 | INFO | Good expert min 527.4482329852767 All expert min 527.4482329852767
2023-06-09 13:35:05,482 | INFO | Good expert min 662.35086933461 All expert min 622.3833206000339
2023-06-09 13:35:05,642 | INFO | Good expert min 1606.9443571572754 All expert min 1202.5175687540875
2023-06-09 13:35:05,868 | INFO | Good expert min 1269.4653272297908 All expert min 846.9985954727671
2023-06-09 13:35:05,894 | INFO | Actual Duration 3.604495, Average Expert Duration 3.073079411764706
2023-06-09 13:35:05,925 | INFO | {'speed': 'good', 'correction': ['Good right shoulder', 'low range of motion left shoulder', 'low range of motion right elbow', 'low range of motion left elbow'], 'evaluation': [1, -1, -1, -1]}
2023-06-09 13:35:05,956 | INFO | Evaluation case  with message - 
2023-06-09 13:35:05,997 | INFO | Speed case  with message - 
2023-06-09 13:35:06,038 | INFO | Moving from [0.24430924210301871, -1.0882141413512765, 0.034368085667507015, -1.1670814792411457, -0.12195299957665923] to [0.25994864049926847, -1.007972005131002, -0.007478106734356699, -1.0329232631000964, -0.1693182992576893] for duration 2
2023-06-09 13:35:08,708 | INFO | Current peak 724
2023-06-09 13:35:08,853 | INFO | Good expert min 3538.719952905467 All expert min 3518.2890658658707
2023-06-09 13:35:09,054 | INFO | Good expert min 3039.3666650982736 All expert min 3039.3666650982736
2023-06-09 13:35:09,244 | INFO | Good expert min 3827.0154262747346 All expert min 3827.0154262747346
2023-06-09 13:35:09,425 | INFO | Good expert min 3043.030003268482 All expert min 3043.030003268482
2023-06-09 13:35:09,477 | INFO | Actual Duration 3.768617, Average Expert Duration 3.073079411764706
2023-06-09 13:35:09,523 | INFO | {'speed': 'good', 'correction': ['bad right shoulder', 'bad left shoulder', 'bad right elbow', 'bad left elbow'], 'evaluation': [-1, -1, -1, -1]}
2023-06-09 13:35:09,549 | INFO | Evaluation case  with message - 
2023-06-09 13:35:09,580 | INFO | Speed case  with message - 
2023-06-09 13:35:09,610 | INFO | Moving from [0.25049187915726256, -1.0408919212773036, -0.07940281315261753, -1.1844892231694923, -0.23435810401901327] to [0.10826326822469867, -1.1200353388539843, 0.08867376665359564, -1.0039108112886468, -0.22604048331246354] for duration 2
2023-06-09 13:35:11,496 | INFO | -------------------Done with exercise
2023-06-09 13:35:11,496 | INFO | Robot says: Almost done.
2023-06-09 13:35:11,562 | INFO | Good expert min 799.5887138527429 All expert min 799.5887138527429
2023-06-09 13:35:11,592 | INFO | Good expert min 821.9160580733271 All expert min 821.9160580733271
2023-06-09 13:35:11,620 | INFO | Good expert min 1205.3790355167482 All expert min 1205.3790355167482
2023-06-09 13:35:11,650 | INFO | Good expert min 1266.7031114715282 All expert min 1266.7031114715282
2023-06-09 13:35:11,650 | INFO | Actual Duration -3.453395, Average Expert Duration 3.073079411764706
2023-06-09 13:35:11,650 | INFO | {'speed': 'fast', 'correction': ['Good right shoulder', 'Good left shoulder', 'Good right elbow', 'Good left elbow'], 'evaluation': [1, 1, 1, 1]}
2023-06-09 13:35:11,650 | INFO | Evaluation case 2a with message - Looks good, great job!
2023-06-09 13:35:11,650 | INFO | Speed case  with message - 
2023-06-09 13:35:11,651 | INFO | Skipping Looks good, great job!
2023-06-09 13:35:11,651 | INFO | Moving from [0, -0.8, 0, -0.8, 0.084] to [0.2, -1.1, 0, -1.1, -0.188] for duration 4
2023-06-09 13:35:14,500 | INFO | Robot says: Rest.
2023-06-09 13:35:15,656 | INFO | Robot smiling at intensity 0.9 for duration 4
2023-06-09 13:35:16,503 | INFO | Robot smiling at intensity 0.8 for duration 4
2023-06-09 13:35:16,504 | INFO | Robot says: Using the scale next to you, how difficult was that last set, from 1 to 10?
2023-06-09 13:35:16,504 | INFO | Moving arm from sides to up
2023-06-09 13:35:16,505 | INFO | Moving from [0.2, -1.1, 0, -1.1, -0.188] to [1.7, -1.1, 0, -1.1, -0.188] for duration 4
2023-06-09 13:35:18,507 | INFO | Total Number of Reps 9
2023-06-09 13:35:18,508 | INFO | Total Angles 771
2023-06-09 13:35:18,508 | INFO | topic impl's ref count is zero, deleting topic /joint_angles...
2023-06-09 13:35:18,508 | INFO | topic[/joint_angles] removing connection to http://quori.wifi.local.cmu.edu:36879/
2023-06-09 13:35:18,515 | INFO | Saved file Participant_8_Round_2_Robot_3_Exercise_lateral_raises_Set_2.npz
2023-06-09 13:35:26,524 | INFO | Robot says: Please walk over to the researcher to fill out a survey.
2023-06-09 13:35:26,525 | INFO | signal_shutdown [atexit]
2023-06-09 13:35:26,574 | INFO | topic[/rosout] removing connection to /rosout
2023-06-09 13:35:26,575 | INFO | topic[/quori_sound] removing connection to /quori_sound
2023-06-09 13:35:26,575 | INFO | topic[/quori/joint_trajectory_controller/command] removing connection to /quori/quori_controller
2023-06-09 13:35:26,575 | INFO | topic[/quori/face_generator_emotion] removing connection to /rosbridge_websocket
2023-06-09 13:35:26,576 | INFO | atexit
