2023-06-14 13:07:39,603 | INFO | =====================================
2023-06-14 13:07:39,603 | INFO | STARTING SET 2 OF lateral_raises
2023-06-14 13:07:39,603 | INFO | =====================================
2023-06-14 13:07:39,603 | INFO | Moving arm from up to halfway
2023-06-14 13:07:39,604 | INFO | Moving from [1.7, -1.1, 0, -1.1, 0] to [1.1, -1.1, 0, -1.1, 0] for duration 4
2023-06-14 13:07:39,607 | INFO | topic[/joint_angles] adding connection to [http://172.26.171.145:35663/], count 0
2023-06-14 13:07:43,609 | INFO | Robot says: Get ready for set 2 out of 2 of lateral raises
2023-06-14 13:07:49,616 | INFO | -------------------Recording!
2023-06-14 13:07:49,616 | INFO | Moving arm from halfway to sides
2023-06-14 13:07:49,616 | INFO | Moving from [1.1, -1.1, 0, -1.1, 0] to [0, -1.1, 0, -1.1, 0] for duration 4
2023-06-14 13:07:51,619 | INFO | Robot says: Start lateral raises now
2023-06-14 13:07:54,704 | INFO | Current peak 85
2023-06-14 13:07:56,748 | INFO | Current peak 137
2023-06-14 13:07:57,294 | INFO | Good expert min 858.7849891323098 All expert min 858.7849891323098
2023-06-14 13:07:57,933 | INFO | Good expert min 1042.429685534155 All expert min 1042.429685534155
2023-06-14 13:07:58,423 | INFO | Good expert min 1147.063145016408 All expert min 1147.063145016408
2023-06-14 13:07:59,008 | INFO | Good expert min 1175.7542273901474 All expert min 1175.7542273901474
2023-06-14 13:07:59,044 | INFO | Actual Duration 1.797655, Average Expert Duration 3.073079411764706
2023-06-14 13:07:59,105 | INFO | {'speed': 'good', 'correction': ['Good right shoulder', 'Good left shoulder', 'Good right elbow', 'Good left elbow'], 'evaluation': [1, 1, 1, 1]}
2023-06-14 13:07:59,161 | INFO | Evaluation case  with message - 
2023-06-14 13:07:59,212 | INFO | Speed case  with message - 
2023-06-14 13:07:59,264 | INFO | Moving from [-0.010627846387687656, -1.1840823023186549, 0.02281319714280436, -1.1734171726373164, -0.09220254937743591] to [0.017588313238462883, -1.0670387364782197, 0.09463488001255191, -1.0908670666794131, -0.0655108603236429] for duration 2
2023-06-14 13:08:01,160 | INFO | Current peak 173
2023-06-14 13:08:01,836 | INFO | Good expert min 671.6421360330534 All expert min 597.3432403640888
2023-06-14 13:08:02,444 | INFO | Good expert min 764.6069630245959 All expert min 764.6069630245959
2023-06-14 13:08:03,054 | INFO | Good expert min 888.1247993100939 All expert min 888.1247993100939
2023-06-14 13:08:03,676 | INFO | Good expert min 1210.6640196203107 All expert min 1208.2642161934675
2023-06-14 13:08:03,723 | INFO | Actual Duration 4.572487, Average Expert Duration 3.073079411764706
2023-06-14 13:08:03,779 | INFO | {'speed': 'good', 'correction': ['low range of motion right shoulder', 'Good left shoulder', 'Good right elbow', 'low range of motion left elbow'], 'evaluation': [-1, 1, 1, -1]}
2023-06-14 13:08:03,830 | INFO | Evaluation case  with message - 
2023-06-14 13:08:03,881 | INFO | Speed case  with message - 
2023-06-14 13:08:03,938 | INFO | Moving from [0.09040467564359422, -1.1718528632481748, 0.042233132262714856, -1.0271105656451014, 0.0011500730469426318] to [0.0216401094466893, -1.1661854701464731, 0.06457602517486363, -1.1409856855195826, -0.09482697136735592] for duration 2
2023-06-14 13:08:05,538 | INFO | Current peak 193
2023-06-14 13:08:06,157 | INFO | Good expert min 438.0210491527534 All expert min 406.96929008730257
2023-06-14 13:08:06,796 | INFO | Good expert min 482.65927923942263 All expert min 482.65927923942263
2023-06-14 13:08:07,403 | INFO | Good expert min 738.6700761896149 All expert min 738.6700761896149
2023-06-14 13:08:08,025 | INFO | Good expert min 912.0564110543953 All expert min 809.0946199494495
2023-06-14 13:08:08,071 | INFO | Actual Duration 4.28776, Average Expert Duration 3.073079411764706
2023-06-14 13:08:08,123 | INFO | {'speed': 'good', 'correction': ['low range of motion right shoulder', 'Good left shoulder', 'Good right elbow', 'low range of motion left elbow'], 'evaluation': [-1, 1, 1, -1]}
2023-06-14 13:08:08,179 | INFO | Evaluation case 1c with message - 
2023-06-14 13:08:08,235 | INFO | Speed case 4b with message - 
2023-06-14 13:08:08,292 | INFO | Moving from [-0.03857623390968961, -1.0182202227138322, -0.09917244509558838, -1.1277994460697298, 0.017804262324564932] to [-0.033047645700138295, -1.043998558087207, -0.0004153773582014769, -1.1749907947372709, -0.0829324757444808] for duration 2
2023-06-14 13:08:16,221 | INFO | Current peak 400
2023-06-14 13:08:16,859 | INFO | Good expert min 4703.92585143151 All expert min 4703.92585143151
2023-06-14 13:08:17,477 | INFO | Good expert min 3997.0588415414286 All expert min 3997.0588415414286
2023-06-14 13:08:18,119 | INFO | Good expert min 6839.6821591351 All expert min 6839.6821591351
2023-06-14 13:08:18,663 | INFO | Good expert min 6714.536302411478 All expert min 6714.536302411478
2023-06-14 13:08:18,705 | INFO | Actual Duration 10.745251, Average Expert Duration 3.073079411764706
2023-06-14 13:08:18,756 | INFO | {'speed': 'good', 'correction': ['bad right shoulder', 'bad left shoulder', 'bad right elbow', 'bad left elbow'], 'evaluation': [-1, -1, -1, -1]}
2023-06-14 13:08:18,817 | INFO | Evaluation case  with message - 
2023-06-14 13:08:18,869 | INFO | Speed case  with message - 
2023-06-14 13:08:18,925 | INFO | Moving from [-0.08218272124565536, -1.012950439858173, -0.02274005936953756, -1.1124269905662518, 0.06819889884255484] to [-0.02893526431938702, -1.0036364503239448, -0.08126948203957984, -1.1680465497930612, 0.09919393299413037] for duration 2
2023-06-14 13:08:21,248 | INFO | Current peak 441
2023-06-14 13:08:21,791 | INFO | Good expert min 642.4381588216322 All expert min 577.2305214357182
2023-06-14 13:08:22,369 | INFO | Good expert min 628.3165886130945 All expert min 628.3165886130945
2023-06-14 13:08:22,906 | INFO | Good expert min 1103.6874350238877 All expert min 1103.6874350238877
2023-06-14 13:08:23,596 | INFO | Good expert min 1214.7815179160814 All expert min 1101.4123822936042
2023-06-14 13:08:23,642 | INFO | Actual Duration 5.053598, Average Expert Duration 3.073079411764706
2023-06-14 13:08:23,688 | INFO | {'speed': 'good', 'correction': ['low range of motion right shoulder', 'Good left shoulder', 'Good right elbow', 'low range of motion left elbow'], 'evaluation': [-1, 1, 1, -1]}
2023-06-14 13:08:23,739 | INFO | Evaluation case  with message - 
2023-06-14 13:08:23,780 | INFO | Speed case  with message - 
2023-06-14 13:08:23,831 | INFO | Moving from [0.06911136196717169, -1.0031060983903217, -0.0854113729088262, -1.051174385087378, 0.002024692878417625] to [0.06421427855106465, -1.169724005398368, 0.06803738633325287, -1.0470797392743998, -0.04237631615212896] for duration 2
2023-06-14 13:08:27,079 | INFO | Current peak 462
2023-06-14 13:08:27,743 | INFO | Good expert min 618.3784653092828 All expert min 618.3784653092828
2023-06-14 13:08:28,395 | INFO | Good expert min 601.0885616882268 All expert min 601.0885616882268
2023-06-14 13:08:28,973 | INFO | Good expert min 647.3792963930424 All expert min 647.3792963930424
2023-06-14 13:08:29,572 | INFO | Good expert min 750.4820808408153 All expert min 750.4820808408153
2023-06-14 13:08:29,618 | INFO | Actual Duration 4.054664, Average Expert Duration 3.073079411764706
2023-06-14 13:08:29,669 | INFO | {'speed': 'good', 'correction': ['Good right shoulder', 'Good left shoulder', 'Good right elbow', 'Good left elbow'], 'evaluation': [1, 1, 1, 1]}
2023-06-14 13:08:29,700 | INFO | Evaluation case 2a with message - 
2023-06-14 13:08:29,746 | INFO | Speed case  with message - 
2023-06-14 13:08:29,802 | INFO | Moving from [-0.03189010005934734, -1.0605024455640268, -0.014006740845597984, -1.0226244470543413, 0.013772450360155258] to [-0.05896283696880314, -1.0994146700881515, -0.005564279808846689, -1.112794514781517, -0.07502226660175762] for duration 2
2023-06-14 13:08:32,006 | INFO | Current peak 500
2023-06-14 13:08:32,614 | INFO | Good expert min 1166.6446106304832 All expert min 698.012000065923
2023-06-14 13:08:33,308 | INFO | Good expert min 1054.6144638442295 All expert min 650.6165416754856
2023-06-14 13:08:33,851 | INFO | Good expert min 2005.3255775626815 All expert min 1114.4194781110657
2023-06-14 13:08:34,322 | INFO | Good expert min 1931.2976944689572 All expert min 1391.66411674783
2023-06-14 13:08:34,368 | INFO | Actual Duration 1.404129, Average Expert Duration 3.073079411764706
2023-06-14 13:08:34,424 | INFO | {'speed': 'good', 'correction': ['low range of motion right shoulder', 'low range of motion left shoulder', 'low range of motion right elbow', 'low range of motion left elbow'], 'evaluation': [-1, -1, -1, -1]}
2023-06-14 13:08:34,476 | INFO | Evaluation case  with message - 
2023-06-14 13:08:34,532 | INFO | Speed case 4b with message - 
2023-06-14 13:08:34,583 | INFO | Moving from [0.07407371647651417, -1.1540770481850775, 0.018597890552590535, -1.121126466837541, 0.051615506624638624] to [-0.03971907963739618, -1.172583816012088, 0.09462511234100635, -1.0576779066037634, -0.038178592755598345] for duration 2
2023-06-14 13:08:36,632 | INFO | Current peak 526
2023-06-14 13:08:37,189 | INFO | Good expert min 541.3793076339927 All expert min 541.3793076339927
2023-06-14 13:08:37,886 | INFO | Good expert min 607.677676870532 All expert min 607.677676870532
2023-06-14 13:08:38,372 | INFO | Good expert min 804.0067482193077 All expert min 804.0067482193077
2023-06-14 13:08:38,965 | INFO | Good expert min 925.8883411840402 All expert min 925.8883411840402
2023-06-14 13:08:39,001 | INFO | Actual Duration 4.531794, Average Expert Duration 3.073079411764706
2023-06-14 13:08:39,047 | INFO | {'speed': 'good', 'correction': ['Good right shoulder', 'Good left shoulder', 'Good right elbow', 'Good left elbow'], 'evaluation': [1, 1, 1, 1]}
2023-06-14 13:08:39,098 | INFO | Evaluation case  with message - 
2023-06-14 13:08:39,144 | INFO | Speed case  with message - 
2023-06-14 13:08:39,200 | INFO | Moving from [0.0935062562591788, -1.065787070708878, -0.0594109546014219, -1.0789360018851333, 0.002254554128518646] to [-0.07705790870777436, -1.077496328913485, -0.03292474427262322, -1.0896712081811768, 0.08195465900349624] for duration 2
2023-06-14 13:08:39,616 | INFO | -------------------Done with exercise
2023-06-14 13:08:39,616 | INFO | Robot says: Almost done.
2023-06-14 13:08:40,287 | INFO | Good expert min 3591.6297808963363 All expert min 3121.070252050283
2023-06-14 13:08:40,316 | INFO | Good expert min 3084.0728527420097 All expert min 2647.004035132972
2023-06-14 13:08:40,346 | INFO | Good expert min 4892.302297390548 All expert min 4244.963536104968
2023-06-14 13:08:40,376 | INFO | Good expert min 3837.473785416804 All expert min 3568.3381764146015
2023-06-14 13:08:40,376 | INFO | Actual Duration -5.584856, Average Expert Duration 3.073079411764706
2023-06-14 13:08:40,376 | INFO | {'speed': 'fast', 'correction': ['bad right shoulder', 'bad left shoulder', 'bad right elbow', 'bad left elbow'], 'evaluation': [-1, -1, -1, -1]}
2023-06-14 13:08:40,376 | INFO | Evaluation case  with message - 
2023-06-14 13:08:40,376 | INFO | Speed case  with message - 
2023-06-14 13:08:40,377 | INFO | Moving from [-0.012356451861593037, -1.1783507370857433, 0.07497340669949928, -1.1028459841658695, -0.07245928099782926] to [0.0981892090384737, -1.109489405263775, 0.08356165341840346, -1.0541729508858153, 0.033528351484798546] for duration 2
2023-06-14 13:08:42,619 | INFO | Robot says: Rest.
2023-06-14 13:08:42,620 | INFO | Robot says: Using the scale next to you, how difficult was that last set, from 1 to 10?
2023-06-14 13:08:42,621 | INFO | Moving arm from sides to up
2023-06-14 13:08:42,621 | INFO | Moving from [0, -1.1, 0, -1.1, 0] to [1.7, -1.1, 0, -1.1, 0] for duration 4
2023-06-14 13:08:44,624 | INFO | Total Number of Reps 9
2023-06-14 13:08:44,625 | INFO | Total Angles 590
2023-06-14 13:08:44,625 | INFO | topic impl's ref count is zero, deleting topic /joint_angles...
2023-06-14 13:08:44,625 | INFO | topic[/joint_angles] removing connection to http://172.26.171.145:35663/
2023-06-14 13:08:44,634 | INFO | Saved file Participant_14_Round_1_Robot_1_Exercise_lateral_raises_Set_2.npz
2023-06-14 13:08:52,643 | INFO | Robot says: Please walk over to the researcher to fill out a survey.
