2023-06-15 13:23:06,108 | INFO | =====================================
2023-06-15 13:23:06,109 | INFO | STARTING SET 2 OF lateral_raises
2023-06-15 13:23:06,109 | INFO | =====================================
2023-06-15 13:23:06,109 | INFO | Moving arm from up to halfway
2023-06-15 13:23:06,109 | INFO | Moving from [1.7, -1.1, 0, -1.1, -0.2] to [1.1, -1.1, 0, -1.1, -0.2] for duration 4
2023-06-15 13:23:06,111 | INFO | topic[/joint_angles] adding connection to [http://172.26.171.145:40103/], count 0
2023-06-15 13:23:10,115 | INFO | Robot says: Get ready for set 2 out of 2 of lateral raises
2023-06-15 13:23:12,118 | INFO | Robot smiling at intensity 0.8 for duration 4
2023-06-15 13:23:18,124 | INFO | -------------------Recording!
2023-06-15 13:23:18,125 | INFO | Moving arm from halfway to sides
2023-06-15 13:23:18,125 | INFO | Moving from [1.1, -1.1, 0, -1.1, -0.2] to [0.2, -1.1, 0, -1.1, -0.2] for duration 4
2023-06-15 13:23:20,128 | INFO | Robot says: Start lateral raises now
2023-06-15 13:23:22,148 | INFO | Current peak 57
2023-06-15 13:23:25,634 | INFO | Current peak 149
2023-06-15 13:23:26,088 | INFO | Good expert min 1263.714329160029 All expert min 1263.714329160029
2023-06-15 13:23:26,740 | INFO | Good expert min 998.9198971134649 All expert min 998.9198971134649
2023-06-15 13:23:27,430 | INFO | Good expert min 3006.288445852422 All expert min 3006.288445852422
2023-06-15 13:23:28,050 | INFO | Good expert min 2574.2937624108713 All expert min 2574.2937624108713
2023-06-15 13:23:28,091 | INFO | Actual Duration 3.094888, Average Expert Duration 3.073079411764706
2023-06-15 13:23:28,127 | INFO | {'speed': 'good', 'correction': ['Good right shoulder', 'Good left shoulder', 'bad right elbow', 'bad left elbow'], 'evaluation': [1, 1, -1, -1]}
2023-06-15 13:23:28,183 | INFO | Evaluation case  with message - 
2023-06-15 13:23:28,234 | INFO | Speed case  with message - 
2023-06-15 13:23:28,285 | INFO | Moving from [0.10198194504803187, -1.0739800472905137, -0.0996968973134035, -1.0662409024003843, -0.10388731991053987] to [0.13859971893274853, -1.0787130158406177, -0.08920122987855049, -1.1981680020369019, -0.1882003479554731] for duration 2
2023-06-15 13:23:32,208 | INFO | Current peak 235
2023-06-15 13:23:32,754 | INFO | Good expert min 1206.3163712353628 All expert min 1206.3163712353628
2023-06-15 13:23:33,418 | INFO | Good expert min 1066.7616850374372 All expert min 919.6295704520843
2023-06-15 13:23:33,969 | INFO | Good expert min 2150.863487933513 All expert min 2150.863487933513
2023-06-15 13:23:34,499 | INFO | Good expert min 2179.9197422271163 All expert min 2179.9197422271163
2023-06-15 13:23:34,545 | INFO | Actual Duration 6.79812, Average Expert Duration 3.073079411764706
2023-06-15 13:23:34,601 | INFO | {'speed': 'slow', 'correction': ['Good right shoulder', 'high range of motion left shoulder', 'bad right elbow', 'bad left elbow'], 'evaluation': [1, -1, -1, -1]}
2023-06-15 13:23:34,652 | INFO | Evaluation case 1i with message - Great work, try to get a full range of motion in your shoulders.
2023-06-15 13:23:34,703 | INFO | Speed case  with message - 
2023-06-15 13:23:34,754 | INFO | Robot says: Great work, try to get a full range of motion in your shoulders.
2023-06-15 13:23:34,800 | INFO | Moving from [0.2, -1.1, 0, -1.1, -0.188] to [0.2, -1.1, 0, -1.1, -0.188] for duration 4
2023-06-15 13:23:38,871 | INFO | Robot frowning at intensity 0.0 for duration 4
2023-06-15 13:23:43,429 | INFO | Current peak 372
2023-06-15 13:23:44,067 | INFO | Good expert min 1929.1972609243578 All expert min 1929.1972609243578
2023-06-15 13:23:44,532 | INFO | Good expert min 2220.1509446551495 All expert min 2220.1509446551495
2023-06-15 13:23:45,073 | INFO | Good expert min 4725.864634050076 All expert min 4725.864634050076
2023-06-15 13:23:45,646 | INFO | Good expert min 4150.714555367753 All expert min 4150.714555367753
2023-06-15 13:23:45,687 | INFO | Actual Duration 11.197787, Average Expert Duration 3.073079411764706
2023-06-15 13:23:45,728 | INFO | {'speed': 'good', 'correction': ['ok right shoulder', 'bad left shoulder', 'bad right elbow', 'bad left elbow'], 'evaluation': [0, -1, -1, -1]}
2023-06-15 13:23:45,774 | INFO | Evaluation case  with message - 
2023-06-15 13:23:45,825 | INFO | Speed case  with message - 
2023-06-15 13:23:45,876 | INFO | Moving from [0.14968666924469165, -1.1150937508981933, -0.06211777472421809, -1.0181993244539975, -0.11598481816251296] to [0.1356353333891008, -1.0107261865092692, -0.06055865682955086, -1.1531781278533795, -0.19889095981989255] for duration 2
2023-06-15 13:23:47,367 | INFO | Current peak 391
2023-06-15 13:23:47,832 | INFO | Good expert min 661.3935102033738 All expert min 661.3935102033738
2023-06-15 13:23:48,417 | INFO | Good expert min 504.49142734620045 All expert min 380.3850894204404
2023-06-15 13:23:48,958 | INFO | Good expert min 1392.8105375975888 All expert min 961.4965369666876
2023-06-15 13:23:49,453 | INFO | Good expert min 940.8077475207328 All expert min 634.9507489038268
2023-06-15 13:23:49,500 | INFO | Actual Duration 3.934309, Average Expert Duration 3.073079411764706
2023-06-15 13:23:49,551 | INFO | {'speed': 'good', 'correction': ['Good right shoulder', 'low range of motion left shoulder', 'low range of motion right elbow', 'low range of motion left elbow'], 'evaluation': [1, -1, -1, -1]}
2023-06-15 13:23:49,607 | INFO | Evaluation case  with message - 
2023-06-15 13:23:49,653 | INFO | Speed case  with message - 
2023-06-15 13:23:49,705 | INFO | Moving from [0.1731843516760905, -1.020620149037855, 0.0133011024760058, -1.070823574546365, -0.13001692470043477] to [0.14518948752198182, -1.073488989273167, 0.03390130351272236, -1.191752097571279, -0.21934924799625455] for duration 2
2023-06-15 13:23:51,182 | INFO | Current peak 410
2023-06-15 13:23:51,802 | INFO | Good expert min 548.8881154781513 All expert min 507.9917389485565
2023-06-15 13:23:52,361 | INFO | Good expert min 490.59169351960725 All expert min 453.97137587003573
2023-06-15 13:23:52,961 | INFO | Good expert min 1116.2748804629196 All expert min 722.1693465240024
2023-06-15 13:23:53,497 | INFO | Good expert min 921.4069367501894 All expert min 644.6599821918253
2023-06-15 13:23:53,533 | INFO | Actual Duration 3.869652, Average Expert Duration 3.073079411764706
2023-06-15 13:23:53,589 | INFO | {'speed': 'good', 'correction': ['low range of motion right shoulder', 'low range of motion left shoulder', 'low range of motion right elbow', 'low range of motion left elbow'], 'evaluation': [-1, -1, -1, -1]}
2023-06-15 13:23:53,641 | INFO | Evaluation case 1c with message - Great job, try to reach your arms closer to 90 degrees.
2023-06-15 13:23:53,692 | INFO | Speed case 4b with message - Great work, nice pace.
2023-06-15 13:23:53,743 | INFO | Robot says: Great job, try to reach your arms closer to 90 degrees.
2023-06-15 13:23:53,799 | INFO | Moving from [0.2, -1.1, 0, -1.1, -0.188] to [0.2, -1.1, 0, -1.1, -0.188] for duration 4
2023-06-15 13:23:57,863 | INFO | Robot frowning at intensity 0.0 for duration 4
2023-06-15 13:23:59,372 | INFO | Current peak 461
2023-06-15 13:23:59,997 | INFO | Good expert min 621.0642326959179 All expert min 530.4833535250755
2023-06-15 13:24:00,454 | INFO | Good expert min 688.1049326733248 All expert min 562.7944799657251
2023-06-15 13:24:00,890 | INFO | Good expert min 1258.0983336866643 All expert min 630.6242037054458
2023-06-15 13:24:01,381 | INFO | Good expert min 971.5823032196597 All expert min 642.1386549269982
2023-06-15 13:24:01,423 | INFO | Actual Duration 8.121783, Average Expert Duration 3.073079411764706
2023-06-15 13:24:01,479 | INFO | {'speed': 'good', 'correction': ['low range of motion right shoulder', 'low range of motion left shoulder', 'low range of motion right elbow', 'low range of motion left elbow'], 'evaluation': [-1, -1, -1, -1]}
2023-06-15 13:24:01,535 | INFO | Evaluation case  with message - 
2023-06-15 13:24:01,586 | INFO | Speed case  with message - 
2023-06-15 13:24:01,642 | INFO | Moving from [0.29425036353270306, -1.1711847891431266, -0.05974707677596283, -1.1742298015989967, -0.21377416856782402] to [0.14980579192030866, -1.1614238073509568, -0.07902900288801509, -1.1166973323728848, -0.0900529896522331] for duration 2
2023-06-15 13:24:03,472 | INFO | Current peak 491
2023-06-15 13:24:04,034 | INFO | Good expert min 439.919230746368 All expert min 439.919230746368
2023-06-15 13:24:04,571 | INFO | Good expert min 502.72647600795983 All expert min 346.7099325627574
2023-06-15 13:24:05,119 | INFO | Good expert min 1114.8494311335794 All expert min 662.5215126452656
2023-06-15 13:24:05,654 | INFO | Good expert min 776.2441991444381 All expert min 425.3268242486363
2023-06-15 13:24:05,655 | INFO | Actual Duration 4.094395, Average Expert Duration 3.073079411764706
2023-06-15 13:24:05,691 | INFO | {'speed': 'good', 'correction': ['Good right shoulder', 'low range of motion left shoulder', 'low range of motion right elbow', 'low range of motion left elbow'], 'evaluation': [1, -1, -1, -1]}
2023-06-15 13:24:05,742 | INFO | Evaluation case  with message - 
2023-06-15 13:24:05,793 | INFO | Speed case  with message - 
2023-06-15 13:24:05,849 | INFO | Moving from [0.23776113327486628, -1.019642842194908, 0.05430694098005662, -1.0998871047090735, -0.11191563193256324] to [0.21748765796872246, -1.0224580999039805, 0.047780993165993824, -1.0098468324007075, -0.2370790786876901] for duration 2
2023-06-15 13:24:07,398 | INFO | Current peak 514
2023-06-15 13:24:07,953 | INFO | Good expert min 436.13287599931493 All expert min 436.13287599931493
2023-06-15 13:24:08,124 | INFO | -------------------Done with exercise
2023-06-15 13:24:08,130 | INFO | Robot says: Almost done.
2023-06-15 13:24:08,146 | INFO | Good expert min 482.407254957152 All expert min 367.32506100503656
2023-06-15 13:24:08,176 | INFO | Good expert min 1018.8443930674953 All expert min 528.2472957619657
2023-06-15 13:24:08,207 | INFO | Good expert min 679.8785725221179 All expert min 322.72681380064626
2023-06-15 13:24:08,207 | INFO | Actual Duration 3.97609, Average Expert Duration 3.073079411764706
2023-06-15 13:24:08,207 | INFO | {'speed': 'good', 'correction': ['Good right shoulder', 'low range of motion left shoulder', 'low range of motion right elbow', 'low range of motion left elbow'], 'evaluation': [1, -1, -1, -1]}
2023-06-15 13:24:08,207 | INFO | Evaluation case 1c with message - Nice, can you reach your arms closer to 90 degrees?
2023-06-15 13:24:08,208 | INFO | Speed case  with message - 
2023-06-15 13:24:08,208 | INFO | Skipping Nice, can you reach your arms closer to 90 degrees?
2023-06-15 13:24:08,208 | INFO | Moving from [0.2, -1.1, 0, -1.1, -0.188] to [0.2, -1.1, 0, -1.1, -0.188] for duration 4
2023-06-15 13:24:11,145 | INFO | Robot says: Rest.
2023-06-15 13:24:12,213 | INFO | Robot frowning at intensity 0.0 for duration 4
2023-06-15 13:24:13,148 | INFO | Robot smiling at intensity 0.8 for duration 4
2023-06-15 13:24:13,148 | INFO | Robot says: Using the scale next to you, how difficult was that last set, from 1 to 10?
2023-06-15 13:24:13,148 | INFO | Moving arm from sides to up
2023-06-15 13:24:13,149 | INFO | Moving from [0.2, -1.1, 0, -1.1, -0.188] to [1.7, -1.1, 0, -1.1, -0.188] for duration 4
2023-06-15 13:24:15,151 | INFO | Total Number of Reps 8
2023-06-15 13:24:15,152 | INFO | Total Angles 520
2023-06-15 13:24:15,152 | INFO | topic impl's ref count is zero, deleting topic /joint_angles...
2023-06-15 13:24:15,153 | INFO | topic[/joint_angles] removing connection to http://172.26.171.145:40103/
2023-06-15 13:24:15,153 | INFO | topic[/joint_angles] removing connection to http://172.26.171.145:40103/
2023-06-15 13:24:15,164 | INFO | Saved file Participant_18_Round_2_Robot_3_Exercise_lateral_raises_Set_2.npz
2023-06-15 13:24:23,173 | INFO | Robot says: Please walk over to the researcher to fill out a survey.
