2023-06-12 15:22:15,312 | INFO | =====================================
2023-06-12 15:22:15,313 | INFO | STARTING SET 1 OF bicep_curls
2023-06-12 15:22:15,313 | INFO | =====================================
2023-06-12 15:22:15,313 | INFO | Moving arm from up to halfway
2023-06-12 15:22:15,313 | INFO | Moving from [1.7, -1.1, 0, -1.1, -0.2] to [1.1, -1.1, 0, -1.1, -0.2] for duration 4
2023-06-12 15:22:15,360 | INFO | topic[/joint_angles] adding connection to [http://172.26.171.145:43863/], count 0
2023-06-12 15:22:15,365 | INFO | topic[/quori_sound] adding connection to [/quori_sound], count 0
2023-06-12 15:22:15,374 | INFO | topic[/quori/face_generator_emotion] adding connection to [/rosbridge_websocket], count 0
2023-06-12 15:22:15,436 | INFO | topic[/rosout] adding connection to [/rosout], count 0
2023-06-12 15:22:15,537 | INFO | topic[/quori/joint_trajectory_controller/command] adding connection to [/quori/quori_controller], count 0
2023-06-12 15:22:19,318 | INFO | Robot says: Get ready for set 1 out of 2 of bicep curls
2023-06-12 15:22:21,331 | INFO | Robot smiling at intensity 0.8 for duration 4
2023-06-12 15:22:27,338 | INFO | -------------------Recording!
2023-06-12 15:22:27,338 | INFO | Moving arm from halfway to sides
2023-06-12 15:22:27,338 | INFO | Moving from [1.1, -1.1, 0, -1.1, -0.2] to [0.2, -1.1, 0, -1.1, -0.2] for duration 4
2023-06-12 15:22:29,341 | INFO | Robot says: Start bicep curls now
2023-06-12 15:22:32,162 | INFO | Current peak 75
2023-06-12 15:22:33,361 | INFO | Current peak 104
2023-06-12 15:22:34,220 | INFO | Good expert min 672.2373202514749 All expert min 672.2373202514749
2023-06-12 15:22:34,646 | INFO | Good expert min 678.1150777246721 All expert min 678.1150777246721
2023-06-12 15:22:35,220 | INFO | Good expert min 524.3904579583291 All expert min 524.3904579583291
2023-06-12 15:22:35,760 | INFO | Good expert min 535.6005176272776 All expert min 535.6005176272776
2023-06-12 15:22:35,776 | INFO | Actual Duration 1.191473, Average Expert Duration 2.71982825
2023-06-12 15:22:35,791 | INFO | {'speed': 'good', 'correction': ['Good right shoulder', 'Good left shoulder', 'Good right elbow', 'Good left elbow'], 'evaluation': [1, 1, 1, 1]}
2023-06-12 15:22:35,807 | INFO | Evaluation case  with message - 
2023-06-12 15:22:35,822 | INFO | Speed case  with message - 
2023-06-12 15:22:35,843 | INFO | Moving from [0.2336347897859997, -1.0647486515640878, 0.09637180857950076, -1.056165828010013, -0.13364342935906914] to [0.18271014277283756, -1.1202826351375517, 0.08782725601676053, -1.0659802180004847, -0.13683703744083864] for duration 2
2023-06-12 15:22:39,644 | INFO | Current peak 180
2023-06-12 15:22:40,260 | INFO | Good expert min 2234.26199678839 All expert min 2234.26199678839
2023-06-12 15:22:40,794 | INFO | Good expert min 2790.0924126980076 All expert min 2441.6364578714765
2023-06-12 15:22:41,400 | INFO | Good expert min 3801.4278156218593 All expert min 3801.4278156218593
2023-06-12 15:22:42,058 | INFO | Good expert min 2727.8390029893576 All expert min 2727.8390029893576
2023-06-12 15:22:42,069 | INFO | Actual Duration 6.133467, Average Expert Duration 2.71982825
2023-06-12 15:22:42,084 | INFO | {'speed': 'slow', 'correction': ['bad right shoulder', 'bad left shoulder', 'bad right elbow', 'bad left elbow'], 'evaluation': [-1, -1, -1, -1]}
2023-06-12 15:22:42,100 | INFO | Evaluation case  with message - 
2023-06-12 15:22:42,115 | INFO | Speed case  with message - 
2023-06-12 15:22:42,136 | INFO | Moving from [0.2938136457309951, -1.0247775648201956, 0.04444235111584752, -1.1709384919881316, -0.20387363912224962] to [0.27284166758149175, -1.1276481582676683, -0.05137563116036812, -1.0392194263033625, -0.15779527907952434] for duration 2
2023-06-12 15:22:44,232 | INFO | Current peak 222
2023-06-12 15:22:44,754 | INFO | Good expert min 2173.3135056187434 All expert min 2173.3135056187434
2023-06-12 15:22:45,305 | INFO | Good expert min 1715.5696314648258 All expert min 1715.5696314648258
2023-06-12 15:22:45,818 | INFO | Good expert min 3288.771928322199 All expert min 3288.771928322199
2023-06-12 15:22:46,397 | INFO | Good expert min 2438.6977996653904 All expert min 2438.6977996653904
2023-06-12 15:22:46,402 | INFO | Actual Duration 4.649285, Average Expert Duration 2.71982825
2023-06-12 15:22:46,413 | INFO | {'speed': 'good', 'correction': ['bad right shoulder', 'ok left shoulder', 'bad right elbow', 'bad left elbow'], 'evaluation': [-1, 0, -1, -1]}
2023-06-12 15:22:46,428 | INFO | Evaluation case 1i with message - You are doing great, try to get a full range of motion in your elbows.
2023-06-12 15:22:46,444 | INFO | Speed case  with message - 
2023-06-12 15:22:46,464 | INFO | Robot says: You are doing great, try to get a full range of motion in your elbows.
2023-06-12 15:22:46,480 | INFO | Moving from [0.2, -1.1, 0, -1.1, -0.188] to [0.2, -1.1, 0, -1.1, -0.188] for duration 4
2023-06-12 15:22:50,520 | INFO | Robot frowning at intensity 0.0 for duration 4
2023-06-12 15:22:51,416 | INFO | Current peak 256
2023-06-12 15:22:51,929 | INFO | Good expert min 825.0092776914726 All expert min 825.0092776914726
2023-06-12 15:22:52,549 | INFO | Good expert min 1107.6396061103824 All expert min 1107.6396061103824
2023-06-12 15:22:53,100 | INFO | Good expert min 830.3410153339755 All expert min 830.3410153339755
2023-06-12 15:22:53,778 | INFO | Good expert min 752.1047781657676 All expert min 752.1047781657676
2023-06-12 15:22:53,794 | INFO | Actual Duration 7.300656, Average Expert Duration 2.71982825
2023-06-12 15:22:53,820 | INFO | {'speed': 'slow', 'correction': ['Good right shoulder', 'Good left shoulder', 'Good right elbow', 'Good left elbow'], 'evaluation': [1, 1, 1, 1]}
2023-06-12 15:22:53,835 | INFO | Evaluation case 2a with message - Looks good, great job!
2023-06-12 15:22:53,850 | INFO | Speed case  with message - 
2023-06-12 15:22:53,866 | INFO | Skipping Looks good, great job!
2023-06-12 15:22:53,876 | INFO | Moving from [0, -0.8, 0, -0.8, 0.084] to [0.2, -1.1, 0, -1.1, -0.188] for duration 4
2023-06-12 15:22:57,900 | INFO | Robot smiling at intensity 0.9 for duration 4
2023-06-12 15:22:59,906 | INFO | Current peak 315
2023-06-12 15:23:00,421 | INFO | Good expert min 1936.1936406290956 All expert min 1936.1936406290956
2023-06-12 15:23:01,053 | INFO | Good expert min 3173.6678999782785 All expert min 3106.5390095110793
2023-06-12 15:23:01,679 | INFO | Good expert min 2732.0120074310476 All expert min 2732.0120074310476
2023-06-12 15:23:02,183 | INFO | Good expert min 2711.259570062522 All expert min 2711.259570062522
2023-06-12 15:23:02,198 | INFO | Actual Duration 8.448986, Average Expert Duration 2.71982825
2023-06-12 15:23:02,214 | INFO | {'speed': 'slow', 'correction': ['ok right shoulder', 'bad left shoulder', 'bad right elbow', 'bad left elbow'], 'evaluation': [0, -1, -1, -1]}
2023-06-12 15:23:02,229 | INFO | Evaluation case  with message - 
2023-06-12 15:23:02,245 | INFO | Speed case 3b with message - Nice job, can you speed up a little on the next few?
2023-06-12 15:23:02,265 | INFO | Robot says: Nice job, can you speed up a little on the next few?
2023-06-12 15:23:02,286 | INFO | Moving from [0.2, -1.1, 0, -1.1, -0.188] to [0.2, -1.1, 0, -1.1, -0.188] for duration 4
2023-06-12 15:23:06,321 | INFO | Robot frowning at intensity 0.0 for duration 4
2023-06-12 15:23:07,328 | INFO | Current peak 354
2023-06-12 15:23:07,774 | INFO | Good expert min 1408.357339826669 All expert min 1408.357339826669
2023-06-12 15:23:08,379 | INFO | Good expert min 1833.2618750264094 All expert min 1726.5287206703022
2023-06-12 15:23:08,992 | INFO | Good expert min 1338.136446677069 All expert min 1338.136446677069
2023-06-12 15:23:09,294 | INFO | Good expert min 1006.1935373873544 All expert min 1006.1935373873544
2023-06-12 15:23:09,304 | INFO | Actual Duration 7.403683, Average Expert Duration 2.71982825
2023-06-12 15:23:09,320 | INFO | {'speed': 'slow', 'correction': ['Good right shoulder', 'bad left shoulder', 'Good right elbow', 'Good left elbow'], 'evaluation': [1, -1, 1, 1]}
2023-06-12 15:23:09,336 | INFO | Evaluation case 1h with message - You are doing great, can you focus a bit more on your left side?
2023-06-12 15:23:09,351 | INFO | Speed case 3b with message - Great work, can you try to speed up on the next few?
2023-06-12 15:23:09,366 | INFO | Skipping You are doing great, can you focus a bit more on your left side?
2023-06-12 15:23:09,387 | INFO | Moving from [0.2, -1.1, 0, -1.1, -0.188] to [0.2, -1.1, 0, -1.1, -0.188] for duration 4
2023-06-12 15:23:13,417 | INFO | Robot frowning at intensity 0.0 for duration 4
2023-06-12 15:23:13,870 | INFO | Current peak 370
2023-06-12 15:23:14,305 | INFO | Good expert min 735.784591112519 All expert min 735.784591112519
2023-06-12 15:23:14,918 | INFO | Good expert min 435.8540638275336 All expert min 238.7733250637811
2023-06-12 15:23:15,624 | INFO | Good expert min 807.2832543929978 All expert min 807.2832543929978
2023-06-12 15:23:16,314 | INFO | Good expert min 462.1232529162148 All expert min 462.1232529162148
2023-06-12 15:23:16,324 | INFO | Actual Duration 6.510462, Average Expert Duration 2.71982825
2023-06-12 15:23:16,340 | INFO | {'speed': 'slow', 'correction': ['Good right shoulder', 'low range of motion left shoulder', 'Good right elbow', 'Good left elbow'], 'evaluation': [1, -1, 1, 1]}
2023-06-12 15:23:16,365 | INFO | Evaluation case  with message - 
2023-06-12 15:23:16,381 | INFO | Speed case 3b with message - Great work, can you try to speed up on the next few?
2023-06-12 15:23:16,396 | INFO | Robot says: Great work, can you try to speed up on the next few?
2023-06-12 15:23:16,412 | INFO | Moving from [0.2, -1.1, 0, -1.1, -0.188] to [0.2, -1.1, 0, -1.1, -0.188] for duration 4
2023-06-12 15:23:17,337 | INFO | -------------------Done with exercise
2023-06-12 15:23:17,338 | INFO | Robot says: Almost done.
2023-06-12 15:23:20,341 | INFO | Robot says: Rest.
2023-06-12 15:23:20,432 | INFO | Robot frowning at intensity 0.0 for duration 4
2023-06-12 15:23:22,344 | INFO | Robot smiling at intensity 0.8 for duration 4
2023-06-12 15:23:22,345 | INFO | Robot says: Using the scale next to you, how difficult was that last set, from 1 to 10?
2023-06-12 15:23:22,345 | INFO | Moving arm from sides to up
2023-06-12 15:23:22,346 | INFO | Moving from [0.2, -1.1, 0, -1.1, -0.188] to [1.7, -1.1, 0, -1.1, -0.188] for duration 4
2023-06-12 15:23:24,349 | INFO | Total Number of Reps 7
2023-06-12 15:23:24,349 | INFO | Total Angles 380
2023-06-12 15:23:24,349 | INFO | topic impl's ref count is zero, deleting topic /joint_angles...
2023-06-12 15:23:24,349 | INFO | topic[/joint_angles] removing connection to http://172.26.171.145:43863/
2023-06-12 15:23:24,440 | INFO | Saved file Participant_11_Round_3_Robot_3_Exercise_bicep_curls_Set_1.npz
2023-06-12 15:23:42,345 | INFO | Robot says: Rest for 20 more seconds.
2023-06-12 15:24:02,424 | INFO | =====================================
2023-06-12 15:24:02,424 | INFO | STARTING SET 2 OF bicep_curls
2023-06-12 15:24:02,424 | INFO | =====================================
2023-06-12 15:24:02,424 | INFO | Moving arm from up to halfway
2023-06-12 15:24:02,424 | INFO | Moving from [1.7, -1.1, 0, -1.1, -0.2] to [1.1, -1.1, 0, -1.1, -0.2] for duration 4
2023-06-12 15:24:02,458 | INFO | topic[/joint_angles] adding connection to [http://172.26.171.145:43863/], count 0
2023-06-12 15:24:06,430 | INFO | Robot says: Get ready for set 2 out of 2 of bicep curls
2023-06-12 15:24:08,432 | INFO | Robot smiling at intensity 0.8 for duration 4
2023-06-12 15:24:14,439 | INFO | -------------------Recording!
2023-06-12 15:24:14,439 | INFO | Moving arm from halfway to sides
2023-06-12 15:24:14,439 | INFO | Moving from [1.1, -1.1, 0, -1.1, -0.2] to [0.2, -1.1, 0, -1.1, -0.2] for duration 4
2023-06-12 15:24:16,442 | INFO | Robot says: Start bicep curls now
2023-06-12 15:24:18,862 | INFO | Current peak 52
2023-06-12 15:24:19,625 | INFO | Current peak 78
2023-06-12 15:24:20,233 | INFO | Good expert min 544.847778570063 All expert min 544.847778570063
2023-06-12 15:24:20,912 | INFO | Good expert min 717.2881582251921 All expert min 717.2881582251921
2023-06-12 15:24:21,581 | INFO | Good expert min 498.3404307083956 All expert min 498.3404307083956
2023-06-12 15:24:21,930 | INFO | Good expert min 417.699963894514 All expert min 417.699963894514
2023-06-12 15:24:21,946 | INFO | Actual Duration 1.027458, Average Expert Duration 2.71982825
2023-06-12 15:24:21,977 | INFO | {'speed': 'good', 'correction': ['Good right shoulder', 'Good left shoulder', 'Good right elbow', 'Good left elbow'], 'evaluation': [1, 1, 1, 1]}
2023-06-12 15:24:22,002 | INFO | Evaluation case  with message - 
2023-06-12 15:24:22,023 | INFO | Speed case  with message - 
2023-06-12 15:24:22,064 | INFO | Moving from [0.10638243580616966, -1.1978734085421656, 0.0722053219894041, -1.0705673980803307, -0.1600638123680325] to [0.18909012535625178, -1.0073999437539924, 0.023619435592773214, -1.155441280801975, -0.2031006715312935] for duration 2
2023-06-12 15:24:24,111 | INFO | Current peak 110
2023-06-12 15:24:24,757 | INFO | Good expert min 1038.8037607033216 All expert min 1038.8037607033216
2023-06-12 15:24:25,422 | INFO | Good expert min 1268.4447425683202 All expert min 1268.4447425683202
2023-06-12 15:24:26,071 | INFO | Good expert min 1001.4094290694011 All expert min 1001.4094290694011
2023-06-12 15:24:26,688 | INFO | Good expert min 739.103282148038 All expert min 739.103282148038
2023-06-12 15:24:26,719 | INFO | Actual Duration 4.183499, Average Expert Duration 2.71982825
2023-06-12 15:24:26,745 | INFO | {'speed': 'good', 'correction': ['Good right shoulder', 'Good left shoulder', 'Good right elbow', 'Good left elbow'], 'evaluation': [1, 1, 1, 1]}
2023-06-12 15:24:26,771 | INFO | Evaluation case  with message - 
2023-06-12 15:24:26,796 | INFO | Speed case  with message - 
2023-06-12 15:24:26,822 | INFO | Moving from [0.1476694935400715, -1.188036644350222, -0.03387128653600931, -1.0282524793008805, -0.29212538959408535] to [0.21140554236201145, -1.0402328704649655, -0.05261220870804766, -1.059734175798665, -0.10161684124895207] for duration 2
2023-06-12 15:24:28,239 | INFO | Current peak 131
2023-06-12 15:24:28,812 | INFO | Good expert min 952.7848276937558 All expert min 952.7848276937558
2023-06-12 15:24:29,481 | INFO | Good expert min 877.5876841090663 All expert min 877.5876841090663
2023-06-12 15:24:30,162 | INFO | Good expert min 763.2889627889024 All expert min 763.2889627889024
2023-06-12 15:24:30,635 | INFO | Good expert min 626.1660891005477 All expert min 626.1660891005477
2023-06-12 15:24:30,661 | INFO | Actual Duration 4.199633, Average Expert Duration 2.71982825
2023-06-12 15:24:30,707 | INFO | {'speed': 'good', 'correction': ['Good right shoulder', 'Good left shoulder', 'Good right elbow', 'Good left elbow'], 'evaluation': [1, 1, 1, 1]}
2023-06-12 15:24:30,743 | INFO | Evaluation case 2b with message - Looks good, great job!
2023-06-12 15:24:30,779 | INFO | Speed case 4b with message - Great work, nice pace.
2023-06-12 15:24:30,809 | INFO | Robot says: Looks good, great job!
2023-06-12 15:24:30,835 | INFO | Moving from [0, -0.8, 0, -0.8, 0.084] to [0.2, -1.1, 0, -1.1, -0.2] for duration 4
2023-06-12 15:24:34,886 | INFO | Robot smiling at intensity 0.9 for duration 4
2023-06-12 15:24:36,095 | INFO | Current peak 171
2023-06-12 15:24:36,647 | INFO | Good expert min 1803.7541022943765 All expert min 1803.7541022943765
2023-06-12 15:24:37,260 | INFO | Good expert min 1152.3580432264978 All expert min 1152.3580432264978
2023-06-12 15:24:37,892 | INFO | Good expert min 2186.2374675789933 All expert min 2186.2374675789933
2023-06-12 15:24:38,447 | INFO | Good expert min 1123.5122679348 All expert min 1123.5122679348
2023-06-12 15:24:38,463 | INFO | Actual Duration 7.876042, Average Expert Duration 2.71982825
2023-06-12 15:24:38,493 | INFO | {'speed': 'slow', 'correction': ['ok right shoulder', 'Good left shoulder', 'bad right elbow', 'Good left elbow'], 'evaluation': [0, 1, -1, 1]}
2023-06-12 15:24:38,519 | INFO | Evaluation case  with message - 
2023-06-12 15:24:38,529 | INFO | Speed case  with message - 
2023-06-12 15:24:38,560 | INFO | Moving from [0.15500300086056476, -1.0820142440921734, -0.01059621566555806, -1.1544853254643384, -0.1338356444350202] to [0.11153926049852436, -1.062592829900197, 0.026001223313155464, -1.0922239567305512, -0.2568821586300439] for duration 2
2023-06-12 15:24:40,078 | INFO | Current peak 195
2023-06-12 15:24:40,722 | INFO | Good expert min 775.8183231238813 All expert min 775.8183231238813
2023-06-12 15:24:41,327 | INFO | Good expert min 713.1717826013966 All expert min 713.1717826013966
2023-06-12 15:24:41,998 | INFO | Good expert min 565.2843449563522 All expert min 565.2843449563522
2023-06-12 15:24:42,651 | INFO | Good expert min 488.595746888155 All expert min 488.595746888155
2023-06-12 15:24:42,662 | INFO | Actual Duration 4.040026, Average Expert Duration 2.71982825
2023-06-12 15:24:42,687 | INFO | {'speed': 'good', 'correction': ['Good right shoulder', 'Good left shoulder', 'Good right elbow', 'Good left elbow'], 'evaluation': [1, 1, 1, 1]}
2023-06-12 15:24:42,723 | INFO | Evaluation case  with message - 
2023-06-12 15:24:42,754 | INFO | Speed case  with message - 
2023-06-12 15:24:42,785 | INFO | Moving from [0.15506598372966215, -1.0551362772184327, 0.012757896127304227, -1.037903063181881, -0.10651052449536844] to [0.289350046015888, -1.0452469383151053, 0.03173514275618258, -1.0894909083255084, -0.26984224079175956] for duration 2
2023-06-12 15:24:44,175 | INFO | Current peak 212
2023-06-12 15:24:44,836 | INFO | Good expert min 1471.0745303245753 All expert min 1471.0745303245753
2023-06-12 15:24:45,490 | INFO | Good expert min 986.1248168684488 All expert min 986.1248168684488
2023-06-12 15:24:46,081 | INFO | Good expert min 1406.2585668380764 All expert min 1406.2585668380764
2023-06-12 15:24:46,722 | INFO | Good expert min 845.3634420232702 All expert min 841.4364414898054
2023-06-12 15:24:46,748 | INFO | Actual Duration 4.048324, Average Expert Duration 2.71982825
2023-06-12 15:24:46,769 | INFO | {'speed': 'good', 'correction': ['Good right shoulder', 'Good left shoulder', 'Good right elbow', 'low range of motion left elbow'], 'evaluation': [1, 1, 1, -1]}
2023-06-12 15:24:46,800 | INFO | Evaluation case  with message - 
2023-06-12 15:24:46,830 | INFO | Speed case  with message - 
2023-06-12 15:24:46,861 | INFO | Moving from [0.2994926265946005, -1.1969447570821705, 0.08322683565927855, -1.0439107306328237, -0.1313324318177551] to [0.16990815328115236, -1.1130735114919044, -0.08853460466764114, -1.1414880276863433, -0.2521595832023974] for duration 2
2023-06-12 15:24:48,284 | INFO | Current peak 233
2023-06-12 15:24:48,925 | INFO | Good expert min 1041.945534429337 All expert min 1041.945534429337
2023-06-12 15:24:49,585 | INFO | Good expert min 1586.1562073517707 All expert min 1586.1562073517707
2023-06-12 15:24:50,224 | INFO | Good expert min 962.5388910134037 All expert min 962.5388910134037
2023-06-12 15:24:50,867 | INFO | Good expert min 1261.0525844016872 All expert min 1261.0525844016872
2023-06-12 15:24:50,882 | INFO | Actual Duration 4.148695, Average Expert Duration 2.71982825
2023-06-12 15:24:50,918 | INFO | {'speed': 'good', 'correction': ['Good right shoulder', 'ok left shoulder', 'Good right elbow', 'Good left elbow'], 'evaluation': [1, 0, 1, 1]}
2023-06-12 15:24:50,954 | INFO | Evaluation case  with message - 
2023-06-12 15:24:50,985 | INFO | Speed case 4b with message - Great work, nice pace.
2023-06-12 15:24:51,016 | INFO | Robot says: Great work, nice pace.
2023-06-12 15:24:51,047 | INFO | Moving from [0, -0.8, 0, -0.8, 0.084] to [0.2, -1.1, 0, -1.1, -0.2] for duration 4
2023-06-12 15:24:55,082 | INFO | Robot smiling at intensity 0.9 for duration 4
2023-06-12 15:24:56,776 | INFO | Current peak 280
2023-06-12 15:24:57,400 | INFO | Good expert min 1937.8810386260711 All expert min 1937.8810386260711
2023-06-12 15:24:58,034 | INFO | Good expert min 2074.89005399146 All expert min 2074.89005399146
2023-06-12 15:24:58,665 | INFO | Good expert min 2415.619709267007 All expert min 2415.619709267007
2023-06-12 15:24:59,332 | INFO | Good expert min 1884.9147315335267 All expert min 1884.9147315335267
2023-06-12 15:24:59,363 | INFO | Actual Duration 8.310681, Average Expert Duration 2.71982825
2023-06-12 15:24:59,388 | INFO | {'speed': 'slow', 'correction': ['ok right shoulder', 'bad left shoulder', 'bad right elbow', 'ok left elbow'], 'evaluation': [0, -1, -1, 0]}
2023-06-12 15:24:59,419 | INFO | Evaluation case  with message - 
2023-06-12 15:24:59,450 | INFO | Speed case  with message - 
2023-06-12 15:24:59,481 | INFO | Moving from [0.11021652582331407, -1.0870372278980374, -0.0201545753378171, -1.0781965915665135, -0.21908997517236906] to [0.2098676908304921, -1.061419663831556, 0.08805875670368343, -1.1850731342356555, -0.20957852399610383] for duration 2
2023-06-12 15:25:02,896 | INFO | Current peak 350
2023-06-12 15:25:02,896 | INFO | -------------------Done with exercise
2023-06-12 15:25:02,896 | INFO | Robot says: Almost done.
2023-06-12 15:25:02,933 | INFO | Good expert min 1688.2544984919714 All expert min 1688.2544984919714
2023-06-12 15:25:02,963 | INFO | Good expert min 2307.6595391720116 All expert min 2307.6595391720116
2023-06-12 15:25:02,995 | INFO | Good expert min 3153.856675133109 All expert min 3153.856675133109
2023-06-12 15:25:03,029 | INFO | Good expert min 2220.7342545725573 All expert min 2220.7342545725573
2023-06-12 15:25:03,029 | INFO | Actual Duration 6.121063, Average Expert Duration 2.71982825
2023-06-12 15:25:03,029 | INFO | {'speed': 'slow', 'correction': ['ok right shoulder', 'bad left shoulder', 'bad right elbow', 'bad left elbow'], 'evaluation': [0, -1, -1, -1]}
2023-06-12 15:25:03,029 | INFO | Evaluation case 1i with message - You are doing great, try to get a full range of motion in your elbows.
2023-06-12 15:25:03,029 | INFO | Speed case 3b with message - Nice job, can you speed up a little on the next few?
2023-06-12 15:25:03,029 | INFO | Skipping You are doing great, try to get a full range of motion in your elbows.
2023-06-12 15:25:03,030 | INFO | Moving from [0.2, -1.1, 0, -1.1, -0.188] to [0.2, -1.1, 0, -1.1, -0.188] for duration 4
2023-06-12 15:25:05,900 | INFO | Robot says: Rest.
2023-06-12 15:25:07,035 | INFO | Robot frowning at intensity 0.0 for duration 4
2023-06-12 15:25:07,904 | INFO | Robot smiling at intensity 0.8 for duration 4
2023-06-12 15:25:07,904 | INFO | Robot says: Using the scale next to you, how difficult was that last set, from 1 to 10?
2023-06-12 15:25:07,905 | INFO | Moving arm from sides to up
2023-06-12 15:25:07,905 | INFO | Moving from [0.2, -1.1, 0, -1.1, -0.188] to [1.7, -1.1, 0, -1.1, -0.188] for duration 4
2023-06-12 15:25:09,908 | INFO | Total Number of Reps 9
2023-06-12 15:25:09,908 | INFO | Total Angles 360
2023-06-12 15:25:09,908 | INFO | topic impl's ref count is zero, deleting topic /joint_angles...
2023-06-12 15:25:09,908 | INFO | topic[/joint_angles] removing connection to http://172.26.171.145:43863/
2023-06-12 15:25:09,937 | INFO | Saved file Participant_11_Round_3_Robot_3_Exercise_bicep_curls_Set_2.npz
2023-06-12 15:25:27,904 | INFO | Robot says: Rest for 20 more seconds.
2023-06-12 15:25:47,964 | INFO | =====================================
2023-06-12 15:25:47,965 | INFO | STARTING SET 1 OF lateral_raises
2023-06-12 15:25:47,965 | INFO | =====================================
2023-06-12 15:25:47,966 | INFO | Moving arm from up to halfway
2023-06-12 15:25:47,966 | INFO | Moving from [1.7, -1.1, 0, -1.1, -0.2] to [1.1, -1.1, 0, -1.1, -0.2] for duration 4
2023-06-12 15:25:48,015 | INFO | topic[/joint_angles] adding connection to [http://172.26.171.145:43863/], count 0
2023-06-12 15:25:51,971 | INFO | Robot says: Get ready for set 1 out of 2 of lateral raises
2023-06-12 15:25:53,974 | INFO | Robot smiling at intensity 0.8 for duration 4
2023-06-12 15:25:59,981 | INFO | -------------------Recording!
2023-06-12 15:25:59,981 | INFO | Moving arm from halfway to sides
2023-06-12 15:25:59,981 | INFO | Moving from [1.1, -1.1, 0, -1.1, -0.2] to [0.2, -1.1, 0, -1.1, -0.2] for duration 4
2023-06-12 15:26:01,984 | INFO | Robot says: Start lateral raises now
2023-06-12 15:26:04,664 | INFO | Current peak 77
2023-06-12 15:26:05,638 | INFO | Current peak 101
2023-06-12 15:26:06,047 | INFO | Good expert min 295.2706294472809 All expert min 295.2706294472809
2023-06-12 15:26:06,271 | INFO | Good expert min 382.91132693409054 All expert min 382.91132693409054
2023-06-12 15:26:06,614 | INFO | Good expert min 556.4645104364384 All expert min 556.4645104364384
2023-06-12 15:26:07,168 | INFO | Good expert min 658.6035595094872 All expert min 658.6035595094872
2023-06-12 15:26:07,194 | INFO | Actual Duration 0.800514, Average Expert Duration 3.073079411764706
2023-06-12 15:26:07,230 | INFO | {'speed': 'good', 'correction': ['Good right shoulder', 'Good left shoulder', 'Good right elbow', 'Good left elbow'], 'evaluation': [1, 1, 1, 1]}
2023-06-12 15:26:07,265 | INFO | Evaluation case  with message - 
2023-06-12 15:26:07,301 | INFO | Speed case  with message - 
2023-06-12 15:26:07,342 | INFO | Moving from [0.2750922143087795, -1.0004839787879571, 0.05268984026865067, -1.0469932901306465, -0.10895420981340995] to [0.17805018306627193, -1.1674400558021967, -0.0055862041319791195, -1.1397624381471978, -0.22915191953997546] for duration 2
2023-06-12 15:26:08,433 | INFO | Current peak 116
2023-06-12 15:26:08,963 | INFO | Good expert min 326.76790014251543 All expert min 317.1724307813366
2023-06-12 15:26:09,504 | INFO | Good expert min 488.063767400197 All expert min 456.66770639524606
2023-06-12 15:26:10,044 | INFO | Good expert min 739.5052419588974 All expert min 739.5052419588974
2023-06-12 15:26:10,698 | INFO | Good expert min 733.8577043790098 All expert min 643.5897037332231
2023-06-12 15:26:10,699 | INFO | Actual Duration 3.05258, Average Expert Duration 3.073079411764706
2023-06-12 15:26:10,699 | INFO | {'speed': 'good', 'correction': ['low range of motion right shoulder', 'low range of motion left shoulder', 'Good right elbow', 'low range of motion left elbow'], 'evaluation': [-1, -1, 1, -1]}
2023-06-12 15:26:10,730 | INFO | Evaluation case  with message - 
2023-06-12 15:26:10,771 | INFO | Speed case  with message - 
2023-06-12 15:26:10,812 | INFO | Moving from [0.19709172799834887, -1.1271511017221334, -0.05053448431023769, -1.0830468198925023, -0.17406448022229729] to [0.28294698790706474, -1.1226513550184938, -0.03160364415053095, -1.0082080228619112, -0.16799671172852215] for duration 2
2023-06-12 15:26:12,264 | INFO | Current peak 131
2023-06-12 15:26:12,511 | INFO | Good expert min 287.724302851216 All expert min 219.70020379948352
2023-06-12 15:26:13,057 | INFO | Good expert min 310.26066374491626 All expert min 172.4683462226853
2023-06-12 15:26:13,525 | INFO | Good expert min 644.6769166375113 All expert min 644.6769166375113
2023-06-12 15:26:14,057 | INFO | Good expert min 728.172027480001 All expert min 518.794941146587
2023-06-12 15:26:14,083 | INFO | Actual Duration 3.525364, Average Expert Duration 3.073079411764706
2023-06-12 15:26:14,124 | INFO | {'speed': 'good', 'correction': ['low range of motion right shoulder', 'low range of motion left shoulder', 'Good right elbow', 'low range of motion left elbow'], 'evaluation': [-1, -1, 1, -1]}
2023-06-12 15:26:14,165 | INFO | Evaluation case 1c with message - Great job, try to reach your arms closer to 90 degrees.
2023-06-12 15:26:14,190 | INFO | Speed case 4b with message - Great work, nice pace.
2023-06-12 15:26:14,226 | INFO | Robot says: Great job, try to reach your arms closer to 90 degrees.
2023-06-12 15:26:14,288 | INFO | Moving from [0.2, -1.1, 0, -1.1, -0.188] to [0.2, -1.1, 0, -1.1, -0.188] for duration 4
2023-06-12 15:26:18,337 | INFO | Robot frowning at intensity 0.0 for duration 4
2023-06-12 15:26:18,457 | INFO | Current peak 147
2023-06-12 15:26:19,054 | INFO | Good expert min 327.82072074042117 All expert min 327.82072074042117
2023-06-12 15:26:19,629 | INFO | Good expert min 413.59832052862413 All expert min 413.59832052862413
2023-06-12 15:26:20,213 | INFO | Good expert min 729.0010955333416 All expert min 729.0010955333416
2023-06-12 15:26:20,618 | INFO | Good expert min 837.0384085284063 All expert min 776.2872950300344
2023-06-12 15:26:20,654 | INFO | Actual Duration 6.505111, Average Expert Duration 3.073079411764706
2023-06-12 15:26:20,695 | INFO | {'speed': 'slow', 'correction': ['Good right shoulder', 'Good left shoulder', 'Good right elbow', 'low range of motion left elbow'], 'evaluation': [1, 1, 1, -1]}
2023-06-12 15:26:20,735 | INFO | Evaluation case  with message - 
2023-06-12 15:26:20,771 | INFO | Speed case  with message - 
2023-06-12 15:26:20,797 | INFO | Moving from [0.2611341736585149, -1.0179201023866908, -0.029722248551964148, -1.0630519938019838, -0.2671467095287333] to [0.14584311681459852, -1.0739187028204922, 0.06142489601884682, -1.0107006040629323, -0.13773711314654327] for duration 2
2023-06-12 15:26:22,676 | INFO | Current peak 168
2023-06-12 15:26:23,237 | INFO | Good expert min 331.95818548704403 All expert min 331.95818548704403
2023-06-12 15:26:23,669 | INFO | Good expert min 396.32038401049175 All expert min 396.32038401049175
2023-06-12 15:26:24,264 | INFO | Good expert min 677.2270966106565 All expert min 677.2270966106565
2023-06-12 15:26:24,821 | INFO | Good expert min 605.7672950428371 All expert min 605.7672950428371
2023-06-12 15:26:24,822 | INFO | Actual Duration 3.761046, Average Expert Duration 3.073079411764706
2023-06-12 15:26:24,837 | INFO | {'speed': 'good', 'correction': ['Good right shoulder', 'Good left shoulder', 'Good right elbow', 'Good left elbow'], 'evaluation': [1, 1, 1, 1]}
2023-06-12 15:26:24,868 | INFO | Evaluation case 2a with message - Looks good, great job!
2023-06-12 15:26:24,909 | INFO | Speed case  with message - 
2023-06-12 15:26:24,950 | INFO | Robot says: Looks good, great job!
2023-06-12 15:26:24,991 | INFO | Moving from [0, -0.8, 0, -0.8, 0.084] to [0.2, -1.1, 0, -1.1, -0.188] for duration 4
2023-06-12 15:26:29,042 | INFO | Robot smiling at intensity 0.9 for duration 4
2023-06-12 15:26:29,150 | INFO | Current peak 185
2023-06-12 15:26:29,667 | INFO | Good expert min 450.4821611052798 All expert min 450.4821611052798
2023-06-12 15:26:30,117 | INFO | Good expert min 511.929364399846 All expert min 511.929364399846
2023-06-12 15:26:30,611 | INFO | Good expert min 871.0559120249432 All expert min 871.0559120249432
2023-06-12 15:26:31,142 | INFO | Good expert min 660.7034603700554 All expert min 660.7034603700554
2023-06-12 15:26:31,178 | INFO | Actual Duration 6.907205, Average Expert Duration 3.073079411764706
2023-06-12 15:26:31,224 | INFO | {'speed': 'slow', 'correction': ['Good right shoulder', 'Good left shoulder', 'Good right elbow', 'Good left elbow'], 'evaluation': [1, 1, 1, 1]}
2023-06-12 15:26:31,265 | INFO | Evaluation case  with message - 
2023-06-12 15:26:31,300 | INFO | Speed case  with message - 
2023-06-12 15:26:31,341 | INFO | Moving from [0.12502977468171333, -1.079943945511718, -0.05508163448374366, -1.08205708828131, -0.1596032976264148] to [0.29887902178511705, -1.1979272422963516, -0.03819216120574698, -1.1401122716653918, -0.10560696171716544] for duration 2
2023-06-12 15:26:33,235 | INFO | Current peak 211
2023-06-12 15:26:33,737 | INFO | Good expert min 315.0584816427195 All expert min 315.0584816427195
2023-06-12 15:26:34,285 | INFO | Good expert min 382.499184565756 All expert min 382.499184565756
2023-06-12 15:26:34,807 | INFO | Good expert min 756.8842750633582 All expert min 756.8842750633582
2023-06-12 15:26:35,276 | INFO | Good expert min 650.0662864138532 All expert min 650.0662864138532
2023-06-12 15:26:35,317 | INFO | Actual Duration 3.737366, Average Expert Duration 3.073079411764706
2023-06-12 15:26:35,353 | INFO | {'speed': 'good', 'correction': ['Good right shoulder', 'Good left shoulder', 'Good right elbow', 'Good left elbow'], 'evaluation': [1, 1, 1, 1]}
2023-06-12 15:26:35,378 | INFO | Evaluation case 2b with message - Great work, looking good!
2023-06-12 15:26:35,414 | INFO | Speed case  with message - 
2023-06-12 15:26:35,455 | INFO | Robot says: Great work, looking good!
2023-06-12 15:26:35,481 | INFO | Moving from [0, -0.8, 0, -0.8, 0.084] to [0.2, -1.1, 0, -1.1, -0.188] for duration 4
2023-06-12 15:26:39,536 | INFO | Robot smiling at intensity 0.9 for duration 4
2023-06-12 15:26:39,969 | INFO | Current peak 230
2023-06-12 15:26:40,521 | INFO | Good expert min 349.0084091838311 All expert min 349.0084091838311
2023-06-12 15:26:41,037 | INFO | Good expert min 413.78059673676563 All expert min 413.78059673676563
2023-06-12 15:26:41,572 | INFO | Good expert min 606.3680620853229 All expert min 606.3680620853229
2023-06-12 15:26:42,065 | INFO | Good expert min 695.0365825560566 All expert min 695.0365825560566
2023-06-12 15:26:42,091 | INFO | Actual Duration 6.849715, Average Expert Duration 3.073079411764706
2023-06-12 15:26:42,132 | INFO | {'speed': 'slow', 'correction': ['Good right shoulder', 'Good left shoulder', 'Good right elbow', 'Good left elbow'], 'evaluation': [1, 1, 1, 1]}
2023-06-12 15:26:42,173 | INFO | Evaluation case  with message - 
2023-06-12 15:26:42,230 | INFO | Speed case  with message - 
2023-06-12 15:26:42,276 | INFO | Moving from [0.23435794647003386, -1.1638395993009272, 0.050169374644266435, -1.0141067480179768, -0.20697925313052654] to [0.20549667522255863, -1.1689944600964572, 0.05453781707461611, -1.1177302674931906, -0.12907147541408084] for duration 2
2023-06-12 15:26:43,674 | INFO | Current peak 251
2023-06-12 15:26:43,674 | INFO | -------------------Done with exercise
2023-06-12 15:26:43,674 | INFO | Robot says: Almost done.
2023-06-12 15:26:43,702 | INFO | Good expert min 369.16038005799464 All expert min 369.16038005799464
2023-06-12 15:26:43,728 | INFO | Good expert min 355.9807086582954 All expert min 355.9807086582954
2023-06-12 15:26:43,752 | INFO | Good expert min 838.8066506626149 All expert min 838.8066506626149
2023-06-12 15:26:43,778 | INFO | Good expert min 633.9247423098157 All expert min 633.9247423098157
2023-06-12 15:26:43,778 | INFO | Actual Duration 3.802594, Average Expert Duration 3.073079411764706
2023-06-12 15:26:43,778 | INFO | {'speed': 'good', 'correction': ['Good right shoulder', 'Good left shoulder', 'Good right elbow', 'Good left elbow'], 'evaluation': [1, 1, 1, 1]}
2023-06-12 15:26:43,778 | INFO | Evaluation case  with message - 
2023-06-12 15:26:43,778 | INFO | Speed case  with message - 
2023-06-12 15:26:43,778 | INFO | Moving from [0.16403087535684077, -1.1682328197657885, 0.08585443384843669, -1.1051710538205741, -0.1951530672391027] to [0.14640932081960464, -1.008434968534926, -0.07189569609055031, -1.1844026813613564, -0.21977488164445502] for duration 2
2023-06-12 15:26:46,679 | INFO | Robot says: Rest.
2023-06-12 15:26:48,682 | INFO | Robot smiling at intensity 0.8 for duration 4
2023-06-12 15:26:48,682 | INFO | Robot says: Using the scale next to you, how difficult was that last set, from 1 to 10?
2023-06-12 15:26:48,683 | INFO | Moving arm from sides to up
2023-06-12 15:26:48,683 | INFO | Moving from [0.2, -1.1, 0, -1.1, -0.188] to [1.7, -1.1, 0, -1.1, -0.188] for duration 4
2023-06-12 15:26:50,686 | INFO | Total Number of Reps 9
2023-06-12 15:26:50,687 | INFO | Total Angles 260
2023-06-12 15:26:50,687 | INFO | topic impl's ref count is zero, deleting topic /joint_angles...
2023-06-12 15:26:50,687 | INFO | topic[/joint_angles] removing connection to http://172.26.171.145:43863/
2023-06-12 15:26:50,721 | INFO | Saved file Participant_11_Round_3_Robot_3_Exercise_lateral_raises_Set_1.npz
2023-06-12 15:27:08,682 | INFO | Robot says: Rest for 20 more seconds.
2023-06-12 15:27:28,753 | INFO | =====================================
2023-06-12 15:27:28,753 | INFO | STARTING SET 2 OF lateral_raises
2023-06-12 15:27:28,753 | INFO | =====================================
2023-06-12 15:27:28,754 | INFO | Moving arm from up to halfway
2023-06-12 15:27:28,754 | INFO | Moving from [1.7, -1.1, 0, -1.1, -0.2] to [1.1, -1.1, 0, -1.1, -0.2] for duration 4
2023-06-12 15:27:28,791 | INFO | topic[/joint_angles] adding connection to [http://172.26.171.145:43863/], count 0
2023-06-12 15:27:32,759 | INFO | Robot says: Get ready for set 2 out of 2 of lateral raises
2023-06-12 15:27:34,762 | INFO | Robot smiling at intensity 0.8 for duration 4
2023-06-12 15:27:40,769 | INFO | -------------------Recording!
2023-06-12 15:27:40,770 | INFO | Moving arm from halfway to sides
2023-06-12 15:27:40,770 | INFO | Moving from [1.1, -1.1, 0, -1.1, -0.2] to [0.2, -1.1, 0, -1.1, -0.2] for duration 4
2023-06-12 15:27:42,772 | INFO | Robot says: Start lateral raises now
2023-06-12 15:27:46,498 | INFO | Current peak 103
2023-06-12 15:27:47,499 | INFO | Current peak 132
2023-06-12 15:27:47,897 | INFO | Good expert min 327.38455464158017 All expert min 327.38455464158017
2023-06-12 15:27:48,462 | INFO | Good expert min 277.647640057566 All expert min 244.22142988218474
2023-06-12 15:27:48,946 | INFO | Good expert min 641.2677693748859 All expert min 641.2677693748859
2023-06-12 15:27:49,384 | INFO | Good expert min 571.314678968411 All expert min 527.7199005451151
2023-06-12 15:27:49,436 | INFO | Actual Duration 1.097591, Average Expert Duration 3.073079411764706
2023-06-12 15:27:49,487 | INFO | {'speed': 'good', 'correction': ['Good right shoulder', 'low range of motion left shoulder', 'Good right elbow', 'low range of motion left elbow'], 'evaluation': [1, -1, 1, -1]}
2023-06-12 15:27:49,538 | INFO | Evaluation case  with message - 
2023-06-12 15:27:49,589 | INFO | Speed case  with message - 
2023-06-12 15:27:49,635 | INFO | Moving from [0.10256458604528615, -1.0258979666781485, 0.04013955662409874, -1.04392782513819, -0.14060357219017489] to [0.29899918915145574, -1.0320575292711136, -0.06932936886849193, -1.0277779161206133, -0.23560583256261022] for duration 2
2023-06-12 15:27:51,106 | INFO | Current peak 149
2023-06-12 15:27:51,711 | INFO | Good expert min 270.2735399575549 All expert min 270.2735399575549
2023-06-12 15:27:52,239 | INFO | Good expert min 318.2650200612062 All expert min 255.01863716966804
2023-06-12 15:27:52,802 | INFO | Good expert min 788.135941940218 All expert min 788.135941940218
2023-06-12 15:27:53,355 | INFO | Good expert min 733.8649517165838 All expert min 687.3954020195408
2023-06-12 15:27:53,401 | INFO | Actual Duration 3.431875, Average Expert Duration 3.073079411764706
2023-06-12 15:27:53,452 | INFO | {'speed': 'good', 'correction': ['Good right shoulder', 'low range of motion left shoulder', 'Good right elbow', 'low range of motion left elbow'], 'evaluation': [1, -1, 1, -1]}
2023-06-12 15:27:53,493 | INFO | Evaluation case 1b with message - Great job, try to reach your left arm closer to 90 degrees.
2023-06-12 15:27:53,539 | INFO | Speed case  with message - 
2023-06-12 15:27:53,590 | INFO | Robot says: Great job, try to reach your left arm closer to 90 degrees.
2023-06-12 15:27:53,641 | INFO | Moving from [0.2, -1.1, 0, -1.1, -0.188] to [0.2, -1.1, 0, -1.1, -0.188] for duration 4
2023-06-12 15:27:57,707 | INFO | Robot frowning at intensity 0.0 for duration 4
2023-06-12 15:27:58,517 | INFO | Current peak 180
2023-06-12 15:27:58,987 | INFO | Good expert min 313.3204261205936 All expert min 313.3204261205936
2023-06-12 15:27:59,592 | INFO | Good expert min 551.2960984784899 All expert min 551.2960984784899
2023-06-12 15:28:00,118 | INFO | Good expert min 838.6575196933562 All expert min 838.6575196933562
2023-06-12 15:28:00,724 | INFO | Good expert min 961.1370318752582 All expert min 961.1370318752582
2023-06-12 15:28:00,776 | INFO | Actual Duration 7.557518, Average Expert Duration 3.073079411764706
2023-06-12 15:28:00,827 | INFO | {'speed': 'slow', 'correction': ['Good right shoulder', 'Good left shoulder', 'Good right elbow', 'Good left elbow'], 'evaluation': [1, 1, 1, 1]}
2023-06-12 15:28:00,897 | INFO | Evaluation case 2a with message - Looks good, great job!
2023-06-12 15:28:00,949 | INFO | Speed case  with message - 
2023-06-12 15:28:00,995 | INFO | Skipping Looks good, great job!
2023-06-12 15:28:01,046 | INFO | Moving from [0, -0.8, 0, -0.8, 0.084] to [0.2, -1.1, 0, -1.1, -0.188] for duration 4
2023-06-12 15:28:05,106 | INFO | Robot smiling at intensity 0.9 for duration 4
2023-06-12 15:28:05,791 | INFO | Current peak 214
2023-06-12 15:28:06,322 | INFO | Good expert min 414.3471477924936 All expert min 414.3471477924936
2023-06-12 15:28:06,831 | INFO | Good expert min 759.2527226022636 All expert min 759.2527226022636
2023-06-12 15:28:07,369 | INFO | Good expert min 967.5601404501908 All expert min 967.5601404501908
2023-06-12 15:28:07,947 | INFO | Good expert min 1211.8816384796112 All expert min 1211.8816384796112
2023-06-12 15:28:07,983 | INFO | Actual Duration 7.34611, Average Expert Duration 3.073079411764706
2023-06-12 15:28:08,034 | INFO | {'speed': 'slow', 'correction': ['Good right shoulder', 'Good left shoulder', 'Good right elbow', 'Good left elbow'], 'evaluation': [1, 1, 1, 1]}
2023-06-12 15:28:08,090 | INFO | Evaluation case  with message - 
2023-06-12 15:28:08,141 | INFO | Speed case 3b with message - Nice job, can you speed up a little on the next few?
2023-06-12 15:28:08,187 | INFO | Robot says: Nice job, can you speed up a little on the next few?
2023-06-12 15:28:08,233 | INFO | Moving from [0.2, -1.1, 0, -1.1, -0.188] to [0.2, -1.1, 0, -1.1, -0.188] for duration 4
2023-06-12 15:28:12,320 | INFO | Robot frowning at intensity 0.0 for duration 4
2023-06-12 15:28:13,145 | INFO | Current peak 245
2023-06-12 15:28:13,752 | INFO | Good expert min 519.3321914394842 All expert min 519.3321914394842
2023-06-12 15:28:14,307 | INFO | Good expert min 713.879925504227 All expert min 713.879925504227
2023-06-12 15:28:14,851 | INFO | Good expert min 1248.0743450943764 All expert min 1248.0743450943764
2023-06-12 15:28:15,403 | INFO | Good expert min 977.8057855796571 All expert min 977.8057855796571
2023-06-12 15:28:15,449 | INFO | Actual Duration 7.301057, Average Expert Duration 3.073079411764706
2023-06-12 15:28:15,505 | INFO | {'speed': 'slow', 'correction': ['Good right shoulder', 'Good left shoulder', 'Good right elbow', 'Good left elbow'], 'evaluation': [1, 1, 1, 1]}
2023-06-12 15:28:15,546 | INFO | Evaluation case 2b with message - Looks good, great job!
2023-06-12 15:28:15,597 | INFO | Speed case 3b with message - Great work, can you try to speed up on the next few?
2023-06-12 15:28:15,643 | INFO | Skipping Looks good, great job!
2023-06-12 15:28:15,694 | INFO | Moving from [0, -0.8, 0, -0.8, 0.084] to [0.2, -1.1, 0, -1.1, -0.188] for duration 4
2023-06-12 15:28:19,755 | INFO | Robot smiling at intensity 0.9 for duration 4
2023-06-12 15:28:20,982 | INFO | Current peak 278
2023-06-12 15:28:21,607 | INFO | Good expert min 530.4610487326167 All expert min 530.4610487326167
2023-06-12 15:28:22,196 | INFO | Good expert min 680.1024000214419 All expert min 680.1024000214419
2023-06-12 15:28:22,530 | INFO | Good expert min 1264.2629686299417 All expert min 1264.2629686299417
2023-06-12 15:28:23,119 | INFO | Good expert min 985.2305135709421 All expert min 985.2305135709421
2023-06-12 15:28:23,139 | INFO | Actual Duration 7.566243, Average Expert Duration 3.073079411764706
2023-06-12 15:28:23,185 | INFO | {'speed': 'slow', 'correction': ['Good right shoulder', 'Good left shoulder', 'Good right elbow', 'Good left elbow'], 'evaluation': [1, 1, 1, 1]}
2023-06-12 15:28:23,236 | INFO | Evaluation case  with message - 
2023-06-12 15:28:23,287 | INFO | Speed case 3b with message - Great work, can you try to speed up on the next few?
2023-06-12 15:28:23,338 | INFO | Robot says: Great work, can you try to speed up on the next few?
2023-06-12 15:28:23,384 | INFO | Moving from [0.2, -1.1, 0, -1.1, -0.188] to [0.2, -1.1, 0, -1.1, -0.188] for duration 4
2023-06-12 15:28:27,450 | INFO | Robot frowning at intensity 0.0 for duration 4
2023-06-12 15:28:28,304 | INFO | Current peak 314
2023-06-12 15:28:28,833 | INFO | Good expert min 495.4145106239815 All expert min 495.4145106239815
2023-06-12 15:28:29,367 | INFO | Good expert min 515.1478057037905 All expert min 515.1478057037905
2023-06-12 15:28:29,885 | INFO | Good expert min 1232.1498283462508 All expert min 1232.1498283462508
2023-06-12 15:28:30,279 | INFO | Good expert min 761.6424991748092 All expert min 761.6424991748092
2023-06-12 15:28:30,325 | INFO | Actual Duration 7.550467, Average Expert Duration 3.073079411764706
2023-06-12 15:28:30,371 | INFO | {'speed': 'slow', 'correction': ['Good right shoulder', 'Good left shoulder', 'Good right elbow', 'Good left elbow'], 'evaluation': [1, 1, 1, 1]}
2023-06-12 15:28:30,402 | INFO | Evaluation case  with message - 
2023-06-12 15:28:30,454 | INFO | Speed case 3b with message - Nice job, can you speed up a little on the next few?
2023-06-12 15:28:30,505 | INFO | Skipping Nice job, can you speed up a little on the next few?
2023-06-12 15:28:30,551 | INFO | Moving from [0.2, -1.1, 0, -1.1, -0.188] to [0.2, -1.1, 0, -1.1, -0.188] for duration 4
2023-06-12 15:28:30,769 | INFO | -------------------Done with exercise
2023-06-12 15:28:30,769 | INFO | Robot says: Almost done.
2023-06-12 15:28:33,773 | INFO | Robot says: Rest.
2023-06-12 15:28:34,601 | INFO | Robot frowning at intensity 0.0 for duration 4
2023-06-12 15:28:35,776 | INFO | Robot smiling at intensity 0.8 for duration 4
2023-06-12 15:28:35,776 | INFO | Robot says: Using the scale next to you, how difficult was that last set, from 1 to 10?
2023-06-12 15:28:35,777 | INFO | Moving arm from sides to up
2023-06-12 15:28:35,778 | INFO | Moving from [0.2, -1.1, 0, -1.1, -0.188] to [1.7, -1.1, 0, -1.1, -0.188] for duration 4
2023-06-12 15:28:37,781 | INFO | Total Number of Reps 7
2023-06-12 15:28:37,781 | INFO | Total Angles 320
2023-06-12 15:28:37,782 | INFO | topic impl's ref count is zero, deleting topic /joint_angles...
2023-06-12 15:28:37,782 | INFO | topic[/joint_angles] removing connection to http://172.26.171.145:43863/
2023-06-12 15:28:37,848 | INFO | Saved file Participant_11_Round_3_Robot_3_Exercise_lateral_raises_Set_2.npz
2023-06-12 15:28:45,856 | INFO | Robot says: Please walk over to the researcher to fill out a survey.
2023-06-12 15:28:45,858 | INFO | signal_shutdown [atexit]
2023-06-12 15:28:45,880 | INFO | topic[/rosout] removing connection to /rosout
2023-06-12 15:28:45,880 | INFO | topic[/quori_sound] removing connection to /quori_sound
2023-06-12 15:28:45,880 | INFO | topic[/quori/joint_trajectory_controller/command] removing connection to /quori/quori_controller
2023-06-12 15:28:45,880 | INFO | topic[/quori/face_generator_emotion] removing connection to /rosbridge_websocket
2023-06-12 15:28:45,881 | INFO | atexit
