2023-06-14 14:08:20,835 | INFO | =====================================
2023-06-14 14:08:20,836 | INFO | STARTING SET 2 OF lateral_raises
2023-06-14 14:08:20,836 | INFO | =====================================
2023-06-14 14:08:20,837 | INFO | Moving arm from up to halfway
2023-06-14 14:08:20,838 | INFO | topic[/joint_angles] adding connection to [http://172.26.171.145:35663/], count 0
2023-06-14 14:08:20,838 | INFO | Moving from [1.7, -1.1, 0, -1.1, 0.2] to [1.1, -1.1, 0, -1.1, 0.2] for duration 4
2023-06-14 14:08:24,843 | INFO | Robot says: Get ready for set 2 out of 2 of lateral raises
2023-06-14 14:08:26,846 | INFO | Robot smiling at intensity 0.6 for duration 4
2023-06-14 14:08:32,853 | INFO | -------------------Recording!
2023-06-14 14:08:32,853 | INFO | Moving arm from halfway to sides
2023-06-14 14:08:32,854 | INFO | Moving from [1.1, -1.1, 0, -1.1, 0.2] to [-0.2, -1.1, 0, -1.1, 0.2] for duration 4
2023-06-14 14:08:34,857 | INFO | Robot says: Start lateral raises now
2023-06-14 14:08:37,908 | INFO | Current peak 84
2023-06-14 14:08:39,226 | INFO | Current peak 124
2023-06-14 14:08:39,803 | INFO | Good expert min 1941.4916911150146 All expert min 1681.7515178369595
2023-06-14 14:08:40,369 | INFO | Good expert min 622.531619708536 All expert min 622.531619708536
2023-06-14 14:08:40,934 | INFO | Good expert min 2511.738806022161 All expert min 2511.738806022161
2023-06-14 14:08:41,563 | INFO | Good expert min 1477.6633988802726 All expert min 1369.9649370018246
2023-06-14 14:08:41,609 | INFO | Actual Duration 1.318595, Average Expert Duration 3.073079411764706
2023-06-14 14:08:41,660 | INFO | {'speed': 'good', 'correction': ['high range of motion right shoulder', 'Good left shoulder', 'bad right elbow', 'low range of motion left elbow'], 'evaluation': [-1, 1, -1, -1]}
2023-06-14 14:08:41,711 | INFO | Evaluation case  with message - 
2023-06-14 14:08:41,757 | INFO | Speed case  with message - 
2023-06-14 14:08:41,803 | INFO | Moving from [-0.12198030496431403, -1.0042566806230497, 0.018464711217251975, -1.0124340983914892, 0.298139585178952] to [-0.28950789546301803, -1.1013682044458464, -0.007292028799046307, -1.1962371402940846, 0.18078764969390873] for duration 2
2023-06-14 14:08:44,314 | INFO | Current peak 174
2023-06-14 14:08:44,786 | INFO | Good expert min 715.6397838702138 All expert min 715.6397838702138
2023-06-14 14:08:45,354 | INFO | Good expert min 646.3974971883787 All expert min 458.9222282259289
2023-06-14 14:08:45,957 | INFO | Good expert min 1800.071612117854 All expert min 1422.2547616062689
2023-06-14 14:08:46,489 | INFO | Good expert min 996.0846407048616 All expert min 648.8348010744511
2023-06-14 14:08:46,535 | INFO | Actual Duration 5.058767, Average Expert Duration 3.073079411764706
2023-06-14 14:08:46,591 | INFO | {'speed': 'good', 'correction': ['Good right shoulder', 'low range of motion left shoulder', 'low range of motion right elbow', 'low range of motion left elbow'], 'evaluation': [1, -1, -1, -1]}
2023-06-14 14:08:46,642 | INFO | Evaluation case 1b with message - Focus on fully extending your left arm to 90 degrees.
2023-06-14 14:08:46,694 | INFO | Speed case  with message - 
2023-06-14 14:08:46,745 | INFO | Robot says: Focus on fully extending your left arm to 90 degrees.
2023-06-14 14:08:46,796 | INFO | Moving from [-0.2, -1.1, 0, -1.1, -0.1175] to [-0.2, -1.1, 0, -1.1, -0.1175] for duration 4
2023-06-14 14:08:50,867 | INFO | Robot frowning at intensity 0.5 for duration 4
2023-06-14 14:08:51,747 | INFO | Current peak 199
2023-06-14 14:08:52,346 | INFO | Good expert min 1161.67536155795 All expert min 1161.67536155795
2023-06-14 14:08:52,832 | INFO | Good expert min 438.0073388139655 All expert min 354.37662157544946
2023-06-14 14:08:53,440 | INFO | Good expert min 2918.318202187105 All expert min 2667.062451710777
2023-06-14 14:08:53,990 | INFO | Good expert min 1399.6344806103184 All expert min 1146.1175519913877
2023-06-14 14:08:54,036 | INFO | Actual Duration 7.232938, Average Expert Duration 3.073079411764706
2023-06-14 14:08:54,077 | INFO | {'speed': 'good', 'correction': ['Good right shoulder', 'low range of motion left shoulder', 'bad right elbow', 'low range of motion left elbow'], 'evaluation': [1, -1, -1, -1]}
2023-06-14 14:08:54,113 | INFO | Evaluation case  with message - 
2023-06-14 14:08:54,159 | INFO | Speed case 4b with message - Good speed, keep it up.
2023-06-14 14:08:54,210 | INFO | Skipping Good speed, keep it up.
2023-06-14 14:08:54,261 | INFO | Moving from [0, -0.8, 0, -0.8, 0.0525] to [-0.2, -1.1, 0, -1.1, -0.1175] for duration 4
2023-06-14 14:08:58,322 | INFO | Robot smiling at intensity 0.6 for duration 4
2023-06-14 14:08:59,822 | INFO | Current peak 252
2023-06-14 14:09:00,333 | INFO | Good expert min 736.7059259300145 All expert min 736.7059259300145
2023-06-14 14:09:00,823 | INFO | Good expert min 731.7512653247829 All expert min 572.1385485949447
2023-06-14 14:09:01,445 | INFO | Good expert min 1666.061099739226 All expert min 1666.061099739226
2023-06-14 14:09:02,037 | INFO | Good expert min 1150.9512377282026 All expert min 870.6486828499484
2023-06-14 14:09:02,073 | INFO | Actual Duration 8.194127, Average Expert Duration 3.073079411764706
2023-06-14 14:09:02,129 | INFO | {'speed': 'good', 'correction': ['Good right shoulder', 'low range of motion left shoulder', 'Good right elbow', 'low range of motion left elbow'], 'evaluation': [1, -1, 1, -1]}
2023-06-14 14:09:02,160 | INFO | Evaluation case  with message - 
2023-06-14 14:09:02,190 | INFO | Speed case  with message - 
2023-06-14 14:09:02,247 | INFO | Moving from [-0.13321773238694548, -1.1912166855127324, -0.042368068173293416, -1.1028488822870537, -0.04321726974554252] to [-0.1104472784735003, -1.0568603943792783, -0.09787162884913395, -1.0135922778553397, -0.07989539458362044] for duration 2
2023-06-14 14:09:03,811 | INFO | Current peak 267
2023-06-14 14:09:04,109 | INFO | Good expert min 986.5934379083651 All expert min 986.5934379083651
2023-06-14 14:09:04,650 | INFO | Good expert min 697.9819587043378 All expert min 684.7957965593573
2023-06-14 14:09:04,987 | INFO | Good expert min 2553.450204449467 All expert min 2185.356540955203
2023-06-14 14:09:05,555 | INFO | Good expert min 1539.337890329076 All expert min 1539.337890329076
2023-06-14 14:09:05,596 | INFO | Actual Duration 3.848599, Average Expert Duration 3.073079411764706
2023-06-14 14:09:05,652 | INFO | {'speed': 'good', 'correction': ['Good right shoulder', 'low range of motion left shoulder', 'bad right elbow', 'Good left elbow'], 'evaluation': [1, -1, -1, 1]}
2023-06-14 14:09:05,704 | INFO | Evaluation case 1b with message - Make sure your left arm reaches 90 degrees
2023-06-14 14:09:05,755 | INFO | Speed case  with message - 
2023-06-14 14:09:05,806 | INFO | Robot says: Make sure your left arm reaches 90 degrees
2023-06-14 14:09:05,857 | INFO | Moving from [-0.2, -1.1, 0, -1.1, -0.1175] to [-0.2, -1.1, 0, -1.1, -0.1175] for duration 4
2023-06-14 14:09:09,928 | INFO | Robot frowning at intensity 0.5 for duration 4
2023-06-14 14:09:10,448 | INFO | Current peak 291
2023-06-14 14:09:11,014 | INFO | Good expert min 2538.468206012907 All expert min 2359.720165099023
2023-06-14 14:09:11,620 | INFO | Good expert min 1127.2214415662972 All expert min 1082.9818835102521
2023-06-14 14:09:12,069 | INFO | Good expert min 3503.74712922701 All expert min 3095.725924480229
2023-06-14 14:09:12,632 | INFO | Good expert min 2440.7663880831865 All expert min 2275.5613869278277
2023-06-14 14:09:12,699 | INFO | Actual Duration 6.799776, Average Expert Duration 3.073079411764706
2023-06-14 14:09:12,755 | INFO | {'speed': 'slow', 'correction': ['bad right shoulder', 'low range of motion left shoulder', 'bad right elbow', 'bad left elbow'], 'evaluation': [-1, -1, -1, -1]}
2023-06-14 14:09:12,811 | INFO | Evaluation case  with message - 
2023-06-14 14:09:12,862 | INFO | Speed case  with message - 
2023-06-14 14:09:12,918 | INFO | Moving from [-0.12702491054575468, -1.1703502598905593, 0.033950247960843505, -1.1321847052669707, -0.11341024568278185] to [-0.1514620432969047, -1.088130986383764, 0.04442180035145524, -1.164897587813994, -0.03739161646653075] for duration 2
2023-06-14 14:09:14,822 | INFO | Current peak 326
2023-06-14 14:09:15,344 | INFO | Good expert min 775.108944566434 All expert min 775.108944566434
2023-06-14 14:09:15,860 | INFO | Good expert min 598.0058211370545 All expert min 319.10956557151525
2023-06-14 14:09:16,413 | INFO | Good expert min 1609.8637674752642 All expert min 1314.918479845253
2023-06-14 14:09:16,929 | INFO | Good expert min 1025.4121548757487 All expert min 623.6221390116804
2023-06-14 14:09:16,965 | INFO | Actual Duration 4.516622, Average Expert Duration 3.073079411764706
2023-06-14 14:09:17,021 | INFO | {'speed': 'good', 'correction': ['Good right shoulder', 'low range of motion left shoulder', 'low range of motion right elbow', 'low range of motion left elbow'], 'evaluation': [1, -1, -1, -1]}
2023-06-14 14:09:17,072 | INFO | Evaluation case  with message - 
2023-06-14 14:09:17,123 | INFO | Speed case  with message - 
2023-06-14 14:09:17,175 | INFO | Moving from [-0.15409783247177222, -1.0667883827522169, -0.08165966233796827, -1.0051818442323648, -0.10617096712534989] to [-0.1517488218684794, -1.011570415144747, 0.023259151992376007, -1.1907231625832186, -0.1354784573248979] for duration 2
2023-06-14 14:09:18,643 | INFO | Current peak 342
2023-06-14 14:09:19,261 | INFO | Good expert min 1206.7142058051181 All expert min 1206.7142058051181
2023-06-14 14:09:19,778 | INFO | Good expert min 429.92990106725694 All expert min 324.10616886507216
2023-06-14 14:09:20,364 | INFO | Good expert min 2695.6708353975064 All expert min 2492.785746791278
2023-06-14 14:09:20,966 | INFO | Good expert min 1028.8768491478447 All expert min 931.9189135203815
2023-06-14 14:09:21,013 | INFO | Actual Duration 3.70523, Average Expert Duration 3.073079411764706
2023-06-14 14:09:21,069 | INFO | {'speed': 'good', 'correction': ['Good right shoulder', 'low range of motion left shoulder', 'bad right elbow', 'low range of motion left elbow'], 'evaluation': [1, -1, -1, -1]}
2023-06-14 14:09:21,125 | INFO | Evaluation case 1b with message - Focus on fully extending your left arm to 90 degrees.
2023-06-14 14:09:21,181 | INFO | Speed case  with message - 
2023-06-14 14:09:21,232 | INFO | Robot says: Focus on fully extending your left arm to 90 degrees.
2023-06-14 14:09:21,284 | INFO | Moving from [-0.2, -1.1, 0, -1.1, -0.1175] to [-0.2, -1.1, 0, -1.1, -0.1175] for duration 4
2023-06-14 14:09:22,853 | INFO | -------------------Done with exercise
2023-06-14 14:09:22,853 | INFO | Robot says: Almost done.
2023-06-14 14:09:25,349 | INFO | Robot frowning at intensity 0.5 for duration 4
2023-06-14 14:09:25,856 | INFO | Robot says: Rest.
2023-06-14 14:09:27,859 | INFO | Robot smiling at intensity 0.6 for duration 4
2023-06-14 14:09:27,860 | INFO | Robot says: Using the scale next to you, how difficult was that last set, from 1 to 10?
2023-06-14 14:09:27,861 | INFO | Moving arm from sides to up
2023-06-14 14:09:27,861 | INFO | Moving from [-0.2, -1.1, 0, -1.1, -0.1175] to [1.7, -1.1, 0, -1.1, -0.1175] for duration 4
2023-06-14 14:09:29,864 | INFO | Total Number of Reps 8
2023-06-14 14:09:29,864 | INFO | Total Angles 350
2023-06-14 14:09:29,865 | INFO | topic impl's ref count is zero, deleting topic /joint_angles...
2023-06-14 14:09:29,865 | INFO | topic[/joint_angles] removing connection to http://172.26.171.145:35663/
2023-06-14 14:09:29,871 | INFO | Saved file Participant_15_Round_2_Robot_2_Exercise_lateral_raises_Set_2.npz
2023-06-14 14:09:37,880 | INFO | Robot says: Please walk over to the researcher to fill out a survey.
2023-06-14 14:09:37,882 | INFO | signal_shutdown [atexit]
2023-06-14 14:09:37,939 | INFO | topic[/rosout] removing connection to /rosout
2023-06-14 14:09:37,939 | INFO | topic[/quori_sound] removing connection to /quori_sound
2023-06-14 14:09:37,939 | INFO | topic[/quori/joint_trajectory_controller/command] removing connection to /quori/quori_controller
2023-06-14 14:09:37,940 | INFO | topic[/quori/face_generator_emotion] removing connection to /rosbridge_websocket
2023-06-14 14:09:37,940 | INFO | atexit
