2023-06-15 14:16:45,561 | INFO | =====================================
2023-06-15 14:16:45,561 | INFO | STARTING SET 2 OF lateral_raises
2023-06-15 14:16:45,562 | INFO | =====================================
2023-06-15 14:16:45,562 | INFO | Moving arm from up to halfway
2023-06-15 14:16:45,563 | INFO | Moving from [1.7, -1.1, 0, -1.1, 0.2] to [1.1, -1.1, 0, -1.1, 0.2] for duration 4
2023-06-15 14:16:45,566 | INFO | topic[/joint_angles] adding connection to [http://172.26.171.145:40103/], count 0
2023-06-15 14:16:49,568 | INFO | Robot says: Get ready for set 2 out of 2 of lateral raises
2023-06-15 14:16:51,571 | INFO | Robot smiling at intensity 0.6 for duration 4
2023-06-15 14:16:57,578 | INFO | -------------------Recording!
2023-06-15 14:16:57,578 | INFO | Moving arm from halfway to sides
2023-06-15 14:16:57,579 | INFO | Moving from [1.1, -1.1, 0, -1.1, 0.2] to [-0.2, -1.1, 0, -1.1, 0.2] for duration 4
2023-06-15 14:16:59,582 | INFO | Robot says: Start lateral raises now
2023-06-15 14:17:03,603 | INFO | Current peak 90
2023-06-15 14:17:05,144 | INFO | Current peak 136
2023-06-15 14:17:05,670 | INFO | Good expert min 1451.3564384886483 All expert min 1451.3564384886483
2023-06-15 14:17:06,153 | INFO | Good expert min 1641.3399841495948 All expert min 1641.3399841495948
2023-06-15 14:17:06,758 | INFO | Good expert min 1090.2859609622292 All expert min 1090.2859609622292
2023-06-15 14:17:07,322 | INFO | Good expert min 1742.435212833614 All expert min 1742.435212833614
2023-06-15 14:17:07,373 | INFO | Actual Duration 1.806981, Average Expert Duration 3.073079411764706
2023-06-15 14:17:07,419 | INFO | {'speed': 'good', 'correction': ['Good right shoulder', 'Good left shoulder', 'Good right elbow', 'ok left elbow'], 'evaluation': [1, 1, 1, 0]}
2023-06-15 14:17:07,470 | INFO | Evaluation case  with message - 
2023-06-15 14:17:07,516 | INFO | Speed case  with message - 
2023-06-15 14:17:07,552 | INFO | Moving from [-0.19745604323279994, -1.1714149410597552, -0.02106043121565704, -1.1608620370477318, 0.12951147655220452] to [-0.24543641466339108, -1.1188552639682487, -0.05383618056456703, -1.1374346854690571, 0.24201908784115353] for duration 2
2023-06-15 14:17:08,983 | INFO | Current peak 151
2023-06-15 14:17:09,485 | INFO | Good expert min 724.0871655332373 All expert min 610.8026480570347
2023-06-15 14:17:10,015 | INFO | Good expert min 787.5771191974466 All expert min 673.3846136947093
2023-06-15 14:17:10,613 | INFO | Good expert min 1147.3244370156347 All expert min 698.2379025504644
2023-06-15 14:17:11,132 | INFO | Good expert min 1050.591503455175 All expert min 1005.2923942840146
2023-06-15 14:17:11,168 | INFO | Actual Duration 3.702875, Average Expert Duration 3.073079411764706
2023-06-15 14:17:11,225 | INFO | {'speed': 'good', 'correction': ['low range of motion right shoulder', 'low range of motion left shoulder', 'low range of motion right elbow', 'low range of motion left elbow'], 'evaluation': [-1, -1, -1, -1]}
2023-06-15 14:17:11,281 | INFO | Evaluation case  with message - 
2023-06-15 14:17:11,338 | INFO | Speed case  with message - 
2023-06-15 14:17:11,389 | INFO | Moving from [-0.16233015221933902, -1.1288864179189135, -0.06900559065254178, -1.17110292205545, 0.17035050235976365] to [-0.11843520009692052, -1.024162433869654, -0.0807282866666526, -1.1727718016511195, 0.27599572767060654] for duration 2
2023-06-15 14:17:12,504 | INFO | Current peak 167
2023-06-15 14:17:13,068 | INFO | Good expert min 834.5457675435005 All expert min 774.7577567293058
2023-06-15 14:17:13,632 | INFO | Good expert min 1113.4769546031864 All expert min 1113.4769546031864
2023-06-15 14:17:14,208 | INFO | Good expert min 799.6812452603073 All expert min 799.6812452603073
2023-06-15 14:17:14,709 | INFO | Good expert min 1164.770959395866 All expert min 1164.770959395866
2023-06-15 14:17:14,746 | INFO | Actual Duration 3.743559, Average Expert Duration 3.073079411764706
2023-06-15 14:17:14,797 | INFO | {'speed': 'good', 'correction': ['low range of motion right shoulder', 'Good left shoulder', 'Good right elbow', 'Good left elbow'], 'evaluation': [-1, 1, 1, 1]}
2023-06-15 14:17:14,854 | INFO | Evaluation case 1a with message - Focus on fully extending your right arm to 90 degrees.
2023-06-15 14:17:14,910 | INFO | Speed case 4b with message - Good speed, keep it up.
2023-06-15 14:17:14,956 | INFO | Robot says: Focus on fully extending your right arm to 90 degrees.
2023-06-15 14:17:15,008 | INFO | Moving from [-0.2, -1.1, 0, -1.1, -0.1175] to [-0.2, -1.1, 0, -1.1, -0.1175] for duration 4
2023-06-15 14:17:19,079 | INFO | Robot frowning at intensity 0.5 for duration 4
2023-06-15 14:17:19,970 | INFO | Current peak 196
2023-06-15 14:17:20,542 | INFO | Good expert min 853.6356806421315 All expert min 853.6356806421315
2023-06-15 14:17:21,143 | INFO | Good expert min 1223.5331723157178 All expert min 1223.5331723157178
2023-06-15 14:17:21,763 | INFO | Good expert min 964.5464688174117 All expert min 964.5464688174117
2023-06-15 14:17:22,197 | INFO | Good expert min 1501.9591531466947 All expert min 1501.9591531466947
2023-06-15 14:17:22,197 | INFO | Actual Duration 7.325804, Average Expert Duration 3.073079411764706
2023-06-15 14:17:22,197 | INFO | {'speed': 'good', 'correction': ['Good right shoulder', 'Good left shoulder', 'Good right elbow', 'Good left elbow'], 'evaluation': [1, 1, 1, 1]}
2023-06-15 14:17:22,238 | INFO | Evaluation case 2a with message - Form is good, keep it up.
2023-06-15 14:17:22,289 | INFO | Speed case  with message - 
2023-06-15 14:17:22,340 | INFO | Skipping Form is good, keep it up.
2023-06-15 14:17:22,391 | INFO | Moving from [0, -0.8, 0, -0.8, 0.0525] to [-0.2, -1.1, 0, -1.1, -0.1175] for duration 4
2023-06-15 14:17:26,452 | INFO | Robot smiling at intensity 0.6 for duration 4
2023-06-15 14:17:29,619 | INFO | Current peak 298
2023-06-15 14:17:30,190 | INFO | Good expert min 3038.21136453094 All expert min 3038.21136453094
2023-06-15 14:17:30,793 | INFO | Good expert min 3167.859620686934 All expert min 3167.859620686934
2023-06-15 14:17:31,430 | INFO | Good expert min 3784.9704212459746 All expert min 3784.9704212459746
2023-06-15 14:17:31,755 | INFO | Good expert min 4295.127357461225 All expert min 4295.127357461225
2023-06-15 14:17:31,796 | INFO | Actual Duration 9.68735, Average Expert Duration 3.073079411764706
2023-06-15 14:17:31,847 | INFO | {'speed': 'good', 'correction': ['bad right shoulder', 'bad left shoulder', 'bad right elbow', 'bad left elbow'], 'evaluation': [-1, -1, -1, -1]}
2023-06-15 14:17:31,904 | INFO | Evaluation case  with message - 
2023-06-15 14:17:31,955 | INFO | Speed case  with message - 
2023-06-15 14:17:32,001 | INFO | Moving from [-0.2632350314182434, -1.0939953997066278, -0.06310376675224667, -1.130190773345765, -0.17421542970296544] to [-0.1934243894903601, -1.093653883755721, -0.030032154499272434, -1.0607534776736232, -0.06384839510997647] for duration 2
2023-06-15 14:17:37,658 | INFO | Current peak 424
2023-06-15 14:17:38,161 | INFO | Good expert min 4833.469159989084 All expert min 4498.568767949494
2023-06-15 14:17:38,738 | INFO | Good expert min 4176.353906868335 All expert min 4176.353906868335
2023-06-15 14:17:39,129 | INFO | Good expert min 5921.802740331167 All expert min 5720.42105175842
2023-06-15 14:17:39,718 | INFO | Good expert min 5780.018198954659 All expert min 5780.018198954659
2023-06-15 14:17:39,719 | INFO | Actual Duration 7.844968, Average Expert Duration 3.073079411764706
2023-06-15 14:17:39,760 | INFO | {'speed': 'good', 'correction': ['bad right shoulder', 'bad left shoulder', 'bad right elbow', 'bad left elbow'], 'evaluation': [-1, -1, -1, -1]}
2023-06-15 14:17:39,801 | INFO | Evaluation case 1i with message - Focus on getting a full range of motion in your shoulders.
2023-06-15 14:17:39,846 | INFO | Speed case  with message - 
2023-06-15 14:17:39,892 | INFO | Robot says: Focus on getting a full range of motion in your shoulders.
2023-06-15 14:17:39,949 | INFO | Moving from [-0.2, -1.1, 0, -1.1, -0.1175] to [-0.2, -1.1, 0, -1.1, -0.1175] for duration 4
2023-06-15 14:17:44,014 | INFO | Robot frowning at intensity 0.5 for duration 4
2023-06-15 14:17:45,572 | INFO | Current peak 476
2023-06-15 14:17:46,013 | INFO | Good expert min 1141.8913686538554 All expert min 1141.3124149608107
2023-06-15 14:17:46,396 | INFO | Good expert min 1540.56973885301 All expert min 1540.56973885301
2023-06-15 14:17:46,919 | INFO | Good expert min 1293.1144105434253 All expert min 1293.1144105434253
2023-06-15 14:17:47,451 | INFO | Good expert min 1926.7301885499091 All expert min 1926.7301885499091
2023-06-15 14:17:47,492 | INFO | Actual Duration 8.065664, Average Expert Duration 3.073079411764706
2023-06-15 14:17:47,548 | INFO | {'speed': 'good', 'correction': ['high range of motion right shoulder', 'Good left shoulder', 'Good right elbow', 'ok left elbow'], 'evaluation': [-1, 1, 1, 0]}
2023-06-15 14:17:47,578 | INFO | -------------------Done with exercise
2023-06-15 14:17:47,578 | INFO | Evaluation case  with message - 
2023-06-15 14:17:47,578 | INFO | Robot says: Almost done.
2023-06-15 14:17:47,579 | INFO | Speed case 4b with message - Good speed, keep it up.
2023-06-15 14:17:47,579 | INFO | Skipping Good speed, keep it up.
2023-06-15 14:17:47,579 | INFO | Moving from [0, -0.8, 0, -0.8, 0.0525] to [-0.2, -1.1, 0, -1.1, -0.1175] for duration 4
2023-06-15 14:17:50,582 | INFO | Robot says: Rest.
2023-06-15 14:17:51,584 | INFO | Robot smiling at intensity 0.6 for duration 4
2023-06-15 14:17:52,586 | INFO | Robot smiling at intensity 0.6 for duration 4
2023-06-15 14:17:52,586 | INFO | Robot says: Using the scale next to you, how difficult was that last set, from 1 to 10?
2023-06-15 14:17:52,587 | INFO | Moving arm from sides to up
2023-06-15 14:17:52,588 | INFO | Moving from [-0.2, -1.1, 0, -1.1, -0.1175] to [1.7, -1.1, 0, -1.1, -0.1175] for duration 4
2023-06-15 14:17:54,591 | INFO | Total Number of Reps 7
2023-06-15 14:17:54,591 | INFO | Total Angles 480
2023-06-15 14:17:54,592 | INFO | topic impl's ref count is zero, deleting topic /joint_angles...
2023-06-15 14:17:54,593 | INFO | topic[/joint_angles] removing connection to http://172.26.171.145:40103/
2023-06-15 14:17:54,604 | INFO | Saved file Participant_19_Round_2_Robot_2_Exercise_lateral_raises_Set_2.npz
2023-06-15 14:18:02,606 | INFO | Robot says: Please walk over to the researcher to fill out a survey.
2023-06-15 14:18:02,607 | INFO | signal_shutdown [atexit]
2023-06-15 14:18:02,660 | INFO | topic[/rosout] removing connection to /rosout
2023-06-15 14:18:02,661 | INFO | topic[/quori_sound] removing connection to /quori_sound
2023-06-15 14:18:02,661 | INFO | topic[/quori/joint_trajectory_controller/command] removing connection to /quori/quori_controller
2023-06-15 14:18:02,662 | INFO | topic[/quori/face_generator_emotion] removing connection to /rosbridge_websocket
2023-06-15 14:18:02,663 | INFO | atexit
