2023-06-15 15:56:43,335 | INFO | =====================================
2023-06-15 15:56:43,336 | INFO | STARTING SET 2 OF lateral_raises
2023-06-15 15:56:43,337 | INFO | =====================================
2023-06-15 15:56:43,337 | INFO | Moving arm from up to halfway
2023-06-15 15:56:43,337 | INFO | Moving from [1.7, -1.1, 0, -1.1, -0.2] to [1.1, -1.1, 0, -1.1, -0.2] for duration 4
2023-06-15 15:56:43,340 | INFO | topic[/joint_angles] adding connection to [http://172.26.171.145:40103/], count 0
2023-06-15 15:56:47,341 | INFO | Robot says: Get ready for set 2 out of 2 of lateral raises
2023-06-15 15:56:49,343 | INFO | Robot smiling at intensity 0.8 for duration 4
2023-06-15 15:56:55,350 | INFO | -------------------Recording!
2023-06-15 15:56:55,350 | INFO | Moving arm from halfway to sides
2023-06-15 15:56:55,350 | INFO | Moving from [1.1, -1.1, 0, -1.1, -0.2] to [0.2, -1.1, 0, -1.1, -0.2] for duration 4
2023-06-15 15:56:57,353 | INFO | Robot says: Start lateral raises now
2023-06-15 15:57:00,137 | INFO | Current peak 66
2023-06-15 15:57:02,952 | INFO | Current peak 136
2023-06-15 15:57:03,624 | INFO | Good expert min 982.007265013462 All expert min 982.007265013462
2023-06-15 15:57:04,202 | INFO | Good expert min 977.701747126447 All expert min 977.701747126447
2023-06-15 15:57:04,676 | INFO | Good expert min 1497.7232223621943 All expert min 1497.7232223621943
2023-06-15 15:57:05,321 | INFO | Good expert min 1359.7375044421844 All expert min 1359.7375044421844
2023-06-15 15:57:05,367 | INFO | Actual Duration 2.805358, Average Expert Duration 3.073079411764706
2023-06-15 15:57:05,408 | INFO | {'speed': 'good', 'correction': ['Good right shoulder', 'Good left shoulder', 'Good right elbow', 'Good left elbow'], 'evaluation': [1, 1, 1, 1]}
2023-06-15 15:57:05,465 | INFO | Evaluation case  with message - 
2023-06-15 15:57:05,516 | INFO | Speed case  with message - 
2023-06-15 15:57:05,567 | INFO | Moving from [0.13687821908894318, -1.0061376304415892, -0.03819920430339066, -1.097429365109395, -0.2556342165115607] to [0.11504421739711795, -1.1833668651133598, 0.08573571275457251, -1.1465209312111015, -0.2999054286515114] for duration 2
2023-06-15 15:57:13,844 | INFO | Current peak 355
2023-06-15 15:57:14,418 | INFO | Good expert min 10103.268204840597 All expert min 9628.821202993318
2023-06-15 15:57:14,979 | INFO | Good expert min 10767.876131677296 All expert min 8763.41365429545
2023-06-15 15:57:15,576 | INFO | Good expert min 10349.963276938426 All expert min 9880.166860329675
2023-06-15 15:57:16,190 | INFO | Good expert min 8997.50232763543 All expert min 8828.443372908396
2023-06-15 15:57:16,236 | INFO | Actual Duration 10.724764, Average Expert Duration 3.073079411764706
2023-06-15 15:57:16,282 | INFO | {'speed': 'good', 'correction': ['bad right shoulder', 'bad left shoulder', 'bad right elbow', 'bad left elbow'], 'evaluation': [-1, -1, -1, -1]}
2023-06-15 15:57:16,318 | INFO | Evaluation case  with message - 
2023-06-15 15:57:16,370 | INFO | Speed case  with message - 
2023-06-15 15:57:16,426 | INFO | Moving from [0.1383080439340317, -1.1874986111896009, 0.09790694261784283, -1.0708588311011122, -0.2951888236593644] to [0.2519880754121957, -1.134304030813019, 0.057347570652074936, -1.0046816911262053, -0.2658348627330252] for duration 2
2023-06-15 15:57:19,168 | INFO | Current peak 405
2023-06-15 15:57:19,748 | INFO | Good expert min 402.7769842364341 All expert min 402.7769842364341
2023-06-15 15:57:20,376 | INFO | Good expert min 586.3293259435983 All expert min 470.6759112863347
2023-06-15 15:57:20,969 | INFO | Good expert min 932.3572219024096 All expert min 659.9509404346546
2023-06-15 15:57:21,483 | INFO | Good expert min 1090.338853148674 All expert min 745.676345423068
2023-06-15 15:57:21,529 | INFO | Actual Duration 5.371515, Average Expert Duration 3.073079411764706
2023-06-15 15:57:21,575 | INFO | {'speed': 'good', 'correction': ['Good right shoulder', 'low range of motion left shoulder', 'low range of motion right elbow', 'low range of motion left elbow'], 'evaluation': [1, -1, -1, -1]}
2023-06-15 15:57:21,626 | INFO | Evaluation case  with message - 
2023-06-15 15:57:21,677 | INFO | Speed case 4b with message - Great work, nice pace.
2023-06-15 15:57:21,718 | INFO | Robot says: Great work, nice pace.
2023-06-15 15:57:21,769 | INFO | Moving from [0, -0.8, 0, -0.8, 0.084] to [0.2, -1.1, 0, -1.1, -0.2] for duration 4
2023-06-15 15:57:25,833 | INFO | Robot smiling at intensity 0.9 for duration 4
2023-06-15 15:57:27,608 | INFO | Current peak 459
2023-06-15 15:57:28,172 | INFO | Good expert min 686.7940218299417 All expert min 524.6878918395455
2023-06-15 15:57:28,633 | INFO | Good expert min 546.797194100345 All expert min 362.15888447698336
2023-06-15 15:57:29,244 | INFO | Good expert min 953.3653669319467 All expert min 505.01146283527146
2023-06-15 15:57:29,839 | INFO | Good expert min 933.4472544591061 All expert min 455.67163723916855
2023-06-15 15:57:29,885 | INFO | Actual Duration 8.27483, Average Expert Duration 3.073079411764706
2023-06-15 15:57:29,931 | INFO | {'speed': 'good', 'correction': ['low range of motion right shoulder', 'low range of motion left shoulder', 'low range of motion right elbow', 'low range of motion left elbow'], 'evaluation': [-1, -1, -1, -1]}
2023-06-15 15:57:29,972 | INFO | Evaluation case 1c with message - Great job, try to reach your arms closer to 90 degrees.
2023-06-15 15:57:30,018 | INFO | Speed case  with message - 
2023-06-15 15:57:30,074 | INFO | Robot says: Great job, try to reach your arms closer to 90 degrees.
2023-06-15 15:57:30,125 | INFO | Moving from [0.2, -1.1, 0, -1.1, -0.188] to [0.2, -1.1, 0, -1.1, -0.188] for duration 4
2023-06-15 15:57:34,191 | INFO | Robot frowning at intensity 0.0 for duration 4
2023-06-15 15:57:38,250 | INFO | Current peak 484
2023-06-15 15:57:38,832 | INFO | Good expert min 1085.118942440117 All expert min 876.8082281916556
2023-06-15 15:57:39,408 | INFO | Good expert min 634.2121120764266 All expert min 634.2121120764266
2023-06-15 15:57:40,056 | INFO | Good expert min 1548.9268037794225 All expert min 1332.4753528128178
2023-06-15 15:57:40,643 | INFO | Good expert min 1359.8056057895178 All expert min 1334.1993735901594
2023-06-15 15:57:40,689 | INFO | Actual Duration 7.26062, Average Expert Duration 3.073079411764706
2023-06-15 15:57:40,745 | INFO | {'speed': 'good', 'correction': ['high range of motion right shoulder', 'Good left shoulder', 'high range of motion right elbow', 'high range of motion left elbow'], 'evaluation': [-1, 1, -1, -1]}
2023-06-15 15:57:40,802 | INFO | Evaluation case  with message - 
2023-06-15 15:57:40,853 | INFO | Speed case  with message - 
2023-06-15 15:57:40,899 | INFO | Moving from [0.13565816434938616, -1.1647534064186942, -0.06610328806097035, -1.0813526198053784, -0.26764922184574874] to [0.19907017090261056, -1.1681911484001632, -0.08307090562196023, -1.0139640184564538, -0.17050813261714917] for duration 2
2023-06-15 15:57:42,111 | INFO | Current peak 548
2023-06-15 15:57:42,355 | INFO | Good expert min 1306.592342464269 All expert min 881.2191780285892
2023-06-15 15:57:42,877 | INFO | Good expert min 1204.315885091309 All expert min 757.1263165262172
2023-06-15 15:57:43,402 | INFO | Good expert min 1795.3007267993346 All expert min 1000.6950570782602
2023-06-15 15:57:43,976 | INFO | Good expert min 1497.482453730943 All expert min 913.1947748754329
2023-06-15 15:57:44,022 | INFO | Actual Duration 2.514566, Average Expert Duration 3.073079411764706
2023-06-15 15:57:44,068 | INFO | {'speed': 'good', 'correction': ['low range of motion right shoulder', 'low range of motion left shoulder', 'low range of motion right elbow', 'low range of motion left elbow'], 'evaluation': [-1, -1, -1, -1]}
2023-06-15 15:57:44,119 | INFO | Evaluation case  with message - 
2023-06-15 15:57:44,165 | INFO | Speed case  with message - 
2023-06-15 15:57:44,211 | INFO | Moving from [0.18607620380609588, -1.168892003446996, 0.0882887374058424, -1.0520542372723036, -0.24915422317692593] to [0.29474174445616863, -1.0832315975410416, 0.004420686410468139, -1.1119985926334448, -0.17721386353249569] for duration 2
2023-06-15 15:57:45,350 | INFO | -------------------Done with exercise
2023-06-15 15:57:45,350 | INFO | Robot says: Almost done.
2023-06-15 15:57:45,381 | INFO | Good expert min 2030.4012553263544 All expert min 2004.570667628133
2023-06-15 15:57:45,410 | INFO | Good expert min 2114.0840153552185 All expert min 2114.0840153552185
2023-06-15 15:57:45,437 | INFO | Good expert min 1918.461000119089 All expert min 1809.9108452384896
2023-06-15 15:57:45,464 | INFO | Good expert min 1891.5076716749052 All expert min 1884.6192756910496
2023-06-15 15:57:45,464 | INFO | Actual Duration -8.403383, Average Expert Duration 3.073079411764706
2023-06-15 15:57:45,464 | INFO | {'speed': 'fast', 'correction': ['bad right shoulder', 'bad left shoulder', 'bad right elbow', 'bad left elbow'], 'evaluation': [-1, -1, -1, -1]}
2023-06-15 15:57:45,464 | INFO | Evaluation case  with message - 
2023-06-15 15:57:45,465 | INFO | Speed case  with message - 
2023-06-15 15:57:45,465 | INFO | Moving from [0.20707300896895933, -1.1455830678804437, 0.08304720794964332, -1.1035653086415191, -0.23140730519803684] to [0.22617379167175758, -1.016049137284647, 0.055137654716774814, -1.11015337782581, -0.19364123060315885] for duration 2
2023-06-15 15:57:48,353 | INFO | Robot says: Rest.
2023-06-15 15:57:50,356 | INFO | Robot smiling at intensity 0.8 for duration 4
2023-06-15 15:57:50,357 | INFO | Robot says: Using the scale next to you, how difficult was that last set, from 1 to 10?
2023-06-15 15:57:50,358 | INFO | Moving arm from sides to up
2023-06-15 15:57:50,358 | INFO | Moving from [0.2, -1.1, 0, -1.1, -0.188] to [1.7, -1.1, 0, -1.1, -0.188] for duration 4
2023-06-15 15:57:52,361 | INFO | Total Number of Reps 7
2023-06-15 15:57:52,361 | INFO | Total Angles 598
2023-06-15 15:57:52,362 | INFO | topic impl's ref count is zero, deleting topic /joint_angles...
2023-06-15 15:57:52,363 | INFO | topic[/joint_angles] removing connection to http://172.26.171.145:40103/
2023-06-15 15:57:52,363 | INFO | topic[/joint_angles] removing connection to http://172.26.171.145:40103/
2023-06-15 15:57:52,371 | INFO | Saved file Participant_20_Round_2_Robot_3_Exercise_lateral_raises_Set_2.npz
2023-06-15 15:58:00,379 | INFO | Robot says: Please walk over to the researcher to fill out a survey.
2023-06-15 15:58:00,380 | INFO | signal_shutdown [atexit]
2023-06-15 15:58:00,426 | INFO | topic[/rosout] removing connection to /rosout
2023-06-15 15:58:00,427 | INFO | topic[/quori_sound] removing connection to /quori_sound
2023-06-15 15:58:00,428 | INFO | topic[/quori/joint_trajectory_controller/command] removing connection to /quori/quori_controller
2023-06-15 15:58:00,428 | INFO | topic[/quori/face_generator_emotion] removing connection to /rosbridge_websocket
2023-06-15 15:58:00,429 | INFO | atexit
