2023-06-13 15:08:17,127 | INFO | =====================================
2023-06-13 15:08:17,128 | INFO | STARTING SET 1 OF lateral_raises
2023-06-13 15:08:17,128 | INFO | =====================================
2023-06-13 15:08:17,128 | INFO | Moving arm from up to halfway
2023-06-13 15:08:17,128 | INFO | Moving from [1.7, -1.1, 0, -1.1, 0.2] to [1.1, -1.1, 0, -1.1, 0.2] for duration 4
2023-06-13 15:08:17,130 | INFO | topic[/joint_angles] adding connection to [http://172.26.171.145:41569/], count 0
2023-06-13 15:08:21,133 | INFO | Robot says: Get ready for set 1 out of 2 of lateral raises
2023-06-13 15:08:23,135 | INFO | Robot smiling at intensity 0.6 for duration 4
2023-06-13 15:08:29,142 | INFO | -------------------Recording!
2023-06-13 15:08:29,143 | INFO | Moving arm from halfway to sides
2023-06-13 15:08:29,143 | INFO | Moving from [1.1, -1.1, 0, -1.1, 0.2] to [-0.2, -1.1, 0, -1.1, 0.2] for duration 4
2023-06-13 15:08:31,146 | INFO | Robot says: Start lateral raises now
2023-06-13 15:08:34,176 | INFO | Current peak 74
2023-06-13 15:08:36,983 | INFO | Current peak 143
2023-06-13 15:08:37,485 | INFO | Good expert min 1033.5391076866892 All expert min 1033.5391076866892
2023-06-13 15:08:38,047 | INFO | Good expert min 941.7243266615704 All expert min 941.7243266615704
2023-06-13 15:08:38,595 | INFO | Good expert min 1781.27151926181 All expert min 1401.7833360097281
2023-06-13 15:08:39,140 | INFO | Good expert min 1304.4474228895533 All expert min 1304.4474228895533
2023-06-13 15:08:39,181 | INFO | Actual Duration 2.75464, Average Expert Duration 3.073079411764706
2023-06-13 15:08:39,227 | INFO | {'speed': 'good', 'correction': ['Good right shoulder', 'Good left shoulder', 'high range of motion right elbow', 'Good left elbow'], 'evaluation': [1, 1, -1, 1]}
2023-06-13 15:08:39,268 | INFO | Evaluation case  with message - 
2023-06-13 15:08:39,304 | INFO | Speed case  with message - 
2023-06-13 15:08:39,340 | INFO | Moving from [-0.2757840772547703, -1.0959152087547388, 0.04764789855061302, -1.0038632552774729, 0.268570559858053] to [-0.20558617091404202, -1.065452615328588, 0.04370078229472141, -1.0800619614852907, 0.17048522208981645] for duration 2
2023-06-13 15:08:41,620 | INFO | Current peak 183
2023-06-13 15:08:42,199 | INFO | Good expert min 658.8585192568513 All expert min 658.8585192568513
2023-06-13 15:08:42,779 | INFO | Good expert min 705.7763717891982 All expert min 705.7763717891982
2023-06-13 15:08:43,324 | INFO | Good expert min 582.1218581980722 All expert min 582.1218581980722
2023-06-13 15:08:43,823 | INFO | Good expert min 680.6897618347726 All expert min 680.6897618347726
2023-06-13 15:08:43,849 | INFO | Actual Duration 4.651254, Average Expert Duration 3.073079411764706
2023-06-13 15:08:43,890 | INFO | {'speed': 'good', 'correction': ['Good right shoulder', 'Good left shoulder', 'Good right elbow', 'Good left elbow'], 'evaluation': [1, 1, 1, 1]}
2023-06-13 15:08:43,931 | INFO | Evaluation case  with message - 
2023-06-13 15:08:43,972 | INFO | Speed case  with message - 
2023-06-13 15:08:44,018 | INFO | Moving from [-0.11723994141876878, -1.1423278003390023, -0.06716001309187598, -1.167932785226906, 0.1673331159673336] to [-0.27374987049426747, -1.0734404173933412, -0.007598299100739503, -1.1204110379776053, 0.2570999257186847] for duration 2
2023-06-13 15:08:46,125 | INFO | Current peak 223
2023-06-13 15:08:46,657 | INFO | Good expert min 715.9082436432842 All expert min 715.9082436432842
2023-06-13 15:08:47,130 | INFO | Good expert min 598.5756089888116 All expert min 580.3139798493454
2023-06-13 15:08:47,660 | INFO | Good expert min 738.1524723887435 All expert min 738.1524723887435
2023-06-13 15:08:48,231 | INFO | Good expert min 814.3410274899513 All expert min 735.1483052019631
2023-06-13 15:08:48,247 | INFO | Actual Duration 4.530421, Average Expert Duration 3.073079411764706
2023-06-13 15:08:48,288 | INFO | {'speed': 'good', 'correction': ['Good right shoulder', 'low range of motion left shoulder', 'Good right elbow', 'low range of motion left elbow'], 'evaluation': [1, -1, 1, -1]}
2023-06-13 15:08:48,329 | INFO | Evaluation case  with message - 
2023-06-13 15:08:48,370 | INFO | Speed case 4b with message - Good speed, keep it up.
2023-06-13 15:08:48,411 | INFO | Robot says: Good speed, keep it up.
2023-06-13 15:08:48,466 | INFO | Moving from [0, -0.8, 0, -0.8, 0.0525] to [-0.2, -1.1, 0, -1.1, 0.2] for duration 4
2023-06-13 15:08:52,525 | INFO | Robot smiling at intensity 0.6 for duration 4
2023-06-13 15:08:52,963 | INFO | Current peak 243
2023-06-13 15:08:53,551 | INFO | Good expert min 567.6568232444611 All expert min 422.0819642599568
2023-06-13 15:08:54,120 | INFO | Good expert min 520.4017839883765 All expert min 386.2132172918654
2023-06-13 15:08:54,712 | INFO | Good expert min 889.3615514384157 All expert min 638.7546640567697
2023-06-13 15:08:55,236 | INFO | Good expert min 795.54520883909 All expert min 520.0743762928158
2023-06-13 15:08:55,252 | INFO | Actual Duration 6.809858, Average Expert Duration 3.073079411764706
2023-06-13 15:08:55,283 | INFO | {'speed': 'slow', 'correction': ['low range of motion right shoulder', 'low range of motion left shoulder', 'low range of motion right elbow', 'low range of motion left elbow'], 'evaluation': [-1, -1, -1, -1]}
2023-06-13 15:08:55,319 | INFO | Evaluation case 1b with message - Focus on fully extending your left arm to 90 degrees.
2023-06-13 15:08:55,355 | INFO | Speed case  with message - 
2023-06-13 15:08:55,390 | INFO | Robot says: Focus on fully extending your left arm to 90 degrees.
2023-06-13 15:08:55,431 | INFO | Moving from [-0.2, -1.1, 0, -1.1, -0.1175] to [-0.2, -1.1, 0, -1.1, -0.1175] for duration 4
2023-06-13 15:08:59,491 | INFO | Robot frowning at intensity 0.5 for duration 4
2023-06-13 15:08:59,991 | INFO | Current peak 267
2023-06-13 15:09:00,621 | INFO | Good expert min 462.40138518684614 All expert min 204.3550129119592
2023-06-13 15:09:01,222 | INFO | Good expert min 639.195159703695 All expert min 306.16168690221366
2023-06-13 15:09:01,800 | INFO | Good expert min 1217.1881469729035 All expert min 482.8369332794685
2023-06-13 15:09:02,331 | INFO | Good expert min 855.1967808929373 All expert min 468.12868648745683
2023-06-13 15:09:02,362 | INFO | Actual Duration 7.14895, Average Expert Duration 3.073079411764706
2023-06-13 15:09:02,398 | INFO | {'speed': 'good', 'correction': ['low range of motion right shoulder', 'low range of motion left shoulder', 'low range of motion right elbow', 'low range of motion left elbow'], 'evaluation': [-1, -1, -1, -1]}
2023-06-13 15:09:02,434 | INFO | Evaluation case  with message - 
2023-06-13 15:09:02,475 | INFO | Speed case  with message - 
2023-06-13 15:09:02,516 | INFO | Moving from [-0.27115523626930804, -1.0133461777595723, -0.09785113985606958, -1.0640434779995604, -0.019974713114653403] to [-0.22854150421491234, -1.156480465779905, 0.03640561983645835, -1.1230423323091154, -0.19026219785328025] for duration 2
2023-06-13 15:09:04,608 | INFO | Current peak 304
2023-06-13 15:09:05,104 | INFO | Good expert min 478.0854093065406 All expert min 367.73452968870583
2023-06-13 15:09:05,677 | INFO | Good expert min 484.04017488175896 All expert min 238.67249811081516
2023-06-13 15:09:06,218 | INFO | Good expert min 1427.3962508668608 All expert min 764.9237792429171
2023-06-13 15:09:06,782 | INFO | Good expert min 904.5316038829468 All expert min 544.7524128737878
2023-06-13 15:09:06,783 | INFO | Actual Duration 4.515255, Average Expert Duration 3.073079411764706
2023-06-13 15:09:06,808 | INFO | {'speed': 'good', 'correction': ['low range of motion right shoulder', 'low range of motion left shoulder', 'low range of motion right elbow', 'low range of motion left elbow'], 'evaluation': [-1, -1, -1, -1]}
2023-06-13 15:09:06,855 | INFO | Evaluation case  with message - 
2023-06-13 15:09:06,891 | INFO | Speed case  with message - 
2023-06-13 15:09:06,932 | INFO | Moving from [-0.2555926241675687, -1.1877755582066412, -0.03738958989680734, -1.050917748920467, -0.061239742438972206] to [-0.18790829288363825, -1.0068482032293098, 0.09283724827103765, -1.1822399907530985, -0.043677641342888734] for duration 2
2023-06-13 15:09:09,089 | INFO | Current peak 341
2023-06-13 15:09:09,580 | INFO | Good expert min 614.9323229194972 All expert min 475.68109594311136
2023-06-13 15:09:10,154 | INFO | Good expert min 423.5658883722218 All expert min 299.30385872857494
2023-06-13 15:09:10,610 | INFO | Good expert min 1303.7837288340725 All expert min 612.3428770010142
2023-06-13 15:09:11,166 | INFO | Good expert min 847.4422562573485 All expert min 553.1034764744907
2023-06-13 15:09:11,202 | INFO | Actual Duration 4.429896, Average Expert Duration 3.073079411764706
2023-06-13 15:09:11,249 | INFO | {'speed': 'good', 'correction': ['low range of motion right shoulder', 'low range of motion left shoulder', 'low range of motion right elbow', 'low range of motion left elbow'], 'evaluation': [-1, -1, -1, -1]}
2023-06-13 15:09:11,290 | INFO | Evaluation case 1c with message - Focus on fully extending your arms to 90 degrees.
2023-06-13 15:09:11,331 | INFO | Speed case 4b with message - Nice speed, keep going.
2023-06-13 15:09:11,366 | INFO | Robot says: Focus on fully extending your arms to 90 degrees.
2023-06-13 15:09:11,402 | INFO | Moving from [-0.2, -1.1, 0, -1.1, -0.1175] to [-0.2, -1.1, 0, -1.1, -0.1175] for duration 4
2023-06-13 15:09:15,443 | INFO | Robot frowning at intensity 0.5 for duration 4
2023-06-13 15:09:15,967 | INFO | Current peak 363
2023-06-13 15:09:16,580 | INFO | Good expert min 471.7671519064621 All expert min 455.84746573729706
2023-06-13 15:09:17,141 | INFO | Good expert min 407.9415028212309 All expert min 286.4510201673046
2023-06-13 15:09:17,752 | INFO | Good expert min 1091.1560943305983 All expert min 739.3982331070954
2023-06-13 15:09:18,289 | INFO | Good expert min 946.7076635454226 All expert min 648.5116533297021
2023-06-13 15:09:18,315 | INFO | Actual Duration 6.904695, Average Expert Duration 3.073079411764706
2023-06-13 15:09:18,361 | INFO | {'speed': 'slow', 'correction': ['low range of motion right shoulder', 'low range of motion left shoulder', 'low range of motion right elbow', 'low range of motion left elbow'], 'evaluation': [-1, -1, -1, -1]}
2023-06-13 15:09:18,397 | INFO | Evaluation case  with message - 
2023-06-13 15:09:18,433 | INFO | Speed case  with message - 
2023-06-13 15:09:18,469 | INFO | Moving from [-0.19480688679684197, -1.067138975146995, -0.05301508289238437, -1.1970240052029295, -0.12378720500955373] to [-0.10601511480455067, -1.176149712427374, 0.09038829303658047, -1.1329019026983447, -0.052772406609857964] for duration 2
2023-06-13 15:09:19,142 | INFO | -------------------Done with exercise
2023-06-13 15:09:19,143 | INFO | Robot says: Almost done.
2023-06-13 15:09:22,147 | INFO | Robot says: Rest.
2023-06-13 15:09:24,150 | INFO | Robot smiling at intensity 0.6 for duration 4
2023-06-13 15:09:24,151 | INFO | Robot says: Using the scale next to you, how difficult was that last set, from 1 to 10?
2023-06-13 15:09:24,152 | INFO | Moving arm from sides to up
2023-06-13 15:09:24,152 | INFO | Moving from [-0.2, -1.1, 0, -1.1, -0.1175] to [1.7, -1.1, 0, -1.1, -0.1175] for duration 4
2023-06-13 15:09:26,155 | INFO | Total Number of Reps 8
2023-06-13 15:09:26,155 | INFO | Total Angles 370
2023-06-13 15:09:26,156 | INFO | topic impl's ref count is zero, deleting topic /joint_angles...
2023-06-13 15:09:26,156 | INFO | topic[/joint_angles] removing connection to http://172.26.171.145:41569/
2023-06-13 15:09:26,162 | INFO | Saved file Participant_12_Round_3_Robot_2_Exercise_lateral_raises_Set_1.npz
2023-06-13 15:09:44,151 | INFO | Robot says: Rest for 20 more seconds.
2023-06-13 15:10:04,236 | INFO | =====================================
2023-06-13 15:10:04,237 | INFO | STARTING SET 2 OF lateral_raises
2023-06-13 15:10:04,237 | INFO | =====================================
2023-06-13 15:10:04,237 | INFO | Moving arm from up to halfway
2023-06-13 15:10:04,238 | INFO | Moving from [1.7, -1.1, 0, -1.1, 0.2] to [1.1, -1.1, 0, -1.1, 0.2] for duration 4
2023-06-13 15:10:04,242 | INFO | topic[/joint_angles] adding connection to [http://172.26.171.145:41569/], count 0
2023-06-13 15:10:08,243 | INFO | Robot says: Get ready for set 2 out of 2 of lateral raises
2023-06-13 15:10:10,246 | INFO | Robot smiling at intensity 0.6 for duration 4
2023-06-13 15:10:16,253 | INFO | -------------------Recording!
2023-06-13 15:10:16,253 | INFO | Moving arm from halfway to sides
2023-06-13 15:10:16,253 | INFO | Moving from [1.1, -1.1, 0, -1.1, 0.2] to [-0.2, -1.1, 0, -1.1, 0.2] for duration 4
2023-06-13 15:10:18,256 | INFO | Robot says: Start lateral raises now
2023-06-13 15:10:21,154 | INFO | Current peak 62
2023-06-13 15:10:24,247 | INFO | Current peak 138
2023-06-13 15:10:24,810 | INFO | Good expert min 1015.2585788516739 All expert min 1015.2585788516739
2023-06-13 15:10:25,301 | INFO | Good expert min 1049.7642420367006 All expert min 1049.7642420367006
2023-06-13 15:10:25,802 | INFO | Good expert min 1525.2214657883658 All expert min 1525.2214657883658
2023-06-13 15:10:26,330 | INFO | Good expert min 1543.6004670830953 All expert min 1543.6004670830953
2023-06-13 15:10:26,371 | INFO | Actual Duration 2.975664, Average Expert Duration 3.073079411764706
2023-06-13 15:10:26,417 | INFO | {'speed': 'good', 'correction': ['Good right shoulder', 'Good left shoulder', 'Good right elbow', 'Good left elbow'], 'evaluation': [1, 1, 1, 1]}
2023-06-13 15:10:26,473 | INFO | Evaluation case  with message - 
2023-06-13 15:10:26,514 | INFO | Speed case  with message - 
2023-06-13 15:10:26,561 | INFO | Moving from [-0.15092435841893714, -1.1627079965434588, 0.08934759657513161, -1.1983226865995407, 0.2020421208878824] to [-0.1564850706438311, -1.1864570905949918, -0.07006341568420303, -1.1233940417180868, 0.20015373342443263] for duration 2
2023-06-13 15:10:29,659 | INFO | Current peak 218
2023-06-13 15:10:30,142 | INFO | Good expert min 1230.2067909395505 All expert min 1230.2067909395505
2023-06-13 15:10:30,746 | INFO | Good expert min 1138.735801585876 All expert min 1138.735801585876
2023-06-13 15:10:31,387 | INFO | Good expert min 1680.3131587224816 All expert min 1680.3131587224816
2023-06-13 15:10:31,972 | INFO | Good expert min 1353.374456004791 All expert min 1353.374456004791
2023-06-13 15:10:32,014 | INFO | Actual Duration 5.791092, Average Expert Duration 3.073079411764706
2023-06-13 15:10:32,065 | INFO | {'speed': 'good', 'correction': ['Good right shoulder', 'Good left shoulder', 'Good right elbow', 'Good left elbow'], 'evaluation': [1, 1, 1, 1]}
2023-06-13 15:10:32,116 | INFO | Evaluation case  with message - 
2023-06-13 15:10:32,162 | INFO | Speed case  with message - 
2023-06-13 15:10:32,208 | INFO | Moving from [-0.1960559978328107, -1.1099225009569147, -0.016605061130673615, -1.0251268392011499, 0.19815471272137045] to [-0.2526080290751568, -1.0855756998817563, 0.015966904832342865, -1.004414438306024, 0.27860186376742613] for duration 2
2023-06-13 15:10:35,323 | INFO | Current peak 271
2023-06-13 15:10:35,604 | INFO | Good expert min 980.0548724585249 All expert min 880.8482998760318
2023-06-13 15:10:36,150 | INFO | Good expert min 1333.6933115399613 All expert min 1333.6933115399613
2023-06-13 15:10:36,660 | INFO | Good expert min 746.5697449805361 All expert min 746.5697449805361
2023-06-13 15:10:37,236 | INFO | Good expert min 874.8290440654044 All expert min 874.8290440654044
2023-06-13 15:10:37,272 | INFO | Actual Duration 5.40006, Average Expert Duration 3.073079411764706
2023-06-13 15:10:37,323 | INFO | {'speed': 'good', 'correction': ['high range of motion right shoulder', 'Good left shoulder', 'Good right elbow', 'Good left elbow'], 'evaluation': [-1, 1, 1, 1]}
2023-06-13 15:10:37,379 | INFO | Evaluation case  with message - 
2023-06-13 15:10:37,430 | INFO | Speed case 4b with message - Good speed, keep it up.
2023-06-13 15:10:37,471 | INFO | Robot says: Good speed, keep it up.
2023-06-13 15:10:37,512 | INFO | Moving from [0, -0.8, 0, -0.8, 0.0525] to [-0.2, -1.1, 0, -1.1, 0.2] for duration 4
2023-06-13 15:10:41,578 | INFO | Robot smiling at intensity 0.6 for duration 4
2023-06-13 15:10:43,237 | INFO | Current peak 318
2023-06-13 15:10:43,726 | INFO | Good expert min 661.492869559399 All expert min 435.7781203091687
2023-06-13 15:10:44,210 | INFO | Good expert min 703.6044578797697 All expert min 602.8686504291688
2023-06-13 15:10:44,703 | INFO | Good expert min 914.5213553408175 All expert min 914.5213553408175
2023-06-13 15:10:45,275 | INFO | Good expert min 990.4387636385749 All expert min 711.4386176721295
2023-06-13 15:10:45,311 | INFO | Actual Duration 7.774727, Average Expert Duration 3.073079411764706
2023-06-13 15:10:45,362 | INFO | {'speed': 'good', 'correction': ['low range of motion right shoulder', 'low range of motion left shoulder', 'Good right elbow', 'low range of motion left elbow'], 'evaluation': [-1, -1, 1, -1]}
2023-06-13 15:10:45,408 | INFO | Evaluation case  with message - 
2023-06-13 15:10:45,454 | INFO | Speed case  with message - 
2023-06-13 15:10:45,510 | INFO | Moving from [-0.281831831136381, -1.0096720471904377, -0.09281295225884685, -1.0993823917701153, 0.1767403946260472] to [-0.12841721495043365, -1.1164334724660447, 0.058696824059183805, -1.1095789331001553, 0.15896703173411506] for duration 2
2023-06-13 15:10:47,606 | INFO | Current peak 364
2023-06-13 15:10:48,176 | INFO | Good expert min 514.9494059830221 All expert min 461.73674059763795
2023-06-13 15:10:48,725 | INFO | Good expert min 812.4168389991056 All expert min 719.1001977645084
2023-06-13 15:10:49,197 | INFO | Good expert min 927.1848228255467 All expert min 927.1848228255467
2023-06-13 15:10:49,729 | INFO | Good expert min 843.7929607108874 All expert min 805.1512998052154
2023-06-13 15:10:49,776 | INFO | Actual Duration 4.640832, Average Expert Duration 3.073079411764706
2023-06-13 15:10:49,827 | INFO | {'speed': 'good', 'correction': ['low range of motion right shoulder', 'low range of motion left shoulder', 'Good right elbow', 'low range of motion left elbow'], 'evaluation': [-1, -1, 1, -1]}
2023-06-13 15:10:49,873 | INFO | Evaluation case 1c with message - Focus on fully extending your arms to 90 degrees.
2023-06-13 15:10:49,929 | INFO | Speed case  with message - 
2023-06-13 15:10:49,980 | INFO | Robot says: Focus on fully extending your arms to 90 degrees.
2023-06-13 15:10:50,032 | INFO | Moving from [-0.2, -1.1, 0, -1.1, -0.1175] to [-0.2, -1.1, 0, -1.1, -0.1175] for duration 4
2023-06-13 15:10:54,102 | INFO | Robot frowning at intensity 0.5 for duration 4
2023-06-13 15:10:54,613 | INFO | Current peak 387
2023-06-13 15:10:55,187 | INFO | Good expert min 489.28579699331715 All expert min 385.79499418688556
2023-06-13 15:10:55,685 | INFO | Good expert min 811.7768373490774 All expert min 397.3874153587482
2023-06-13 15:10:56,232 | INFO | Good expert min 1303.500792432185 All expert min 595.5455289836165
2023-06-13 15:10:56,872 | INFO | Good expert min 889.8814097648111 All expert min 622.3561156636853
2023-06-13 15:10:56,923 | INFO | Actual Duration 7.072134, Average Expert Duration 3.073079411764706
2023-06-13 15:10:56,969 | INFO | {'speed': 'good', 'correction': ['low range of motion right shoulder', 'low range of motion left shoulder', 'low range of motion right elbow', 'low range of motion left elbow'], 'evaluation': [-1, -1, -1, -1]}
2023-06-13 15:10:57,020 | INFO | Evaluation case  with message - 
2023-06-13 15:10:57,071 | INFO | Speed case  with message - 
2023-06-13 15:10:57,122 | INFO | Moving from [-0.218097393166063, -1.1481026996889132, 0.046977862165786394, -1.0824324574252866, -0.06192910322969605] to [-0.12669157708567302, -1.084581645709518, 0.05355851515704477, -1.1047702970879254, -0.06807862064094017] for duration 2
2023-06-13 15:10:59,046 | INFO | Current peak 413
2023-06-13 15:10:59,543 | INFO | Good expert min 300.19550430266145 All expert min 300.19550430266145
2023-06-13 15:11:00,164 | INFO | Good expert min 594.664212074829 All expert min 264.06455949840836
2023-06-13 15:11:00,762 | INFO | Good expert min 1030.025972630453 All expert min 686.7574473761637
2023-06-13 15:11:01,320 | INFO | Good expert min 819.4550766511054 All expert min 552.0106983661061
2023-06-13 15:11:01,356 | INFO | Actual Duration 4.315757, Average Expert Duration 3.073079411764706
2023-06-13 15:11:01,397 | INFO | {'speed': 'good', 'correction': ['Good right shoulder', 'low range of motion left shoulder', 'low range of motion right elbow', 'low range of motion left elbow'], 'evaluation': [1, -1, -1, -1]}
2023-06-13 15:11:01,448 | INFO | Evaluation case  with message - 
2023-06-13 15:11:01,499 | INFO | Speed case 4b with message - Nice speed, keep going.
2023-06-13 15:11:01,545 | INFO | Robot says: Nice speed, keep going.
2023-06-13 15:11:01,607 | INFO | Moving from [0, -0.8, 0, -0.8, 0.0525] to [-0.2, -1.1, 0, -1.1, -0.1175] for duration 4
2023-06-13 15:11:05,667 | INFO | Robot smiling at intensity 0.6 for duration 4
2023-06-13 15:11:06,253 | INFO | -------------------Done with exercise
2023-06-13 15:11:06,253 | INFO | Robot says: Almost done.
2023-06-13 15:11:06,299 | INFO | Good expert min 348.9711983356188 All expert min 348.9711983356188
2023-06-13 15:11:06,325 | INFO | Good expert min 498.40231043269 All expert min 225.11570215420076
2023-06-13 15:11:06,349 | INFO | Good expert min 1115.5521980494361 All expert min 679.8714739752186
2023-06-13 15:11:06,391 | INFO | Good expert min 820.1496039995205 All expert min 464.63113670598807
2023-06-13 15:11:06,391 | INFO | Actual Duration -7.510462, Average Expert Duration 3.073079411764706
2023-06-13 15:11:06,392 | INFO | {'speed': 'fast', 'correction': ['Good right shoulder', 'low range of motion left shoulder', 'low range of motion right elbow', 'low range of motion left elbow'], 'evaluation': [1, -1, -1, -1]}
2023-06-13 15:11:06,392 | INFO | Evaluation case 1c with message - Make sure your arms reach 90 degrees
2023-06-13 15:11:06,392 | INFO | Speed case  with message - 
2023-06-13 15:11:06,392 | INFO | Skipping Make sure your arms reach 90 degrees
2023-06-13 15:11:06,392 | INFO | Moving from [-0.2, -1.1, 0, -1.1, -0.1175] to [-0.2, -1.1, 0, -1.1, -0.1175] for duration 4
2023-06-13 15:11:09,257 | INFO | Robot says: Rest.
2023-06-13 15:11:10,397 | INFO | Robot frowning at intensity 0.5 for duration 4
2023-06-13 15:11:11,259 | INFO | Robot smiling at intensity 0.6 for duration 4
2023-06-13 15:11:11,259 | INFO | Robot says: Using the scale next to you, how difficult was that last set, from 1 to 10?
2023-06-13 15:11:11,259 | INFO | Moving arm from sides to up
2023-06-13 15:11:11,260 | INFO | Moving from [-0.2, -1.1, 0, -1.1, -0.1175] to [1.7, -1.1, 0, -1.1, -0.1175] for duration 4
2023-06-13 15:11:13,263 | INFO | Total Number of Reps 8
2023-06-13 15:11:13,263 | INFO | Total Angles 446
2023-06-13 15:11:13,264 | INFO | topic impl's ref count is zero, deleting topic /joint_angles...
2023-06-13 15:11:13,265 | INFO | topic[/joint_angles] removing connection to http://172.26.171.145:41569/
2023-06-13 15:11:13,273 | INFO | Saved file Participant_12_Round_3_Robot_2_Exercise_lateral_raises_Set_2.npz
2023-06-13 15:11:21,282 | INFO | Robot says: Please walk over to the researcher to fill out a survey.
2023-06-13 15:11:21,284 | INFO | signal_shutdown [atexit]
2023-06-13 15:11:21,543 | INFO | topic[/rosout] removing connection to /rosout
2023-06-13 15:11:21,543 | INFO | topic[/quori_sound] removing connection to /quori_sound
2023-06-13 15:11:21,543 | INFO | topic[/quori/joint_trajectory_controller/command] removing connection to /quori/quori_controller
2023-06-13 15:11:21,544 | INFO | topic[/quori/face_generator_emotion] removing connection to /rosbridge_websocket
2023-06-13 15:11:21,544 | INFO | atexit
