2023-06-14 13:56:01,754 | INFO | =====================================
2023-06-14 13:56:01,754 | INFO | STARTING SET 1 OF bicep_curls
2023-06-14 13:56:01,754 | INFO | =====================================
2023-06-14 13:56:01,754 | INFO | Moving arm from up to halfway
2023-06-14 13:56:01,754 | INFO | Moving from [1.7, -1.1, 0, -1.1, 0] to [1.1, -1.1, 0, -1.1, 0] for duration 4
2023-06-14 13:56:01,755 | INFO | topic[/quori_sound] adding connection to [/quori_sound], count 0
2023-06-14 13:56:01,756 | INFO | topic[/quori/face_generator_emotion] adding connection to [/rosbridge_websocket], count 0
2023-06-14 13:56:01,759 | INFO | topic[/joint_angles] adding connection to [http://172.26.171.145:35663/], count 0
2023-06-14 13:56:01,923 | INFO | topic[/rosout] adding connection to [/rosout], count 0
2023-06-14 13:56:01,944 | INFO | topic[/quori/joint_trajectory_controller/command] adding connection to [/quori/quori_controller], count 0
2023-06-14 13:56:05,760 | INFO | Robot says: Get ready for set 1 out of 2 of bicep curls
2023-06-14 13:56:11,780 | INFO | -------------------Recording!
2023-06-14 13:56:11,780 | INFO | Moving arm from halfway to sides
2023-06-14 13:56:11,781 | INFO | Moving from [1.1, -1.1, 0, -1.1, 0] to [0, -1.1, 0, -1.1, 0] for duration 4
2023-06-14 13:56:13,783 | INFO | Robot says: Start bicep curls now
2023-06-14 13:56:14,983 | INFO | Current peak 20
2023-06-14 13:56:17,414 | INFO | Current peak 87
2023-06-14 13:56:18,330 | INFO | Good expert min 1909.2404157065916 All expert min 1618.8524316382127
2023-06-14 13:56:19,001 | INFO | Good expert min 656.5598905026632 All expert min 656.5598905026632
2023-06-14 13:56:19,389 | INFO | Good expert min 3104.692643292149 All expert min 2524.936458831039
2023-06-14 13:56:19,946 | INFO | Good expert min 1448.1899438368464 All expert min 1448.1899438368464
2023-06-14 13:56:19,962 | INFO | Actual Duration 2.696587, Average Expert Duration 2.71982825
2023-06-14 13:56:19,977 | INFO | {'speed': 'good', 'correction': ['bad right shoulder', 'Good left shoulder', 'bad right elbow', 'Good left elbow'], 'evaluation': [-1, 1, -1, 1]}
2023-06-14 13:56:19,998 | INFO | Evaluation case  with message - 
2023-06-14 13:56:20,013 | INFO | Speed case  with message - 
2023-06-14 13:56:20,034 | INFO | Moving from [-0.09927119099389231, -1.0403324442920443, 0.007454170330982793, -1.1488787122425894, 0.024657287087605104] to [-0.07804258243524205, -1.0841700455937369, -0.0010256436432845711, -1.0829530427484049, -0.07248156554261456] for duration 2
2023-06-14 13:56:21,382 | INFO | Current peak 104
2023-06-14 13:56:21,997 | INFO | Good expert min 1456.2950996083648 All expert min 1456.2950996083648
2023-06-14 13:56:22,467 | INFO | Good expert min 1179.635181914428 All expert min 956.1972776395328
2023-06-14 13:56:23,076 | INFO | Good expert min 1648.5770827626736 All expert min 968.3340524452412
2023-06-14 13:56:23,662 | INFO | Good expert min 1707.8330794989754 All expert min 1191.0548394983468
2023-06-14 13:56:23,682 | INFO | Actual Duration 3.880104, Average Expert Duration 2.71982825
2023-06-14 13:56:23,708 | INFO | {'speed': 'good', 'correction': ['Good right shoulder', 'low range of motion left shoulder', 'low range of motion right elbow', 'low range of motion left elbow'], 'evaluation': [1, -1, -1, -1]}
2023-06-14 13:56:23,734 | INFO | Evaluation case  with message - 
2023-06-14 13:56:23,754 | INFO | Speed case  with message - 
2023-06-14 13:56:23,775 | INFO | Moving from [-0.019149290145770867, -1.1757479389313352, -0.006471845872217788, -1.0131754465456007, -0.012247775512113007] to [0.04193878631005099, -1.1544755562621194, 0.05843990031828031, -1.1352706657208824, 0.0009176348441823912] for duration 2
2023-06-14 13:56:25,133 | INFO | Current peak 122
2023-06-14 13:56:25,691 | INFO | Good expert min 1243.5394140404508 All expert min 1103.3774902783264
2023-06-14 13:56:26,239 | INFO | Good expert min 1864.8285518081716 All expert min 1561.209359484172
2023-06-14 13:56:26,871 | INFO | Good expert min 1641.2962046986174 All expert min 879.7710429226887
2023-06-14 13:56:27,465 | INFO | Good expert min 996.8015822048886 All expert min 448.1829601051973
2023-06-14 13:56:27,481 | INFO | Actual Duration 3.686619, Average Expert Duration 2.71982825
2023-06-14 13:56:27,506 | INFO | {'speed': 'good', 'correction': ['low range of motion right shoulder', 'bad left shoulder', 'low range of motion right elbow', 'low range of motion left elbow'], 'evaluation': [-1, -1, -1, -1]}
2023-06-14 13:56:27,522 | INFO | Evaluation case 1c with message - 
2023-06-14 13:56:27,542 | INFO | Speed case 4b with message - 
2023-06-14 13:56:27,553 | INFO | Moving from [-0.04219118992558873, -1.1889345694190567, -0.049712286987066735, -1.0675544678511881, -0.030062167027637893] to [-0.0015184859558946134, -1.0352043105487339, -0.017889264252567358, -1.0124678143955057, -0.08621018406085978] for duration 2
2023-06-14 13:56:30,592 | INFO | Current peak 183
2023-06-14 13:56:31,247 | INFO | Good expert min 847.8391337834747 All expert min 847.8391337834747
2023-06-14 13:56:31,806 | INFO | Good expert min 1943.7351098102029 All expert min 1729.0362861805395
2023-06-14 13:56:32,415 | INFO | Good expert min 933.3366557800508 All expert min 933.3366557800508
2023-06-14 13:56:32,886 | INFO | Good expert min 839.0258752587943 All expert min 839.0258752587943
2023-06-14 13:56:32,897 | INFO | Actual Duration 5.395734, Average Expert Duration 2.71982825
2023-06-14 13:56:32,912 | INFO | {'speed': 'good', 'correction': ['Good right shoulder', 'bad left shoulder', 'Good right elbow', 'Good left elbow'], 'evaluation': [1, -1, 1, 1]}
2023-06-14 13:56:32,933 | INFO | Evaluation case  with message - 
2023-06-14 13:56:32,953 | INFO | Speed case  with message - 
2023-06-14 13:56:32,968 | INFO | Moving from [-0.07690572330227086, -1.1497577520807487, 0.08067856302006035, -1.0873387810340143, -0.06849760537898705] to [-0.02136198690107874, -1.0266270518112028, -0.04600424838480619, -1.1327505830644897, 0.08913991120402323] for duration 2
2023-06-14 13:56:36,042 | INFO | Current peak 240
2023-06-14 13:56:36,543 | INFO | Good expert min 769.8147847325326 All expert min 769.8147847325326
2023-06-14 13:56:37,218 | INFO | Good expert min 1384.8012509276025 All expert min 1384.8012509276025
2023-06-14 13:56:37,865 | INFO | Good expert min 854.946581964464 All expert min 854.946581964464
2023-06-14 13:56:38,461 | INFO | Good expert min 852.7920551886767 All expert min 852.7920551886767
2023-06-14 13:56:38,482 | INFO | Actual Duration 5.375406, Average Expert Duration 2.71982825
2023-06-14 13:56:38,498 | INFO | {'speed': 'good', 'correction': ['Good right shoulder', 'Good left shoulder', 'Good right elbow', 'Good left elbow'], 'evaluation': [1, 1, 1, 1]}
2023-06-14 13:56:38,513 | INFO | Evaluation case 2a with message - 
2023-06-14 13:56:38,528 | INFO | Speed case  with message - 
2023-06-14 13:56:38,544 | INFO | Moving from [0.0009345991391180031, -1.1553104081086365, -0.09895405105791458, -1.086498769595197, 0.07423822525041698] to [0.0016264719622980373, -1.122019161019814, 0.030310986312207466, -1.0120547537092062, -0.011572609084928673] for duration 2
2023-06-14 13:56:40,618 | INFO | Current peak 284
2023-06-14 13:56:41,212 | INFO | Good expert min 1687.1494494979636 All expert min 1687.1494494979636
2023-06-14 13:56:41,782 | INFO | Good expert min 2072.3955767620223 All expert min 2072.3955767620223
2023-06-14 13:56:42,379 | INFO | Good expert min 1517.9350782947915 All expert min 1517.9350782947915
2023-06-14 13:56:42,906 | INFO | Good expert min 577.6064376971954 All expert min 577.6064376971954
2023-06-14 13:56:42,917 | INFO | Actual Duration 4.701703, Average Expert Duration 2.71982825
2023-06-14 13:56:42,943 | INFO | {'speed': 'good', 'correction': ['ok right shoulder', 'bad left shoulder', 'ok right elbow', 'Good left elbow'], 'evaluation': [0, -1, 0, 1]}
2023-06-14 13:56:42,958 | INFO | Evaluation case  with message - 
2023-06-14 13:56:42,979 | INFO | Speed case  with message - 
2023-06-14 13:56:42,999 | INFO | Moving from [0.02379590990835337, -1.0635630015604323, -0.025092044691580398, -1.1566945223709761, -0.07725497180161539] to [-0.06479606030742896, -1.0241182712374068, -0.03776943101340613, -1.1790641441267833, -0.02987331329762387] for duration 2
2023-06-14 13:56:45,446 | INFO | Current peak 328
2023-06-14 13:56:46,066 | INFO | Good expert min 2147.4343825807464 All expert min 2147.4343825807464
2023-06-14 13:56:46,580 | INFO | Good expert min 1781.5497001864253 All expert min 1781.5497001864253
2023-06-14 13:56:47,009 | INFO | Good expert min 2019.5123774779813 All expert min 2019.5123774779813
2023-06-14 13:56:47,579 | INFO | Good expert min 895.3124903947436 All expert min 895.3124903947436
2023-06-14 13:56:47,584 | INFO | Actual Duration 4.615061, Average Expert Duration 2.71982825
2023-06-14 13:56:47,600 | INFO | {'speed': 'good', 'correction': ['bad right shoulder', 'ok left shoulder', 'bad right elbow', 'Good left elbow'], 'evaluation': [-1, 0, -1, 1]}
2023-06-14 13:56:47,625 | INFO | Evaluation case  with message - 
2023-06-14 13:56:47,646 | INFO | Speed case 4b with message - 
2023-06-14 13:56:47,666 | INFO | Moving from [0.09946185196287713, -1.054068293001538, -0.09494608620964753, -1.137496736914424, 0.020243396522510088] to [0.09343684348954348, -1.0834892285551532, -0.008037016532972618, -1.1001243784252017, 0.03449689732561384] for duration 2
2023-06-14 13:56:48,838 | INFO | Current peak 348
2023-06-14 13:56:49,126 | INFO | Good expert min 726.7100528995267 All expert min 726.7100528995267
2023-06-14 13:56:49,732 | INFO | Good expert min 807.1674725613277 All expert min 581.9971454427464
2023-06-14 13:56:50,398 | INFO | Good expert min 1559.4570817700026 All expert min 796.8814117574055
2023-06-14 13:56:51,016 | INFO | Good expert min 1098.6109170752443 All expert min 604.0583902124098
2023-06-14 13:56:51,031 | INFO | Actual Duration 3.770343, Average Expert Duration 2.71982825
2023-06-14 13:56:51,047 | INFO | {'speed': 'good', 'correction': ['Good right shoulder', 'low range of motion left shoulder', 'low range of motion right elbow', 'low range of motion left elbow'], 'evaluation': [1, -1, -1, -1]}
2023-06-14 13:56:51,067 | INFO | Evaluation case  with message - 
2023-06-14 13:56:51,088 | INFO | Speed case  with message - 
2023-06-14 13:56:51,098 | INFO | Moving from [-0.019866050004710048, -1.1982942020090788, 0.007986856730906669, -1.0873962745497885, 0.08725085992574996] to [-0.04638398905224224, -1.1013165117106747, -0.09349324446000376, -1.1541271396329413, 0.026721977132436014] for duration 2
2023-06-14 13:56:54,194 | INFO | Current peak 405
2023-06-14 13:56:54,194 | INFO | -------------------Done with exercise
2023-06-14 13:56:54,194 | INFO | Robot says: Almost done.
2023-06-14 13:56:54,229 | INFO | Good expert min 1616.6735255632861 All expert min 1616.6735255632861
2023-06-14 13:56:54,262 | INFO | Good expert min 1664.6239357549791 All expert min 1664.6239357549791
2023-06-14 13:56:54,294 | INFO | Good expert min 957.5993316928916 All expert min 957.5993316928916
2023-06-14 13:56:54,326 | INFO | Good expert min 711.8415555991043 All expert min 711.8415555991043
2023-06-14 13:56:54,326 | INFO | Actual Duration 5.172291, Average Expert Duration 2.71982825
2023-06-14 13:56:54,326 | INFO | {'speed': 'good', 'correction': ['ok right shoulder', 'ok left shoulder', 'Good right elbow', 'Good left elbow'], 'evaluation': [0, 0, 1, 1]}
2023-06-14 13:56:54,326 | INFO | Evaluation case 2a with message - 
2023-06-14 13:56:54,326 | INFO | Speed case  with message - 
2023-06-14 13:56:54,326 | INFO | Moving from [0.020882764800946044, -1.0475725331618426, -0.06062553354117835, -1.0208694171406356, 0.0035672994858047397] to [0.0815956296288157, -1.1038962629299747, -0.06661282671336452, -1.0293094443090103, 0.09763281193179707] for duration 2
2023-06-14 13:56:57,198 | INFO | Robot says: Rest.
2023-06-14 13:56:57,199 | INFO | Robot says: Using the scale next to you, how difficult was that last set, from 1 to 10?
2023-06-14 13:56:57,199 | INFO | Moving arm from sides to up
2023-06-14 13:56:57,200 | INFO | Moving from [0, -1.1, 0, -1.1, 0] to [1.7, -1.1, 0, -1.1, 0] for duration 4
2023-06-14 13:56:59,203 | INFO | Total Number of Reps 9
2023-06-14 13:56:59,203 | INFO | Total Angles 410
2023-06-14 13:56:59,203 | INFO | topic impl's ref count is zero, deleting topic /joint_angles...
2023-06-14 13:56:59,204 | INFO | topic[/joint_angles] removing connection to http://172.26.171.145:35663/
2023-06-14 13:56:59,211 | INFO | Saved file Participant_15_Round_1_Robot_1_Exercise_bicep_curls_Set_1.npz
2023-06-14 13:57:17,199 | INFO | Robot says: Rest for 20 more seconds.
2023-06-14 13:57:37,250 | INFO | =====================================
2023-06-14 13:57:37,251 | INFO | STARTING SET 2 OF bicep_curls
2023-06-14 13:57:37,251 | INFO | =====================================
2023-06-14 13:57:37,251 | INFO | Moving arm from up to halfway
2023-06-14 13:57:37,251 | INFO | Moving from [1.7, -1.1, 0, -1.1, 0] to [1.1, -1.1, 0, -1.1, 0] for duration 4
2023-06-14 13:57:37,254 | INFO | topic[/joint_angles] adding connection to [http://172.26.171.145:35663/], count 0
2023-06-14 13:57:41,255 | INFO | Robot says: Get ready for set 2 out of 2 of bicep curls
2023-06-14 13:57:47,259 | INFO | -------------------Recording!
2023-06-14 13:57:47,259 | INFO | Moving arm from halfway to sides
2023-06-14 13:57:47,259 | INFO | Moving from [1.1, -1.1, 0, -1.1, 0] to [0, -1.1, 0, -1.1, 0] for duration 4
2023-06-14 13:57:49,262 | INFO | Robot says: Start bicep curls now
2023-06-14 13:57:51,743 | INFO | Current peak 50
2023-06-14 13:57:54,131 | INFO | Current peak 113
2023-06-14 13:57:54,665 | INFO | Good expert min 1480.177628294081 All expert min 1480.177628294081
2023-06-14 13:57:55,298 | INFO | Good expert min 1904.8663432413316 All expert min 1797.3609259859368
2023-06-14 13:57:55,875 | INFO | Good expert min 733.7381753697175 All expert min 733.7381753697175
2023-06-14 13:57:56,510 | INFO | Good expert min 923.3247279304494 All expert min 923.3247279304494
2023-06-14 13:57:56,536 | INFO | Actual Duration 2.51945, Average Expert Duration 2.71982825
2023-06-14 13:57:56,562 | INFO | {'speed': 'good', 'correction': ['Good right shoulder', 'bad left shoulder', 'Good right elbow', 'Good left elbow'], 'evaluation': [1, -1, 1, 1]}
2023-06-14 13:57:56,588 | INFO | Evaluation case  with message - 
2023-06-14 13:57:56,608 | INFO | Speed case  with message - 
2023-06-14 13:57:56,634 | INFO | Moving from [0.01690056271721374, -1.0150791494959674, -0.06651690164147844, -1.1503894363498057, -0.09082386559769065] to [0.049887494813352196, -1.1050550250478763, -0.015122989807017137, -1.027119121943598, -0.011889918905708535] for duration 2
2023-06-14 13:57:59,384 | INFO | Current peak 168
2023-06-14 13:57:59,999 | INFO | Good expert min 575.1799878551362 All expert min 575.1799878551362
2023-06-14 13:58:00,640 | INFO | Good expert min 1115.9997183603928 All expert min 1009.423382340364
2023-06-14 13:58:01,235 | INFO | Good expert min 767.2278805777885 All expert min 767.2278805777885
2023-06-14 13:58:01,886 | INFO | Good expert min 1109.2495267330137 All expert min 1109.2495267330137
2023-06-14 13:58:01,886 | INFO | Actual Duration 5.095151, Average Expert Duration 2.71982825
2023-06-14 13:58:01,886 | INFO | {'speed': 'good', 'correction': ['Good right shoulder', 'low range of motion left shoulder', 'Good right elbow', 'Good left elbow'], 'evaluation': [1, -1, 1, 1]}
2023-06-14 13:58:01,917 | INFO | Evaluation case  with message - 
2023-06-14 13:58:01,937 | INFO | Speed case  with message - 
2023-06-14 13:58:01,963 | INFO | Moving from [0.08098337455867485, -1.0978812737227899, 0.018301365156510416, -1.1471197565426388, -0.05324540143111949] to [0.06016528659959275, -1.180196936541825, -0.09546509950090175, -1.1768619007325096, -0.0004141126204426221] for duration 2
2023-06-14 13:58:04,067 | INFO | Current peak 217
2023-06-14 13:58:04,573 | INFO | Good expert min 647.7120218466979 All expert min 625.1986183304698
2023-06-14 13:58:05,310 | INFO | Good expert min 951.9698707396801 All expert min 934.5886164239561
2023-06-14 13:58:05,959 | INFO | Good expert min 535.22076563264 All expert min 535.22076563264
2023-06-14 13:58:06,625 | INFO | Good expert min 807.3234990148679 All expert min 807.3234990148679
2023-06-14 13:58:06,651 | INFO | Actual Duration 4.938012, Average Expert Duration 2.71982825
2023-06-14 13:58:06,662 | INFO | {'speed': 'good', 'correction': ['low range of motion right shoulder', 'low range of motion left shoulder', 'Good right elbow', 'Good left elbow'], 'evaluation': [-1, -1, 1, 1]}
2023-06-14 13:58:06,682 | INFO | Evaluation case 1b with message - 
2023-06-14 13:58:06,709 | INFO | Speed case 4b with message - 
2023-06-14 13:58:06,739 | INFO | Moving from [-0.0007060730168502588, -1.1497437479998518, 0.022183938106715123, -1.086844165467794, 0.014297173239315272] to [0.05410798932448388, -1.1121623002102874, -0.006688986479806119, -1.174421902870191, -0.07940208252178878] for duration 2
2023-06-14 13:58:09,017 | INFO | Current peak 252
2023-06-14 13:58:09,635 | INFO | Good expert min 675.8336403056925 All expert min 675.8336403056925
2023-06-14 13:58:10,322 | INFO | Good expert min 925.2218502847828 All expert min 702.6297728325997
2023-06-14 13:58:10,963 | INFO | Good expert min 912.9898966984373 All expert min 912.9898966984373
2023-06-14 13:58:11,649 | INFO | Good expert min 587.4831732983354 All expert min 587.4831732983354
2023-06-14 13:58:11,675 | INFO | Actual Duration 4.780939, Average Expert Duration 2.71982825
2023-06-14 13:58:11,700 | INFO | {'speed': 'good', 'correction': ['Good right shoulder', 'low range of motion left shoulder', 'Good right elbow', 'Good left elbow'], 'evaluation': [1, -1, 1, 1]}
2023-06-14 13:58:11,726 | INFO | Evaluation case  with message - 
2023-06-14 13:58:11,752 | INFO | Speed case  with message - 
2023-06-14 13:58:11,777 | INFO | Moving from [0.011138814362815302, -1.043157454407549, 0.02481283821698091, -1.0174020545110471, 0.07560475602471586] to [-0.08036871184615368, -1.1507033791765577, -0.08926833603171017, -1.1944213991121195, 0.0719200569925382] for duration 2
2023-06-14 13:58:13,703 | INFO | Current peak 285
2023-06-14 13:58:14,369 | INFO | Good expert min 377.25238243191205 All expert min 377.25238243191205
2023-06-14 13:58:15,021 | INFO | Good expert min 841.5196639359012 All expert min 570.5907976222845
2023-06-14 13:58:15,697 | INFO | Good expert min 581.4119554220791 All expert min 581.4119554220791
2023-06-14 13:58:16,370 | INFO | Good expert min 810.0328086154867 All expert min 808.9447456481847
2023-06-14 13:58:16,405 | INFO | Actual Duration 4.741068, Average Expert Duration 2.71982825
2023-06-14 13:58:16,431 | INFO | {'speed': 'good', 'correction': ['Good right shoulder', 'low range of motion left shoulder', 'Good right elbow', 'low range of motion left elbow'], 'evaluation': [1, -1, 1, -1]}
2023-06-14 13:58:16,457 | INFO | Evaluation case  with message - 
2023-06-14 13:58:16,483 | INFO | Speed case  with message - 
2023-06-14 13:58:16,508 | INFO | Moving from [-0.02923354729066073, -1.1325890855390865, -0.04094457956796782, -1.0056353989727678, -0.06897246759435996] to [-0.07010667852094561, -1.06699325519406, 0.052041417705716075, -1.1984065317570523, 0.04113886125656174] for duration 2
2023-06-14 13:58:18,618 | INFO | Current peak 327
2023-06-14 13:58:19,124 | INFO | Good expert min 671.1582276460775 All expert min 659.3424943166982
2023-06-14 13:58:19,740 | INFO | Good expert min 1063.226826075087 All expert min 746.1342783986203
2023-06-14 13:58:20,458 | INFO | Good expert min 670.7373126100794 All expert min 670.7373126100794
2023-06-14 13:58:21,086 | INFO | Good expert min 823.2833338433035 All expert min 823.2833338433035
2023-06-14 13:58:21,117 | INFO | Actual Duration 5.03177, Average Expert Duration 2.71982825
2023-06-14 13:58:21,148 | INFO | {'speed': 'good', 'correction': ['low range of motion right shoulder', 'low range of motion left shoulder', 'Good right elbow', 'Good left elbow'], 'evaluation': [-1, -1, 1, 1]}
2023-06-14 13:58:21,178 | INFO | Evaluation case 1b with message - 
2023-06-14 13:58:21,194 | INFO | Speed case  with message - 
2023-06-14 13:58:21,220 | INFO | Moving from [-0.06555118024483438, -1.0338264133948272, -0.040786591156795976, -1.190309214393682, -0.010584447502416452] to [-0.016005976326151014, -1.1899445106628674, -0.05322964492426881, -1.1088266341679953, -0.02194637901008463] for duration 2
2023-06-14 13:58:23,313 | INFO | Current peak 368
2023-06-14 13:58:24,002 | INFO | Good expert min 627.6324286056064 All expert min 626.5537613412771
2023-06-14 13:58:24,677 | INFO | Good expert min 906.4390364380597 All expert min 705.364521570094
2023-06-14 13:58:25,235 | INFO | Good expert min 734.2886755494009 All expert min 734.2886755494009
2023-06-14 13:58:25,897 | INFO | Good expert min 745.2586925414877 All expert min 745.2586925414877
2023-06-14 13:58:25,922 | INFO | Actual Duration 4.741066, Average Expert Duration 2.71982825
2023-06-14 13:58:25,958 | INFO | {'speed': 'good', 'correction': ['low range of motion right shoulder', 'low range of motion left shoulder', 'Good right elbow', 'Good left elbow'], 'evaluation': [-1, -1, 1, 1]}
2023-06-14 13:58:25,994 | INFO | Evaluation case  with message - 
2023-06-14 13:58:26,019 | INFO | Speed case 4b with message - 
2023-06-14 13:58:26,045 | INFO | Moving from [-0.05788931794820138, -1.0207557660445028, -0.06056265163234436, -1.137249983122247, -0.01682743255864265] to [-0.0046654139517711135, -1.1858585236550678, -0.020102351453778963, -1.141679019102121, 0.09672980807553397] for duration 2
2023-06-14 13:58:28,339 | INFO | Current peak 406
2023-06-14 13:58:28,794 | INFO | Good expert min 620.962415872698 All expert min 620.962415872698
2023-06-14 13:58:29,299 | INFO | Good expert min 854.1521473612829 All expert min 709.2355142953289
2023-06-14 13:58:29,934 | INFO | Good expert min 723.8058937879937 All expert min 723.8058937879937
2023-06-14 13:58:30,615 | INFO | Good expert min 661.5217658396891 All expert min 661.5217658396891
2023-06-14 13:58:30,635 | INFO | Actual Duration 4.908555, Average Expert Duration 2.71982825
2023-06-14 13:58:30,671 | INFO | {'speed': 'good', 'correction': ['Good right shoulder', 'low range of motion left shoulder', 'Good right elbow', 'Good left elbow'], 'evaluation': [1, -1, 1, 1]}
2023-06-14 13:58:30,702 | INFO | Evaluation case  with message - 
2023-06-14 13:58:30,733 | INFO | Speed case  with message - 
2023-06-14 13:58:30,763 | INFO | Moving from [0.04125035989644993, -1.1668721704926894, 0.030280407058037584, -1.0314523660177344, 0.04850539237188123] to [-0.07796745126625498, -1.0422936537209486, -0.06304225727073312, -1.0670243412196547, -0.01279684645134127] for duration 2
2023-06-14 13:58:33,083 | INFO | Current peak 443
2023-06-14 13:58:33,084 | INFO | -------------------Done with exercise
2023-06-14 13:58:33,084 | INFO | Robot says: Almost done.
2023-06-14 13:58:33,115 | INFO | Good expert min 899.0948727748213 All expert min 881.6912458976811
2023-06-14 13:58:33,144 | INFO | Good expert min 1053.8656251380278 All expert min 964.3721955038794
2023-06-14 13:58:33,172 | INFO | Good expert min 489.3772364959967 All expert min 489.3772364959967
2023-06-14 13:58:33,200 | INFO | Good expert min 696.5761100294641 All expert min 696.5761100294641
2023-06-14 13:58:33,200 | INFO | Actual Duration 4.661694, Average Expert Duration 2.71982825
2023-06-14 13:58:33,201 | INFO | {'speed': 'good', 'correction': ['low range of motion right shoulder', 'low range of motion left shoulder', 'Good right elbow', 'Good left elbow'], 'evaluation': [-1, -1, 1, 1]}
2023-06-14 13:58:33,201 | INFO | Evaluation case 1b with message - 
2023-06-14 13:58:33,201 | INFO | Speed case  with message - 
2023-06-14 13:58:33,201 | INFO | Moving from [-0.011001839457667667, -1.0015230364130447, -0.0064002641093268975, -1.029765769100154, 0.019915481605830454] to [-0.06225958592647483, -1.1359491342054764, 0.057806171981756416, -1.054096548026082, -0.008015557834050197] for duration 2
2023-06-14 13:58:36,092 | INFO | Robot says: Rest.
2023-06-14 13:58:36,093 | INFO | Robot says: Using the scale next to you, how difficult was that last set, from 1 to 10?
2023-06-14 13:58:36,094 | INFO | Moving arm from sides to up
2023-06-14 13:58:36,094 | INFO | Moving from [0, -1.1, 0, -1.1, 0] to [1.7, -1.1, 0, -1.1, 0] for duration 4
2023-06-14 13:58:38,097 | INFO | Total Number of Reps 9
2023-06-14 13:58:38,098 | INFO | Total Angles 450
2023-06-14 13:58:38,098 | INFO | topic impl's ref count is zero, deleting topic /joint_angles...
2023-06-14 13:58:38,098 | INFO | topic[/joint_angles] removing connection to http://172.26.171.145:35663/
2023-06-14 13:58:38,105 | INFO | Saved file Participant_15_Round_1_Robot_1_Exercise_bicep_curls_Set_2.npz
2023-06-14 13:58:56,093 | INFO | Robot says: Rest for 20 more seconds.
2023-06-14 13:59:16,174 | INFO | =====================================
2023-06-14 13:59:16,175 | INFO | STARTING SET 1 OF lateral_raises
2023-06-14 13:59:16,175 | INFO | =====================================
2023-06-14 13:59:16,175 | INFO | Moving arm from up to halfway
2023-06-14 13:59:16,176 | INFO | topic[/joint_angles] adding connection to [http://172.26.171.145:35663/], count 0
2023-06-14 13:59:16,176 | INFO | Moving from [1.7, -1.1, 0, -1.1, 0] to [1.1, -1.1, 0, -1.1, 0] for duration 4
2023-06-14 13:59:20,182 | INFO | Robot says: Get ready for set 1 out of 2 of lateral raises
2023-06-14 13:59:26,187 | INFO | -------------------Recording!
2023-06-14 13:59:26,187 | INFO | Moving arm from halfway to sides
2023-06-14 13:59:26,188 | INFO | Moving from [1.1, -1.1, 0, -1.1, 0] to [0, -1.1, 0, -1.1, 0] for duration 4
2023-06-14 13:59:28,191 | INFO | Robot says: Start lateral raises now
2023-06-14 13:59:31,380 | INFO | Current peak 74
2023-06-14 13:59:32,560 | INFO | Current peak 102
2023-06-14 13:59:33,029 | INFO | Good expert min 1055.1807881192967 All expert min 1055.1807881192967
2023-06-14 13:59:33,310 | INFO | Good expert min 771.4131284083055 All expert min 771.4131284083055
2023-06-14 13:59:33,903 | INFO | Good expert min 3042.343970504719 All expert min 2937.9175080029677
2023-06-14 13:59:34,403 | INFO | Good expert min 1472.0849069384612 All expert min 1265.5459625624771
2023-06-14 13:59:34,428 | INFO | Actual Duration 1.113303, Average Expert Duration 3.073079411764706
2023-06-14 13:59:34,469 | INFO | {'speed': 'good', 'correction': ['Good right shoulder', 'Good left shoulder', 'bad right elbow', 'low range of motion left elbow'], 'evaluation': [1, 1, -1, -1]}
2023-06-14 13:59:34,510 | INFO | Evaluation case  with message - 
2023-06-14 13:59:34,546 | INFO | Speed case  with message - 
2023-06-14 13:59:34,582 | INFO | Moving from [0.06202359051379491, -1.0910734570872822, -0.054516116798421305, -1.0844344664780268, 0.027837730768904667] to [-0.039866170123184365, -1.0953611772728955, 0.06641063176034481, -1.0253012110366782, -0.062248288931418407] for duration 2
2023-06-14 13:59:37,714 | INFO | Current peak 175
2023-06-14 13:59:38,247 | INFO | Good expert min 933.6025409695675 All expert min 933.6025409695675
2023-06-14 13:59:38,794 | INFO | Good expert min 1217.4579201741572 All expert min 1211.376906778262
2023-06-14 13:59:39,174 | INFO | Good expert min 2182.245755038533 All expert min 2182.245755038533
2023-06-14 13:59:39,664 | INFO | Good expert min 1859.725937344481 All expert min 1571.0557856996188
2023-06-14 13:59:39,700 | INFO | Actual Duration 5.234287, Average Expert Duration 3.073079411764706
2023-06-14 13:59:39,741 | INFO | {'speed': 'good', 'correction': ['Good right shoulder', 'low range of motion left shoulder', 'bad right elbow', 'low range of motion left elbow'], 'evaluation': [1, -1, -1, -1]}
2023-06-14 13:59:39,782 | INFO | Evaluation case 1b with message - 
2023-06-14 13:59:39,823 | INFO | Speed case  with message - 
2023-06-14 13:59:39,868 | INFO | Moving from [-0.05450553915333296, -1.0782235091617347, -0.04729031091944685, -1.1920973209515155, 0.06910865889851978] to [-0.07793100509776318, -1.0898497637261584, -0.06015562492275209, -1.101953417114858, 0.09244012784013286] for duration 2
2023-06-14 13:59:41,644 | INFO | Current peak 205
2023-06-14 13:59:42,241 | INFO | Good expert min 1161.3872444129195 All expert min 1161.3872444129195
2023-06-14 13:59:42,656 | INFO | Good expert min 706.5902750605204 All expert min 706.5902750605204
2023-06-14 13:59:43,160 | INFO | Good expert min 2738.0970064084822 All expert min 2738.0970064084822
2023-06-14 13:59:43,778 | INFO | Good expert min 1180.509884241024 All expert min 1180.509884241024
2023-06-14 13:59:43,779 | INFO | Actual Duration 3.942549, Average Expert Duration 3.073079411764706
2023-06-14 13:59:43,810 | INFO | {'speed': 'good', 'correction': ['Good right shoulder', 'Good left shoulder', 'bad right elbow', 'Good left elbow'], 'evaluation': [1, 1, -1, 1]}
2023-06-14 13:59:43,845 | INFO | Evaluation case  with message - 
2023-06-14 13:59:43,886 | INFO | Speed case 4b with message - 
2023-06-14 13:59:43,912 | INFO | Moving from [0.04818258278119747, -1.0160134356090964, -0.07731906046787083, -1.0001106084276685, -0.013378937887837103] to [0.015442891450052731, -1.0680840376009049, 0.05927842184417165, -1.1044740916938895, -0.08313005214120801] for duration 2
2023-06-14 13:59:47,402 | INFO | Current peak 268
2023-06-14 13:59:47,932 | INFO | Good expert min 839.8504222063202 All expert min 796.2366089517438
2023-06-14 13:59:48,532 | INFO | Good expert min 887.7645690242578 All expert min 887.7645690242578
2023-06-14 13:59:49,104 | INFO | Good expert min 1940.3928093029951 All expert min 1940.3928093029951
2023-06-14 13:59:49,683 | INFO | Good expert min 1329.933105610879 All expert min 1150.4285074465276
2023-06-14 13:59:49,719 | INFO | Actual Duration 5.422494, Average Expert Duration 3.073079411764706
2023-06-14 13:59:49,755 | INFO | {'speed': 'good', 'correction': ['low range of motion right shoulder', 'Good left shoulder', 'ok right elbow', 'low range of motion left elbow'], 'evaluation': [-1, 1, 0, -1]}
2023-06-14 13:59:49,791 | INFO | Evaluation case  with message - 
2023-06-14 13:59:49,827 | INFO | Speed case  with message - 
2023-06-14 13:59:49,867 | INFO | Moving from [-0.020266384787642727, -1.0893387327985096, 0.049644183119391116, -1.0977289879823, -0.003540604424198207] to [-0.029882282100866006, -1.0836446394624817, 0.08248138839068697, -1.191967164489583, 0.03196289136774258] for duration 2
2023-06-14 13:59:51,361 | INFO | Current peak 292
2023-06-14 13:59:51,946 | INFO | Good expert min 1044.022127403663 All expert min 1044.022127403663
2023-06-14 13:59:52,549 | INFO | Good expert min 568.8509520141179 All expert min 477.7480281149317
2023-06-14 13:59:53,054 | INFO | Good expert min 2853.046432837552 All expert min 2795.191029937909
2023-06-14 13:59:53,543 | INFO | Good expert min 1184.546853924792 All expert min 1148.0704531392564
2023-06-14 13:59:53,579 | INFO | Actual Duration 4.166261, Average Expert Duration 3.073079411764706
2023-06-14 13:59:53,625 | INFO | {'speed': 'good', 'correction': ['Good right shoulder', 'low range of motion left shoulder', 'bad right elbow', 'low range of motion left elbow'], 'evaluation': [1, -1, -1, -1]}
2023-06-14 13:59:53,666 | INFO | Evaluation case 1b with message - 
2023-06-14 13:59:53,707 | INFO | Speed case  with message - 
2023-06-14 13:59:53,738 | INFO | Moving from [0.0686098803535441, -1.195025015558809, -0.0663716634610398, -1.0820653697928189, 0.03390937680737788] to [0.0909558344926227, -1.046930964297947, 0.024622606450357715, -1.198807788139352, -0.04118087624262452] for duration 2
2023-06-14 13:59:56,048 | INFO | Current peak 337
2023-06-14 13:59:56,646 | INFO | Good expert min 679.5586137566285 All expert min 679.5586137566285
2023-06-14 13:59:57,130 | INFO | Good expert min 509.50951331765145 All expert min 446.398950675858
2023-06-14 13:59:57,439 | INFO | Good expert min 1608.8000038068426 All expert min 1248.0740034895346
2023-06-14 13:59:57,989 | INFO | Good expert min 985.3834267484008 All expert min 772.5399723610998
2023-06-14 13:59:58,020 | INFO | Actual Duration 4.839483, Average Expert Duration 3.073079411764706
2023-06-14 13:59:58,056 | INFO | {'speed': 'good', 'correction': ['Good right shoulder', 'low range of motion left shoulder', 'low range of motion right elbow', 'low range of motion left elbow'], 'evaluation': [1, -1, -1, -1]}
2023-06-14 13:59:58,092 | INFO | Evaluation case  with message - 
2023-06-14 13:59:58,138 | INFO | Speed case  with message - 
2023-06-14 13:59:58,158 | INFO | Moving from [0.0009422770391068758, -1.0190601702543232, 0.06293784739121314, -1.0634579083373992, -0.05488513872485645] to [0.03180228934979726, -1.0846980663186043, -0.01098031660308918, -1.111896763642555, -0.044057722803949956] for duration 2
2023-06-14 14:00:02,316 | INFO | Current peak 431
2023-06-14 14:00:02,937 | INFO | Good expert min 917.0747458525155 All expert min 917.0747458525155
2023-06-14 14:00:03,419 | INFO | Good expert min 995.5719418374799 All expert min 995.5719418374799
2023-06-14 14:00:03,935 | INFO | Good expert min 1734.8711286734397 All expert min 1734.8711286734397
2023-06-14 14:00:04,545 | INFO | Good expert min 2041.1670189572046 All expert min 1878.4692380047795
2023-06-14 14:00:04,571 | INFO | Actual Duration 6.17265, Average Expert Duration 3.073079411764706
2023-06-14 14:00:04,612 | INFO | {'speed': 'slow', 'correction': ['Good right shoulder', 'Good left shoulder', 'ok right elbow', 'bad left elbow'], 'evaluation': [1, 1, 0, -1]}
2023-06-14 14:00:04,653 | INFO | Evaluation case  with message - 
2023-06-14 14:00:04,693 | INFO | Speed case  with message - 
2023-06-14 14:00:04,734 | INFO | Moving from [-0.08699491805400708, -1.0160883090249553, -0.07523640369954712, -1.098362700914391, 0.09576644910410712] to [-0.03136139307770483, -1.053453395419387, 0.029710731455688838, -1.0055157273600226, 0.031215495165527157] for duration 2
2023-06-14 14:00:06,238 | INFO | Current peak 455
2023-06-14 14:00:06,813 | INFO | Good expert min 974.8617880255993 All expert min 974.8617880255993
2023-06-14 14:00:07,387 | INFO | Good expert min 429.6190489337768 All expert min 429.6190489337768
2023-06-14 14:00:08,014 | INFO | Good expert min 2943.0479170193585 All expert min 2857.0028092509287
2023-06-14 14:00:08,581 | INFO | Good expert min 1144.6311560486752 All expert min 986.013333657594
2023-06-14 14:00:08,618 | INFO | Actual Duration 3.936169, Average Expert Duration 3.073079411764706
2023-06-14 14:00:08,669 | INFO | {'speed': 'good', 'correction': ['Good right shoulder', 'Good left shoulder', 'bad right elbow', 'low range of motion left elbow'], 'evaluation': [1, 1, -1, -1]}
2023-06-14 14:00:08,710 | INFO | Evaluation case  with message - 
2023-06-14 14:00:08,756 | INFO | Speed case  with message - 
2023-06-14 14:00:08,792 | INFO | Moving from [0.057398478160132604, -1.1941350636611097, 0.04156700125339968, -1.1305539222405119, 0.09688194168895134] to [-0.028016052435429747, -1.1291301847415174, 0.033409874652067684, -1.0000404196932149, -0.043683713150441617] for duration 2
2023-06-14 14:00:11,087 | INFO | Current peak 490
2023-06-14 14:00:11,087 | INFO | -------------------Done with exercise
2023-06-14 14:00:11,088 | INFO | Robot says: Almost done.
2023-06-14 14:00:11,118 | INFO | Good expert min 577.2392557397028 All expert min 462.0923781731411
2023-06-14 14:00:11,145 | INFO | Good expert min 727.430283977949 All expert min 659.4657745634673
2023-06-14 14:00:11,174 | INFO | Good expert min 1474.4167868008667 All expert min 915.9452910312754
2023-06-14 14:00:11,200 | INFO | Good expert min 629.8111549288312 All expert min 534.3147197613941
2023-06-14 14:00:11,200 | INFO | Actual Duration 4.764032, Average Expert Duration 3.073079411764706
2023-06-14 14:00:11,200 | INFO | {'speed': 'good', 'correction': ['low range of motion right shoulder', 'low range of motion left shoulder', 'low range of motion right elbow', 'low range of motion left elbow'], 'evaluation': [-1, -1, -1, -1]}
2023-06-14 14:00:11,200 | INFO | Evaluation case 1b with message - 
2023-06-14 14:00:11,201 | INFO | Speed case  with message - 
2023-06-14 14:00:11,201 | INFO | Moving from [-0.06816827272882331, -1.1493869099277736, 0.09841221592127466, -1.0788937021786245, -0.08015427175237683] to [0.05084247862573166, -1.031177487237063, -0.08207121457935723, -1.1871401344864203, -0.06624292611075411] for duration 2
2023-06-14 14:00:14,091 | INFO | Robot says: Rest.
2023-06-14 14:00:14,092 | INFO | Robot says: Using the scale next to you, how difficult was that last set, from 1 to 10?
2023-06-14 14:00:14,093 | INFO | Moving arm from sides to up
2023-06-14 14:00:14,094 | INFO | Moving from [0, -1.1, 0, -1.1, 0] to [1.7, -1.1, 0, -1.1, 0] for duration 4
2023-06-14 14:00:16,097 | INFO | Total Number of Reps 9
2023-06-14 14:00:16,097 | INFO | Total Angles 500
2023-06-14 14:00:16,098 | INFO | topic impl's ref count is zero, deleting topic /joint_angles...
2023-06-14 14:00:16,098 | INFO | topic[/joint_angles] removing connection to http://172.26.171.145:35663/
2023-06-14 14:00:16,146 | INFO | Saved file Participant_15_Round_1_Robot_1_Exercise_lateral_raises_Set_1.npz
2023-06-14 14:00:34,092 | INFO | Robot says: Rest for 20 more seconds.
2023-06-14 14:00:54,580 | INFO | =====================================
2023-06-14 14:00:54,581 | INFO | STARTING SET 2 OF lateral_raises
2023-06-14 14:00:54,581 | INFO | =====================================
2023-06-14 14:00:54,581 | INFO | Moving arm from up to halfway
2023-06-14 14:00:54,582 | INFO | Moving from [1.7, -1.1, 0, -1.1, 0] to [1.1, -1.1, 0, -1.1, 0] for duration 4
2023-06-14 14:00:54,584 | INFO | topic[/joint_angles] adding connection to [http://172.26.171.145:35663/], count 0
2023-06-14 14:00:58,587 | INFO | Robot says: Get ready for set 2 out of 2 of lateral raises
2023-06-14 14:01:04,594 | INFO | -------------------Recording!
2023-06-14 14:01:04,594 | INFO | Moving arm from halfway to sides
2023-06-14 14:01:04,594 | INFO | Moving from [1.1, -1.1, 0, -1.1, 0] to [0, -1.1, 0, -1.1, 0] for duration 4
2023-06-14 14:01:06,597 | INFO | Robot says: Start lateral raises now
2023-06-14 14:01:09,872 | INFO | Current peak 75
2023-06-14 14:01:10,587 | INFO | Current peak 96
2023-06-14 14:01:10,994 | INFO | Good expert min 933.3455187005194 All expert min 933.3455187005194
2023-06-14 14:01:11,478 | INFO | Good expert min 417.1507612428718 All expert min 389.8021337433761
2023-06-14 14:01:12,059 | INFO | Good expert min 2686.8936884784293 All expert min 2482.331929093069
2023-06-14 14:01:12,624 | INFO | Good expert min 859.6863387363471 All expert min 747.3159119497225
2023-06-14 14:01:12,670 | INFO | Actual Duration 0.799586, Average Expert Duration 3.073079411764706
2023-06-14 14:01:12,716 | INFO | {'speed': 'good', 'correction': ['Good right shoulder', 'low range of motion left shoulder', 'bad right elbow', 'low range of motion left elbow'], 'evaluation': [1, -1, -1, -1]}
2023-06-14 14:01:12,767 | INFO | Evaluation case  with message - 
2023-06-14 14:01:12,818 | INFO | Speed case  with message - 
2023-06-14 14:01:12,874 | INFO | Moving from [0.01776211046439391, -1.093953309422398, 0.0712984326067081, -1.1699255378149511, -0.0746818584221538] to [-0.009069599540504389, -1.1706197787888097, 0.007028165698904701, -1.1167674899127586, 0.039409630525150896] for duration 2
2023-06-14 14:01:17,035 | INFO | Current peak 162
2023-06-14 14:01:17,587 | INFO | Good expert min 747.6540187317407 All expert min 747.6540187317407
2023-06-14 14:01:18,213 | INFO | Good expert min 819.7753719767405 All expert min 819.7753719767405
2023-06-14 14:01:18,853 | INFO | Good expert min 2121.2097194136336 All expert min 2121.2097194136336
2023-06-14 14:01:19,396 | INFO | Good expert min 1726.9013736715265 All expert min 1599.5624905700813
2023-06-14 14:01:19,421 | INFO | Actual Duration 5.544852, Average Expert Duration 3.073079411764706
2023-06-14 14:01:19,452 | INFO | {'speed': 'good', 'correction': ['Good right shoulder', 'Good left shoulder', 'bad right elbow', 'low range of motion left elbow'], 'evaluation': [1, 1, -1, -1]}
2023-06-14 14:01:19,508 | INFO | Evaluation case 1b with message - 
2023-06-14 14:01:19,559 | INFO | Speed case  with message - 
2023-06-14 14:01:19,605 | INFO | Moving from [0.017901131061038453, -1.173819502213347, 0.03055816101725778, -1.018366762471787, 0.037506679902404944] to [-0.08815679121716602, -1.1386196621428561, 0.0647433125277134, -1.1862914199815602, 0.06747991738887099] for duration 2
2023-06-14 14:01:20,684 | INFO | Current peak 183
2023-06-14 14:01:21,313 | INFO | Good expert min 1003.7078635908216 All expert min 1003.7078635908216
2023-06-14 14:01:21,803 | INFO | Good expert min 624.2899417124969 All expert min 624.2899417124969
2023-06-14 14:01:22,399 | INFO | Good expert min 2522.3830551696265 All expert min 2171.518166467761
2023-06-14 14:01:22,999 | INFO | Good expert min 1521.1169657080184 All expert min 1521.1169657080184
2023-06-14 14:01:23,045 | INFO | Actual Duration 0.754772, Average Expert Duration 3.073079411764706
2023-06-14 14:01:23,096 | INFO | {'speed': 'good', 'correction': ['Good right shoulder', 'Good left shoulder', 'bad right elbow', 'Good left elbow'], 'evaluation': [1, 1, -1, 1]}
2023-06-14 14:01:23,153 | INFO | Evaluation case  with message - 
2023-06-14 14:01:23,204 | INFO | Speed case 4b with message - 
2023-06-14 14:01:23,260 | INFO | Moving from [0.004397425023860507, -1.1882421868204922, -0.004418088671480261, -1.0895744686502526, -0.015495737161953668] to [0.0992661411685267, -1.1934576112826876, -0.06790234159275221, -1.1091500055204806, 0.08765332445119742] for duration 2
2023-06-14 14:01:25,155 | INFO | Current peak 213
2023-06-14 14:01:25,663 | INFO | Good expert min 547.4059965076651 All expert min 547.181407741714
2023-06-14 14:01:26,167 | INFO | Good expert min 1259.7773265396374 All expert min 1119.7524896349973
2023-06-14 14:01:26,754 | INFO | Good expert min 1633.2542922243981 All expert min 1633.2542922243981
2023-06-14 14:01:27,425 | INFO | Good expert min 1075.9317897251437 All expert min 1005.1807993590593
2023-06-14 14:01:27,476 | INFO | Actual Duration 8.079565, Average Expert Duration 3.073079411764706
2023-06-14 14:01:27,517 | INFO | {'speed': 'good', 'correction': ['low range of motion right shoulder', 'low range of motion left shoulder', 'Good right elbow', 'low range of motion left elbow'], 'evaluation': [-1, -1, 1, -1]}
2023-06-14 14:01:27,573 | INFO | Evaluation case  with message - 
2023-06-14 14:01:27,624 | INFO | Speed case  with message - 
2023-06-14 14:01:27,675 | INFO | Moving from [-0.08426224875915381, -1.0141154184271401, -0.09246767473296287, -1.0081172687270135, 0.06481416588288713] to [-0.08996084656603792, -1.032475755995029, 0.0452885438029626, -1.001274194746941, -0.044345631976102064] for duration 2
2023-06-14 14:01:29,149 | INFO | Current peak 234
2023-06-14 14:01:29,703 | INFO | Good expert min 1208.9914777753693 All expert min 1208.9914777753693
2023-06-14 14:01:30,240 | INFO | Good expert min 720.0368748642154 All expert min 439.7161888853815
2023-06-14 14:01:30,832 | INFO | Good expert min 2819.5950408567724 All expert min 2704.0848609907134
2023-06-14 14:01:31,418 | INFO | Good expert min 1240.034701842685 All expert min 756.3035564767072
2023-06-14 14:01:31,464 | INFO | Actual Duration 4.029114, Average Expert Duration 3.073079411764706
2023-06-14 14:01:31,510 | INFO | {'speed': 'good', 'correction': ['Good right shoulder', 'low range of motion left shoulder', 'bad right elbow', 'low range of motion left elbow'], 'evaluation': [1, -1, -1, -1]}
2023-06-14 14:01:31,561 | INFO | Evaluation case 1b with message - 
2023-06-14 14:01:31,608 | INFO | Speed case  with message - 
2023-06-14 14:01:31,659 | INFO | Moving from [-0.08571056774006287, -1.0207598442499317, 0.006335217006856089, -1.0670100407482181, -0.009593095641257168] to [0.06451333905308793, -1.1998866500569259, -0.020847564267140878, -1.0688965423082706, 0.07026102545848051] for duration 2
2023-06-14 14:01:33,986 | INFO | Current peak 270
2023-06-14 14:01:34,583 | INFO | Good expert min 646.3942161625465 All expert min 646.3942161625465
2023-06-14 14:01:35,155 | INFO | Good expert min 562.4314920287271 All expert min 524.7516811812299
2023-06-14 14:01:35,732 | INFO | Good expert min 1745.725990409574 All expert min 1321.1510054637313
2023-06-14 14:01:36,340 | INFO | Good expert min 810.9900003364494 All expert min 503.6230408390652
2023-06-14 14:01:36,386 | INFO | Actual Duration 4.736784, Average Expert Duration 3.073079411764706
2023-06-14 14:01:36,432 | INFO | {'speed': 'good', 'correction': ['Good right shoulder', 'low range of motion left shoulder', 'low range of motion right elbow', 'low range of motion left elbow'], 'evaluation': [1, -1, -1, -1]}
2023-06-14 14:01:36,489 | INFO | Evaluation case  with message - 
2023-06-14 14:01:36,540 | INFO | Speed case  with message - 
2023-06-14 14:01:36,592 | INFO | Moving from [0.0011454027261242894, -1.0954400323971478, -0.07409974071155999, -1.1787060868568702, 0.006472490112328172] to [-0.0754118351044119, -1.0470312439455456, 0.07897363920278097, -1.1514710154850318, -0.08383157697051331] for duration 2
2023-06-14 14:01:40,087 | INFO | Current peak 354
2023-06-14 14:01:40,666 | INFO | Good expert min 912.2198453778271 All expert min 912.2198453778271
2023-06-14 14:01:41,253 | INFO | Good expert min 1467.0394080980566 All expert min 1399.0692248356004
2023-06-14 14:01:41,922 | INFO | Good expert min 1583.2627799981467 All expert min 1583.2627799981467
2023-06-14 14:01:42,485 | INFO | Good expert min 1879.7430680521754 All expert min 1761.303471663555
2023-06-14 14:01:42,526 | INFO | Actual Duration 6.203592, Average Expert Duration 3.073079411764706
2023-06-14 14:01:42,577 | INFO | {'speed': 'slow', 'correction': ['Good right shoulder', 'low range of motion left shoulder', 'Good right elbow', 'bad left elbow'], 'evaluation': [1, -1, 1, -1]}
2023-06-14 14:01:42,628 | INFO | Evaluation case  with message - 
2023-06-14 14:01:42,674 | INFO | Speed case  with message - 
2023-06-14 14:01:42,715 | INFO | Moving from [0.018167489017853478, -1.029478632921957, 0.0457901156731963, -1.1081202807517605, 0.02579999854699938] to [-0.05691234979904347, -1.1429303728304057, -0.08215879473744479, -1.0483556453254967, -0.04610966041859093] for duration 2
2023-06-14 14:01:44,217 | INFO | Current peak 372
2023-06-14 14:01:44,763 | INFO | Good expert min 1079.493573886798 All expert min 1079.493573886798
2023-06-14 14:01:45,298 | INFO | Good expert min 615.321465061176 All expert min 402.11988078042486
2023-06-14 14:01:45,898 | INFO | Good expert min 2784.5184415979484 All expert min 2608.049181239434
2023-06-14 14:01:46,401 | INFO | Good expert min 1002.5701238582175 All expert min 712.5957813179782
2023-06-14 14:01:46,447 | INFO | Actual Duration 4.151685, Average Expert Duration 3.073079411764706
2023-06-14 14:01:46,498 | INFO | {'speed': 'good', 'correction': ['Good right shoulder', 'low range of motion left shoulder', 'bad right elbow', 'low range of motion left elbow'], 'evaluation': [1, -1, -1, -1]}
2023-06-14 14:01:46,554 | INFO | Evaluation case 1b with message - 
2023-06-14 14:01:46,610 | INFO | Speed case  with message - 
2023-06-14 14:01:46,656 | INFO | Moving from [-0.08123397212854033, -1.176397820095081, -0.06357490719863493, -1.0252789803357194, 0.08380645222759839] to [0.08858023275130913, -1.0868493343398409, -0.036070655910646385, -1.095218136961905, -0.09472114652533542] for duration 2
2023-06-14 14:01:49,745 | INFO | Current peak 436
2023-06-14 14:01:49,745 | INFO | -------------------Done with exercise
2023-06-14 14:01:49,745 | INFO | Robot says: Almost done.
2023-06-14 14:01:49,780 | INFO | Good expert min 890.8788636615147 All expert min 890.8788636615147
2023-06-14 14:01:49,810 | INFO | Good expert min 964.8356914529129 All expert min 865.994010952579
2023-06-14 14:01:49,842 | INFO | Good expert min 2169.975056376463 All expert min 2169.975056376463
2023-06-14 14:01:49,872 | INFO | Good expert min 1401.2727439241114 All expert min 1182.0914465249002
2023-06-14 14:01:49,872 | INFO | Actual Duration 5.590512, Average Expert Duration 3.073079411764706
2023-06-14 14:01:49,873 | INFO | {'speed': 'good', 'correction': ['Good right shoulder', 'low range of motion left shoulder', 'bad right elbow', 'low range of motion left elbow'], 'evaluation': [1, -1, -1, -1]}
2023-06-14 14:01:49,873 | INFO | Evaluation case  with message - 
2023-06-14 14:01:49,873 | INFO | Speed case  with message - 
2023-06-14 14:01:49,873 | INFO | Moving from [0.08934263097838108, -1.0593492172823928, 0.013070321231520007, -1.0168635735941087, -0.0067541310644292085] to [0.08562019849422112, -1.0120729725283175, 0.05187764954931723, -1.1827812485732572, -0.06820781035155052] for duration 2
2023-06-14 14:01:52,761 | INFO | Robot says: Rest.
2023-06-14 14:01:52,761 | INFO | Robot says: Using the scale next to you, how difficult was that last set, from 1 to 10?
2023-06-14 14:01:52,762 | INFO | Moving arm from sides to up
2023-06-14 14:01:52,762 | INFO | Moving from [0, -1.1, 0, -1.1, 0] to [1.7, -1.1, 0, -1.1, 0] for duration 4
2023-06-14 14:01:54,765 | INFO | Total Number of Reps 9
2023-06-14 14:01:54,766 | INFO | Total Angles 440
2023-06-14 14:01:54,766 | INFO | topic impl's ref count is zero, deleting topic /joint_angles...
2023-06-14 14:01:54,767 | INFO | topic[/joint_angles] removing connection to http://172.26.171.145:35663/
2023-06-14 14:01:54,767 | INFO | topic[/joint_angles] removing connection to http://172.26.171.145:35663/
2023-06-14 14:01:54,777 | INFO | Saved file Participant_15_Round_1_Robot_1_Exercise_lateral_raises_Set_2.npz
2023-06-14 14:02:02,786 | INFO | Robot says: Please walk over to the researcher to fill out a survey.
2023-06-14 14:02:02,787 | INFO | signal_shutdown [atexit]
2023-06-14 14:02:03,077 | INFO | topic[/rosout] removing connection to /rosout
2023-06-14 14:02:03,077 | INFO | topic[/quori_sound] removing connection to /quori_sound
2023-06-14 14:02:03,078 | INFO | topic[/quori/joint_trajectory_controller/command] removing connection to /quori/quori_controller
2023-06-14 14:02:03,078 | INFO | topic[/quori/face_generator_emotion] removing connection to /rosbridge_websocket
2023-06-14 14:02:03,079 | INFO | atexit
