2023-06-14 13:13:22,846 | INFO | =====================================
2023-06-14 13:13:22,846 | INFO | STARTING SET 1 OF lateral_raises
2023-06-14 13:13:22,846 | INFO | =====================================
2023-06-14 13:13:22,847 | INFO | Moving arm from up to halfway
2023-06-14 13:13:22,847 | INFO | Moving from [1.7, -1.1, 0, -1.1, -0.2] to [1.1, -1.1, 0, -1.1, -0.2] for duration 4
2023-06-14 13:13:22,849 | INFO | topic[/joint_angles] adding connection to [http://172.26.171.145:35663/], count 0
2023-06-14 13:13:26,852 | INFO | Robot says: Get ready for set 1 out of 2 of lateral raises
2023-06-14 13:13:28,855 | INFO | Robot smiling at intensity 0.8 for duration 4
2023-06-14 13:13:34,861 | INFO | -------------------Recording!
2023-06-14 13:13:34,862 | INFO | Moving arm from halfway to sides
2023-06-14 13:13:34,862 | INFO | Moving from [1.1, -1.1, 0, -1.1, -0.2] to [0.2, -1.1, 0, -1.1, -0.2] for duration 4
2023-06-14 13:13:36,865 | INFO | Robot says: Start lateral raises now
2023-06-14 13:13:40,492 | INFO | Current peak 79
2023-06-14 13:13:44,558 | INFO | Current peak 181
2023-06-14 13:13:45,094 | INFO | Good expert min 2721.082519194442 All expert min 2612.489415261684
2023-06-14 13:13:45,634 | INFO | Good expert min 2368.413521359298 All expert min 2368.413521359298
2023-06-14 13:13:46,116 | INFO | Good expert min 4523.127561331326 All expert min 4523.127561331326
2023-06-14 13:13:46,657 | INFO | Good expert min 3499.67501874555 All expert min 3499.67501874555
2023-06-14 13:13:46,693 | INFO | Actual Duration 4.104471, Average Expert Duration 3.073079411764706
2023-06-14 13:13:46,734 | INFO | {'speed': 'good', 'correction': ['bad right shoulder', 'bad left shoulder', 'bad right elbow', 'bad left elbow'], 'evaluation': [-1, -1, -1, -1]}
2023-06-14 13:13:46,774 | INFO | Evaluation case  with message - 
2023-06-14 13:13:46,815 | INFO | Speed case  with message - 
2023-06-14 13:13:46,856 | INFO | Moving from [0.13191622854180213, -1.1822704096740004, 0.006277517422701551, -1.1655988311233756, -0.2609592833257003] to [0.26068188194562325, -1.127969201034568, 0.08621954271456009, -1.1864285463032842, -0.14392904197943052] for duration 2
2023-06-14 13:13:57,523 | INFO | Current peak 465
2023-06-14 13:13:58,047 | INFO | Good expert min 10804.415131786607 All expert min 10804.415131786607
2023-06-14 13:13:58,577 | INFO | Good expert min 8281.91635379407 All expert min 8281.91635379407
2023-06-14 13:13:59,062 | INFO | Good expert min 15649.178005800588 All expert min 15649.178005800588
2023-06-14 13:13:59,636 | INFO | Good expert min 12381.642045332099 All expert min 12381.642045332099
2023-06-14 13:13:59,667 | INFO | Actual Duration 12.972342, Average Expert Duration 3.073079411764706
2023-06-14 13:13:59,708 | INFO | {'speed': 'good', 'correction': ['bad right shoulder', 'bad left shoulder', 'bad right elbow', 'bad left elbow'], 'evaluation': [-1, -1, -1, -1]}
2023-06-14 13:13:59,738 | INFO | Evaluation case 1i with message - Great work, try to get a full range of motion in your shoulders.
2023-06-14 13:13:59,769 | INFO | Speed case  with message - 
2023-06-14 13:13:59,810 | INFO | Robot says: Great work, try to get a full range of motion in your shoulders.
2023-06-14 13:13:59,867 | INFO | Moving from [0.2, -1.1, 0, -1.1, -0.188] to [0.2, -1.1, 0, -1.1, -0.188] for duration 4
2023-06-14 13:14:03,922 | INFO | Robot frowning at intensity 0.0 for duration 4
2023-06-14 13:14:06,833 | INFO | Current peak 510
2023-06-14 13:14:07,226 | INFO | Good expert min 1523.1988357006496 All expert min 1247.504536025459
2023-06-14 13:14:07,812 | INFO | Good expert min 1548.6236332315452 All expert min 1333.0758944219574
2023-06-14 13:14:08,361 | INFO | Good expert min 2494.1520994458124 All expert min 1951.642638518032
2023-06-14 13:14:08,883 | INFO | Good expert min 1959.274901515063 All expert min 1826.4621057213094
2023-06-14 13:14:08,919 | INFO | Actual Duration 8.13001, Average Expert Duration 3.073079411764706
2023-06-14 13:14:08,965 | INFO | {'speed': 'good', 'correction': ['low range of motion right shoulder', 'low range of motion left shoulder', 'bad right elbow', 'bad left elbow'], 'evaluation': [-1, -1, -1, -1]}
2023-06-14 13:14:09,006 | INFO | Evaluation case  with message - 
2023-06-14 13:14:09,047 | INFO | Speed case 4b with message - Great work, nice pace.
2023-06-14 13:14:09,088 | INFO | Skipping Great work, nice pace.
2023-06-14 13:14:09,113 | INFO | Moving from [0, -0.8, 0, -0.8, 0.084] to [0.2, -1.1, 0, -1.1, -0.188] for duration 4
2023-06-14 13:14:13,164 | INFO | Robot smiling at intensity 0.9 for duration 4
2023-06-14 13:14:16,379 | INFO | Current peak 602
2023-06-14 13:14:16,945 | INFO | Good expert min 3276.7294124479467 All expert min 3276.7294124479467
2023-06-14 13:14:17,529 | INFO | Good expert min 3458.700201235762 All expert min 3458.700201235762
2023-06-14 13:14:18,070 | INFO | Good expert min 4042.357007902665 All expert min 4042.357007902665
2023-06-14 13:14:18,624 | INFO | Good expert min 4020.6279811085287 All expert min 4020.6279811085287
2023-06-14 13:14:18,655 | INFO | Actual Duration 9.552525, Average Expert Duration 3.073079411764706
2023-06-14 13:14:18,690 | INFO | {'speed': 'good', 'correction': ['bad right shoulder', 'bad left shoulder', 'bad right elbow', 'bad left elbow'], 'evaluation': [-1, -1, -1, -1]}
2023-06-14 13:14:18,731 | INFO | Evaluation case  with message - 
2023-06-14 13:14:18,777 | INFO | Speed case  with message - 
2023-06-14 13:14:18,808 | INFO | Moving from [0.22013378479706722, -1.008075496863797, 0.09195922813458624, -1.1995470239820363, -0.2791064893836037] to [0.21557928652083766, -1.0844870072822126, -0.04867266100707495, -1.0748831705034505, -0.0932739538855143] for duration 2
2023-06-14 13:14:21,939 | INFO | Current peak 662
2023-06-14 13:14:22,486 | INFO | Good expert min 730.8112033938213 All expert min 592.8225455424579
2023-06-14 13:14:23,017 | INFO | Good expert min 865.5163406308437 All expert min 865.5163406308437
2023-06-14 13:14:23,574 | INFO | Good expert min 1350.7291568636 All expert min 1350.7291568636
2023-06-14 13:14:24,191 | INFO | Good expert min 1499.914732437176 All expert min 1499.914732437176
2023-06-14 13:14:24,227 | INFO | Actual Duration 5.58209, Average Expert Duration 3.073079411764706
2023-06-14 13:14:24,278 | INFO | {'speed': 'good', 'correction': ['high range of motion right shoulder', 'Good left shoulder', 'Good right elbow', 'Good left elbow'], 'evaluation': [-1, 1, 1, 1]}
2023-06-14 13:14:24,320 | INFO | Evaluation case  with message - 
2023-06-14 13:14:24,360 | INFO | Speed case  with message - 
2023-06-14 13:14:24,396 | INFO | Moving from [0.2691356520178987, -1.0399159509007747, -0.0006821710864236968, -1.024636311555561, -0.20446424175554598] to [0.1417439004830036, -1.1582655993436193, -0.01110727186416001, -1.0828466594889214, -0.2671631744482903] for duration 2
2023-06-14 13:14:24,861 | INFO | -------------------Done with exercise
2023-06-14 13:14:24,862 | INFO | Robot says: Almost done.
2023-06-14 13:14:25,470 | INFO | Good expert min 881.2613575975474 All expert min 802.30858955227
2023-06-14 13:14:25,499 | INFO | Good expert min 778.2906247022229 All expert min 778.2906247022229
2023-06-14 13:14:25,526 | INFO | Good expert min 1424.5513049288595 All expert min 1424.5513049288595
2023-06-14 13:14:25,554 | INFO | Good expert min 1274.6954854131566 All expert min 1274.6954854131566
2023-06-14 13:14:25,554 | INFO | Actual Duration -1.433041, Average Expert Duration 3.073079411764706
2023-06-14 13:14:25,554 | INFO | {'speed': 'fast', 'correction': ['high range of motion right shoulder', 'Good left shoulder', 'Good right elbow', 'Good left elbow'], 'evaluation': [-1, 1, 1, 1]}
2023-06-14 13:14:25,554 | INFO | Evaluation case 1d with message - Great work, can you focus on stopping your right arm at 90 degrees?
2023-06-14 13:14:25,554 | INFO | Speed case  with message - 
2023-06-14 13:14:25,554 | INFO | Skipping Great work, can you focus on stopping your right arm at 90 degrees?
2023-06-14 13:14:25,555 | INFO | Moving from [0.2, -1.1, 0, -1.1, -0.188] to [0.2, -1.1, 0, -1.1, -0.188] for duration 4
2023-06-14 13:14:27,865 | INFO | Robot says: Rest.
2023-06-14 13:14:29,559 | INFO | Robot frowning at intensity 0.0 for duration 4
2023-06-14 13:14:29,869 | INFO | Robot smiling at intensity 0.8 for duration 4
2023-06-14 13:14:29,869 | INFO | Robot says: Using the scale next to you, how difficult was that last set, from 1 to 10?
2023-06-14 13:14:29,870 | INFO | Moving arm from sides to up
2023-06-14 13:14:29,870 | INFO | Moving from [0.2, -1.1, 0, -1.1, -0.188] to [1.7, -1.1, 0, -1.1, -0.188] for duration 4
2023-06-14 13:14:31,873 | INFO | Total Number of Reps 6
2023-06-14 13:14:31,873 | INFO | Total Angles 700
2023-06-14 13:14:31,874 | INFO | topic impl's ref count is zero, deleting topic /joint_angles...
2023-06-14 13:14:31,874 | INFO | topic[/joint_angles] removing connection to http://172.26.171.145:35663/
2023-06-14 13:14:31,882 | INFO | Saved file Participant_14_Round_2_Robot_3_Exercise_lateral_raises_Set_1.npz
2023-06-14 13:14:49,869 | INFO | Robot says: Rest for 20 more seconds.
2023-06-14 13:15:10,263 | INFO | =====================================
2023-06-14 13:15:10,264 | INFO | STARTING SET 2 OF lateral_raises
2023-06-14 13:15:10,264 | INFO | =====================================
2023-06-14 13:15:10,264 | INFO | Moving arm from up to halfway
2023-06-14 13:15:10,265 | INFO | Moving from [1.7, -1.1, 0, -1.1, -0.2] to [1.1, -1.1, 0, -1.1, -0.2] for duration 4
2023-06-14 13:15:10,268 | INFO | topic[/joint_angles] adding connection to [http://172.26.171.145:35663/], count 0
2023-06-14 13:15:14,270 | INFO | Robot says: Get ready for set 2 out of 2 of lateral raises
2023-06-14 13:15:16,273 | INFO | Robot smiling at intensity 0.8 for duration 4
2023-06-14 13:15:22,279 | INFO | -------------------Recording!
2023-06-14 13:15:22,279 | INFO | Moving arm from halfway to sides
2023-06-14 13:15:22,279 | INFO | Moving from [1.1, -1.1, 0, -1.1, -0.2] to [0.2, -1.1, 0, -1.1, -0.2] for duration 4
2023-06-14 13:15:24,282 | INFO | Robot says: Start lateral raises now
2023-06-14 13:15:33,019 | INFO | Current peak 242
2023-06-14 13:15:43,883 | INFO | Current peak 399
2023-06-14 13:15:44,416 | INFO | Good expert min 7258.390963147173 All expert min 7168.441497684217
2023-06-14 13:15:44,893 | INFO | Good expert min 5964.891699577028 All expert min 5964.891699577028
2023-06-14 13:15:45,472 | INFO | Good expert min 9398.872198432327 All expert min 9398.872198432327
2023-06-14 13:15:46,101 | INFO | Good expert min 6917.747681359331 All expert min 6917.747681359331
2023-06-14 13:15:46,142 | INFO | Actual Duration 5.809012, Average Expert Duration 3.073079411764706
2023-06-14 13:15:46,193 | INFO | {'speed': 'good', 'correction': ['bad right shoulder', 'bad left shoulder', 'bad right elbow', 'bad left elbow'], 'evaluation': [-1, -1, -1, -1]}
2023-06-14 13:15:46,245 | INFO | Evaluation case  with message - 
2023-06-14 13:15:46,291 | INFO | Speed case  with message - 
2023-06-14 13:15:46,342 | INFO | Moving from [0.2247264136694089, -1.0884686509949653, -0.09555997525914767, -1.161621314267939, -0.1817486336610179] to [0.25380668415018537, -1.0053286270772488, -0.0015622298361799986, -1.088427921604174, -0.22673135311873452] for duration 2
2023-06-14 13:15:50,285 | INFO | Current peak 427
2023-06-14 13:15:50,841 | INFO | Good expert min 307.19700375663894 All expert min 257.0330041138046
2023-06-14 13:15:51,385 | INFO | Good expert min 457.0349880878548 All expert min 326.14487152497526
2023-06-14 13:15:51,935 | INFO | Good expert min 1098.7305868586507 All expert min 673.1269252377548
2023-06-14 13:15:52,556 | INFO | Good expert min 1091.6241694890157 All expert min 774.3366989917512
2023-06-14 13:15:52,598 | INFO | Actual Duration 1.114441, Average Expert Duration 3.073079411764706
2023-06-14 13:15:52,628 | INFO | {'speed': 'good', 'correction': ['low range of motion right shoulder', 'low range of motion left shoulder', 'low range of motion right elbow', 'low range of motion left elbow'], 'evaluation': [-1, -1, -1, -1]}
2023-06-14 13:15:52,680 | INFO | Evaluation case  with message - 
2023-06-14 13:15:52,731 | INFO | Speed case  with message - 
2023-06-14 13:15:52,787 | INFO | Moving from [0.1666625951249365, -1.1404091566115282, -0.09795755846024122, -1.1767322485765108, -0.21907353849297428] to [0.27789981940061526, -1.0379194011716022, -0.0965778059335323, -1.0061561429105899, -0.13730290291735137] for duration 2
2023-06-14 13:15:54,518 | INFO | Current peak 570
2023-06-14 13:15:55,041 | INFO | Good expert min 1508.9210843640637 All expert min 1351.888977882131
2023-06-14 13:15:55,580 | INFO | Good expert min 1289.8325783483388 All expert min 1289.8325783483388
2023-06-14 13:15:56,190 | INFO | Good expert min 2797.0866225434484 All expert min 2797.0866225434484
2023-06-14 13:15:56,800 | INFO | Good expert min 2541.220430421871 All expert min 2541.220430421871
2023-06-14 13:15:56,842 | INFO | Actual Duration 9.080056, Average Expert Duration 3.073079411764706
2023-06-14 13:15:56,903 | INFO | {'speed': 'good', 'correction': ['high range of motion right shoulder', 'Good left shoulder', 'bad right elbow', 'bad left elbow'], 'evaluation': [-1, 1, -1, -1]}
2023-06-14 13:15:56,954 | INFO | Evaluation case  with message - 
2023-06-14 13:15:56,990 | INFO | Speed case 4b with message - Great work, nice pace.
2023-06-14 13:15:57,026 | INFO | Robot says: Great work, nice pace.
2023-06-14 13:15:57,063 | INFO | Moving from [0, -0.8, 0, -0.8, 0.084] to [0.2, -1.1, 0, -1.1, -0.2] for duration 4
2023-06-14 13:16:01,120 | INFO | Robot smiling at intensity 0.9 for duration 4
2023-06-14 13:16:02,094 | INFO | Current peak 598
2023-06-14 13:16:02,700 | INFO | Good expert min 2382.483021158313 All expert min 2382.483021158313
2023-06-14 13:16:03,315 | INFO | Good expert min 1875.8500798339828 All expert min 1875.8500798339828
2023-06-14 13:16:03,887 | INFO | Good expert min 2600.7888852798396 All expert min 2600.7888852798396
2023-06-14 13:16:04,570 | INFO | Good expert min 2087.318713426923 All expert min 2087.318713426923
2023-06-14 13:16:04,576 | INFO | Actual Duration 0.814269, Average Expert Duration 3.073079411764706
2023-06-14 13:16:04,612 | INFO | {'speed': 'good', 'correction': ['bad right shoulder', 'ok left shoulder', 'bad right elbow', 'bad left elbow'], 'evaluation': [-1, 0, -1, -1]}
2023-06-14 13:16:04,663 | INFO | Evaluation case 1i with message - Great work, try to get a full range of motion in your shoulders.
2023-06-14 13:16:04,710 | INFO | Speed case  with message - 
2023-06-14 13:16:04,761 | INFO | Robot says: Great work, try to get a full range of motion in your shoulders.
2023-06-14 13:16:04,812 | INFO | Moving from [0.2, -1.1, 0, -1.1, -0.188] to [0.2, -1.1, 0, -1.1, -0.188] for duration 4
2023-06-14 13:16:08,878 | INFO | Robot frowning at intensity 0.0 for duration 4
2023-06-14 13:16:09,388 | INFO | Current peak 619
2023-06-14 13:16:09,766 | INFO | Good expert min 443.69150519807437 All expert min 395.46813175029257
2023-06-14 13:16:10,381 | INFO | Good expert min 651.0175111223014 All expert min 546.604116645067
2023-06-14 13:16:10,948 | INFO | Good expert min 969.2257895931036 All expert min 969.2257895931036
2023-06-14 13:16:11,556 | INFO | Good expert min 1007.7738368290823 All expert min 867.1266775582076
2023-06-14 13:16:11,603 | INFO | Actual Duration 0.674209, Average Expert Duration 3.073079411764706
2023-06-14 13:16:11,644 | INFO | {'speed': 'good', 'correction': ['low range of motion right shoulder', 'low range of motion left shoulder', 'Good right elbow', 'low range of motion left elbow'], 'evaluation': [-1, -1, 1, -1]}
2023-06-14 13:16:11,695 | INFO | Evaluation case  with message - 
2023-06-14 13:16:11,741 | INFO | Speed case  with message - 
2023-06-14 13:16:11,792 | INFO | Moving from [0.2727107274348388, -1.1917338527016925, -0.013940270453597026, -1.1345880898398593, -0.28303079795314556] to [0.2547372116174428, -1.1063977994325438, 0.09299496900106136, -1.039339023527378, -0.10662480535493218] for duration 2
2023-06-14 13:16:12,279 | INFO | -------------------Done with exercise
2023-06-14 13:16:12,279 | INFO | Robot says: Almost done.
2023-06-14 13:16:12,897 | INFO | Good expert min 971.1771304309722 All expert min 683.8276885193309
2023-06-14 13:16:12,927 | INFO | Good expert min 1336.1129305710529 All expert min 1256.0624052614116
2023-06-14 13:16:12,957 | INFO | Good expert min 2068.9728499047865 All expert min 1988.4436048183607
2023-06-14 13:16:12,988 | INFO | Good expert min 1912.4647219761 All expert min 1842.646773866699
2023-06-14 13:16:12,988 | INFO | Actual Duration -19.097908, Average Expert Duration 3.073079411764706
2023-06-14 13:16:12,988 | INFO | {'speed': 'fast', 'correction': ['low range of motion right shoulder', 'low range of motion left shoulder', 'bad right elbow', 'bad left elbow'], 'evaluation': [-1, -1, -1, -1]}
2023-06-14 13:16:12,989 | INFO | Evaluation case  with message - 
2023-06-14 13:16:12,989 | INFO | Speed case  with message - 
2023-06-14 13:16:12,989 | INFO | Moving from [0.2708314928569271, -1.0240736276209674, -0.015883278802289374, -1.1310086100223171, -0.17548247885197785] to [0.25236746210956196, -1.0188510104356072, 0.06524095095756277, -1.114724461006123, -0.1095211397997676] for duration 2
2023-06-14 13:16:15,282 | INFO | Robot says: Rest.
2023-06-14 13:16:17,286 | INFO | Robot smiling at intensity 0.8 for duration 4
2023-06-14 13:16:17,287 | INFO | Robot says: Using the scale next to you, how difficult was that last set, from 1 to 10?
2023-06-14 13:16:17,287 | INFO | Moving arm from sides to up
2023-06-14 13:16:17,288 | INFO | Moving from [0.2, -1.1, 0, -1.1, -0.188] to [1.7, -1.1, 0, -1.1, -0.188] for duration 4
2023-06-14 13:16:19,291 | INFO | Total Number of Reps 6
2023-06-14 13:16:19,291 | INFO | Total Angles 690
2023-06-14 13:16:19,291 | INFO | topic impl's ref count is zero, deleting topic /joint_angles...
2023-06-14 13:16:19,292 | INFO | topic[/joint_angles] removing connection to http://172.26.171.145:35663/
2023-06-14 13:16:19,300 | INFO | Saved file Participant_14_Round_2_Robot_3_Exercise_lateral_raises_Set_2.npz
2023-06-14 13:16:27,309 | INFO | Robot says: Please walk over to the researcher to fill out a survey.
2023-06-14 13:16:27,311 | INFO | signal_shutdown [atexit]
2023-06-14 13:16:27,464 | INFO | topic[/rosout] removing connection to /rosout
2023-06-14 13:16:27,464 | INFO | topic[/quori_sound] removing connection to /quori_sound
2023-06-14 13:16:27,465 | INFO | topic[/quori/joint_trajectory_controller/command] removing connection to /quori/quori_controller
2023-06-14 13:16:27,466 | INFO | topic[/quori/face_generator_emotion] removing connection to /rosbridge_websocket
2023-06-14 13:16:27,466 | INFO | atexit
