2023-06-15 14:19:11,506 | INFO | topic[/quori_sound] adding connection to [/quori_sound], count 0
2023-06-15 14:19:11,512 | INFO | =====================================
2023-06-15 14:19:11,512 | INFO | STARTING SET 1 OF bicep_curls
2023-06-15 14:19:11,512 | INFO | =====================================
2023-06-15 14:19:11,512 | INFO | Moving arm from up to halfway
2023-06-15 14:19:11,512 | INFO | Moving from [1.7, -1.1, 0, -1.1, -0.2] to [1.1, -1.1, 0, -1.1, -0.2] for duration 4
2023-06-15 14:19:11,514 | INFO | topic[/joint_angles] adding connection to [http://172.26.171.145:40103/], count 0
2023-06-15 14:19:11,598 | INFO | topic[/quori/face_generator_emotion] adding connection to [/rosbridge_websocket], count 0
2023-06-15 14:19:11,693 | INFO | topic[/rosout] adding connection to [/rosout], count 0
2023-06-15 14:19:11,704 | INFO | topic[/quori/joint_trajectory_controller/command] adding connection to [/quori/quori_controller], count 0
2023-06-15 14:19:15,515 | INFO | Robot says: Get ready for set 1 out of 2 of bicep curls
2023-06-15 14:19:17,531 | INFO | Robot smiling at intensity 0.8 for duration 4
2023-06-15 14:19:23,537 | INFO | -------------------Recording!
2023-06-15 14:19:23,537 | INFO | Moving arm from halfway to sides
2023-06-15 14:19:23,538 | INFO | Moving from [1.1, -1.1, 0, -1.1, -0.2] to [0.2, -1.1, 0, -1.1, -0.2] for duration 4
2023-06-15 14:19:25,541 | INFO | Robot says: Start bicep curls now
2023-06-15 14:19:28,236 | INFO | Current peak 76
2023-06-15 14:19:30,218 | INFO | Current peak 133
2023-06-15 14:19:31,106 | INFO | Good expert min 1021.5721226252805 All expert min 1021.5721226252805
2023-06-15 14:19:31,535 | INFO | Good expert min 2106.792477680091 All expert min 1825.9271830939958
2023-06-15 14:19:32,105 | INFO | Good expert min 755.46494406541 All expert min 755.46494406541
2023-06-15 14:19:32,739 | INFO | Good expert min 715.4928130603324 All expert min 715.4928130603324
2023-06-15 14:19:32,750 | INFO | Actual Duration 1.885713, Average Expert Duration 2.71982825
2023-06-15 14:19:32,765 | INFO | {'speed': 'good', 'correction': ['Good right shoulder', 'bad left shoulder', 'Good right elbow', 'Good left elbow'], 'evaluation': [1, -1, 1, 1]}
2023-06-15 14:19:32,786 | INFO | Evaluation case  with message - 
2023-06-15 14:19:32,801 | INFO | Speed case  with message - 
2023-06-15 14:19:32,827 | INFO | Moving from [0.27133693291338146, -1.1702983563038751, -0.04198845031315142, -1.1651856555026574, -0.18750081644015865] to [0.12464665205093581, -1.0727082388919067, 0.02334616173142616, -1.090136549060965, -0.24849036039649866] for duration 2
2023-06-15 14:19:35,492 | INFO | Current peak 188
2023-06-15 14:19:36,097 | INFO | Good expert min 1164.9899547834195 All expert min 1164.9899547834195
2023-06-15 14:19:36,763 | INFO | Good expert min 2451.7634176548436 All expert min 2451.7634176548436
2023-06-15 14:19:37,404 | INFO | Good expert min 1212.8155294089538 All expert min 1212.8155294089538
2023-06-15 14:19:38,035 | INFO | Good expert min 1252.6371179579996 All expert min 1252.6371179579996
2023-06-15 14:19:38,050 | INFO | Actual Duration 5.391494, Average Expert Duration 2.71982825
2023-06-15 14:19:38,066 | INFO | {'speed': 'good', 'correction': ['Good right shoulder', 'bad left shoulder', 'Good right elbow', 'Good left elbow'], 'evaluation': [1, -1, 1, 1]}
2023-06-15 14:19:38,081 | INFO | Evaluation case 1h with message - You are doing great, can you focus a bit more on your left side?
2023-06-15 14:19:38,097 | INFO | Speed case  with message - 
2023-06-15 14:19:38,112 | INFO | Robot says: You are doing great, can you focus a bit more on your left side?
2023-06-15 14:19:38,128 | INFO | Moving from [0.2, -1.1, 0, -1.1, -0.188] to [0.2, -1.1, 0, -1.1, -0.188] for duration 4
2023-06-15 14:19:42,163 | INFO | Robot frowning at intensity 0.0 for duration 4
2023-06-15 14:19:43,808 | INFO | Current peak 232
2023-06-15 14:19:44,400 | INFO | Good expert min 808.472514629722 All expert min 808.472514629722
2023-06-15 14:19:44,663 | INFO | Good expert min 998.023148582932 All expert min 998.023148582932
2023-06-15 14:19:45,293 | INFO | Good expert min 533.8014625127296 All expert min 533.8014625127296
2023-06-15 14:19:45,495 | INFO | Good expert min 707.8179250267482 All expert min 707.8179250267482
2023-06-15 14:19:45,500 | INFO | Actual Duration 8.07971, Average Expert Duration 2.71982825
2023-06-15 14:19:45,500 | INFO | {'speed': 'good', 'correction': ['Good right shoulder', 'Good left shoulder', 'Good right elbow', 'Good left elbow'], 'evaluation': [1, 1, 1, 1]}
2023-06-15 14:19:45,501 | INFO | Evaluation case 2a with message - Looks good, great job!
2023-06-15 14:19:45,516 | INFO | Speed case 4b with message - Great work, nice pace.
2023-06-15 14:19:45,536 | INFO | Skipping Looks good, great job!
2023-06-15 14:19:45,557 | INFO | Moving from [0, -0.8, 0, -0.8, 0.084] to [0.2, -1.1, 0, -1.1, -0.188] for duration 4
2023-06-15 14:19:49,587 | INFO | Robot smiling at intensity 0.9 for duration 4
2023-06-15 14:19:50,369 | INFO | Current peak 268
2023-06-15 14:19:50,989 | INFO | Good expert min 358.41581727532974 All expert min 358.41581727532974
2023-06-15 14:19:51,581 | INFO | Good expert min 380.3561512147422 All expert min 380.3561512147422
2023-06-15 14:19:52,138 | INFO | Good expert min 678.7355247045518 All expert min 678.7355247045518
2023-06-15 14:19:52,640 | INFO | Good expert min 924.6947628042986 All expert min 924.6947628042986
2023-06-15 14:19:52,655 | INFO | Actual Duration 6.75027, Average Expert Duration 2.71982825
2023-06-15 14:19:52,676 | INFO | {'speed': 'slow', 'correction': ['Good right shoulder', 'Good left shoulder', 'Good right elbow', 'Good left elbow'], 'evaluation': [1, 1, 1, 1]}
2023-06-15 14:19:52,691 | INFO | Evaluation case  with message - 
2023-06-15 14:19:52,702 | INFO | Speed case  with message - 
2023-06-15 14:19:52,717 | INFO | Moving from [0.152054586597045, -1.1377352028286407, -0.009132798366763978, -1.1591647738200341, -0.11185631158186704] to [0.2487448101360373, -1.1413677403917881, -0.08805103514867968, -1.1493158518924833, -0.2739439622450789] for duration 2
2023-06-15 14:19:55,136 | INFO | Current peak 316
2023-06-15 14:19:55,588 | INFO | Good expert min 1160.2106437657944 All expert min 1160.2106437657944
2023-06-15 14:19:56,216 | INFO | Good expert min 1323.9995445725588 All expert min 1323.9995445725588
2023-06-15 14:19:56,736 | INFO | Good expert min 634.6755515274434 All expert min 634.6755515274434
2023-06-15 14:19:57,253 | INFO | Good expert min 834.6904544417464 All expert min 834.6904544417464
2023-06-15 14:19:57,268 | INFO | Actual Duration 4.752972, Average Expert Duration 2.71982825
2023-06-15 14:19:57,284 | INFO | {'speed': 'good', 'correction': ['Good right shoulder', 'Good left shoulder', 'Good right elbow', 'Good left elbow'], 'evaluation': [1, 1, 1, 1]}
2023-06-15 14:19:57,299 | INFO | Evaluation case 2b with message - Looks good, great job!
2023-06-15 14:19:57,315 | INFO | Speed case  with message - 
2023-06-15 14:19:57,330 | INFO | Robot says: Looks good, great job!
2023-06-15 14:19:57,351 | INFO | Moving from [0, -0.8, 0, -0.8, 0.084] to [0.2, -1.1, 0, -1.1, -0.188] for duration 4
2023-06-15 14:20:01,381 | INFO | Robot smiling at intensity 0.9 for duration 4
2023-06-15 14:20:02,230 | INFO | Current peak 341
2023-06-15 14:20:02,811 | INFO | Good expert min 402.6964168328725 All expert min 402.6964168328725
2023-06-15 14:20:03,353 | INFO | Good expert min 328.0040208900201 All expert min 310.6917427779586
2023-06-15 14:20:03,961 | INFO | Good expert min 677.1282028943393 All expert min 677.1282028943393
2023-06-15 14:20:04,610 | INFO | Good expert min 691.4698947161266 All expert min 683.2983271114608
2023-06-15 14:20:04,616 | INFO | Actual Duration 6.872535, Average Expert Duration 2.71982825
2023-06-15 14:20:04,641 | INFO | {'speed': 'slow', 'correction': ['Good right shoulder', 'low range of motion left shoulder', 'Good right elbow', 'low range of motion left elbow'], 'evaluation': [1, -1, 1, -1]}
2023-06-15 14:20:04,657 | INFO | Evaluation case  with message - 
2023-06-15 14:20:04,672 | INFO | Speed case  with message - 
2023-06-15 14:20:04,703 | INFO | Moving from [0.13467324329157201, -1.0800687710513392, 0.014632557529520335, -1.0012764680880892, -0.148264244316264] to [0.11349381208738174, -1.0725490091874472, 0.04832583781247768, -1.0085976982487177, -0.27892618738356423] for duration 2
2023-06-15 14:20:06,433 | INFO | Current peak 376
2023-06-15 14:20:07,023 | INFO | Good expert min 340.1442956724441 All expert min 340.1442956724441
2023-06-15 14:20:07,479 | INFO | Good expert min 383.6656007580858 All expert min 383.6656007580858
2023-06-15 14:20:08,068 | INFO | Good expert min 596.8730829033042 All expert min 596.8730829033042
2023-06-15 14:20:08,700 | INFO | Good expert min 770.9559282570192 All expert min 770.9559282570192
2023-06-15 14:20:08,721 | INFO | Actual Duration 4.403692, Average Expert Duration 2.71982825
2023-06-15 14:20:08,742 | INFO | {'speed': 'good', 'correction': ['Good right shoulder', 'Good left shoulder', 'Good right elbow', 'Good left elbow'], 'evaluation': [1, 1, 1, 1]}
2023-06-15 14:20:08,772 | INFO | Evaluation case  with message - 
2023-06-15 14:20:08,788 | INFO | Speed case  with message - 
2023-06-15 14:20:08,803 | INFO | Moving from [0.2289459408051415, -1.199645601129303, -0.06943549181889648, -1.1461449016573595, -0.2149523181635643] to [0.2347090554309509, -1.026488253057433, -0.07827157378001284, -1.0027423216126508, -0.16430510039582116] for duration 2
2023-06-15 14:20:10,888 | INFO | Current peak 410
2023-06-15 14:20:11,482 | INFO | Good expert min 473.480732968672 All expert min 473.480732968672
2023-06-15 14:20:12,087 | INFO | Good expert min 813.4732908237592 All expert min 777.7903497942746
2023-06-15 14:20:12,705 | INFO | Good expert min 652.5781196836989 All expert min 652.5781196836989
2023-06-15 14:20:13,267 | INFO | Good expert min 750.6392593735006 All expert min 750.6392593735006
2023-06-15 14:20:13,288 | INFO | Actual Duration 4.356685, Average Expert Duration 2.71982825
2023-06-15 14:20:13,303 | INFO | {'speed': 'good', 'correction': ['Good right shoulder', 'low range of motion left shoulder', 'Good right elbow', 'Good left elbow'], 'evaluation': [1, -1, 1, 1]}
2023-06-15 14:20:13,329 | INFO | Evaluation case  with message - 
2023-06-15 14:20:13,350 | INFO | Speed case  with message - 
2023-06-15 14:20:13,365 | INFO | Moving from [0.13978671133189813, -1.1494984164146231, 0.0748226985580798, -1.1046615632007994, -0.2548280912308486] to [0.15269629678502603, -1.1449527022190835, 0.09561456370264695, -1.1481495732838827, -0.15427662970476405] for duration 2
2023-06-15 14:20:13,537 | INFO | -------------------Done with exercise
2023-06-15 14:20:13,537 | INFO | Robot says: Almost done.
2023-06-15 14:20:16,541 | INFO | Robot says: Rest.
2023-06-15 14:20:18,544 | INFO | Robot smiling at intensity 0.8 for duration 4
2023-06-15 14:20:18,545 | INFO | Robot says: Using the scale next to you, how difficult was that last set, from 1 to 10?
2023-06-15 14:20:18,545 | INFO | Moving arm from sides to up
2023-06-15 14:20:18,545 | INFO | Moving from [0.2, -1.1, 0, -1.1, -0.188] to [1.7, -1.1, 0, -1.1, -0.188] for duration 4
2023-06-15 14:20:20,547 | INFO | Total Number of Reps 8
2023-06-15 14:20:20,547 | INFO | Total Angles 420
2023-06-15 14:20:20,547 | INFO | topic impl's ref count is zero, deleting topic /joint_angles...
2023-06-15 14:20:20,547 | INFO | topic[/joint_angles] removing connection to http://172.26.171.145:40103/
2023-06-15 14:20:20,555 | INFO | Saved file Participant_19_Round_3_Robot_3_Exercise_bicep_curls_Set_1.npz
2023-06-15 14:20:38,545 | INFO | Robot says: Rest for 20 more seconds.
2023-06-15 14:20:58,591 | INFO | =====================================
2023-06-15 14:20:58,591 | INFO | STARTING SET 2 OF bicep_curls
2023-06-15 14:20:58,591 | INFO | =====================================
2023-06-15 14:20:58,592 | INFO | Moving arm from up to halfway
2023-06-15 14:20:58,592 | INFO | Moving from [1.7, -1.1, 0, -1.1, -0.2] to [1.1, -1.1, 0, -1.1, -0.2] for duration 4
2023-06-15 14:20:58,595 | INFO | topic[/joint_angles] adding connection to [http://172.26.171.145:40103/], count 0
2023-06-15 14:21:02,597 | INFO | Robot says: Get ready for set 2 out of 2 of bicep curls
2023-06-15 14:21:04,599 | INFO | Robot smiling at intensity 0.8 for duration 4
2023-06-15 14:21:10,606 | INFO | -------------------Recording!
2023-06-15 14:21:10,606 | INFO | Moving arm from halfway to sides
2023-06-15 14:21:10,606 | INFO | Moving from [1.1, -1.1, 0, -1.1, -0.2] to [0.2, -1.1, 0, -1.1, -0.2] for duration 4
2023-06-15 14:21:12,609 | INFO | Robot says: Start bicep curls now
2023-06-15 14:21:15,616 | INFO | Current peak 76
2023-06-15 14:21:17,603 | INFO | Current peak 125
2023-06-15 14:21:18,187 | INFO | Good expert min 693.3252600593192 All expert min 693.3252600593192
2023-06-15 14:21:18,747 | INFO | Good expert min 1694.5567182412383 All expert min 1480.8177686533006
2023-06-15 14:21:19,444 | INFO | Good expert min 658.3141578005407 All expert min 658.3141578005407
2023-06-15 14:21:20,076 | INFO | Good expert min 719.371262214967 All expert min 719.371262214967
2023-06-15 14:21:20,086 | INFO | Actual Duration 1.938581, Average Expert Duration 2.71982825
2023-06-15 14:21:20,112 | INFO | {'speed': 'good', 'correction': ['Good right shoulder', 'low range of motion left shoulder', 'Good right elbow', 'Good left elbow'], 'evaluation': [1, -1, 1, 1]}
2023-06-15 14:21:20,147 | INFO | Evaluation case  with message - 
2023-06-15 14:21:20,173 | INFO | Speed case  with message - 
2023-06-15 14:21:20,204 | INFO | Moving from [0.21772557135594653, -1.1893068147509935, -0.0002918242412511124, -1.0320032878273646, -0.25571769350119367] to [0.27685722804876933, -1.0541359319397494, 0.09567863321421127, -1.1075057409400877, -0.10460649555467766] for duration 2
2023-06-15 14:21:21,603 | INFO | Current peak 145
2023-06-15 14:21:22,228 | INFO | Good expert min 436.45036467287923 All expert min 436.45036467287923
2023-06-15 14:21:22,910 | INFO | Good expert min 426.26186718889267 All expert min 316.9928887577304
2023-06-15 14:21:23,445 | INFO | Good expert min 1373.4822603017346 All expert min 795.7818013742923
2023-06-15 14:21:24,106 | INFO | Good expert min 1338.764097303735 All expert min 711.5042434546433
2023-06-15 14:21:24,137 | INFO | Actual Duration 4.001602, Average Expert Duration 2.71982825
2023-06-15 14:21:24,172 | INFO | {'speed': 'good', 'correction': ['Good right shoulder', 'low range of motion left shoulder', 'low range of motion right elbow', 'low range of motion left elbow'], 'evaluation': [1, -1, -1, -1]}
2023-06-15 14:21:24,203 | INFO | Evaluation case 1b with message - Great work. Can you focus on extending your left elbow?
2023-06-15 14:21:24,234 | INFO | Speed case  with message - 
2023-06-15 14:21:24,264 | INFO | Robot says: Great work. Can you focus on extending your left elbow?
2023-06-15 14:21:24,305 | INFO | Moving from [0.2, -1.1, 0, -1.1, -0.188] to [0.2, -1.1, 0, -1.1, -0.188] for duration 4
2023-06-15 14:21:28,351 | INFO | Robot frowning at intensity 0.0 for duration 4
2023-06-15 14:21:30,415 | INFO | Current peak 208
2023-06-15 14:21:31,040 | INFO | Good expert min 1487.2498290270485 All expert min 1487.2498290270485
2023-06-15 14:21:31,666 | INFO | Good expert min 2246.616012028965 All expert min 2246.616012028965
2023-06-15 14:21:32,146 | INFO | Good expert min 877.943423271756 All expert min 877.943423271756
2023-06-15 14:21:32,707 | INFO | Good expert min 1032.8758782793016 All expert min 1032.8758782793016
2023-06-15 14:21:32,733 | INFO | Actual Duration 8.541749, Average Expert Duration 2.71982825
2023-06-15 14:21:32,764 | INFO | {'speed': 'good', 'correction': ['Good right shoulder', 'bad left shoulder', 'Good right elbow', 'Good left elbow'], 'evaluation': [1, -1, 1, 1]}
2023-06-15 14:21:32,790 | INFO | Evaluation case  with message - 
2023-06-15 14:21:32,820 | INFO | Speed case 4b with message - Great work, nice pace.
2023-06-15 14:21:32,846 | INFO | Robot says: Great work, nice pace.
2023-06-15 14:21:32,871 | INFO | Moving from [0, -0.8, 0, -0.8, 0.084] to [0.2, -1.1, 0, -1.1, -0.188] for duration 4
2023-06-15 14:21:36,917 | INFO | Robot smiling at intensity 0.9 for duration 4
2023-06-15 14:21:37,015 | INFO | Current peak 227
2023-06-15 14:21:37,563 | INFO | Good expert min 1246.6812344086436 All expert min 1246.6812344086436
2023-06-15 14:21:38,217 | INFO | Good expert min 451.1770855966186 All expert min 451.1770855966186
2023-06-15 14:21:38,868 | INFO | Good expert min 626.3597406327727 All expert min 626.3597406327727
2023-06-15 14:21:39,537 | INFO | Good expert min 663.6265108229247 All expert min 663.6265108229247
2023-06-15 14:21:39,563 | INFO | Actual Duration 6.991285, Average Expert Duration 2.71982825
2023-06-15 14:21:39,599 | INFO | {'speed': 'slow', 'correction': ['Good right shoulder', 'Good left shoulder', 'Good right elbow', 'Good left elbow'], 'evaluation': [1, 1, 1, 1]}
2023-06-15 14:21:39,635 | INFO | Evaluation case 2a with message - Looks good, great job!
2023-06-15 14:21:39,660 | INFO | Speed case  with message - 
2023-06-15 14:21:39,691 | INFO | Robot says: Looks good, great job!
2023-06-15 14:21:39,722 | INFO | Moving from [0, -0.8, 0, -0.8, 0.084] to [0.2, -1.1, 0, -1.1, -0.188] for duration 4
2023-06-15 14:21:43,757 | INFO | Robot smiling at intensity 0.9 for duration 4
2023-06-15 14:21:46,007 | INFO | Current peak 297
2023-06-15 14:21:46,643 | INFO | Good expert min 1568.0133740251995 All expert min 1568.0133740251995
2023-06-15 14:21:47,364 | INFO | Good expert min 2828.8523298347604 All expert min 2377.217706009825
2023-06-15 14:21:48,035 | INFO | Good expert min 898.0336940454793 All expert min 898.0336940454793
2023-06-15 14:21:48,560 | INFO | Good expert min 1431.645074707746 All expert min 1431.645074707746
2023-06-15 14:21:48,591 | INFO | Actual Duration 8.904196, Average Expert Duration 2.71982825
2023-06-15 14:21:48,616 | INFO | {'speed': 'good', 'correction': ['ok right shoulder', 'bad left shoulder', 'Good right elbow', 'Good left elbow'], 'evaluation': [0, -1, 1, 1]}
2023-06-15 14:21:48,647 | INFO | Evaluation case  with message - 
2023-06-15 14:21:48,678 | INFO | Speed case  with message - 
2023-06-15 14:21:48,714 | INFO | Moving from [0.23027401418065216, -1.0492688951377989, 0.02986001745222705, -1.0497577559409186, -0.1726821249450968] to [0.28357898109413004, -1.0186395625429565, 0.07010072715610857, -1.1366305823426743, -0.14140477071273053] for duration 2
2023-06-15 14:21:50,488 | INFO | Current peak 324
2023-06-15 14:21:51,063 | INFO | Good expert min 628.0817701680043 All expert min 628.0817701680043
2023-06-15 14:21:51,651 | INFO | Good expert min 557.0024847248987 All expert min 557.0024847248987
2023-06-15 14:21:52,249 | INFO | Good expert min 614.3140658378778 All expert min 614.3140658378778
2023-06-15 14:21:52,946 | INFO | Good expert min 820.7629442458045 All expert min 820.7629442458045
2023-06-15 14:21:52,947 | INFO | Actual Duration 4.421932, Average Expert Duration 2.71982825
2023-06-15 14:21:52,967 | INFO | {'speed': 'good', 'correction': ['Good right shoulder', 'Good left shoulder', 'Good right elbow', 'Good left elbow'], 'evaluation': [1, 1, 1, 1]}
2023-06-15 14:21:52,998 | INFO | Evaluation case  with message - 
2023-06-15 14:21:53,024 | INFO | Speed case  with message - 
2023-06-15 14:21:53,049 | INFO | Moving from [0.13064881129051403, -1.150151434679628, -0.015262143180955048, -1.1862899236422455, -0.10266709850980668] to [0.11240279685597959, -1.1310576737886393, -0.05216032135021296, -1.1898636203336754, -0.25271425574871087] for duration 2
2023-06-15 14:21:54,968 | INFO | Current peak 357
2023-06-15 14:21:55,622 | INFO | Good expert min 700.9602606344263 All expert min 700.9602606344263
2023-06-15 14:21:56,227 | INFO | Good expert min 956.2059589777871 All expert min 897.2766829712522
2023-06-15 14:21:56,859 | INFO | Good expert min 556.416471394989 All expert min 556.416471394989
2023-06-15 14:21:57,523 | INFO | Good expert min 782.7499561215319 All expert min 782.7499561215319
2023-06-15 14:21:57,549 | INFO | Actual Duration 4.515021, Average Expert Duration 2.71982825
2023-06-15 14:21:57,589 | INFO | {'speed': 'good', 'correction': ['Good right shoulder', 'low range of motion left shoulder', 'Good right elbow', 'Good left elbow'], 'evaluation': [1, -1, 1, 1]}
2023-06-15 14:21:57,610 | INFO | Evaluation case  with message - 
2023-06-15 14:21:57,641 | INFO | Speed case 4b with message - Nice job, great speed.
2023-06-15 14:21:57,666 | INFO | Robot says: Nice job, great speed.
2023-06-15 14:21:57,687 | INFO | Moving from [0, -0.8, 0, -0.8, 0.084] to [0.2, -1.1, 0, -1.1, -0.188] for duration 4
2023-06-15 14:22:00,606 | INFO | -------------------Done with exercise
2023-06-15 14:22:00,606 | INFO | Robot says: Almost done.
2023-06-15 14:22:01,723 | INFO | Robot smiling at intensity 0.9 for duration 4
2023-06-15 14:22:03,609 | INFO | Robot says: Rest.
2023-06-15 14:22:05,611 | INFO | Robot smiling at intensity 0.8 for duration 4
2023-06-15 14:22:05,611 | INFO | Robot says: Using the scale next to you, how difficult was that last set, from 1 to 10?
2023-06-15 14:22:05,612 | INFO | Moving arm from sides to up
2023-06-15 14:22:05,612 | INFO | Moving from [0.2, -1.1, 0, -1.1, -0.188] to [1.7, -1.1, 0, -1.1, -0.188] for duration 4
2023-06-15 14:22:07,615 | INFO | Total Number of Reps 7
2023-06-15 14:22:07,615 | INFO | Total Angles 360
2023-06-15 14:22:07,616 | INFO | topic impl's ref count is zero, deleting topic /joint_angles...
2023-06-15 14:22:07,616 | INFO | topic[/joint_angles] removing connection to http://172.26.171.145:40103/
2023-06-15 14:22:07,617 | ERROR | Traceback (most recent call last):
  File "/opt/ros/noetic/lib/python3/dist-packages/rospy/impl/tcpros_base.py", line 739, in receive_once
    sock.setblocking(1)
OSError: [Errno 9] Bad file descriptor

2023-06-15 14:22:07,623 | INFO | Saved file Participant_19_Round_3_Robot_3_Exercise_bicep_curls_Set_2.npz
2023-06-15 14:22:25,611 | INFO | Robot says: Rest for 20 more seconds.
2023-06-15 14:22:45,699 | INFO | =====================================
2023-06-15 14:22:45,700 | INFO | STARTING SET 1 OF lateral_raises
2023-06-15 14:22:45,700 | INFO | =====================================
2023-06-15 14:22:45,700 | INFO | Moving arm from up to halfway
2023-06-15 14:22:45,700 | INFO | Moving from [1.7, -1.1, 0, -1.1, -0.2] to [1.1, -1.1, 0, -1.1, -0.2] for duration 4
2023-06-15 14:22:45,703 | INFO | topic[/joint_angles] adding connection to [http://172.26.171.145:40103/], count 0
2023-06-15 14:22:49,705 | INFO | Robot says: Get ready for set 1 out of 2 of lateral raises
2023-06-15 14:22:51,707 | INFO | Robot smiling at intensity 0.8 for duration 4
2023-06-15 14:22:57,714 | INFO | -------------------Recording!
2023-06-15 14:22:57,714 | INFO | Moving arm from halfway to sides
2023-06-15 14:22:57,714 | INFO | Moving from [1.1, -1.1, 0, -1.1, -0.2] to [0.2, -1.1, 0, -1.1, -0.2] for duration 4
2023-06-15 14:22:59,717 | INFO | Robot says: Start lateral raises now
2023-06-15 14:23:02,932 | INFO | Current peak 77
2023-06-15 14:23:04,927 | INFO | Current peak 124
2023-06-15 14:23:05,413 | INFO | Good expert min 675.4283643507038 All expert min 675.4283643507038
2023-06-15 14:23:05,970 | INFO | Good expert min 1059.9218719377234 All expert min 1059.9218719377234
2023-06-15 14:23:06,448 | INFO | Good expert min 1011.3991882602652 All expert min 1011.3991882602652
2023-06-15 14:23:06,980 | INFO | Good expert min 1466.606237075794 All expert min 1466.606237075794
2023-06-15 14:23:07,021 | INFO | Actual Duration 1.884729, Average Expert Duration 3.073079411764706
2023-06-15 14:23:07,056 | INFO | {'speed': 'good', 'correction': ['Good right shoulder', 'Good left shoulder', 'Good right elbow', 'Good left elbow'], 'evaluation': [1, 1, 1, 1]}
2023-06-15 14:23:07,097 | INFO | Evaluation case  with message - 
2023-06-15 14:23:07,138 | INFO | Speed case  with message - 
2023-06-15 14:23:07,174 | INFO | Moving from [0.20905345044390897, -1.1278531918192065, 0.02652576925611183, -1.1445344437883458, -0.19512919642300167] to [0.19127782695214487, -1.1047639469171875, 0.019754394005282186, -1.0116755190932956, -0.1670791572060749] for duration 2
2023-06-15 14:23:08,613 | INFO | Current peak 146
2023-06-15 14:23:09,134 | INFO | Good expert min 453.5678523796116 All expert min 453.5678523796116
2023-06-15 14:23:09,643 | INFO | Good expert min 1173.0770295453353 All expert min 1173.0770295453353
2023-06-15 14:23:10,157 | INFO | Good expert min 1093.7607383330842 All expert min 715.3803161207741
2023-06-15 14:23:10,690 | INFO | Good expert min 1295.0629677057511 All expert min 1295.0629677057511
2023-06-15 14:23:10,726 | INFO | Actual Duration 3.781507, Average Expert Duration 3.073079411764706
2023-06-15 14:23:10,757 | INFO | {'speed': 'good', 'correction': ['Good right shoulder', 'Good left shoulder', 'low range of motion right elbow', 'Good left elbow'], 'evaluation': [1, 1, -1, 1]}
2023-06-15 14:23:10,782 | INFO | Evaluation case  with message - 
2023-06-15 14:23:10,818 | INFO | Speed case  with message - 
2023-06-15 14:23:10,854 | INFO | Moving from [0.27782382781676696, -1.0168676943308028, 0.09695852333620172, -1.0794122307750702, -0.14547141881702763] to [0.29188930389779066, -1.0044044165727442, -0.09924343233560601, -1.1225817806295701, -0.11993908829683772] for duration 2
2023-06-15 14:23:12,249 | INFO | Current peak 166
2023-06-15 14:23:12,822 | INFO | Good expert min 395.36228961606935 All expert min 378.4099106058034
2023-06-15 14:23:13,322 | INFO | Good expert min 757.9137193017489 All expert min 751.1046285088834
2023-06-15 14:23:13,867 | INFO | Good expert min 1092.7667920255005 All expert min 646.6735725639606
2023-06-15 14:23:14,374 | INFO | Good expert min 988.5241107706479 All expert min 988.5241107706479
2023-06-15 14:23:14,405 | INFO | Actual Duration 3.647323, Average Expert Duration 3.073079411764706
2023-06-15 14:23:14,446 | INFO | {'speed': 'good', 'correction': ['low range of motion right shoulder', 'low range of motion left shoulder', 'low range of motion right elbow', 'Good left elbow'], 'evaluation': [-1, -1, -1, 1]}
2023-06-15 14:23:14,487 | INFO | Evaluation case 1a with message - Great job, try to reach your right arm closer to 90 degrees.
2023-06-15 14:23:14,513 | INFO | Speed case 4b with message - Great work, nice pace.
2023-06-15 14:23:14,549 | INFO | Robot says: Great job, try to reach your right arm closer to 90 degrees.
2023-06-15 14:23:14,585 | INFO | Moving from [0.2, -1.1, 0, -1.1, -0.188] to [0.2, -1.1, 0, -1.1, -0.188] for duration 4
2023-06-15 14:23:18,644 | INFO | Robot frowning at intensity 0.0 for duration 4
2023-06-15 14:23:20,757 | INFO | Current peak 219
2023-06-15 14:23:21,241 | INFO | Good expert min 599.7511643422565 All expert min 599.7511643422565
2023-06-15 14:23:21,707 | INFO | Good expert min 1252.7273395216814 All expert min 1252.7273395216814
2023-06-15 14:23:22,220 | INFO | Good expert min 1013.8971427042787 All expert min 1013.8971427042787
2023-06-15 14:23:22,793 | INFO | Good expert min 1546.683894174305 All expert min 1546.683894174305
2023-06-15 14:23:22,823 | INFO | Actual Duration 8.149412, Average Expert Duration 3.073079411764706
2023-06-15 14:23:22,864 | INFO | {'speed': 'good', 'correction': ['Good right shoulder', 'Good left shoulder', 'Good right elbow', 'Good left elbow'], 'evaluation': [1, 1, 1, 1]}
2023-06-15 14:23:22,910 | INFO | Evaluation case 2a with message - Looks good, great job!
2023-06-15 14:23:22,946 | INFO | Speed case  with message - 
2023-06-15 14:23:22,987 | INFO | Skipping Looks good, great job!
2023-06-15 14:23:23,023 | INFO | Moving from [0, -0.8, 0, -0.8, 0.084] to [0.2, -1.1, 0, -1.1, -0.188] for duration 4
2023-06-15 14:23:27,079 | INFO | Robot smiling at intensity 0.9 for duration 4
2023-06-15 14:23:30,565 | INFO | Current peak 329
2023-06-15 14:23:30,804 | INFO | Good expert min 3242.0913288125653 All expert min 3242.0913288125653
2023-06-15 14:23:31,321 | INFO | Good expert min 3123.9029580226143 All expert min 3123.9029580226143
2023-06-15 14:23:31,869 | INFO | Good expert min 4854.289912177564 All expert min 4854.289912177564
2023-06-15 14:23:32,452 | INFO | Good expert min 4315.624937182523 All expert min 4315.624937182523
2023-06-15 14:23:32,493 | INFO | Actual Duration 9.850682, Average Expert Duration 3.073079411764706
2023-06-15 14:23:32,524 | INFO | {'speed': 'good', 'correction': ['bad right shoulder', 'bad left shoulder', 'bad right elbow', 'bad left elbow'], 'evaluation': [-1, -1, -1, -1]}
2023-06-15 14:23:32,560 | INFO | Evaluation case  with message - 
2023-06-15 14:23:32,596 | INFO | Speed case  with message - 
2023-06-15 14:23:32,631 | INFO | Moving from [0.1896347287013684, -1.0018473094733744, 0.02110237477465618, -1.1388863071517135, -0.11343106750023729] to [0.24692154651440604, -1.1031689271152123, -0.027275853048491963, -1.1294791338453711, -0.1390255008865258] for duration 2
2023-06-15 14:23:34,520 | INFO | Current peak 364
2023-06-15 14:23:35,047 | INFO | Good expert min 453.1545913286707 All expert min 444.88820960861227
2023-06-15 14:23:35,562 | INFO | Good expert min 733.0485640163513 All expert min 733.0485640163513
2023-06-15 14:23:36,084 | INFO | Good expert min 681.6293160354744 All expert min 681.6293160354744
2023-06-15 14:23:36,681 | INFO | Good expert min 1252.041002175739 All expert min 1092.7019907563822
2023-06-15 14:23:36,717 | INFO | Actual Duration 4.11336, Average Expert Duration 3.073079411764706
2023-06-15 14:23:36,758 | INFO | {'speed': 'good', 'correction': ['low range of motion right shoulder', 'Good left shoulder', 'Good right elbow', 'low range of motion left elbow'], 'evaluation': [-1, 1, 1, -1]}
2023-06-15 14:23:36,799 | INFO | Evaluation case  with message - 
2023-06-15 14:23:36,819 | INFO | Speed case  with message - 
2023-06-15 14:23:36,855 | INFO | Moving from [0.2173978833776433, -1.1065718803560023, 0.03286591060842692, -1.1056695103131364, -0.2703766736963738] to [0.2904081236485323, -1.116930585251828, 0.09613229000087917, -1.1887949346965605, -0.18741705779341164] for duration 2
2023-06-15 14:23:38,348 | INFO | Current peak 384
2023-06-15 14:23:38,828 | INFO | Good expert min 532.906538593126 All expert min 428.3166274307112
2023-06-15 14:23:39,355 | INFO | Good expert min 944.6596910538332 All expert min 909.6393105024318
2023-06-15 14:23:39,972 | INFO | Good expert min 1107.361090667595 All expert min 623.9459997762533
2023-06-15 14:23:40,507 | INFO | Good expert min 1124.8682820755914 All expert min 1040.6093682658243
2023-06-15 14:23:40,538 | INFO | Actual Duration 3.865353, Average Expert Duration 3.073079411764706
2023-06-15 14:23:40,583 | INFO | {'speed': 'good', 'correction': ['low range of motion right shoulder', 'low range of motion left shoulder', 'low range of motion right elbow', 'low range of motion left elbow'], 'evaluation': [-1, -1, -1, -1]}
2023-06-15 14:23:40,624 | INFO | Evaluation case 1c with message - Great job, try to reach your arms closer to 90 degrees.
2023-06-15 14:23:40,665 | INFO | Speed case 4b with message - Great work, nice pace.
2023-06-15 14:23:40,706 | INFO | Robot says: Great job, try to reach your arms closer to 90 degrees.
2023-06-15 14:23:40,747 | INFO | Moving from [0.2, -1.1, 0, -1.1, -0.188] to [0.2, -1.1, 0, -1.1, -0.188] for duration 4
2023-06-15 14:23:44,798 | INFO | Robot frowning at intensity 0.0 for duration 4
2023-06-15 14:23:47,714 | INFO | -------------------Done with exercise
2023-06-15 14:23:47,714 | INFO | Robot says: Almost done.
2023-06-15 14:23:47,751 | INFO | Good expert min 2119.034585681611 All expert min 2119.034585681611
2023-06-15 14:23:47,786 | INFO | Good expert min 1974.7469577610836 All expert min 1974.7469577610836
2023-06-15 14:23:47,818 | INFO | Good expert min 3175.7421896106775 All expert min 3175.7421896106775
2023-06-15 14:23:47,850 | INFO | Good expert min 3230.101674438423 All expert min 3230.101674438423
2023-06-15 14:23:47,851 | INFO | Actual Duration -9.450213, Average Expert Duration 3.073079411764706
2023-06-15 14:23:47,851 | INFO | {'speed': 'fast', 'correction': ['bad right shoulder', 'ok left shoulder', 'bad right elbow', 'bad left elbow'], 'evaluation': [-1, 0, -1, -1]}
2023-06-15 14:23:47,851 | INFO | Evaluation case  with message - 
2023-06-15 14:23:47,851 | INFO | Speed case  with message - 
2023-06-15 14:23:47,851 | INFO | Moving from [0.20800273641704645, -1.042970255247083, -0.09237078396821188, -1.048488400606859, -0.20253998965927417] to [0.23506618852695557, -1.0449662355804308, -0.0950138507531426, -1.1778164554762676, -0.10053602114373847] for duration 2
2023-06-15 14:23:50,718 | INFO | Robot says: Rest.
2023-06-15 14:23:52,721 | INFO | Robot smiling at intensity 0.8 for duration 4
2023-06-15 14:23:52,721 | INFO | Robot says: Using the scale next to you, how difficult was that last set, from 1 to 10?
2023-06-15 14:23:52,722 | INFO | Moving arm from sides to up
2023-06-15 14:23:52,722 | INFO | Moving from [0.2, -1.1, 0, -1.1, -0.188] to [1.7, -1.1, 0, -1.1, -0.188] for duration 4
2023-06-15 14:23:54,725 | INFO | Total Number of Reps 8
2023-06-15 14:23:54,725 | INFO | Total Angles 480
2023-06-15 14:23:54,726 | INFO | topic impl's ref count is zero, deleting topic /joint_angles...
2023-06-15 14:23:54,727 | INFO | topic[/joint_angles] removing connection to http://172.26.171.145:40103/
2023-06-15 14:23:54,735 | INFO | Saved file Participant_19_Round_3_Robot_3_Exercise_lateral_raises_Set_1.npz
2023-06-15 14:24:12,721 | INFO | Robot says: Rest for 20 more seconds.
2023-06-15 14:24:32,809 | INFO | =====================================
2023-06-15 14:24:32,809 | INFO | STARTING SET 2 OF lateral_raises
2023-06-15 14:24:32,810 | INFO | topic[/joint_angles] adding connection to [http://172.26.171.145:40103/], count 0
2023-06-15 14:24:32,810 | INFO | =====================================
2023-06-15 14:24:32,811 | INFO | Moving arm from up to halfway
2023-06-15 14:24:32,811 | INFO | Moving from [1.7, -1.1, 0, -1.1, -0.2] to [1.1, -1.1, 0, -1.1, -0.2] for duration 4
2023-06-15 14:24:36,816 | INFO | Robot says: Get ready for set 2 out of 2 of lateral raises
2023-06-15 14:24:38,819 | INFO | Robot smiling at intensity 0.8 for duration 4
2023-06-15 14:24:44,826 | INFO | -------------------Recording!
2023-06-15 14:24:44,827 | INFO | Moving arm from halfway to sides
2023-06-15 14:24:44,827 | INFO | Moving from [1.1, -1.1, 0, -1.1, -0.2] to [0.2, -1.1, 0, -1.1, -0.2] for duration 4
2023-06-15 14:24:46,830 | INFO | Robot says: Start lateral raises now
2023-06-15 14:24:50,216 | INFO | Current peak 95
2023-06-15 14:24:52,355 | INFO | Current peak 149
2023-06-15 14:24:52,833 | INFO | Good expert min 951.935119127303 All expert min 910.811192997546
2023-06-15 14:24:53,413 | INFO | Good expert min 934.483973761054 All expert min 934.483973761054
2023-06-15 14:24:54,005 | INFO | Good expert min 1265.9272317919488 All expert min 1265.9272317919488
2023-06-15 14:24:54,519 | INFO | Good expert min 1509.9470222788261 All expert min 1509.9470222788261
2023-06-15 14:24:54,555 | INFO | Actual Duration 1.877338, Average Expert Duration 3.073079411764706
2023-06-15 14:24:54,606 | INFO | {'speed': 'good', 'correction': ['high range of motion right shoulder', 'Good left shoulder', 'Good right elbow', 'Good left elbow'], 'evaluation': [-1, 1, 1, 1]}
2023-06-15 14:24:54,657 | INFO | Evaluation case  with message - 
2023-06-15 14:24:54,703 | INFO | Speed case  with message - 
2023-06-15 14:24:54,755 | INFO | Moving from [0.26848744432780625, -1.1443097961980913, 0.012162701337859377, -1.1624184113019864, -0.1336535894540453] to [0.10483277798398091, -1.0080437567951817, -0.005728056497637454, -1.1051792555149376, -0.14016839138583284] for duration 2
2023-06-15 14:24:56,210 | INFO | Current peak 175
2023-06-15 14:24:56,814 | INFO | Good expert min 388.61118327794657 All expert min 388.61118327794657
2023-06-15 14:24:57,397 | INFO | Good expert min 445.5583585887891 All expert min 445.5583585887891
2023-06-15 14:24:57,969 | INFO | Good expert min 486.92875165970577 All expert min 486.92875165970577
2023-06-15 14:24:58,551 | INFO | Good expert min 814.2907047451249 All expert min 814.2907047451249
2023-06-15 14:24:58,608 | INFO | Actual Duration 4.164342, Average Expert Duration 3.073079411764706
2023-06-15 14:24:58,659 | INFO | {'speed': 'good', 'correction': ['Good right shoulder', 'Good left shoulder', 'Good right elbow', 'Good left elbow'], 'evaluation': [1, 1, 1, 1]}
2023-06-15 14:24:58,710 | INFO | Evaluation case  with message - 
2023-06-15 14:24:58,761 | INFO | Speed case  with message - 
2023-06-15 14:24:58,817 | INFO | Moving from [0.2395392940770045, -1.1026421285776709, 0.02449798753397167, -1.0092751451090372, -0.24067528531711174] to [0.2099052563388459, -1.1063383030984224, -0.05345111024230509, -1.1070257243040325, -0.25035829562750933] for duration 2
2023-06-15 14:25:00,317 | INFO | Current peak 193
2023-06-15 14:25:00,908 | INFO | Good expert min 398.91355378897424 All expert min 341.97772148477554
2023-06-15 14:25:01,483 | INFO | Good expert min 518.1448223313066 All expert min 426.6005073042409
2023-06-15 14:25:02,136 | INFO | Good expert min 1051.455488755424 All expert min 540.5795050230993
2023-06-15 14:25:02,651 | INFO | Good expert min 879.2257852668594 All expert min 640.3000214011672
2023-06-15 14:25:02,682 | INFO | Actual Duration 3.970229, Average Expert Duration 3.073079411764706
2023-06-15 14:25:02,738 | INFO | {'speed': 'good', 'correction': ['low range of motion right shoulder', 'low range of motion left shoulder', 'low range of motion right elbow', 'low range of motion left elbow'], 'evaluation': [-1, -1, -1, -1]}
2023-06-15 14:25:02,799 | INFO | Evaluation case  with message - 
2023-06-15 14:25:02,850 | INFO | Speed case 4b with message - Great work, nice pace.
2023-06-15 14:25:02,901 | INFO | Robot says: Great work, nice pace.
2023-06-15 14:25:02,953 | INFO | Moving from [0, -0.8, 0, -0.8, 0.084] to [0.2, -1.1, 0, -1.1, -0.2] for duration 4
2023-06-15 14:25:07,018 | INFO | Robot smiling at intensity 0.9 for duration 4
2023-06-15 14:25:07,805 | INFO | Current peak 224
2023-06-15 14:25:08,303 | INFO | Good expert min 556.6966168819374 All expert min 556.6966168819374
2023-06-15 14:25:08,766 | INFO | Good expert min 745.3770762376513 All expert min 745.3770762376513
2023-06-15 14:25:09,357 | INFO | Good expert min 744.8764396020646 All expert min 744.8764396020646
2023-06-15 14:25:09,960 | INFO | Good expert min 975.8516005515852 All expert min 975.8516005515852
2023-06-15 14:25:10,001 | INFO | Actual Duration 7.529949, Average Expert Duration 3.073079411764706
2023-06-15 14:25:10,057 | INFO | {'speed': 'good', 'correction': ['Good right shoulder', 'Good left shoulder', 'Good right elbow', 'Good left elbow'], 'evaluation': [1, 1, 1, 1]}
2023-06-15 14:25:10,103 | INFO | Evaluation case  with message - 
2023-06-15 14:25:10,149 | INFO | Speed case  with message - 
2023-06-15 14:25:10,205 | INFO | Moving from [0.13089959860636333, -1.1390788872105446, 0.011772935469489765, -1.0267221585238793, -0.16033938482349044] to [0.26059975071455077, -1.1904852015373315, 0.08698834750280535, -1.0777402583715885, -0.1666124102165462] for duration 2
2023-06-15 14:25:11,621 | INFO | Current peak 246
2023-06-15 14:25:12,259 | INFO | Good expert min 370.3605025990027 All expert min 354.9213194398919
2023-06-15 14:25:12,901 | INFO | Good expert min 474.656091457565 All expert min 388.90004312876937
2023-06-15 14:25:13,501 | INFO | Good expert min 1058.4441399617497 All expert min 623.8682702871241
2023-06-15 14:25:14,043 | INFO | Good expert min 831.5482424559132 All expert min 645.9929066422517
2023-06-15 14:25:14,085 | INFO | Actual Duration 3.905128, Average Expert Duration 3.073079411764706
2023-06-15 14:25:14,141 | INFO | {'speed': 'good', 'correction': ['low range of motion right shoulder', 'low range of motion left shoulder', 'low range of motion right elbow', 'low range of motion left elbow'], 'evaluation': [-1, -1, -1, -1]}
2023-06-15 14:25:14,192 | INFO | Evaluation case  with message - 
2023-06-15 14:25:14,243 | INFO | Speed case  with message - 
2023-06-15 14:25:14,299 | INFO | Moving from [0.10557081394033782, -1.0993483499499124, -0.01918829000199948, -1.1266001013983333, -0.15890498494699445] to [0.21206785316799667, -1.0375515422881558, -0.05117612603046922, -1.0970911499860923, -0.10938073167687043] for duration 2
2023-06-15 14:25:17,397 | INFO | Current peak 302
2023-06-15 14:25:17,967 | INFO | Good expert min 1166.499547104249 All expert min 1065.841548414297
2023-06-15 14:25:18,503 | INFO | Good expert min 822.5413746983664 All expert min 822.5413746983664
2023-06-15 14:25:18,960 | INFO | Good expert min 1566.1237028312469 All expert min 1566.1237028312469
2023-06-15 14:25:19,560 | INFO | Good expert min 1517.3977627097659 All expert min 1517.3977627097659
2023-06-15 14:25:19,606 | INFO | Actual Duration 5.581482, Average Expert Duration 3.073079411764706
2023-06-15 14:25:19,657 | INFO | {'speed': 'good', 'correction': ['high range of motion right shoulder', 'Good left shoulder', 'Good right elbow', 'Good left elbow'], 'evaluation': [-1, 1, 1, 1]}
2023-06-15 14:25:19,708 | INFO | Evaluation case  with message - 
2023-06-15 14:25:19,754 | INFO | Speed case  with message - 
2023-06-15 14:25:19,810 | INFO | Moving from [0.26203555821336355, -1.1314538597099217, -0.07614443786871011, -1.0307314327311654, -0.1843264491003026] to [0.24914533871972963, -1.0841391781663938, -0.010199821176871543, -1.0298868479149532, -0.23772513555670122] for duration 2
2023-06-15 14:25:21,327 | INFO | Current peak 320
2023-06-15 14:25:21,942 | INFO | Good expert min 461.0079423902268 All expert min 461.0079423902268
2023-06-15 14:25:22,509 | INFO | Good expert min 476.71420673229375 All expert min 417.95288956266455
2023-06-15 14:25:23,081 | INFO | Good expert min 1169.976175822648 All expert min 795.0309061897415
2023-06-15 14:25:23,668 | INFO | Good expert min 905.9548742923985 All expert min 695.4011400785612
2023-06-15 14:25:23,715 | INFO | Actual Duration 3.952622, Average Expert Duration 3.073079411764706
2023-06-15 14:25:23,766 | INFO | {'speed': 'good', 'correction': ['Good right shoulder', 'low range of motion left shoulder', 'low range of motion right elbow', 'low range of motion left elbow'], 'evaluation': [1, -1, -1, -1]}
2023-06-15 14:25:23,822 | INFO | Evaluation case  with message - 
2023-06-15 14:25:23,873 | INFO | Speed case 4b with message - Nice job, great speed.
2023-06-15 14:25:23,924 | INFO | Robot says: Nice job, great speed.
2023-06-15 14:25:23,975 | INFO | Moving from [0, -0.8, 0, -0.8, 0.084] to [0.2, -1.1, 0, -1.1, -0.2] for duration 4
2023-06-15 14:25:28,031 | INFO | Robot smiling at intensity 0.9 for duration 4
2023-06-15 14:25:29,181 | INFO | Current peak 361
2023-06-15 14:25:29,738 | INFO | Good expert min 639.7848654542072 All expert min 639.7848654542072
2023-06-15 14:25:30,274 | INFO | Good expert min 999.4361587916135 All expert min 999.4361587916135
2023-06-15 14:25:30,875 | INFO | Good expert min 760.8779851950196 All expert min 760.8779851950196
2023-06-15 14:25:31,448 | INFO | Good expert min 1392.992974033423 All expert min 1392.992974033423
2023-06-15 14:25:31,475 | INFO | Actual Duration 7.873939, Average Expert Duration 3.073079411764706
2023-06-15 14:25:31,510 | INFO | {'speed': 'good', 'correction': ['Good right shoulder', 'Good left shoulder', 'Good right elbow', 'Good left elbow'], 'evaluation': [1, 1, 1, 1]}
2023-06-15 14:25:31,567 | INFO | Evaluation case  with message - 
2023-06-15 14:25:31,618 | INFO | Speed case  with message - 
2023-06-15 14:25:31,669 | INFO | Moving from [0.1689198198065993, -1.0990776071188044, -0.09971090703262525, -1.0826297135718912, -0.19634324641936451] to [0.24290703457721027, -1.1925701865990432, 0.031166514459129047, -1.1396959896947778, -0.26247374578258326] for duration 2
2023-06-15 14:25:33,159 | INFO | Current peak 388
2023-06-15 14:25:33,159 | INFO | -------------------Done with exercise
2023-06-15 14:25:33,159 | INFO | Robot says: Almost done.
2023-06-15 14:25:33,188 | INFO | Good expert min 498.51961070069103 All expert min 450.7429100680595
2023-06-15 14:25:33,216 | INFO | Good expert min 563.8998163988427 All expert min 509.94989207899744
2023-06-15 14:25:33,241 | INFO | Good expert min 1208.8862748334502 All expert min 713.3127295194533
2023-06-15 14:25:33,266 | INFO | Good expert min 1074.4370533774713 All expert min 836.2754675558957
2023-06-15 14:25:33,266 | INFO | Actual Duration 4.137921, Average Expert Duration 3.073079411764706
2023-06-15 14:25:33,267 | INFO | {'speed': 'good', 'correction': ['low range of motion right shoulder', 'low range of motion left shoulder', 'low range of motion right elbow', 'low range of motion left elbow'], 'evaluation': [-1, -1, -1, -1]}
2023-06-15 14:25:33,267 | INFO | Evaluation case  with message - 
2023-06-15 14:25:33,267 | INFO | Speed case  with message - 
2023-06-15 14:25:33,267 | INFO | Moving from [0.13095890772327454, -1.0067572925217405, -0.09425005084823082, -1.138935915534792, -0.26286320211271197] to [0.2978066304722049, -1.073990857326214, 0.00231536864911612, -1.1523127322095614, -0.2040453353692049] for duration 2
2023-06-15 14:25:36,163 | INFO | Robot says: Rest.
2023-06-15 14:25:38,166 | INFO | Robot smiling at intensity 0.8 for duration 4
2023-06-15 14:25:38,167 | INFO | Robot says: Using the scale next to you, how difficult was that last set, from 1 to 10?
2023-06-15 14:25:38,168 | INFO | Moving arm from sides to up
2023-06-15 14:25:38,168 | INFO | Moving from [0.2, -1.1, 0, -1.1, -0.2] to [1.7, -1.1, 0, -1.1, -0.2] for duration 4
2023-06-15 14:25:40,171 | INFO | Total Number of Reps 9
2023-06-15 14:25:40,172 | INFO | Total Angles 390
2023-06-15 14:25:40,172 | INFO | topic impl's ref count is zero, deleting topic /joint_angles...
2023-06-15 14:25:40,173 | INFO | topic[/joint_angles] removing connection to http://172.26.171.145:40103/
2023-06-15 14:25:40,185 | INFO | Saved file Participant_19_Round_3_Robot_3_Exercise_lateral_raises_Set_2.npz
2023-06-15 14:25:48,194 | INFO | Robot says: Please walk over to the researcher to fill out a survey.
2023-06-15 14:25:48,196 | INFO | signal_shutdown [atexit]
2023-06-15 14:25:48,276 | INFO | topic[/rosout] removing connection to /rosout
2023-06-15 14:25:48,276 | INFO | topic[/quori_sound] removing connection to /quori_sound
2023-06-15 14:25:48,277 | INFO | topic[/quori/joint_trajectory_controller/command] removing connection to /quori/quori_controller
2023-06-15 14:25:48,277 | INFO | topic[/quori/face_generator_emotion] removing connection to /rosbridge_websocket
2023-06-15 14:25:48,278 | INFO | atexit
