2023-06-20 11:28:00,461 | INFO | =====================================
2023-06-20 11:28:00,461 | INFO | STARTING SET 2 OF lateral_raises
2023-06-20 11:28:00,462 | INFO | =====================================
2023-06-20 11:28:00,462 | INFO | Moving arm from up to halfway
2023-06-20 11:28:00,462 | INFO | Moving from [1.7, -1.1, 0, -1.1, 0.2] to [1.1, -1.1, 0, -1.1, 0.2] for duration 4
2023-06-20 11:28:00,465 | INFO | topic[/joint_angles] adding connection to [http://172.26.171.145:36849/], count 0
2023-06-20 11:28:04,468 | INFO | Robot says: Get ready for set 2 out of 2 of lateral raises
2023-06-20 11:28:06,471 | INFO | Robot smiling at intensity 0.6 for duration 4
2023-06-20 11:28:12,478 | INFO | -------------------Recording!
2023-06-20 11:28:12,478 | INFO | Moving arm from halfway to sides
2023-06-20 11:28:12,478 | INFO | Moving from [1.1, -1.1, 0, -1.1, 0.2] to [-0.2, -1.1, 0, -1.1, 0.2] for duration 4
2023-06-20 11:28:14,482 | INFO | Robot says: Start lateral raises now
2023-06-20 11:28:17,300 | INFO | Current peak 65
2023-06-20 11:28:26,309 | INFO | Current peak 317
2023-06-20 11:28:26,900 | INFO | Good expert min 15427.060645864889 All expert min 15150.462149702787
2023-06-20 11:28:27,520 | INFO | Good expert min 15402.829499324502 All expert min 15402.829499324502
2023-06-20 11:28:28,146 | INFO | Good expert min 13818.50314985962 All expert min 13818.50314985962
2023-06-20 11:28:28,864 | INFO | Good expert min 14026.640564227073 All expert min 14026.640564227073
2023-06-20 11:28:28,916 | INFO | Actual Duration 8.896523, Average Expert Duration 3.073079411764706
2023-06-20 11:28:28,967 | INFO | {'speed': 'good', 'correction': ['bad right shoulder', 'bad left shoulder', 'bad right elbow', 'bad left elbow'], 'evaluation': [-1, -1, -1, -1]}
2023-06-20 11:28:29,023 | INFO | Evaluation case  with message - 
2023-06-20 11:28:29,074 | INFO | Speed case  with message - 
2023-06-20 11:28:29,125 | INFO | Moving from [-0.18974164918927108, -1.0467386879874094, -0.00761813840988286, -1.1722674331261735, 0.2590606669496547] to [-0.283079138165087, -1.1859015973680278, 0.06554151083508619, -1.1918550532511407, 0.23892646066501597] for duration 2
2023-06-20 11:28:33,909 | INFO | Current peak 413
2023-06-20 11:28:34,497 | INFO | Good expert min 2394.1006807369463 All expert min 2270.3120804814334
2023-06-20 11:28:35,111 | INFO | Good expert min 2323.127492872348 All expert min 2323.127492872348
2023-06-20 11:28:35,728 | INFO | Good expert min 3010.4098894924887 All expert min 3010.4098894924887
2023-06-20 11:28:36,348 | INFO | Good expert min 4024.787413086731 All expert min 4024.787413086731
2023-06-20 11:28:36,400 | INFO | Actual Duration 7.544491, Average Expert Duration 3.073079411764706
2023-06-20 11:28:36,441 | INFO | {'speed': 'good', 'correction': ['bad right shoulder', 'bad left shoulder', 'bad right elbow', 'bad left elbow'], 'evaluation': [-1, -1, -1, -1]}
2023-06-20 11:28:36,492 | INFO | Evaluation case 1i with message - Focus on getting a full range of motion in your shoulders.
2023-06-20 11:28:36,543 | INFO | Speed case  with message - 
2023-06-20 11:28:36,594 | INFO | Robot says: Focus on getting a full range of motion in your shoulders.
2023-06-20 11:28:36,645 | INFO | Moving from [-0.2, -1.1, 0, -1.1, -0.1175] to [-0.2, -1.1, 0, -1.1, -0.1175] for duration 4
2023-06-20 11:28:40,716 | INFO | Robot frowning at intensity 0.5 for duration 4
2023-06-20 11:28:41,523 | INFO | Current peak 447
2023-06-20 11:28:42,143 | INFO | Good expert min 994.582877860396 All expert min 814.6363872557417
2023-06-20 11:28:42,807 | INFO | Good expert min 1184.2910767696194 All expert min 1035.9235285746408
2023-06-20 11:28:43,326 | INFO | Good expert min 1500.5538895525167 All expert min 1315.5569921765027
2023-06-20 11:28:43,783 | INFO | Good expert min 1660.3554495931562 All expert min 1584.9596505535626
2023-06-20 11:28:43,830 | INFO | Actual Duration 7.81742, Average Expert Duration 3.073079411764706
2023-06-20 11:28:43,881 | INFO | {'speed': 'good', 'correction': ['low range of motion right shoulder', 'low range of motion left shoulder', 'low range of motion right elbow', 'low range of motion left elbow'], 'evaluation': [-1, -1, -1, -1]}
2023-06-20 11:28:43,932 | INFO | Evaluation case  with message - 
2023-06-20 11:28:43,999 | INFO | Speed case 4b with message - Good speed, keep it up.
2023-06-20 11:28:44,040 | INFO | Skipping Good speed, keep it up.
2023-06-20 11:28:44,086 | INFO | Moving from [0, -0.8, 0, -0.8, 0.0525] to [-0.2, -1.1, 0, -1.1, -0.1175] for duration 4
2023-06-20 11:28:48,152 | INFO | Robot smiling at intensity 0.6 for duration 4
2023-06-20 11:28:52,262 | INFO | Current peak 478
2023-06-20 11:28:52,896 | INFO | Good expert min 661.0042845980622 All expert min 445.45059183596356
2023-06-20 11:28:53,506 | INFO | Good expert min 645.0102536704399 All expert min 382.7726030025697
2023-06-20 11:28:54,088 | INFO | Good expert min 1391.2397552013067 All expert min 686.6094762079152
2023-06-20 11:28:54,727 | INFO | Good expert min 1088.2535192075175 All expert min 783.319979722615
2023-06-20 11:28:54,773 | INFO | Actual Duration 7.600112, Average Expert Duration 3.073079411764706
2023-06-20 11:28:54,824 | INFO | {'speed': 'good', 'correction': ['low range of motion right shoulder', 'low range of motion left shoulder', 'low range of motion right elbow', 'low range of motion left elbow'], 'evaluation': [-1, -1, -1, -1]}
2023-06-20 11:28:54,870 | INFO | Evaluation case  with message - 
2023-06-20 11:28:54,911 | INFO | Speed case  with message - 
2023-06-20 11:28:54,962 | INFO | Moving from [-0.23779001829831126, -1.0697101469551256, 0.0876013161949129, -1.0169356947713568, -0.20102892780715131] to [-0.12051319296001928, -1.025423849427979, 0.0046064921045874535, -1.1394471570339366, -0.06552707699862848] for duration 2
2023-06-20 11:28:57,230 | INFO | Current peak 518
2023-06-20 11:28:57,830 | INFO | Good expert min 2614.609326337545 All expert min 1749.4209046199012
2023-06-20 11:28:58,089 | INFO | Good expert min 1253.9931572865664 All expert min 1253.9931572865664
2023-06-20 11:28:58,689 | INFO | Good expert min 2921.0085487783576 All expert min 2427.1116480055407
2023-06-20 11:28:59,217 | INFO | Good expert min 2947.1944783914 All expert min 2671.072783096228
2023-06-20 11:28:59,263 | INFO | Actual Duration 1.605149, Average Expert Duration 3.073079411764706
2023-06-20 11:28:59,309 | INFO | {'speed': 'good', 'correction': ['bad right shoulder', 'Good left shoulder', 'bad right elbow', 'bad left elbow'], 'evaluation': [-1, 1, -1, -1]}
2023-06-20 11:28:59,371 | INFO | Evaluation case  with message - 
2023-06-20 11:28:59,416 | INFO | Speed case  with message - 
2023-06-20 11:28:59,467 | INFO | Moving from [-0.1646990081286815, -1.1531088043070934, 0.08653470913299713, -1.1224952969131592, -0.1710025599397797] to [-0.14581860239032127, -1.19399097592509, -0.028402891114801807, -1.1761888560582028, -0.21728785309547194] for duration 2
2023-06-20 11:29:02,056 | INFO | Current peak 592
2023-06-20 11:29:02,478 | INFO | -------------------Done with exercise
2023-06-20 11:29:02,478 | INFO | Robot says: Almost done.
2023-06-20 11:29:02,478 | INFO | Good expert min 744.911710690603 All expert min 633.5988393586179
2023-06-20 11:29:02,516 | INFO | Good expert min 900.2756437568496 All expert min 576.332441300123
2023-06-20 11:29:02,550 | INFO | Good expert min 1763.28987061177 All expert min 1161.4275932002827
2023-06-20 11:29:02,583 | INFO | Good expert min 1617.1588674925308 All expert min 1153.9387824123921
2023-06-20 11:29:02,583 | INFO | Actual Duration 6.419054, Average Expert Duration 3.073079411764706
2023-06-20 11:29:02,583 | INFO | {'speed': 'slow', 'correction': ['low range of motion right shoulder', 'low range of motion left shoulder', 'low range of motion right elbow', 'low range of motion left elbow'], 'evaluation': [-1, -1, -1, -1]}
2023-06-20 11:29:02,583 | INFO | Evaluation case  with message - 
2023-06-20 11:29:02,583 | INFO | Speed case  with message - 
2023-06-20 11:29:02,583 | INFO | Moving from [-0.11185160657677301, -1.0215865700392974, 0.09150616096771644, -1.0643951164817018, -0.07023498997022237] to [-0.15019606029688148, -1.0459486879464903, 0.07433188364129947, -1.0655088856296313, -0.08973510272079344] for duration 2
2023-06-20 11:29:03,618 | INFO | Good expert min 1557.8820403703137 All expert min 1528.3306224389892
2023-06-20 11:29:03,646 | INFO | Good expert min 1092.2758071387443 All expert min 840.755866328772
2023-06-20 11:29:03,676 | INFO | Good expert min 2346.6483393273375 All expert min 1849.5803174005218
2023-06-20 11:29:03,710 | INFO | Good expert min 1671.2593984588639 All expert min 1410.7577584288397
2023-06-20 11:29:03,710 | INFO | Actual Duration -4.953142, Average Expert Duration 3.073079411764706
2023-06-20 11:29:03,711 | INFO | {'speed': 'fast', 'correction': ['low range of motion right shoulder', 'low range of motion left shoulder', 'bad right elbow', 'low range of motion left elbow'], 'evaluation': [-1, -1, -1, -1]}
2023-06-20 11:29:03,711 | INFO | Evaluation case 1c with message - Focus on fully extending your arms to 90 degrees.
2023-06-20 11:29:03,711 | INFO | Speed case  with message - 
2023-06-20 11:29:03,711 | INFO | Skipping Focus on fully extending your arms to 90 degrees.
2023-06-20 11:29:03,712 | INFO | Moving from [-0.2, -1.1, 0, -1.1, -0.1175] to [-0.2, -1.1, 0, -1.1, -0.1175] for duration 4
2023-06-20 11:29:05,479 | INFO | Robot says: Rest.
2023-06-20 11:29:07,482 | INFO | Robot smiling at intensity 0.6 for duration 4
2023-06-20 11:29:07,483 | INFO | Robot says: Using the scale next to you, how difficult was that last set, from 1 to 10?
2023-06-20 11:29:07,484 | INFO | Moving arm from sides to up
2023-06-20 11:29:07,485 | INFO | Moving from [-0.2, -1.1, 0, -1.1, -0.1175] to [1.7, -1.1, 0, -1.1, -0.1175] for duration 4
2023-06-20 11:29:07,717 | INFO | Robot frowning at intensity 0.5 for duration 4
2023-06-20 11:29:09,488 | INFO | Total Number of Reps 7
2023-06-20 11:29:09,489 | INFO | Total Angles 650
2023-06-20 11:29:09,489 | INFO | topic impl's ref count is zero, deleting topic /joint_angles...
2023-06-20 11:29:09,490 | INFO | topic[/joint_angles] removing connection to http://172.26.171.145:36849/
2023-06-20 11:29:09,501 | INFO | Saved file Participant_21_Round_2_Robot_2_Exercise_lateral_raises_Set_2.npz
2023-06-20 11:29:17,509 | INFO | Robot says: Please walk over to the researcher to fill out a survey.
2023-06-20 11:29:31,384 | INFO | signal_shutdown [signal-2]
2023-06-20 11:29:31,484 | INFO | topic[/rosout] removing connection to /rosout
2023-06-20 11:29:31,485 | INFO | topic[/quori_sound] removing connection to /quori_sound
2023-06-20 11:29:31,485 | INFO | topic[/quori/joint_trajectory_controller/command] removing connection to /quori/quori_controller
2023-06-20 11:29:31,485 | INFO | topic[/quori/face_generator_emotion] removing connection to /rosbridge_websocket
2023-06-20 11:29:31,486 | INFO | signal-2
