2023-06-15 14:11:24,367 | INFO | =====================================
2023-06-15 14:11:24,368 | INFO | STARTING SET 1 OF bicep_curls
2023-06-15 14:11:24,368 | INFO | =====================================
2023-06-15 14:11:24,368 | INFO | Moving arm from up to halfway
2023-06-15 14:11:24,368 | INFO | Moving from [1.7, -1.1, 0, -1.1, 0.2] to [1.1, -1.1, 0, -1.1, 0.2] for duration 4
2023-06-15 14:11:24,369 | INFO | topic[/joint_angles] adding connection to [http://172.26.171.145:40103/], count 0
2023-06-15 14:11:24,397 | INFO | topic[/quori_sound] adding connection to [/quori_sound], count 0
2023-06-15 14:11:24,401 | INFO | topic[/quori/face_generator_emotion] adding connection to [/rosbridge_websocket], count 0
2023-06-15 14:11:24,594 | INFO | topic[/rosout] adding connection to [/rosout], count 0
2023-06-15 14:11:24,594 | INFO | topic[/quori/joint_trajectory_controller/command] adding connection to [/quori/quori_controller], count 0
2023-06-15 14:11:28,373 | INFO | Robot says: Get ready for set 1 out of 2 of bicep curls
2023-06-15 14:11:30,387 | INFO | Robot smiling at intensity 0.6 for duration 4
2023-06-15 14:11:36,390 | INFO | -------------------Recording!
2023-06-15 14:11:36,391 | INFO | Moving arm from halfway to sides
2023-06-15 14:11:36,391 | INFO | Moving from [1.1, -1.1, 0, -1.1, 0.2] to [-0.2, -1.1, 0, -1.1, 0.2] for duration 4
2023-06-15 14:11:38,394 | INFO | Robot says: Start bicep curls now
2023-06-15 14:11:42,019 | INFO | Current peak 87
2023-06-15 14:11:43,187 | INFO | Current peak 113
2023-06-15 14:11:43,859 | INFO | Good expert min 1187.2081086987869 All expert min 1114.8012859689368
2023-06-15 14:11:44,442 | INFO | Good expert min 830.1569622359154 All expert min 601.2997631780694
2023-06-15 14:11:44,982 | INFO | Good expert min 2568.6697945267815 All expert min 2568.6697945267815
2023-06-15 14:11:45,583 | INFO | Good expert min 2160.8813401239413 All expert min 2160.8813401239413
2023-06-15 14:11:45,599 | INFO | Actual Duration 1.039497, Average Expert Duration 2.71982825
2023-06-15 14:11:45,619 | INFO | {'speed': 'good', 'correction': ['low range of motion right shoulder', 'low range of motion left shoulder', 'bad right elbow', 'bad left elbow'], 'evaluation': [-1, -1, -1, -1]}
2023-06-15 14:11:45,645 | INFO | Evaluation case  with message - 
2023-06-15 14:11:45,665 | INFO | Speed case  with message - 
2023-06-15 14:11:45,686 | INFO | Moving from [-0.15567333274655293, -1.0028362360958207, 0.06468642741506667, -1.1922327922502054, 0.11728925939084295] to [-0.292062941449877, -1.1117583237507045, 0.09177519585836266, -1.1205511074172128, 0.23806442567885663] for duration 2
2023-06-15 14:11:48,489 | INFO | Current peak 172
2023-06-15 14:11:49,099 | INFO | Good expert min 2303.5750583643444 All expert min 2301.5041265393734
2023-06-15 14:11:49,732 | INFO | Good expert min 3320.939141778001 All expert min 2968.64966528988
2023-06-15 14:11:50,332 | INFO | Good expert min 730.066392513785 All expert min 730.066392513785
2023-06-15 14:11:50,952 | INFO | Good expert min 713.771659330451 All expert min 713.771659330451
2023-06-15 14:11:50,973 | INFO | Actual Duration 5.249966, Average Expert Duration 2.71982825
2023-06-15 14:11:50,993 | INFO | {'speed': 'good', 'correction': ['bad right shoulder', 'bad left shoulder', 'Good right elbow', 'Good left elbow'], 'evaluation': [-1, -1, 1, 1]}
2023-06-15 14:11:51,024 | INFO | Evaluation case  with message - 
2023-06-15 14:11:51,045 | INFO | Speed case  with message - 
2023-06-15 14:11:51,070 | INFO | Moving from [-0.268768174093871, -1.1134567895227883, 0.062237618059169636, -1.095412382448778, 0.2606444379645031] to [-0.2493544065046748, -1.095499892637704, -0.029706343331896687, -1.186868061200022, 0.2957298651994643] for duration 2
2023-06-15 14:11:52,431 | INFO | Current peak 193
2023-06-15 14:11:53,034 | INFO | Good expert min 558.1272912682249 All expert min 554.5219936158028
2023-06-15 14:11:53,584 | INFO | Good expert min 634.9840072012319 All expert min 431.7768560827655
2023-06-15 14:11:54,281 | INFO | Good expert min 561.7188502527549 All expert min 561.7188502527549
2023-06-15 14:11:54,904 | INFO | Good expert min 583.6691789635137 All expert min 583.6691789635137
2023-06-15 14:11:54,915 | INFO | Actual Duration 4.00283, Average Expert Duration 2.71982825
2023-06-15 14:11:54,941 | INFO | {'speed': 'good', 'correction': ['low range of motion right shoulder', 'low range of motion left shoulder', 'Good right elbow', 'Good left elbow'], 'evaluation': [-1, -1, 1, 1]}
2023-06-15 14:11:54,961 | INFO | Evaluation case  with message - 
2023-06-15 14:11:54,982 | INFO | Speed case 4b with message - Good speed, keep it up.
2023-06-15 14:11:55,002 | INFO | Robot says: Good speed, keep it up.
2023-06-15 14:11:55,023 | INFO | Moving from [0, -0.8, 0, -0.8, 0.0525] to [-0.2, -1.1, 0, -1.1, 0.2] for duration 4
2023-06-15 14:11:59,058 | INFO | Robot smiling at intensity 0.6 for duration 4
2023-06-15 14:12:01,176 | INFO | Current peak 252
2023-06-15 14:12:01,790 | INFO | Good expert min 2688.736649168685 All expert min 2503.125377729943
2023-06-15 14:12:02,436 | INFO | Good expert min 3016.2960936746504 All expert min 2595.109069682901
2023-06-15 14:12:02,983 | INFO | Good expert min 3995.051268623819 All expert min 3995.051268623819
2023-06-15 14:12:03,591 | INFO | Good expert min 3335.657486608615 All expert min 3335.657486608615
2023-06-15 14:12:03,607 | INFO | Actual Duration 8.598561, Average Expert Duration 2.71982825
2023-06-15 14:12:03,627 | INFO | {'speed': 'good', 'correction': ['bad right shoulder', 'bad left shoulder', 'bad right elbow', 'bad left elbow'], 'evaluation': [-1, -1, -1, -1]}
2023-06-15 14:12:03,653 | INFO | Evaluation case  with message - 
2023-06-15 14:12:03,673 | INFO | Speed case  with message - 
2023-06-15 14:12:03,694 | INFO | Moving from [-0.16131567711556338, -1.1095736469694486, -0.08788945831682662, -1.083901697981302, 0.20360272389407205] to [-0.29829785696305233, -1.0442334526181332, -0.0001501034272037849, -1.1330576601128004, 0.1284644114887257] for duration 2
2023-06-15 14:12:05,711 | INFO | Current peak 289
2023-06-15 14:12:06,356 | INFO | Good expert min 1677.7003250948292 All expert min 1567.5807138837465
2023-06-15 14:12:06,916 | INFO | Good expert min 1953.2744006203366 All expert min 1758.4625859117864
2023-06-15 14:12:07,532 | INFO | Good expert min 1830.9130059038864 All expert min 1830.9130059038864
2023-06-15 14:12:08,122 | INFO | Good expert min 1675.9333856807752 All expert min 1675.9333856807752
2023-06-15 14:12:08,127 | INFO | Actual Duration 4.430534, Average Expert Duration 2.71982825
2023-06-15 14:12:08,153 | INFO | {'speed': 'good', 'correction': ['bad right shoulder', 'bad left shoulder', 'ok right elbow', 'ok left elbow'], 'evaluation': [-1, -1, 0, 0]}
2023-06-15 14:12:08,173 | INFO | Evaluation case 1i with message - Focus on getting a full range of motion in your elbows.
2023-06-15 14:12:08,189 | INFO | Speed case  with message - 
2023-06-15 14:12:08,214 | INFO | Robot says: Focus on getting a full range of motion in your elbows.
2023-06-15 14:12:08,230 | INFO | Moving from [-0.2, -1.1, 0, -1.1, -0.1175] to [-0.2, -1.1, 0, -1.1, -0.1175] for duration 4
2023-06-15 14:12:12,260 | INFO | Robot frowning at intensity 0.5 for duration 4
2023-06-15 14:12:14,056 | INFO | Current peak 355
2023-06-15 14:12:14,589 | INFO | Good expert min 1533.7747912630043 All expert min 1533.7747912630043
2023-06-15 14:12:15,237 | INFO | Good expert min 2117.9845060837033 All expert min 2117.9845060837033
2023-06-15 14:12:15,870 | INFO | Good expert min 926.5740898500165 All expert min 926.5740898500165
2023-06-15 14:12:16,512 | INFO | Good expert min 817.3571758831785 All expert min 817.3571758831785
2023-06-15 14:12:16,532 | INFO | Actual Duration 8.574479, Average Expert Duration 2.71982825
2023-06-15 14:12:16,553 | INFO | {'speed': 'good', 'correction': ['ok right shoulder', 'bad left shoulder', 'Good right elbow', 'Good left elbow'], 'evaluation': [0, -1, 1, 1]}
2023-06-15 14:12:16,569 | INFO | Evaluation case  with message - 
2023-06-15 14:12:16,584 | INFO | Speed case  with message - 
2023-06-15 14:12:16,599 | INFO | Moving from [-0.17966509956154417, -1.1670611418163843, 0.06838809527130149, -1.15931399950659, -0.1825869844219181] to [-0.244251907607484, -1.1503269932381412, -0.03176771124677423, -1.1574918162893209, -0.09750785676749146] for duration 2
2023-06-15 14:12:19,320 | INFO | Current peak 400
2023-06-15 14:12:19,875 | INFO | Good expert min 1381.7715607107873 All expert min 1365.8343568783425
2023-06-15 14:12:20,395 | INFO | Good expert min 1399.104653535601 All expert min 1399.104653535601
2023-06-15 14:12:20,914 | INFO | Good expert min 742.951247033183 All expert min 742.951247033183
2023-06-15 14:12:21,444 | INFO | Good expert min 708.2228222137944 All expert min 708.2228222137944
2023-06-15 14:12:21,459 | INFO | Actual Duration 5.172948, Average Expert Duration 2.71982825
2023-06-15 14:12:21,480 | INFO | {'speed': 'good', 'correction': ['low range of motion right shoulder', 'Good left shoulder', 'Good right elbow', 'Good left elbow'], 'evaluation': [-1, 1, 1, 1]}
2023-06-15 14:12:21,495 | INFO | Evaluation case  with message - 
2023-06-15 14:12:21,511 | INFO | Speed case 4b with message - Nice speed, keep going.
2023-06-15 14:12:21,526 | INFO | Robot says: Nice speed, keep going.
2023-06-15 14:12:21,542 | INFO | Moving from [0, -0.8, 0, -0.8, 0.0525] to [-0.2, -1.1, 0, -1.1, -0.1175] for duration 4
2023-06-15 14:12:25,575 | INFO | Robot smiling at intensity 0.6 for duration 4
2023-06-15 14:12:26,022 | INFO | Current peak 422
2023-06-15 14:12:26,390 | INFO | -------------------Done with exercise
2023-06-15 14:12:26,391 | INFO | Robot says: Almost done.
2023-06-15 14:12:26,391 | INFO | Good expert min 561.7148240664447 All expert min 561.7148240664447
2023-06-15 14:12:26,427 | INFO | Good expert min 252.3677823793504 All expert min 252.3677823793504
2023-06-15 14:12:26,455 | INFO | Good expert min 767.3821467365871 All expert min 767.3821467365871
2023-06-15 14:12:26,484 | INFO | Good expert min 706.9670039982382 All expert min 706.9670039982382
2023-06-15 14:12:26,484 | INFO | Actual Duration 6.777507, Average Expert Duration 2.71982825
2023-06-15 14:12:26,484 | INFO | {'speed': 'slow', 'correction': ['Good right shoulder', 'Good left shoulder', 'Good right elbow', 'Good left elbow'], 'evaluation': [1, 1, 1, 1]}
2023-06-15 14:12:26,484 | INFO | Evaluation case  with message - 
2023-06-15 14:12:26,484 | INFO | Speed case  with message - 
2023-06-15 14:12:26,484 | INFO | Moving from [-0.14339099048402346, -1.0254980014099118, -0.002916383416576268, -1.0990416250268842, -0.14818160635163977] to [-0.20713810538485267, -1.1496646963619397, 0.00013943942964275702, -1.1252265382344102, -0.06051591042753199] for duration 2
2023-06-15 14:12:29,395 | INFO | Robot says: Rest.
2023-06-15 14:12:31,398 | INFO | Robot smiling at intensity 0.6 for duration 4
2023-06-15 14:12:31,398 | INFO | Robot says: Using the scale next to you, how difficult was that last set, from 1 to 10?
2023-06-15 14:12:31,399 | INFO | Moving arm from sides to up
2023-06-15 14:12:31,399 | INFO | Moving from [-0.2, -1.1, 0, -1.1, -0.1175] to [1.7, -1.1, 0, -1.1, -0.1175] for duration 4
2023-06-15 14:12:33,402 | INFO | Total Number of Reps 8
2023-06-15 14:12:33,402 | INFO | Total Angles 430
2023-06-15 14:12:33,403 | INFO | topic impl's ref count is zero, deleting topic /joint_angles...
2023-06-15 14:12:33,403 | INFO | topic[/joint_angles] removing connection to http://172.26.171.145:40103/
2023-06-15 14:12:33,410 | INFO | Saved file Participant_19_Round_2_Robot_2_Exercise_bicep_curls_Set_1.npz
2023-06-15 14:12:51,398 | INFO | Robot says: Rest for 20 more seconds.
2023-06-15 14:13:11,450 | INFO | =====================================
2023-06-15 14:13:11,450 | INFO | STARTING SET 2 OF bicep_curls
2023-06-15 14:13:11,450 | INFO | =====================================
2023-06-15 14:13:11,451 | INFO | Moving arm from up to halfway
2023-06-15 14:13:11,451 | INFO | Moving from [1.7, -1.1, 0, -1.1, 0.2] to [1.1, -1.1, 0, -1.1, 0.2] for duration 4
2023-06-15 14:13:11,459 | INFO | topic[/joint_angles] adding connection to [http://172.26.171.145:40103/], count 0
2023-06-15 14:13:15,456 | INFO | Robot says: Get ready for set 2 out of 2 of bicep curls
2023-06-15 14:13:17,459 | INFO | Robot smiling at intensity 0.6 for duration 4
2023-06-15 14:13:23,466 | INFO | -------------------Recording!
2023-06-15 14:13:23,466 | INFO | Moving arm from halfway to sides
2023-06-15 14:13:23,467 | INFO | Moving from [1.1, -1.1, 0, -1.1, 0.2] to [-0.2, -1.1, 0, -1.1, 0.2] for duration 4
2023-06-15 14:13:25,470 | INFO | Robot says: Start bicep curls now
2023-06-15 14:13:28,077 | INFO | Current peak 61
2023-06-15 14:13:29,764 | INFO | Current peak 118
2023-06-15 14:13:30,411 | INFO | Good expert min 2493.913884109725 All expert min 2437.1459463191013
2023-06-15 14:13:31,032 | INFO | Good expert min 2167.1893919470563 All expert min 2115.36821114718
2023-06-15 14:13:31,673 | INFO | Good expert min 812.776071110602 All expert min 812.776071110602
2023-06-15 14:13:32,359 | INFO | Good expert min 845.7536374142201 All expert min 845.7536374142201
2023-06-15 14:13:32,390 | INFO | Actual Duration 1.919106, Average Expert Duration 2.71982825
2023-06-15 14:13:32,421 | INFO | {'speed': 'good', 'correction': ['bad right shoulder', 'bad left shoulder', 'Good right elbow', 'Good left elbow'], 'evaluation': [-1, -1, 1, 1]}
2023-06-15 14:13:32,446 | INFO | Evaluation case  with message - 
2023-06-15 14:13:32,477 | INFO | Speed case  with message - 
2023-06-15 14:13:32,508 | INFO | Moving from [-0.2032391248299361, -1.0825773494572815, -0.04660190675678138, -1.1791844551542305, 0.2952986847091539] to [-0.16673769400278157, -1.1717931300140074, 0.04073353488325776, -1.1302760416684516, 0.2406455590599512] for duration 2
2023-06-15 14:13:34,265 | INFO | Current peak 138
2023-06-15 14:13:34,871 | INFO | Good expert min 1422.625122092418 All expert min 1199.81281235718
2023-06-15 14:13:35,429 | INFO | Good expert min 1129.290361345684 All expert min 1041.1747360998736
2023-06-15 14:13:35,985 | INFO | Good expert min 2829.4020109381486 All expert min 2236.4143876002604
2023-06-15 14:13:36,661 | INFO | Good expert min 2485.8829061950773 All expert min 1910.2170781205905
2023-06-15 14:13:36,682 | INFO | Actual Duration 4.140668, Average Expert Duration 2.71982825
2023-06-15 14:13:36,703 | INFO | {'speed': 'good', 'correction': ['low range of motion right shoulder', 'low range of motion left shoulder', 'bad right elbow', 'bad left elbow'], 'evaluation': [-1, -1, -1, -1]}
2023-06-15 14:13:36,734 | INFO | Evaluation case  with message - 
2023-06-15 14:13:36,764 | INFO | Speed case  with message - 
2023-06-15 14:13:36,800 | INFO | Moving from [-0.19874660021336327, -1.1904159008030888, -0.02327055153418496, -1.1206455219929383, 0.21736987129867288] to [-0.17073281858140343, -1.0163915765704004, 0.09984298999426261, -1.0544492565889843, 0.2655902223321155] for duration 2
2023-06-15 14:13:38,671 | INFO | Current peak 173
2023-06-15 14:13:39,245 | INFO | Good expert min 2122.9336719336934 All expert min 1925.2657527481608
2023-06-15 14:13:39,927 | INFO | Good expert min 2332.568388970681 All expert min 1986.7040157427596
2023-06-15 14:13:40,563 | INFO | Good expert min 3019.0640596789303 All expert min 3019.0640596789303
2023-06-15 14:13:41,234 | INFO | Good expert min 2663.6896499777026 All expert min 2663.6896499777026
2023-06-15 14:13:41,265 | INFO | Actual Duration 4.514179, Average Expert Duration 2.71982825
2023-06-15 14:13:41,296 | INFO | {'speed': 'good', 'correction': ['bad right shoulder', 'bad left shoulder', 'bad right elbow', 'bad left elbow'], 'evaluation': [-1, -1, -1, -1]}
2023-06-15 14:13:41,311 | INFO | Evaluation case 1i with message - Focus on getting a full range of motion in your elbows.
2023-06-15 14:13:41,332 | INFO | Speed case 4b with message - Good speed, keep it up.
2023-06-15 14:13:41,363 | INFO | Robot says: Focus on getting a full range of motion in your elbows.
2023-06-15 14:13:41,389 | INFO | Moving from [-0.2, -1.1, 0, -1.1, -0.1175] to [-0.2, -1.1, 0, -1.1, -0.1175] for duration 4
2023-06-15 14:13:45,439 | INFO | Robot frowning at intensity 0.5 for duration 4
2023-06-15 14:13:46,543 | INFO | Current peak 210
2023-06-15 14:13:47,176 | INFO | Good expert min 872.4389763471905 All expert min 872.4389763471905
2023-06-15 14:13:47,850 | INFO | Good expert min 1087.3322703291292 All expert min 1002.8302174969958
2023-06-15 14:13:48,489 | INFO | Good expert min 898.2951159290496 All expert min 898.2951159290496
2023-06-15 14:13:48,906 | INFO | Good expert min 921.73617292381 All expert min 921.73617292381
2023-06-15 14:13:48,937 | INFO | Actual Duration 7.876363, Average Expert Duration 2.71982825
2023-06-15 14:13:48,968 | INFO | {'speed': 'good', 'correction': ['Good right shoulder', 'low range of motion left shoulder', 'Good right elbow', 'Good left elbow'], 'evaluation': [1, -1, 1, 1]}
2023-06-15 14:13:49,004 | INFO | Evaluation case  with message - 
2023-06-15 14:13:49,035 | INFO | Speed case  with message - 
2023-06-15 14:13:49,065 | INFO | Moving from [-0.10968364683894641, -1.037662549124986, 0.056105551478020294, -1.0440626786775613, -0.09774512504050745] to [-0.2029995587919803, -1.192092861056638, 0.0788969396586178, -1.0312320732375717, -0.05965549080086277] for duration 2
2023-06-15 14:13:50,511 | INFO | Current peak 235
2023-06-15 14:13:50,954 | INFO | Good expert min 842.8499191590336 All expert min 842.8499191590336
2023-06-15 14:13:51,585 | INFO | Good expert min 755.2755891783954 All expert min 650.5743277124525
2023-06-15 14:13:52,183 | INFO | Good expert min 2560.853989348528 All expert min 2560.853989348528
2023-06-15 14:13:52,648 | INFO | Good expert min 2362.455764010892 All expert min 2362.455764010892
2023-06-15 14:13:52,674 | INFO | Actual Duration 4.044458, Average Expert Duration 2.71982825
2023-06-15 14:13:52,710 | INFO | {'speed': 'good', 'correction': ['Good right shoulder', 'low range of motion left shoulder', 'bad right elbow', 'bad left elbow'], 'evaluation': [1, -1, -1, -1]}
2023-06-15 14:13:52,741 | INFO | Evaluation case  with message - 
2023-06-15 14:13:52,767 | INFO | Speed case  with message - 
2023-06-15 14:13:52,798 | INFO | Moving from [-0.22631193762851395, -1.169432507877329, -0.07756505518957801, -1.014199342250936, -0.10650317422097735] to [-0.16685946084761166, -1.0825047175805658, -0.009849568818846022, -1.0478401254188094, -0.17266143030861464] for duration 2
2023-06-15 14:13:54,610 | INFO | Current peak 264
2023-06-15 14:13:55,270 | INFO | Good expert min 881.3142279123857 All expert min 875.6600017290319
2023-06-15 14:13:55,966 | INFO | Good expert min 738.3188274199134 All expert min 688.2994376751011
2023-06-15 14:13:56,622 | INFO | Good expert min 841.6019943020784 All expert min 841.6019943020784
2023-06-15 14:13:57,186 | INFO | Good expert min 795.8490497545237 All expert min 795.8490497545237
2023-06-15 14:13:57,212 | INFO | Actual Duration 4.030842, Average Expert Duration 2.71982825
2023-06-15 14:13:57,248 | INFO | {'speed': 'good', 'correction': ['low range of motion right shoulder', 'low range of motion left shoulder', 'Good right elbow', 'Good left elbow'], 'evaluation': [-1, -1, 1, 1]}
2023-06-15 14:13:57,284 | INFO | Evaluation case 1b with message - Focus on fully extending your left elbow.
2023-06-15 14:13:57,304 | INFO | Speed case  with message - 
2023-06-15 14:13:57,325 | INFO | Robot says: Focus on fully extending your left elbow.
2023-06-15 14:13:57,351 | INFO | Moving from [-0.2, -1.1, 0, -1.1, -0.1175] to [-0.2, -1.1, 0, -1.1, -0.1175] for duration 4
2023-06-15 14:14:01,396 | INFO | Robot frowning at intensity 0.5 for duration 4
2023-06-15 14:14:02,296 | INFO | Current peak 298
2023-06-15 14:14:03,001 | INFO | Good expert min 449.2344302561004 All expert min 449.2344302561004
2023-06-15 14:14:03,695 | INFO | Good expert min 692.0810366716638 All expert min 653.1799038979439
2023-06-15 14:14:04,317 | INFO | Good expert min 647.6983041233511 All expert min 647.6983041233511
2023-06-15 14:14:04,970 | INFO | Good expert min 931.2287630431441 All expert min 931.2287630431441
2023-06-15 14:14:04,995 | INFO | Actual Duration 7.847753, Average Expert Duration 2.71982825
2023-06-15 14:14:05,036 | INFO | {'speed': 'good', 'correction': ['Good right shoulder', 'low range of motion left shoulder', 'Good right elbow', 'Good left elbow'], 'evaluation': [1, -1, 1, 1]}
2023-06-15 14:14:05,067 | INFO | Evaluation case  with message - 
2023-06-15 14:14:05,098 | INFO | Speed case 4b with message - Good speed, keep it up.
2023-06-15 14:14:05,129 | INFO | Robot says: Good speed, keep it up.
2023-06-15 14:14:05,154 | INFO | Moving from [0, -0.8, 0, -0.8, 0.0525] to [-0.2, -1.1, 0, -1.1, -0.1175] for duration 4
2023-06-15 14:14:09,189 | INFO | Robot smiling at intensity 0.6 for duration 4
2023-06-15 14:14:10,274 | INFO | Current peak 336
2023-06-15 14:14:11,045 | INFO | Good expert min 1356.3880463068076 All expert min 1356.3880463068076
2023-06-15 14:14:11,817 | INFO | Good expert min 1100.2513861065004 All expert min 1083.2613093703792
2023-06-15 14:14:12,488 | INFO | Good expert min 802.5881528632817 All expert min 802.5881528632817
2023-06-15 14:14:13,233 | INFO | Good expert min 1120.9658805514846 All expert min 1120.9658805514846
2023-06-15 14:14:13,264 | INFO | Actual Duration 7.915289, Average Expert Duration 2.71982825
2023-06-15 14:14:13,290 | INFO | {'speed': 'good', 'correction': ['Good right shoulder', 'low range of motion left shoulder', 'Good right elbow', 'Good left elbow'], 'evaluation': [1, -1, 1, 1]}
2023-06-15 14:14:13,321 | INFO | Evaluation case  with message - 
2023-06-15 14:14:13,357 | INFO | Speed case  with message - 
2023-06-15 14:14:13,388 | INFO | Moving from [-0.15499429311012208, -1.1925129126170326, 0.06014638994457744, -1.1752561418210348, -0.13183889111997843] to [-0.2652159274955705, -1.1645291691670319, -0.023599289771761664, -1.1878995994353092, -0.11662894821800857] for duration 2
2023-06-15 14:14:13,466 | INFO | -------------------Done with exercise
2023-06-15 14:14:13,466 | INFO | Robot says: Almost done.
2023-06-15 14:14:16,470 | INFO | Robot says: Rest.
2023-06-15 14:14:18,473 | INFO | Robot smiling at intensity 0.6 for duration 4
2023-06-15 14:14:18,474 | INFO | Robot says: Using the scale next to you, how difficult was that last set, from 1 to 10?
2023-06-15 14:14:18,474 | INFO | Moving arm from sides to up
2023-06-15 14:14:18,475 | INFO | Moving from [-0.2, -1.1, 0, -1.1, -0.1175] to [1.7, -1.1, 0, -1.1, -0.1175] for duration 4
2023-06-15 14:14:20,478 | INFO | Total Number of Reps 8
2023-06-15 14:14:20,479 | INFO | Total Angles 340
2023-06-15 14:14:20,479 | INFO | topic impl's ref count is zero, deleting topic /joint_angles...
2023-06-15 14:14:20,479 | INFO | topic[/joint_angles] removing connection to http://172.26.171.145:40103/
2023-06-15 14:14:20,486 | INFO | Saved file Participant_19_Round_2_Robot_2_Exercise_bicep_curls_Set_2.npz
2023-06-15 14:14:38,474 | INFO | Robot says: Rest for 20 more seconds.
2023-06-15 14:14:58,488 | INFO | =====================================
2023-06-15 14:14:58,489 | INFO | STARTING SET 1 OF lateral_raises
2023-06-15 14:14:58,489 | INFO | =====================================
2023-06-15 14:14:58,489 | INFO | Moving arm from up to halfway
2023-06-15 14:14:58,489 | INFO | Moving from [1.7, -1.1, 0, -1.1, 0.2] to [1.1, -1.1, 0, -1.1, 0.2] for duration 4
2023-06-15 14:14:58,492 | INFO | topic[/joint_angles] adding connection to [http://172.26.171.145:40103/], count 0
2023-06-15 14:15:02,494 | INFO | Robot says: Get ready for set 1 out of 2 of lateral raises
2023-06-15 14:15:04,497 | INFO | Robot smiling at intensity 0.6 for duration 4
2023-06-15 14:15:10,504 | INFO | -------------------Recording!
2023-06-15 14:15:10,505 | INFO | Moving arm from halfway to sides
2023-06-15 14:15:10,505 | INFO | Moving from [1.1, -1.1, 0, -1.1, 0.2] to [-0.2, -1.1, 0, -1.1, 0.2] for duration 4
2023-06-15 14:15:12,508 | INFO | Robot says: Start lateral raises now
2023-06-15 14:15:16,036 | INFO | Current peak 90
2023-06-15 14:15:17,945 | INFO | Current peak 145
2023-06-15 14:15:18,490 | INFO | Good expert min 1653.549715255559 All expert min 1637.9019110208933
2023-06-15 14:15:19,058 | INFO | Good expert min 1886.6275591415858 All expert min 1886.6275591415858
2023-06-15 14:15:19,579 | INFO | Good expert min 1090.6229222938082 All expert min 1090.6229222938082
2023-06-15 14:15:20,160 | INFO | Good expert min 1942.2388437003856 All expert min 1880.7516427054286
2023-06-15 14:15:20,196 | INFO | Actual Duration 2.080001, Average Expert Duration 3.073079411764706
2023-06-15 14:15:20,237 | INFO | {'speed': 'good', 'correction': ['high range of motion right shoulder', 'ok left shoulder', 'Good right elbow', 'bad left elbow'], 'evaluation': [-1, 0, 1, -1]}
2023-06-15 14:15:20,273 | INFO | Evaluation case  with message - 
2023-06-15 14:15:20,309 | INFO | Speed case  with message - 
2023-06-15 14:15:20,345 | INFO | Moving from [-0.10639443882989738, -1.096662272379624, -0.07205603106048242, -1.1998766117515922, 0.13690998862100298] to [-0.17509937267543854, -1.0538080234260778, -0.07820779805118497, -1.1937606092727366, 0.19631923677000265] for duration 2
2023-06-15 14:15:22,238 | INFO | Current peak 173
2023-06-15 14:15:22,807 | INFO | Good expert min 1325.729476796276 All expert min 1325.729476796276
2023-06-15 14:15:23,192 | INFO | Good expert min 1416.5678371562028 All expert min 1416.5678371562028
2023-06-15 14:15:23,711 | INFO | Good expert min 1177.6218131182343 All expert min 980.6948639580395
2023-06-15 14:15:24,269 | INFO | Good expert min 867.8277841240389 All expert min 867.8277841240389
2023-06-15 14:15:24,275 | INFO | Actual Duration 4.160259, Average Expert Duration 3.073079411764706
2023-06-15 14:15:24,275 | INFO | {'speed': 'good', 'correction': ['Good right shoulder', 'Good left shoulder', 'low range of motion right elbow', 'Good left elbow'], 'evaluation': [1, 1, -1, 1]}
2023-06-15 14:15:24,306 | INFO | Evaluation case  with message - 
2023-06-15 14:15:24,347 | INFO | Speed case  with message - 
2023-06-15 14:15:24,387 | INFO | Moving from [-0.12225072433473871, -1.0951100738405835, 0.03576841348423318, -1.1445697622046564, 0.2434878856077677] to [-0.1593136310371656, -1.0079028069229874, -0.07844919020977369, -1.0089683410848067, 0.1454057183322622] for duration 2
2023-06-15 14:15:26,172 | INFO | Current peak 200
2023-06-15 14:15:26,689 | INFO | Good expert min 1095.9882144747758 All expert min 1095.9882144747758
2023-06-15 14:15:27,272 | INFO | Good expert min 1272.826563641706 All expert min 1272.826563641706
2023-06-15 14:15:27,813 | INFO | Good expert min 1093.327109507127 All expert min 803.8255311873761
2023-06-15 14:15:28,400 | INFO | Good expert min 1028.9544180346247 All expert min 1028.9544180346247
2023-06-15 14:15:28,441 | INFO | Actual Duration 3.943214, Average Expert Duration 3.073079411764706
2023-06-15 14:15:28,492 | INFO | {'speed': 'good', 'correction': ['Good right shoulder', 'Good left shoulder', 'low range of motion right elbow', 'Good left elbow'], 'evaluation': [1, 1, -1, 1]}
2023-06-15 14:15:28,538 | INFO | Evaluation case 1a with message - Focus on fully extending your right arm to 90 degrees.
2023-06-15 14:15:28,569 | INFO | Speed case 4b with message - Good speed, keep it up.
2023-06-15 14:15:28,605 | INFO | Robot says: Focus on fully extending your right arm to 90 degrees.
2023-06-15 14:15:28,641 | INFO | Moving from [-0.2, -1.1, 0, -1.1, -0.1175] to [-0.2, -1.1, 0, -1.1, -0.1175] for duration 4
2023-06-15 14:15:32,686 | INFO | Robot frowning at intensity 0.5 for duration 4
2023-06-15 14:15:34,094 | INFO | Current peak 251
2023-06-15 14:15:34,422 | INFO | Good expert min 1415.6272080630533 All expert min 1415.6272080630533
2023-06-15 14:15:34,905 | INFO | Good expert min 1821.2101480052934 All expert min 1821.2101480052934
2023-06-15 14:15:35,460 | INFO | Good expert min 1233.917842302348 All expert min 1233.917842302348
2023-06-15 14:15:35,968 | INFO | Good expert min 2208.564938163345 All expert min 2208.564938163345
2023-06-15 14:15:35,994 | INFO | Actual Duration 7.911427, Average Expert Duration 3.073079411764706
2023-06-15 14:15:36,035 | INFO | {'speed': 'good', 'correction': ['Good right shoulder', 'ok left shoulder', 'Good right elbow', 'bad left elbow'], 'evaluation': [1, 0, 1, -1]}
2023-06-15 14:15:36,071 | INFO | Evaluation case  with message - 
2023-06-15 14:15:36,106 | INFO | Speed case  with message - 
2023-06-15 14:15:36,152 | INFO | Moving from [-0.24183513737869727, -1.1363642855680742, 0.004706260359162523, -1.1192344849927731, -0.18475423900748544] to [-0.22532188615892304, -1.1544022731159174, -0.07653688918049131, -1.054818046908089, -0.08364175525507123] for duration 2
2023-06-15 14:15:44,194 | INFO | Current peak 433
2023-06-15 14:15:44,711 | INFO | Good expert min 7313.023765818564 All expert min 7313.023765818564
2023-06-15 14:15:45,217 | INFO | Good expert min 6952.14618991843 All expert min 6952.14618991843
2023-06-15 14:15:45,658 | INFO | Good expert min 8669.853895449574 All expert min 8669.853895449574
2023-06-15 14:15:46,232 | INFO | Good expert min 8706.39634295982 All expert min 8706.39634295982
2023-06-15 14:15:46,253 | INFO | Actual Duration 10.048231, Average Expert Duration 3.073079411764706
2023-06-15 14:15:46,294 | INFO | {'speed': 'good', 'correction': ['bad right shoulder', 'bad left shoulder', 'bad right elbow', 'bad left elbow'], 'evaluation': [-1, -1, -1, -1]}
2023-06-15 14:15:46,340 | INFO | Evaluation case  with message - 
2023-06-15 14:15:46,376 | INFO | Speed case  with message - 
2023-06-15 14:15:46,417 | INFO | Moving from [-0.19517593043202006, -1.17668188158116, -0.08832004498750552, -1.0475514570145892, -0.07485894823507136] to [-0.13796016437161804, -1.0813783672722836, -0.0018861553414660504, -1.1927803703759556, -0.19992904946921336] for duration 2
2023-06-15 14:15:48,216 | INFO | Current peak 462
2023-06-15 14:15:48,788 | INFO | Good expert min 520.934079597441 All expert min 518.1386233776769
2023-06-15 14:15:49,323 | INFO | Good expert min 812.2355414328368 All expert min 812.2355414328368
2023-06-15 14:15:49,829 | INFO | Good expert min 1316.2243290446827 All expert min 976.0929554922303
2023-06-15 14:15:50,340 | INFO | Good expert min 1137.7696886984995 All expert min 1137.7696886984995
2023-06-15 14:15:50,371 | INFO | Actual Duration 4.104119, Average Expert Duration 3.073079411764706
2023-06-15 14:15:50,417 | INFO | {'speed': 'good', 'correction': ['low range of motion right shoulder', 'Good left shoulder', 'low range of motion right elbow', 'Good left elbow'], 'evaluation': [-1, 1, -1, 1]}
2023-06-15 14:15:50,463 | INFO | Evaluation case  with message - 
2023-06-15 14:15:50,504 | INFO | Speed case  with message - 
2023-06-15 14:15:50,545 | INFO | Moving from [-0.23691721807612903, -1.1296765835322966, 0.004687264128993826, -1.0738797495846801, -0.021039354864256093] to [-0.14687967322138623, -1.1058904135680727, 0.03461598294710849, -1.1182380829438834, -0.05034697323784293] for duration 2
2023-06-15 14:15:52,372 | INFO | Current peak 491
2023-06-15 14:15:52,939 | INFO | Good expert min 594.8720614566904 All expert min 594.8720614566904
2023-06-15 14:15:53,527 | INFO | Good expert min 680.0771525915305 All expert min 680.0771525915305
2023-06-15 14:15:53,925 | INFO | Good expert min 1311.9007889956533 All expert min 1158.5414778223796
2023-06-15 14:15:54,415 | INFO | Good expert min 1104.1855509379943 All expert min 1103.6831947958513
2023-06-15 14:15:54,452 | INFO | Actual Duration 4.155914, Average Expert Duration 3.073079411764706
2023-06-15 14:15:54,503 | INFO | {'speed': 'good', 'correction': ['Good right shoulder', 'Good left shoulder', 'low range of motion right elbow', 'low range of motion left elbow'], 'evaluation': [1, 1, -1, -1]}
2023-06-15 14:15:54,549 | INFO | Evaluation case 1a with message - Make sure your right arm reaches 90 degrees
2023-06-15 14:15:54,595 | INFO | Speed case 4b with message - Good speed, keep it up.
2023-06-15 14:15:54,641 | INFO | Robot says: Make sure your right arm reaches 90 degrees
2023-06-15 14:15:54,693 | INFO | Moving from [-0.2, -1.1, 0, -1.1, -0.1175] to [-0.2, -1.1, 0, -1.1, -0.1175] for duration 4
2023-06-15 14:15:58,753 | INFO | Robot frowning at intensity 0.5 for duration 4
2023-06-15 14:16:00,075 | INFO | Current peak 528
2023-06-15 14:16:00,421 | INFO | Good expert min 1914.854898667884 All expert min 1593.5913038866295
2023-06-15 14:16:00,504 | INFO | -------------------Done with exercise
2023-06-15 14:16:00,507 | INFO | Robot says: Almost done.
2023-06-15 14:16:00,530 | INFO | Good expert min 1710.6736073536697 All expert min 1635.0916109420582
2023-06-15 14:16:00,559 | INFO | Good expert min 2302.690747228227 All expert min 1905.7244033389463
2023-06-15 14:16:00,587 | INFO | Good expert min 2998.793481659263 All expert min 2659.7774047132825
2023-06-15 14:16:00,587 | INFO | Actual Duration 7.450773, Average Expert Duration 3.073079411764706
2023-06-15 14:16:00,587 | INFO | {'speed': 'good', 'correction': ['high range of motion right shoulder', 'high range of motion left shoulder', 'bad right elbow', 'bad left elbow'], 'evaluation': [-1, -1, -1, -1]}
2023-06-15 14:16:00,587 | INFO | Evaluation case  with message - 
2023-06-15 14:16:00,587 | INFO | Speed case  with message - 
2023-06-15 14:16:00,588 | INFO | Moving from [-0.29636864798564083, -1.1992824567984934, 0.09525628842171402, -1.023537147752381, -0.11201843205305585] to [-0.1769472774164246, -1.0145438750967428, 0.06011215843246995, -1.037772979092976, -0.145044056208224] for duration 2
2023-06-15 14:16:03,517 | INFO | Robot says: Rest.
2023-06-15 14:16:05,520 | INFO | Robot smiling at intensity 0.6 for duration 4
2023-06-15 14:16:05,520 | INFO | Robot says: Using the scale next to you, how difficult was that last set, from 1 to 10?
2023-06-15 14:16:05,521 | INFO | Moving arm from sides to up
2023-06-15 14:16:05,521 | INFO | Moving from [-0.2, -1.1, 0, -1.1, -0.1175] to [1.7, -1.1, 0, -1.1, -0.1175] for duration 4
2023-06-15 14:16:07,524 | INFO | Total Number of Reps 8
2023-06-15 14:16:07,524 | INFO | Total Angles 540
2023-06-15 14:16:07,525 | INFO | topic impl's ref count is zero, deleting topic /joint_angles...
2023-06-15 14:16:07,525 | INFO | topic[/joint_angles] removing connection to http://172.26.171.145:40103/
2023-06-15 14:16:07,532 | INFO | Saved file Participant_19_Round_2_Robot_2_Exercise_lateral_raises_Set_1.npz
2023-06-15 14:16:25,520 | INFO | Robot says: Rest for 20 more seconds.
2023-06-15 14:16:45,561 | INFO | =====================================
2023-06-15 14:16:45,561 | INFO | STARTING SET 2 OF lateral_raises
2023-06-15 14:16:45,562 | INFO | =====================================
2023-06-15 14:16:45,562 | INFO | Moving arm from up to halfway
2023-06-15 14:16:45,563 | INFO | Moving from [1.7, -1.1, 0, -1.1, 0.2] to [1.1, -1.1, 0, -1.1, 0.2] for duration 4
2023-06-15 14:16:45,566 | INFO | topic[/joint_angles] adding connection to [http://172.26.171.145:40103/], count 0
2023-06-15 14:16:49,568 | INFO | Robot says: Get ready for set 2 out of 2 of lateral raises
2023-06-15 14:16:51,571 | INFO | Robot smiling at intensity 0.6 for duration 4
2023-06-15 14:16:57,578 | INFO | -------------------Recording!
2023-06-15 14:16:57,578 | INFO | Moving arm from halfway to sides
2023-06-15 14:16:57,579 | INFO | Moving from [1.1, -1.1, 0, -1.1, 0.2] to [-0.2, -1.1, 0, -1.1, 0.2] for duration 4
2023-06-15 14:16:59,582 | INFO | Robot says: Start lateral raises now
2023-06-15 14:17:03,603 | INFO | Current peak 90
2023-06-15 14:17:05,144 | INFO | Current peak 136
2023-06-15 14:17:05,670 | INFO | Good expert min 1451.3564384886483 All expert min 1451.3564384886483
2023-06-15 14:17:06,153 | INFO | Good expert min 1641.3399841495948 All expert min 1641.3399841495948
2023-06-15 14:17:06,758 | INFO | Good expert min 1090.2859609622292 All expert min 1090.2859609622292
2023-06-15 14:17:07,322 | INFO | Good expert min 1742.435212833614 All expert min 1742.435212833614
2023-06-15 14:17:07,373 | INFO | Actual Duration 1.806981, Average Expert Duration 3.073079411764706
2023-06-15 14:17:07,419 | INFO | {'speed': 'good', 'correction': ['Good right shoulder', 'Good left shoulder', 'Good right elbow', 'ok left elbow'], 'evaluation': [1, 1, 1, 0]}
2023-06-15 14:17:07,470 | INFO | Evaluation case  with message - 
2023-06-15 14:17:07,516 | INFO | Speed case  with message - 
2023-06-15 14:17:07,552 | INFO | Moving from [-0.19745604323279994, -1.1714149410597552, -0.02106043121565704, -1.1608620370477318, 0.12951147655220452] to [-0.24543641466339108, -1.1188552639682487, -0.05383618056456703, -1.1374346854690571, 0.24201908784115353] for duration 2
2023-06-15 14:17:08,983 | INFO | Current peak 151
2023-06-15 14:17:09,485 | INFO | Good expert min 724.0871655332373 All expert min 610.8026480570347
2023-06-15 14:17:10,015 | INFO | Good expert min 787.5771191974466 All expert min 673.3846136947093
2023-06-15 14:17:10,613 | INFO | Good expert min 1147.3244370156347 All expert min 698.2379025504644
2023-06-15 14:17:11,132 | INFO | Good expert min 1050.591503455175 All expert min 1005.2923942840146
2023-06-15 14:17:11,168 | INFO | Actual Duration 3.702875, Average Expert Duration 3.073079411764706
2023-06-15 14:17:11,225 | INFO | {'speed': 'good', 'correction': ['low range of motion right shoulder', 'low range of motion left shoulder', 'low range of motion right elbow', 'low range of motion left elbow'], 'evaluation': [-1, -1, -1, -1]}
2023-06-15 14:17:11,281 | INFO | Evaluation case  with message - 
2023-06-15 14:17:11,338 | INFO | Speed case  with message - 
2023-06-15 14:17:11,389 | INFO | Moving from [-0.16233015221933902, -1.1288864179189135, -0.06900559065254178, -1.17110292205545, 0.17035050235976365] to [-0.11843520009692052, -1.024162433869654, -0.0807282866666526, -1.1727718016511195, 0.27599572767060654] for duration 2
2023-06-15 14:17:12,504 | INFO | Current peak 167
2023-06-15 14:17:13,068 | INFO | Good expert min 834.5457675435005 All expert min 774.7577567293058
2023-06-15 14:17:13,632 | INFO | Good expert min 1113.4769546031864 All expert min 1113.4769546031864
2023-06-15 14:17:14,208 | INFO | Good expert min 799.6812452603073 All expert min 799.6812452603073
2023-06-15 14:17:14,709 | INFO | Good expert min 1164.770959395866 All expert min 1164.770959395866
2023-06-15 14:17:14,746 | INFO | Actual Duration 3.743559, Average Expert Duration 3.073079411764706
2023-06-15 14:17:14,797 | INFO | {'speed': 'good', 'correction': ['low range of motion right shoulder', 'Good left shoulder', 'Good right elbow', 'Good left elbow'], 'evaluation': [-1, 1, 1, 1]}
2023-06-15 14:17:14,854 | INFO | Evaluation case 1a with message - Focus on fully extending your right arm to 90 degrees.
2023-06-15 14:17:14,910 | INFO | Speed case 4b with message - Good speed, keep it up.
2023-06-15 14:17:14,956 | INFO | Robot says: Focus on fully extending your right arm to 90 degrees.
2023-06-15 14:17:15,008 | INFO | Moving from [-0.2, -1.1, 0, -1.1, -0.1175] to [-0.2, -1.1, 0, -1.1, -0.1175] for duration 4
2023-06-15 14:17:19,079 | INFO | Robot frowning at intensity 0.5 for duration 4
2023-06-15 14:17:19,970 | INFO | Current peak 196
2023-06-15 14:17:20,542 | INFO | Good expert min 853.6356806421315 All expert min 853.6356806421315
2023-06-15 14:17:21,143 | INFO | Good expert min 1223.5331723157178 All expert min 1223.5331723157178
2023-06-15 14:17:21,763 | INFO | Good expert min 964.5464688174117 All expert min 964.5464688174117
2023-06-15 14:17:22,197 | INFO | Good expert min 1501.9591531466947 All expert min 1501.9591531466947
2023-06-15 14:17:22,197 | INFO | Actual Duration 7.325804, Average Expert Duration 3.073079411764706
2023-06-15 14:17:22,197 | INFO | {'speed': 'good', 'correction': ['Good right shoulder', 'Good left shoulder', 'Good right elbow', 'Good left elbow'], 'evaluation': [1, 1, 1, 1]}
2023-06-15 14:17:22,238 | INFO | Evaluation case 2a with message - Form is good, keep it up.
2023-06-15 14:17:22,289 | INFO | Speed case  with message - 
2023-06-15 14:17:22,340 | INFO | Skipping Form is good, keep it up.
2023-06-15 14:17:22,391 | INFO | Moving from [0, -0.8, 0, -0.8, 0.0525] to [-0.2, -1.1, 0, -1.1, -0.1175] for duration 4
2023-06-15 14:17:26,452 | INFO | Robot smiling at intensity 0.6 for duration 4
2023-06-15 14:17:29,619 | INFO | Current peak 298
2023-06-15 14:17:30,190 | INFO | Good expert min 3038.21136453094 All expert min 3038.21136453094
2023-06-15 14:17:30,793 | INFO | Good expert min 3167.859620686934 All expert min 3167.859620686934
2023-06-15 14:17:31,430 | INFO | Good expert min 3784.9704212459746 All expert min 3784.9704212459746
2023-06-15 14:17:31,755 | INFO | Good expert min 4295.127357461225 All expert min 4295.127357461225
2023-06-15 14:17:31,796 | INFO | Actual Duration 9.68735, Average Expert Duration 3.073079411764706
2023-06-15 14:17:31,847 | INFO | {'speed': 'good', 'correction': ['bad right shoulder', 'bad left shoulder', 'bad right elbow', 'bad left elbow'], 'evaluation': [-1, -1, -1, -1]}
2023-06-15 14:17:31,904 | INFO | Evaluation case  with message - 
2023-06-15 14:17:31,955 | INFO | Speed case  with message - 
2023-06-15 14:17:32,001 | INFO | Moving from [-0.2632350314182434, -1.0939953997066278, -0.06310376675224667, -1.130190773345765, -0.17421542970296544] to [-0.1934243894903601, -1.093653883755721, -0.030032154499272434, -1.0607534776736232, -0.06384839510997647] for duration 2
2023-06-15 14:17:37,658 | INFO | Current peak 424
2023-06-15 14:17:38,161 | INFO | Good expert min 4833.469159989084 All expert min 4498.568767949494
2023-06-15 14:17:38,738 | INFO | Good expert min 4176.353906868335 All expert min 4176.353906868335
2023-06-15 14:17:39,129 | INFO | Good expert min 5921.802740331167 All expert min 5720.42105175842
2023-06-15 14:17:39,718 | INFO | Good expert min 5780.018198954659 All expert min 5780.018198954659
2023-06-15 14:17:39,719 | INFO | Actual Duration 7.844968, Average Expert Duration 3.073079411764706
2023-06-15 14:17:39,760 | INFO | {'speed': 'good', 'correction': ['bad right shoulder', 'bad left shoulder', 'bad right elbow', 'bad left elbow'], 'evaluation': [-1, -1, -1, -1]}
2023-06-15 14:17:39,801 | INFO | Evaluation case 1i with message - Focus on getting a full range of motion in your shoulders.
2023-06-15 14:17:39,846 | INFO | Speed case  with message - 
2023-06-15 14:17:39,892 | INFO | Robot says: Focus on getting a full range of motion in your shoulders.
2023-06-15 14:17:39,949 | INFO | Moving from [-0.2, -1.1, 0, -1.1, -0.1175] to [-0.2, -1.1, 0, -1.1, -0.1175] for duration 4
2023-06-15 14:17:44,014 | INFO | Robot frowning at intensity 0.5 for duration 4
2023-06-15 14:17:45,572 | INFO | Current peak 476
2023-06-15 14:17:46,013 | INFO | Good expert min 1141.8913686538554 All expert min 1141.3124149608107
2023-06-15 14:17:46,396 | INFO | Good expert min 1540.56973885301 All expert min 1540.56973885301
2023-06-15 14:17:46,919 | INFO | Good expert min 1293.1144105434253 All expert min 1293.1144105434253
2023-06-15 14:17:47,451 | INFO | Good expert min 1926.7301885499091 All expert min 1926.7301885499091
2023-06-15 14:17:47,492 | INFO | Actual Duration 8.065664, Average Expert Duration 3.073079411764706
2023-06-15 14:17:47,548 | INFO | {'speed': 'good', 'correction': ['high range of motion right shoulder', 'Good left shoulder', 'Good right elbow', 'ok left elbow'], 'evaluation': [-1, 1, 1, 0]}
2023-06-15 14:17:47,578 | INFO | -------------------Done with exercise
2023-06-15 14:17:47,578 | INFO | Evaluation case  with message - 
2023-06-15 14:17:47,578 | INFO | Robot says: Almost done.
2023-06-15 14:17:47,579 | INFO | Speed case 4b with message - Good speed, keep it up.
2023-06-15 14:17:47,579 | INFO | Skipping Good speed, keep it up.
2023-06-15 14:17:47,579 | INFO | Moving from [0, -0.8, 0, -0.8, 0.0525] to [-0.2, -1.1, 0, -1.1, -0.1175] for duration 4
2023-06-15 14:17:50,582 | INFO | Robot says: Rest.
2023-06-15 14:17:51,584 | INFO | Robot smiling at intensity 0.6 for duration 4
2023-06-15 14:17:52,586 | INFO | Robot smiling at intensity 0.6 for duration 4
2023-06-15 14:17:52,586 | INFO | Robot says: Using the scale next to you, how difficult was that last set, from 1 to 10?
2023-06-15 14:17:52,587 | INFO | Moving arm from sides to up
2023-06-15 14:17:52,588 | INFO | Moving from [-0.2, -1.1, 0, -1.1, -0.1175] to [1.7, -1.1, 0, -1.1, -0.1175] for duration 4
2023-06-15 14:17:54,591 | INFO | Total Number of Reps 7
2023-06-15 14:17:54,591 | INFO | Total Angles 480
2023-06-15 14:17:54,592 | INFO | topic impl's ref count is zero, deleting topic /joint_angles...
2023-06-15 14:17:54,593 | INFO | topic[/joint_angles] removing connection to http://172.26.171.145:40103/
2023-06-15 14:17:54,604 | INFO | Saved file Participant_19_Round_2_Robot_2_Exercise_lateral_raises_Set_2.npz
2023-06-15 14:18:02,606 | INFO | Robot says: Please walk over to the researcher to fill out a survey.
2023-06-15 14:18:02,607 | INFO | signal_shutdown [atexit]
2023-06-15 14:18:02,660 | INFO | topic[/rosout] removing connection to /rosout
2023-06-15 14:18:02,661 | INFO | topic[/quori_sound] removing connection to /quori_sound
2023-06-15 14:18:02,661 | INFO | topic[/quori/joint_trajectory_controller/command] removing connection to /quori/quori_controller
2023-06-15 14:18:02,662 | INFO | topic[/quori/face_generator_emotion] removing connection to /rosbridge_websocket
2023-06-15 14:18:02,663 | INFO | atexit
