2023-06-20 14:19:34,541 | INFO | =====================================
2023-06-20 14:19:34,541 | INFO | STARTING SET 1 OF bicep_curls
2023-06-20 14:19:34,541 | INFO | =====================================
2023-06-20 14:19:34,541 | INFO | Moving arm from up to halfway
2023-06-20 14:19:34,541 | INFO | Moving from [1.7, -1.1, 0, -1.1, 0] to [1.1, -1.1, 0, -1.1, 0] for duration 4
2023-06-20 14:19:34,546 | INFO | topic[/joint_angles] adding connection to [http://172.26.171.145:36849/], count 0
2023-06-20 14:19:34,560 | INFO | topic[/quori_sound] adding connection to [/quori_sound], count 0
2023-06-20 14:19:34,561 | INFO | topic[/quori/face_generator_emotion] adding connection to [/rosbridge_websocket], count 0
2023-06-20 14:19:34,754 | INFO | topic[/rosout] adding connection to [/rosout], count 0
2023-06-20 14:19:34,755 | INFO | topic[/quori/joint_trajectory_controller/command] adding connection to [/quori/quori_controller], count 0
2023-06-20 14:19:38,546 | INFO | Robot says: Get ready for set 1 out of 2 of bicep curls
2023-06-20 14:19:44,564 | INFO | -------------------Recording!
2023-06-20 14:19:44,564 | INFO | Moving arm from halfway to sides
2023-06-20 14:19:44,564 | INFO | Moving from [1.1, -1.1, 0, -1.1, 0] to [0, -1.1, 0, -1.1, 0] for duration 4
2023-06-20 14:19:46,567 | INFO | Robot says: Start bicep curls now
2023-06-20 14:19:49,574 | INFO | Current peak 84
2023-06-20 14:19:51,936 | INFO | Current peak 148
2023-06-20 14:19:52,833 | INFO | Good expert min 1172.6719964178847 All expert min 1172.6719964178847
2023-06-20 14:19:53,447 | INFO | Good expert min 1356.4132707815606 All expert min 1356.4132707815606
2023-06-20 14:19:54,067 | INFO | Good expert min 1013.9006337802549 All expert min 1013.9006337802549
2023-06-20 14:19:54,705 | INFO | Good expert min 1357.0797492441197 All expert min 1357.0797492441197
2023-06-20 14:19:54,716 | INFO | Actual Duration 2.111434, Average Expert Duration 2.71982825
2023-06-20 14:19:54,731 | INFO | {'speed': 'good', 'correction': ['Good right shoulder', 'Good left shoulder', 'Good right elbow', 'Good left elbow'], 'evaluation': [1, 1, 1, 1]}
2023-06-20 14:19:54,752 | INFO | Evaluation case  with message - 
2023-06-20 14:19:54,772 | INFO | Speed case  with message - 
2023-06-20 14:19:54,798 | INFO | Moving from [0.01718157892518886, -1.1595579000201164, -0.013061896324189151, -1.104408954478818, -0.06966855204247774] to [0.041079672111427296, -1.1528115473342002, 0.024152718773141665, -1.0885173775041013, 0.06005221031856617] for duration 2
2023-06-20 14:19:56,203 | INFO | Current peak 169
2023-06-20 14:19:56,693 | INFO | Good expert min 450.5354463953551 All expert min 450.5354463953551
2023-06-20 14:19:57,307 | INFO | Good expert min 280.7774442084607 All expert min 280.7774442084607
2023-06-20 14:19:57,888 | INFO | Good expert min 485.90536763918726 All expert min 485.90536763918726
2023-06-20 14:19:58,451 | INFO | Good expert min 598.6449193544179 All expert min 598.6449193544179
2023-06-20 14:19:58,462 | INFO | Actual Duration 4.377249, Average Expert Duration 2.71982825
2023-06-20 14:19:58,472 | INFO | {'speed': 'good', 'correction': ['Good right shoulder', 'Good left shoulder', 'Good right elbow', 'Good left elbow'], 'evaluation': [1, 1, 1, 1]}
2023-06-20 14:19:58,488 | INFO | Evaluation case  with message - 
2023-06-20 14:19:58,508 | INFO | Speed case  with message - 
2023-06-20 14:19:58,524 | INFO | Moving from [0.005492270704756885, -1.0494010090448784, -0.06842449573593286, -1.1384429361451278, 0.056533745094161286] to [0.06908529005816363, -1.1338703196728714, 0.06676679379533332, -1.1851505261490658, 0.09258633589386953] for duration 2
2023-06-20 14:20:00,762 | INFO | Current peak 213
2023-06-20 14:20:01,215 | INFO | Good expert min 769.3595462593132 All expert min 769.3595462593132
2023-06-20 14:20:01,829 | INFO | Good expert min 725.1616155651293 All expert min 725.1616155651293
2023-06-20 14:20:02,413 | INFO | Good expert min 545.9541572777559 All expert min 545.9541572777559
2023-06-20 14:20:03,017 | INFO | Good expert min 564.2916238548337 All expert min 564.2916238548337
2023-06-20 14:20:03,038 | INFO | Actual Duration 4.61043, Average Expert Duration 2.71982825
2023-06-20 14:20:03,053 | INFO | {'speed': 'good', 'correction': ['Good right shoulder', 'Good left shoulder', 'Good right elbow', 'Good left elbow'], 'evaluation': [1, 1, 1, 1]}
2023-06-20 14:20:03,074 | INFO | Evaluation case 2b with message - 
2023-06-20 14:20:03,089 | INFO | Speed case 4b with message - 
2023-06-20 14:20:03,104 | INFO | Moving from [0.08640476663767685, -1.019956565066135, -0.02058783035063186, -1.1923106734984228, 0.09948751800851663] to [-0.08244105500911734, -1.0286970270860787, -0.04773891152648422, -1.1538647116461616, 0.009393904307293185] for duration 2
2023-06-20 14:20:05,843 | INFO | Current peak 277
2023-06-20 14:20:06,408 | INFO | Good expert min 1286.31351031887 All expert min 1286.31351031887
2023-06-20 14:20:07,054 | INFO | Good expert min 1068.789882411232 All expert min 1068.789882411232
2023-06-20 14:20:07,600 | INFO | Good expert min 894.6509370518185 All expert min 894.6509370518185
2023-06-20 14:20:08,242 | INFO | Good expert min 800.4937557297839 All expert min 800.4937557297839
2023-06-20 14:20:08,257 | INFO | Actual Duration 5.19967, Average Expert Duration 2.71982825
2023-06-20 14:20:08,273 | INFO | {'speed': 'good', 'correction': ['Good right shoulder', 'Good left shoulder', 'Good right elbow', 'Good left elbow'], 'evaluation': [1, 1, 1, 1]}
2023-06-20 14:20:08,293 | INFO | Evaluation case  with message - 
2023-06-20 14:20:08,309 | INFO | Speed case  with message - 
2023-06-20 14:20:08,324 | INFO | Moving from [-0.07444989061813385, -1.157693550952551, 0.07126927168497274, -1.1882664126268554, 0.04109935266629686] to [-0.0004427259299659425, -1.10393896431763, 0.08098417572921365, -1.1267709801873491, -0.032269962526886894] for duration 2
2023-06-20 14:20:11,166 | INFO | Current peak 335
2023-06-20 14:20:11,696 | INFO | Good expert min 956.6129176166486 All expert min 956.6129176166486
2023-06-20 14:20:12,258 | INFO | Good expert min 988.7303039116548 All expert min 988.7303039116548
2023-06-20 14:20:12,828 | INFO | Good expert min 567.3100846225394 All expert min 567.3100846225394
2023-06-20 14:20:13,321 | INFO | Good expert min 725.3793750908824 All expert min 725.3793750908824
2023-06-20 14:20:13,331 | INFO | Actual Duration 5.246469, Average Expert Duration 2.71982825
2023-06-20 14:20:13,347 | INFO | {'speed': 'good', 'correction': ['Good right shoulder', 'Good left shoulder', 'Good right elbow', 'Good left elbow'], 'evaluation': [1, 1, 1, 1]}
2023-06-20 14:20:13,368 | INFO | Evaluation case  with message - 
2023-06-20 14:20:13,388 | INFO | Speed case  with message - 
2023-06-20 14:20:13,403 | INFO | Moving from [0.03803473991899539, -1.0754887034071356, 0.03812609342700729, -1.0128675441138237, -0.042356077760962466] to [-0.05239579591175785, -1.000382822685663, 0.09920551603452193, -1.0822131307693377, -0.03582468522695326] for duration 2
2023-06-20 14:20:16,490 | INFO | Current peak 392
2023-06-20 14:20:17,035 | INFO | Good expert min 932.3858800043724 All expert min 932.3858800043724
2023-06-20 14:20:17,480 | INFO | Good expert min 785.2447442970987 All expert min 785.2447442970987
2023-06-20 14:20:18,075 | INFO | Good expert min 746.3972496521592 All expert min 746.3972496521592
2023-06-20 14:20:18,707 | INFO | Good expert min 708.6329849196161 All expert min 708.6329849196161
2023-06-20 14:20:18,707 | INFO | Actual Duration 5.231994, Average Expert Duration 2.71982825
2023-06-20 14:20:18,712 | INFO | {'speed': 'good', 'correction': ['Good right shoulder', 'Good left shoulder', 'Good right elbow', 'Good left elbow'], 'evaluation': [1, 1, 1, 1]}
2023-06-20 14:20:18,723 | INFO | Evaluation case  with message - 
2023-06-20 14:20:18,733 | INFO | Speed case  with message - 
2023-06-20 14:20:18,748 | INFO | Moving from [-0.08882766892813461, -1.1044359702871267, -0.001916702381408647, -1.1051801669455734, 0.06260611863504698] to [0.09551970392861783, -1.0174805969007097, 0.01334325283744349, -1.0757952179361596, -0.07577862093929838] for duration 2
2023-06-20 14:20:21,466 | INFO | Current peak 448
2023-06-20 14:20:22,004 | INFO | Good expert min 999.5132253500898 All expert min 999.5132253500898
2023-06-20 14:20:22,558 | INFO | Good expert min 933.6958391830949 All expert min 933.6958391830949
2023-06-20 14:20:22,986 | INFO | Good expert min 634.7500364280861 All expert min 634.7500364280861
2023-06-20 14:20:23,567 | INFO | Good expert min 711.3249129571806 All expert min 711.3249129571806
2023-06-20 14:20:23,578 | INFO | Actual Duration 5.168246, Average Expert Duration 2.71982825
2023-06-20 14:20:23,593 | INFO | {'speed': 'good', 'correction': ['Good right shoulder', 'Good left shoulder', 'Good right elbow', 'Good left elbow'], 'evaluation': [1, 1, 1, 1]}
2023-06-20 14:20:23,614 | INFO | Evaluation case 2b with message - 
2023-06-20 14:20:23,629 | INFO | Speed case 4b with message - 
2023-06-20 14:20:23,650 | INFO | Moving from [-0.002634039347016781, -1.0629602796257362, -0.0011044969179541536, -1.1269141990913973, 0.09274342299320068] to [-0.09760565829972456, -1.0430134786268672, 0.0005663827943586941, -1.105305795051007, -0.026381009186463245] for duration 2
2023-06-20 14:20:27,406 | INFO | Current peak 488
2023-06-20 14:20:28,000 | INFO | Good expert min 1845.017616504209 All expert min 1845.017616504209
2023-06-20 14:20:28,570 | INFO | Good expert min 1885.1986161929299 All expert min 1885.1986161929299
2023-06-20 14:20:29,158 | INFO | Good expert min 1902.23863024752 All expert min 1902.23863024752
2023-06-20 14:20:29,753 | INFO | Good expert min 2085.705633360176 All expert min 2085.705633360176
2023-06-20 14:20:29,769 | INFO | Actual Duration 4.29214, Average Expert Duration 2.71982825
2023-06-20 14:20:29,789 | INFO | {'speed': 'good', 'correction': ['ok right shoulder', 'ok left shoulder', 'ok right elbow', 'bad left elbow'], 'evaluation': [0, 0, 0, -1]}
2023-06-20 14:20:29,815 | INFO | Evaluation case  with message - 
2023-06-20 14:20:29,835 | INFO | Speed case  with message - 
2023-06-20 14:20:29,851 | INFO | Moving from [0.09551585473532176, -1.1479735222736631, -0.07133850618641512, -1.1898903105692626, -0.08853576990028965] to [-0.038282064001886745, -1.0658417426276465, 0.0911919906447749, -1.1817709943600532, -0.07128681324117979] for duration 2
2023-06-20 14:20:33,238 | INFO | Current peak 560
2023-06-20 14:20:33,238 | INFO | -------------------Done with exercise
2023-06-20 14:20:33,238 | INFO | Robot says: Almost done.
2023-06-20 14:20:33,274 | INFO | Good expert min 4897.84137056158 All expert min 4076.413392222422
2023-06-20 14:20:33,308 | INFO | Good expert min 4382.803885957759 All expert min 2340.3260617505666
2023-06-20 14:20:33,341 | INFO | Good expert min 5553.07417751262 All expert min 4653.542022756708
2023-06-20 14:20:33,378 | INFO | Good expert min 2718.6571440899347 All expert min 2718.6571440899347
2023-06-20 14:20:33,378 | INFO | Actual Duration 5.742247, Average Expert Duration 2.71982825
2023-06-20 14:20:33,378 | INFO | {'speed': 'slow', 'correction': ['bad right shoulder', 'bad left shoulder', 'bad right elbow', 'bad left elbow'], 'evaluation': [-1, -1, -1, -1]}
2023-06-20 14:20:33,378 | INFO | Evaluation case 1h with message - 
2023-06-20 14:20:33,378 | INFO | Speed case  with message - 
2023-06-20 14:20:33,378 | INFO | Moving from [-0.08184120927394097, -1.0691824830670975, -0.06383529458633015, -1.1484960663843238, -0.04384710371642158] to [-0.08917821672847225, -1.090837177833149, 0.02413607423557758, -1.0911800502073858, -0.010698345487892016] for duration 2
2023-06-20 14:20:34,413 | INFO | Good expert min 3074.7165295802297 All expert min 3014.697926350734
2023-06-20 14:20:34,444 | INFO | Good expert min 2709.398320732121 All expert min 2709.398320732121
2023-06-20 14:20:34,476 | INFO | Good expert min 3568.810884452947 All expert min 2782.459178135642
2023-06-20 14:20:34,507 | INFO | Good expert min 3251.478097485331 All expert min 2852.231529428424
2023-06-20 14:20:34,507 | INFO | Actual Duration -1.771407, Average Expert Duration 2.71982825
2023-06-20 14:20:34,507 | INFO | {'speed': 'fast', 'correction': ['bad right shoulder', 'bad left shoulder', 'bad right elbow', 'bad left elbow'], 'evaluation': [-1, -1, -1, -1]}
2023-06-20 14:20:34,507 | INFO | Evaluation case  with message - 
2023-06-20 14:20:34,507 | INFO | Speed case  with message - 
2023-06-20 14:20:34,507 | INFO | Moving from [-0.025677639340249345, -1.0046042650016322, -0.036692736143976765, -1.1848853460663933, -0.07539745912533824] to [-0.058761171373452915, -1.166897290029855, 0.024367778049848382, -1.1820155755701818, -0.02174957214711734] for duration 2
2023-06-20 14:20:36,242 | INFO | Robot says: Rest.
2023-06-20 14:20:36,243 | INFO | Robot says: Using the scale next to you, how difficult was that last set, from 1 to 10?
2023-06-20 14:20:36,243 | INFO | Moving arm from sides to up
2023-06-20 14:20:36,244 | INFO | Moving from [0, -1.1, 0, -1.1, 0] to [1.7, -1.1, 0, -1.1, 0] for duration 4
2023-06-20 14:20:38,246 | INFO | Total Number of Reps 10
2023-06-20 14:20:38,247 | INFO | Total Angles 610
2023-06-20 14:20:38,247 | INFO | topic impl's ref count is zero, deleting topic /joint_angles...
2023-06-20 14:20:38,247 | INFO | topic[/joint_angles] removing connection to http://172.26.171.145:36849/
2023-06-20 14:20:38,255 | INFO | Saved file Participant_23_Round_1_Robot_1_Exercise_bicep_curls_Set_1.npz
2023-06-20 14:20:56,243 | INFO | Robot says: Rest for 20 more seconds.
2023-06-20 14:21:16,296 | INFO | =====================================
2023-06-20 14:21:16,296 | INFO | STARTING SET 2 OF bicep_curls
2023-06-20 14:21:16,296 | INFO | =====================================
2023-06-20 14:21:16,296 | INFO | Moving arm from up to halfway
2023-06-20 14:21:16,296 | INFO | Moving from [1.7, -1.1, 0, -1.1, 0] to [1.1, -1.1, 0, -1.1, 0] for duration 4
2023-06-20 14:21:16,299 | INFO | topic[/joint_angles] adding connection to [http://172.26.171.145:36849/], count 0
2023-06-20 14:21:20,301 | INFO | Robot says: Get ready for set 2 out of 2 of bicep curls
2023-06-20 14:21:26,308 | INFO | -------------------Recording!
2023-06-20 14:21:26,308 | INFO | Moving arm from halfway to sides
2023-06-20 14:21:26,309 | INFO | Moving from [1.1, -1.1, 0, -1.1, 0] to [0, -1.1, 0, -1.1, 0] for duration 4
2023-06-20 14:21:28,311 | INFO | Robot says: Start bicep curls now
2023-06-20 14:21:31,433 | INFO | Current peak 81
2023-06-20 14:21:33,460 | INFO | Current peak 137
2023-06-20 14:21:34,131 | INFO | Good expert min 801.6673836589792 All expert min 801.6673836589792
2023-06-20 14:21:34,771 | INFO | Good expert min 664.5509227718888 All expert min 664.5509227718888
2023-06-20 14:21:35,527 | INFO | Good expert min 730.7902762430017 All expert min 730.7902762430017
2023-06-20 14:21:36,199 | INFO | Good expert min 668.6249132603912 All expert min 668.6249132603912
2023-06-20 14:21:36,230 | INFO | Actual Duration 2.17421, Average Expert Duration 2.71982825
2023-06-20 14:21:36,261 | INFO | {'speed': 'good', 'correction': ['Good right shoulder', 'Good left shoulder', 'Good right elbow', 'Good left elbow'], 'evaluation': [1, 1, 1, 1]}
2023-06-20 14:21:36,292 | INFO | Evaluation case  with message - 
2023-06-20 14:21:36,322 | INFO | Speed case  with message - 
2023-06-20 14:21:36,348 | INFO | Moving from [-0.02278478917127054, -1.0947551942643146, -0.020155321621991157, -1.1828419555509782, -0.09915382885115237] to [0.08650866528013132, -1.0403444688798762, -0.09167266262056845, -1.1463444120654112, -0.03027571648509031] for duration 2
2023-06-20 14:21:38,578 | INFO | Current peak 175
2023-06-20 14:21:39,053 | INFO | Good expert min 717.5111997914122 All expert min 665.5151002862996
2023-06-20 14:21:39,556 | INFO | Good expert min 519.9695097654806 All expert min 519.9695097654806
2023-06-20 14:21:40,243 | INFO | Good expert min 700.3600498329812 All expert min 699.5805489154487
2023-06-20 14:21:40,941 | INFO | Good expert min 577.436018105876 All expert min 577.436018105876
2023-06-20 14:21:40,962 | INFO | Actual Duration 5.032812, Average Expert Duration 2.71982825
2023-06-20 14:21:40,993 | INFO | {'speed': 'good', 'correction': ['low range of motion right shoulder', 'Good left shoulder', 'low range of motion right elbow', 'Good left elbow'], 'evaluation': [-1, 1, -1, 1]}
2023-06-20 14:21:41,018 | INFO | Evaluation case  with message - 
2023-06-20 14:21:41,044 | INFO | Speed case  with message - 
2023-06-20 14:21:41,074 | INFO | Moving from [-0.026857358306363405, -1.0619912670336074, -0.012606640613807923, -1.086940024942043, -0.04668991379275494] to [-0.07774417455161209, -1.0162246478083956, -0.016393609299462028, -1.1700507830615052, 0.0025389458970415113] for duration 2
2023-06-20 14:21:43,665 | INFO | Current peak 223
2023-06-20 14:21:44,267 | INFO | Good expert min 858.7001799549907 All expert min 858.7001799549907
2023-06-20 14:21:44,673 | INFO | Good expert min 867.156602570897 All expert min 867.156602570897
2023-06-20 14:21:45,349 | INFO | Good expert min 847.2461020622718 All expert min 847.2461020622718
2023-06-20 14:21:45,903 | INFO | Good expert min 909.1434850121766 All expert min 909.1434850121766
2023-06-20 14:21:45,934 | INFO | Actual Duration 4.977218, Average Expert Duration 2.71982825
2023-06-20 14:21:45,965 | INFO | {'speed': 'good', 'correction': ['Good right shoulder', 'Good left shoulder', 'Good right elbow', 'Good left elbow'], 'evaluation': [1, 1, 1, 1]}
2023-06-20 14:21:45,995 | INFO | Evaluation case  with message - 
2023-06-20 14:21:46,026 | INFO | Speed case 4b with message - 
2023-06-20 14:21:46,057 | INFO | Moving from [-0.016830776757096988, -1.0460526532571668, -0.08572483023141345, -1.1500618561859282, 0.05818222427662187] to [-0.04680368139028777, -1.1034159209637473, -0.0842427445915778, -1.0201209400170277, 0.05793830538067704] for duration 2
2023-06-20 14:21:48,862 | INFO | Current peak 285
2023-06-20 14:21:49,415 | INFO | Good expert min 1037.4924044807515 All expert min 1037.4924044807515
2023-06-20 14:21:49,967 | INFO | Good expert min 1137.4436188129414 All expert min 1137.4436188129414
2023-06-20 14:21:50,680 | INFO | Good expert min 931.1389430360545 All expert min 931.1389430360545
2023-06-20 14:21:51,284 | INFO | Good expert min 1159.7410838050655 All expert min 1159.7410838050655
2023-06-20 14:21:51,310 | INFO | Actual Duration 5.291877, Average Expert Duration 2.71982825
2023-06-20 14:21:51,341 | INFO | {'speed': 'good', 'correction': ['Good right shoulder', 'Good left shoulder', 'Good right elbow', 'Good left elbow'], 'evaluation': [1, 1, 1, 1]}
2023-06-20 14:21:51,372 | INFO | Evaluation case  with message - 
2023-06-20 14:21:51,402 | INFO | Speed case  with message - 
2023-06-20 14:21:51,443 | INFO | Moving from [0.005690384304322366, -1.1016152486788846, 0.07706168725230131, -1.1358569994408823, 0.07325526485628422] to [-0.033901850182619, -1.0598495672630144, -0.008040032916948256, -1.0907618201787055, 0.04776720951683072] for duration 2
2023-06-20 14:21:54,145 | INFO | Current peak 333
2023-06-20 14:21:54,799 | INFO | Good expert min 904.8378913720414 All expert min 904.8378913720414
2023-06-20 14:21:55,424 | INFO | Good expert min 965.75291489852 All expert min 965.75291489852
2023-06-20 14:21:56,046 | INFO | Good expert min 556.0775686038585 All expert min 556.0775686038585
2023-06-20 14:21:56,463 | INFO | Good expert min 555.6426152700566 All expert min 555.6426152700566
2023-06-20 14:21:56,484 | INFO | Actual Duration 5.203848, Average Expert Duration 2.71982825
2023-06-20 14:21:56,515 | INFO | {'speed': 'good', 'correction': ['Good right shoulder', 'Good left shoulder', 'Good right elbow', 'Good left elbow'], 'evaluation': [1, 1, 1, 1]}
2023-06-20 14:21:56,545 | INFO | Evaluation case 2b with message - 
2023-06-20 14:21:56,576 | INFO | Speed case  with message - 
2023-06-20 14:21:56,607 | INFO | Moving from [-0.061096082992441715, -1.1378456925006528, 0.05301238783031245, -1.16048303126011, 0.02008674886900974] to [0.07491978640297375, -1.1292322810653341, -0.03336512620213815, -1.1664340293758302, 0.0009403392934625998] for duration 2
2023-06-20 14:21:59,254 | INFO | Current peak 383
2023-06-20 14:21:59,962 | INFO | Good expert min 1090.9607215238632 All expert min 1090.9607215238632
2023-06-20 14:22:00,553 | INFO | Good expert min 1184.3326375130414 All expert min 1184.3326375130414
2023-06-20 14:22:01,093 | INFO | Good expert min 855.7619605764822 All expert min 855.7619605764822
2023-06-20 14:22:01,730 | INFO | Good expert min 573.0813608021385 All expert min 573.0813608021385
2023-06-20 14:22:01,750 | INFO | Actual Duration 5.069606, Average Expert Duration 2.71982825
2023-06-20 14:22:01,781 | INFO | {'speed': 'good', 'correction': ['Good right shoulder', 'Good left shoulder', 'Good right elbow', 'Good left elbow'], 'evaluation': [1, 1, 1, 1]}
2023-06-20 14:22:01,812 | INFO | Evaluation case  with message - 
2023-06-20 14:22:01,843 | INFO | Speed case  with message - 
2023-06-20 14:22:01,884 | INFO | Moving from [0.05006056063080794, -1.0164701687406716, -0.0287674112515887, -1.0254565361997037, 0.018157637883575717] to [-0.07326153370574623, -1.1475589416796512, 0.07744285591945654, -1.1750450421113032, 0.0038644794595100312] for duration 2
2023-06-20 14:22:04,006 | INFO | Current peak 427
2023-06-20 14:22:04,564 | INFO | Good expert min 961.0205266228293 All expert min 914.544674450002
2023-06-20 14:22:05,066 | INFO | Good expert min 844.8372771978875 All expert min 844.8372771978875
2023-06-20 14:22:05,644 | INFO | Good expert min 587.3743412707262 All expert min 587.3743412707262
2023-06-20 14:22:05,918 | INFO | Good expert min 698.2356091996246 All expert min 698.2356091996246
2023-06-20 14:22:05,938 | INFO | Actual Duration 4.947626, Average Expert Duration 2.71982825
2023-06-20 14:22:05,974 | INFO | {'speed': 'good', 'correction': ['low range of motion right shoulder', 'Good left shoulder', 'Good right elbow', 'Good left elbow'], 'evaluation': [-1, 1, 1, 1]}
2023-06-20 14:22:05,995 | INFO | Evaluation case  with message - 
2023-06-20 14:22:06,021 | INFO | Speed case 4b with message - 
2023-06-20 14:22:06,051 | INFO | Moving from [-0.05715569293427317, -1.0448891885594815, -0.07111317459123312, -1.025654142014354, 0.09720553285427816] to [-0.06694519203752533, -1.0823721908750004, 0.09068741186834109, -1.1315207800282576, -0.037541069040818775] for duration 2
2023-06-20 14:22:09,167 | INFO | Current peak 497
2023-06-20 14:22:09,829 | INFO | Good expert min 1173.5839518448117 All expert min 1173.5839518448117
2023-06-20 14:22:10,396 | INFO | Good expert min 1539.3060970403355 All expert min 1539.3060970403355
2023-06-20 14:22:10,971 | INFO | Good expert min 808.8486472543544 All expert min 808.8486472543544
2023-06-20 14:22:11,243 | INFO | Good expert min 899.2971123264276 All expert min 899.2971123264276
2023-06-20 14:22:11,269 | INFO | Actual Duration 5.11798, Average Expert Duration 2.71982825
2023-06-20 14:22:11,299 | INFO | {'speed': 'good', 'correction': ['Good right shoulder', 'ok left shoulder', 'Good right elbow', 'Good left elbow'], 'evaluation': [1, 0, 1, 1]}
2023-06-20 14:22:11,335 | INFO | Evaluation case  with message - 
2023-06-20 14:22:11,366 | INFO | Speed case  with message - 
2023-06-20 14:22:11,397 | INFO | Moving from [-0.058680135057267546, -1.0555715642139585, 0.05583807285130779, -1.0365272924091953, -0.03327607489378291] to [0.008289063672053482, -1.0918278963233938, -0.07611815454744503, -1.195513634147598, -0.05321188547198474] for duration 2
2023-06-20 14:22:13,344 | INFO | Current peak 523
2023-06-20 14:22:13,345 | INFO | -------------------Done with exercise
2023-06-20 14:22:13,345 | INFO | Robot says: Almost done.
2023-06-20 14:22:13,378 | INFO | Good expert min 1724.1051530070715 All expert min 1724.1051530070715
2023-06-20 14:22:13,410 | INFO | Good expert min 2103.084753865072 All expert min 2103.084753865072
2023-06-20 14:22:13,441 | INFO | Good expert min 1802.7674742999982 All expert min 1802.7674742999982
2023-06-20 14:22:13,473 | INFO | Good expert min 1926.9710310314972 All expert min 1926.9710310314972
2023-06-20 14:22:13,473 | INFO | Actual Duration 3.967086, Average Expert Duration 2.71982825
2023-06-20 14:22:13,473 | INFO | {'speed': 'good', 'correction': ['ok right shoulder', 'bad left shoulder', 'ok right elbow', 'ok left elbow'], 'evaluation': [0, -1, 0, 0]}
2023-06-20 14:22:13,473 | INFO | Evaluation case  with message - 
2023-06-20 14:22:13,473 | INFO | Speed case  with message - 
2023-06-20 14:22:13,473 | INFO | Moving from [-0.07937632671680457, -1.1359874245461712, -0.08213743370337184, -1.0441336952956901, -0.07129109034956888] to [-0.050846290619439016, -1.0487444466880698, -0.016300941660285978, -1.0121917407819865, -0.07896966039050067] for duration 2
2023-06-20 14:22:16,347 | INFO | Robot says: Rest.
2023-06-20 14:22:16,347 | INFO | Robot says: Using the scale next to you, how difficult was that last set, from 1 to 10?
2023-06-20 14:22:16,348 | INFO | Moving arm from sides to up
2023-06-20 14:22:16,348 | INFO | Moving from [0, -1.1, 0, -1.1, 0] to [1.7, -1.1, 0, -1.1, 0] for duration 4
2023-06-20 14:22:18,351 | INFO | Total Number of Reps 9
2023-06-20 14:22:18,351 | INFO | Total Angles 530
2023-06-20 14:22:18,352 | INFO | topic impl's ref count is zero, deleting topic /joint_angles...
2023-06-20 14:22:18,352 | INFO | topic[/joint_angles] removing connection to http://172.26.171.145:36849/
2023-06-20 14:22:18,361 | INFO | Saved file Participant_23_Round_1_Robot_1_Exercise_bicep_curls_Set_2.npz
2023-06-20 14:22:36,347 | INFO | Robot says: Rest for 20 more seconds.
2023-06-20 14:22:56,444 | INFO | =====================================
2023-06-20 14:22:56,445 | INFO | STARTING SET 1 OF lateral_raises
2023-06-20 14:22:56,445 | INFO | =====================================
2023-06-20 14:22:56,445 | INFO | Moving arm from up to halfway
2023-06-20 14:22:56,445 | INFO | Moving from [1.7, -1.1, 0, -1.1, 0] to [1.1, -1.1, 0, -1.1, 0] for duration 4
2023-06-20 14:22:56,446 | INFO | topic[/joint_angles] adding connection to [http://172.26.171.145:36849/], count 0
2023-06-20 14:23:00,450 | INFO | Robot says: Get ready for set 1 out of 2 of lateral raises
2023-06-20 14:23:06,457 | INFO | -------------------Recording!
2023-06-20 14:23:06,458 | INFO | Moving arm from halfway to sides
2023-06-20 14:23:06,458 | INFO | Moving from [1.1, -1.1, 0, -1.1, 0] to [0, -1.1, 0, -1.1, 0] for duration 4
2023-06-20 14:23:08,461 | INFO | Robot says: Start lateral raises now
2023-06-20 14:23:10,489 | INFO | Current peak 53
2023-06-20 14:23:13,242 | INFO | Current peak 128
2023-06-20 14:23:13,744 | INFO | Good expert min 1742.1383076386633 All expert min 1670.74553918079
2023-06-20 14:23:14,192 | INFO | Good expert min 2307.504902064867 All expert min 2307.504902064867
2023-06-20 14:23:14,781 | INFO | Good expert min 1418.7236467653884 All expert min 1366.3232693549162
2023-06-20 14:23:15,315 | INFO | Good expert min 2265.5573650436977 All expert min 2265.5573650436977
2023-06-20 14:23:15,340 | INFO | Actual Duration 2.855747, Average Expert Duration 3.073079411764706
2023-06-20 14:23:15,381 | INFO | {'speed': 'good', 'correction': ['high range of motion right shoulder', 'bad left shoulder', 'high range of motion right elbow', 'bad left elbow'], 'evaluation': [-1, -1, -1, -1]}
2023-06-20 14:23:15,417 | INFO | Evaluation case  with message - 
2023-06-20 14:23:15,453 | INFO | Speed case  with message - 
2023-06-20 14:23:15,499 | INFO | Moving from [0.01215874882718851, -1.0773817868526294, 0.06436175885912832, -1.0795281720515695, 0.06428032937412259] to [0.026903085842235636, -1.0033120642175561, -0.06292876191969693, -1.0406448166955287, -0.07146344870089627] for duration 2
2023-06-20 14:23:20,133 | INFO | Current peak 226
2023-06-20 14:23:20,679 | INFO | Good expert min 1518.8904248329718 All expert min 1518.8904248329718
2023-06-20 14:23:21,232 | INFO | Good expert min 2375.670242655346 All expert min 2375.670242655346
2023-06-20 14:23:21,814 | INFO | Good expert min 1949.1045482969357 All expert min 1871.454086200543
2023-06-20 14:23:22,360 | INFO | Good expert min 2838.915980043865 All expert min 2838.915980043865
2023-06-20 14:23:22,401 | INFO | Actual Duration 6.800441, Average Expert Duration 3.073079411764706
2023-06-20 14:23:22,442 | INFO | {'speed': 'slow', 'correction': ['Good right shoulder', 'bad left shoulder', 'bad right elbow', 'bad left elbow'], 'evaluation': [1, -1, -1, -1]}
2023-06-20 14:23:22,478 | INFO | Evaluation case 1h with message - 
2023-06-20 14:23:22,524 | INFO | Speed case  with message - 
2023-06-20 14:23:22,560 | INFO | Moving from [-0.013719482173225453, -1.0389751083025103, 0.03798134463001196, -1.0945607265317103, 0.023749199186006847] to [-0.03393581941553679, -1.088961922620603, 0.035339733003089985, -1.0530223533859904, 0.08523897524039664] for duration 2
2023-06-20 14:23:26,710 | INFO | Current peak 322
2023-06-20 14:23:27,264 | INFO | Good expert min 2531.0666052992165 All expert min 2531.0666052992165
2023-06-20 14:23:27,773 | INFO | Good expert min 2595.618072910317 All expert min 2595.618072910317
2023-06-20 14:23:28,341 | INFO | Good expert min 1725.8733771511695 All expert min 1725.8733771511695
2023-06-20 14:23:28,916 | INFO | Good expert min 2149.5258479950317 All expert min 2149.5258479950317
2023-06-20 14:23:28,952 | INFO | Actual Duration 6.484235, Average Expert Duration 3.073079411764706
2023-06-20 14:23:28,993 | INFO | {'speed': 'slow', 'correction': ['bad right shoulder', 'bad left shoulder', 'ok right elbow', 'bad left elbow'], 'evaluation': [-1, -1, 0, -1]}
2023-06-20 14:23:29,029 | INFO | Evaluation case  with message - 
2023-06-20 14:23:29,070 | INFO | Speed case 3b with message - 
2023-06-20 14:23:29,111 | INFO | Moving from [-0.03605564657616711, -1.017014582161464, 0.06653841486520293, -1.0192391032312018, -0.0012241134280925603] to [-0.018855628659037782, -1.048733909617683, -0.04137995807095829, -1.1639231119367548, -0.08014359935845566] for duration 2
2023-06-20 14:23:33,069 | INFO | Current peak 399
2023-06-20 14:23:33,622 | INFO | Good expert min 2253.652391425127 All expert min 2253.652391425127
2023-06-20 14:23:34,157 | INFO | Good expert min 3540.1783214573466 All expert min 3540.1783214573466
2023-06-20 14:23:34,685 | INFO | Good expert min 1301.0709892243306 All expert min 1301.0709892243306
2023-06-20 14:23:35,102 | INFO | Good expert min 2078.4236372894975 All expert min 2078.4236372894975
2023-06-20 14:23:35,133 | INFO | Actual Duration 6.142876, Average Expert Duration 3.073079411764706
2023-06-20 14:23:35,169 | INFO | {'speed': 'slow', 'correction': ['bad right shoulder', 'bad left shoulder', 'Good right elbow', 'bad left elbow'], 'evaluation': [-1, -1, 1, -1]}
2023-06-20 14:23:35,215 | INFO | Evaluation case  with message - 
2023-06-20 14:23:35,256 | INFO | Speed case 3b with message - 
2023-06-20 14:23:35,297 | INFO | Moving from [-0.061011226588423596, -1.1044931595006504, 0.030645401981272608, -1.1171707870429053, -0.025834634718655505] to [-0.08843349962646022, -1.1778734660951768, -0.03247063549456826, -1.1953760176618045, -0.02337994994837822] for duration 2
2023-06-20 14:23:39,632 | INFO | Current peak 494
2023-06-20 14:23:40,125 | INFO | Good expert min 2257.313138830764 All expert min 2230.1692929189276
2023-06-20 14:23:40,642 | INFO | Good expert min 3229.1906146430247 All expert min 3229.1906146430247
2023-06-20 14:23:41,173 | INFO | Good expert min 1527.0077853967891 All expert min 1527.0077853967891
2023-06-20 14:23:41,691 | INFO | Good expert min 2475.8425687528834 All expert min 2475.8425687528834
2023-06-20 14:23:41,722 | INFO | Actual Duration 6.743294, Average Expert Duration 3.073079411764706
2023-06-20 14:23:41,768 | INFO | {'speed': 'slow', 'correction': ['bad right shoulder', 'bad left shoulder', 'Good right elbow', 'bad left elbow'], 'evaluation': [-1, -1, 1, -1]}
2023-06-20 14:23:41,809 | INFO | Evaluation case 1i with message - 
2023-06-20 14:23:41,850 | INFO | Speed case 3b with message - 
2023-06-20 14:23:41,891 | INFO | Moving from [0.046891721380470486, -1.1147639250439503, -0.017690245981649366, -1.1051489894653637, -0.06085293774436984] to [0.017860781858395167, -1.0888449270456582, 0.08122902746806504, -1.0174689524538099, -0.09000421875517826] for duration 2
2023-06-20 14:23:43,374 | INFO | Current peak 517
2023-06-20 14:23:43,924 | INFO | Good expert min 1595.8551348900633 All expert min 1376.4268080298687
2023-06-20 14:23:44,216 | INFO | Good expert min 2017.7975818708476 All expert min 2017.7975818708476
2023-06-20 14:23:44,772 | INFO | Good expert min 2137.97472579671 All expert min 1661.8135430593263
2023-06-20 14:23:45,420 | INFO | Good expert min 2160.055717699245 All expert min 2160.055717699245
2023-06-20 14:23:45,451 | INFO | Actual Duration 3.945236, Average Expert Duration 3.073079411764706
2023-06-20 14:23:45,492 | INFO | {'speed': 'good', 'correction': ['low range of motion right shoulder', 'bad left shoulder', 'low range of motion right elbow', 'bad left elbow'], 'evaluation': [-1, -1, -1, -1]}
2023-06-20 14:23:45,533 | INFO | Evaluation case  with message - 
2023-06-20 14:23:45,574 | INFO | Speed case  with message - 
2023-06-20 14:23:45,610 | INFO | Moving from [0.01966009420117061, -1.0521123155106784, -0.02407015512161577, -1.0537962205749583, 0.01673503073444653] to [-0.04701695586346471, -1.0275838632806527, -0.028808292620893225, -1.1811992750197402, -0.03714986131829383] for duration 2
2023-06-20 14:23:47,392 | INFO | Current peak 545
2023-06-20 14:23:48,000 | INFO | Good expert min 2894.623471316143 All expert min 1987.588364725354
2023-06-20 14:23:48,541 | INFO | Good expert min 3492.059613202291 All expert min 2881.950682966347
2023-06-20 14:23:49,052 | INFO | Good expert min 3467.135491391047 All expert min 2990.143496297106
2023-06-20 14:23:49,655 | INFO | Good expert min 2337.738472520958 All expert min 2224.7316051353646
2023-06-20 14:23:49,716 | INFO | Actual Duration 3.94019, Average Expert Duration 3.073079411764706
2023-06-20 14:23:49,757 | INFO | {'speed': 'good', 'correction': ['bad right shoulder', 'bad left shoulder', 'bad right elbow', 'bad left elbow'], 'evaluation': [-1, -1, -1, -1]}
2023-06-20 14:23:49,793 | INFO | Evaluation case  with message - 
2023-06-20 14:23:49,829 | INFO | Speed case 4a with message - 
2023-06-20 14:23:49,875 | INFO | Moving from [0.014806155506605717, -1.0648445782646967, -0.06341658765405248, -1.0997261978800985, 0.09425131337219914] to [0.02178275480702388, -1.0855289602398897, -0.01530120384583862, -1.1845878770102338, 0.06788497827071291] for duration 2
2023-06-20 14:23:51,326 | INFO | Current peak 560
2023-06-20 14:23:51,616 | INFO | Good expert min 2798.9894394224602 All expert min 2465.8708016926244
2023-06-20 14:23:52,071 | INFO | Good expert min 2962.696312523484 All expert min 2948.7527146034636
2023-06-20 14:23:52,646 | INFO | Good expert min 2948.925109338367 All expert min 2779.0231649657894
2023-06-20 14:23:53,100 | INFO | Good expert min 2622.7732690742414 All expert min 2340.500688455491
2023-06-20 14:23:53,136 | INFO | Actual Duration 3.906455, Average Expert Duration 3.073079411764706
2023-06-20 14:23:53,177 | INFO | {'speed': 'good', 'correction': ['bad right shoulder', 'bad left shoulder', 'bad right elbow', 'bad left elbow'], 'evaluation': [-1, -1, -1, -1]}
2023-06-20 14:23:53,218 | INFO | Evaluation case 1i with message - 
2023-06-20 14:23:53,253 | INFO | Speed case 4b with message - 
2023-06-20 14:23:53,294 | INFO | Moving from [-0.07210759668774497, -1.1320601404173511, 0.05540477461711421, -1.1950791682105741, -0.00799244153749315] to [0.09395295880219393, -1.1324138008378393, -0.04014295362555094, -1.0352554794821234, 0.04288990461400083] for duration 2
2023-06-20 14:23:55,152 | INFO | Current peak 596
2023-06-20 14:23:55,152 | INFO | -------------------Done with exercise
2023-06-20 14:23:55,152 | INFO | Robot says: Almost done.
2023-06-20 14:23:55,183 | INFO | Good expert min 2504.9082539652363 All expert min 2113.237699200621
2023-06-20 14:23:55,209 | INFO | Good expert min 2753.2244436558526 All expert min 2572.9595589346322
2023-06-20 14:23:55,237 | INFO | Good expert min 3805.044205295758 All expert min 3454.7692869960547
2023-06-20 14:23:55,264 | INFO | Good expert min 2952.100744084363 All expert min 2509.369210433114
2023-06-20 14:23:55,264 | INFO | Actual Duration 3.881162, Average Expert Duration 3.073079411764706
2023-06-20 14:23:55,264 | INFO | {'speed': 'good', 'correction': ['bad right shoulder', 'bad left shoulder', 'bad right elbow', 'bad left elbow'], 'evaluation': [-1, -1, -1, -1]}
2023-06-20 14:23:55,264 | INFO | Evaluation case  with message - 
2023-06-20 14:23:55,265 | INFO | Speed case  with message - 
2023-06-20 14:23:55,265 | INFO | Moving from [0.005343347414208124, -1.0737584283100958, 0.026775249648970323, -1.065916791887865, 0.004085342723908925] to [0.08300635853073463, -1.0258218303707476, -0.06440294182428247, -1.1829647600034945, -0.012117998753916975] for duration 2
2023-06-20 14:23:58,155 | INFO | Robot says: Rest.
2023-06-20 14:23:58,155 | INFO | Robot says: Using the scale next to you, how difficult was that last set, from 1 to 10?
2023-06-20 14:23:58,156 | INFO | Moving arm from sides to up
2023-06-20 14:23:58,156 | INFO | Moving from [0, -1.1, 0, -1.1, 0] to [1.7, -1.1, 0, -1.1, 0] for duration 4
2023-06-20 14:24:00,159 | INFO | Total Number of Reps 9
2023-06-20 14:24:00,190 | INFO | Total Angles 600
2023-06-20 14:24:00,190 | INFO | topic impl's ref count is zero, deleting topic /joint_angles...
2023-06-20 14:24:00,190 | INFO | topic[/joint_angles] removing connection to http://172.26.171.145:36849/
2023-06-20 14:24:00,201 | INFO | Saved file Participant_23_Round_1_Robot_1_Exercise_lateral_raises_Set_1.npz
2023-06-20 14:24:18,155 | INFO | Robot says: Rest for 20 more seconds.
2023-06-20 14:24:38,228 | INFO | =====================================
2023-06-20 14:24:38,229 | INFO | STARTING SET 2 OF lateral_raises
2023-06-20 14:24:38,229 | INFO | =====================================
2023-06-20 14:24:38,229 | INFO | Moving arm from up to halfway
2023-06-20 14:24:38,229 | INFO | Moving from [1.7, -1.1, 0, -1.1, 0] to [1.1, -1.1, 0, -1.1, 0] for duration 4
2023-06-20 14:24:38,233 | INFO | topic[/joint_angles] adding connection to [http://172.26.171.145:36849/], count 0
2023-06-20 14:24:42,234 | INFO | Robot says: Get ready for set 2 out of 2 of lateral raises
2023-06-20 14:24:48,242 | INFO | -------------------Recording!
2023-06-20 14:24:48,242 | INFO | Moving arm from halfway to sides
2023-06-20 14:24:48,242 | INFO | Moving from [1.1, -1.1, 0, -1.1, 0] to [0, -1.1, 0, -1.1, 0] for duration 4
2023-06-20 14:24:50,245 | INFO | Robot says: Start lateral raises now
2023-06-20 14:24:57,182 | INFO | Current peak 164
2023-06-20 14:24:59,900 | INFO | Current peak 230
2023-06-20 14:25:00,444 | INFO | Good expert min 1433.7577625383774 All expert min 1433.7577625383774
2023-06-20 14:25:00,978 | INFO | Good expert min 1646.7162594892882 All expert min 1646.7162594892882
2023-06-20 14:25:01,372 | INFO | Good expert min 1226.3490295110971 All expert min 1226.3490295110971
2023-06-20 14:25:01,816 | INFO | Good expert min 2076.016028258656 All expert min 2076.016028258656
2023-06-20 14:25:01,847 | INFO | Actual Duration 2.682859, Average Expert Duration 3.073079411764706
2023-06-20 14:25:01,893 | INFO | {'speed': 'good', 'correction': ['Good right shoulder', 'Good left shoulder', 'Good right elbow', 'bad left elbow'], 'evaluation': [1, 1, 1, -1]}
2023-06-20 14:25:01,944 | INFO | Evaluation case  with message - 
2023-06-20 14:25:02,000 | INFO | Speed case  with message - 
2023-06-20 14:25:02,061 | INFO | Moving from [0.023578045194044897, -1.0269466645069747, -0.04695639265083367, -1.1284400723285692, -0.015733375674384015] to [0.01849997323428769, -1.004528905629582, 0.036012992459683146, -1.018105143755264, -0.03265427393138069] for duration 2
2023-06-20 14:25:04,507 | INFO | Current peak 285
2023-06-20 14:25:05,060 | INFO | Good expert min 1216.9765836329223 All expert min 1216.9765836329223
2023-06-20 14:25:05,589 | INFO | Good expert min 1590.816301943528 All expert min 1590.816301943528
2023-06-20 14:25:06,225 | INFO | Good expert min 1097.0943635597348 All expert min 1097.0943635597348
2023-06-20 14:25:06,670 | INFO | Good expert min 1950.449572787032 All expert min 1890.7501053281726
2023-06-20 14:25:06,711 | INFO | Actual Duration 4.802811, Average Expert Duration 3.073079411764706
2023-06-20 14:25:06,757 | INFO | {'speed': 'good', 'correction': ['Good right shoulder', 'Good left shoulder', 'Good right elbow', 'bad left elbow'], 'evaluation': [1, 1, 1, -1]}
2023-06-20 14:25:06,808 | INFO | Evaluation case 1h with message - 
2023-06-20 14:25:06,859 | INFO | Speed case  with message - 
2023-06-20 14:25:06,911 | INFO | Moving from [0.08087298909608565, -1.1225002421557286, 0.03585280508206598, -1.0794930595332342, 0.01810419258961038] to [-0.02371358106502444, -1.016309291940393, 0.0364868035092967, -1.1613376976484762, -0.09794445887933777] for duration 2
2023-06-20 14:25:09,407 | INFO | Current peak 334
2023-06-20 14:25:09,910 | INFO | Good expert min 824.8665294272557 All expert min 824.8665294272557
2023-06-20 14:25:10,548 | INFO | Good expert min 1145.450722566853 All expert min 1145.450722566853
2023-06-20 14:25:11,056 | INFO | Good expert min 1025.2649272250364 All expert min 1025.2649272250364
2023-06-20 14:25:11,629 | INFO | Good expert min 1539.8115252666255 All expert min 1539.8115252666255
2023-06-20 14:25:11,670 | INFO | Actual Duration 4.828268, Average Expert Duration 3.073079411764706
2023-06-20 14:25:11,721 | INFO | {'speed': 'good', 'correction': ['Good right shoulder', 'Good left shoulder', 'Good right elbow', 'Good left elbow'], 'evaluation': [1, 1, 1, 1]}
2023-06-20 14:25:11,782 | INFO | Evaluation case 2a with message - 
2023-06-20 14:25:11,834 | INFO | Speed case 4b with message - 
2023-06-20 14:25:11,885 | INFO | Moving from [-0.06025064311959425, -1.0121968094468472, -0.02981620406012038, -1.090994158600121, 0.030885402054110028] to [0.002709486550988821, -1.1184068014215198, 0.011255493765876506, -1.1423890575393674, -0.07222007738033623] for duration 2
2023-06-20 14:25:14,584 | INFO | Current peak 377
2023-06-20 14:25:15,242 | INFO | Good expert min 563.1382220224763 All expert min 563.1382220224763
2023-06-20 14:25:15,849 | INFO | Good expert min 1111.3283503810615 All expert min 1111.3283503810615
2023-06-20 14:25:16,498 | INFO | Good expert min 1365.3249408463562 All expert min 1216.0956553983374
2023-06-20 14:25:17,095 | INFO | Good expert min 1362.1732003267175 All expert min 1362.1732003267175
2023-06-20 14:25:17,136 | INFO | Actual Duration 4.888291, Average Expert Duration 3.073079411764706
2023-06-20 14:25:17,172 | INFO | {'speed': 'good', 'correction': ['Good right shoulder', 'Good left shoulder', 'low range of motion right elbow', 'Good left elbow'], 'evaluation': [1, 1, -1, 1]}
2023-06-20 14:25:17,223 | INFO | Evaluation case  with message - 
2023-06-20 14:25:17,274 | INFO | Speed case  with message - 
2023-06-20 14:25:17,325 | INFO | Moving from [-0.04818749931927516, -1.0949337666881196, 0.010728312768690615, -1.1189824529318286, -0.039545337715826336] to [-0.09821659953826184, -1.10288337429293, 0.05814441398247591, -1.0621133573575996, -0.09034518934809087] for duration 2
2023-06-20 14:25:19,649 | INFO | Current peak 423
2023-06-20 14:25:20,178 | INFO | Good expert min 655.3686854941718 All expert min 635.3901515896738
2023-06-20 14:25:20,740 | INFO | Good expert min 1050.4883145337135 All expert min 1050.4883145337135
2023-06-20 14:25:21,409 | INFO | Good expert min 935.9983761392557 All expert min 935.9983761392557
2023-06-20 14:25:21,971 | INFO | Good expert min 1124.098683950567 All expert min 1124.098683950567
2023-06-20 14:25:22,017 | INFO | Actual Duration 5.312505, Average Expert Duration 3.073079411764706
2023-06-20 14:25:22,068 | INFO | {'speed': 'good', 'correction': ['low range of motion right shoulder', 'Good left shoulder', 'Good right elbow', 'Good left elbow'], 'evaluation': [-1, 1, 1, 1]}
2023-06-20 14:25:22,120 | INFO | Evaluation case  with message - 
2023-06-20 14:25:22,165 | INFO | Speed case  with message - 
2023-06-20 14:25:22,206 | INFO | Moving from [-0.05158713278193277, -1.0409374462240655, 0.08933329261914658, -1.0231040801060862, 0.07181407727506406] to [0.025180660978136704, -1.0314516384017383, 0.0009701581038483037, -1.13997497804626, 0.08608900909482622] for duration 2
2023-06-20 14:25:25,354 | INFO | Current peak 488
2023-06-20 14:25:25,870 | INFO | Good expert min 1149.1006500405715 All expert min 1149.1006500405715
2023-06-20 14:25:26,449 | INFO | Good expert min 1697.3957943689318 All expert min 1697.3957943689318
2023-06-20 14:25:27,019 | INFO | Good expert min 1361.4565885646157 All expert min 1361.4565885646157
2023-06-20 14:25:27,582 | INFO | Good expert min 1933.8305068851046 All expert min 1933.8305068851046
2023-06-20 14:25:27,624 | INFO | Actual Duration 5.544246, Average Expert Duration 3.073079411764706
2023-06-20 14:25:27,675 | INFO | {'speed': 'good', 'correction': ['Good right shoulder', 'Good left shoulder', 'Good right elbow', 'ok left elbow'], 'evaluation': [1, 1, 1, 0]}
2023-06-20 14:25:27,720 | INFO | Evaluation case  with message - 
2023-06-20 14:25:27,771 | INFO | Speed case  with message - 
2023-06-20 14:25:27,823 | INFO | Moving from [0.09142458826517161, -1.1383325401517137, 0.017456758339263453, -1.091267357448011, 0.05357567671110283] to [0.057799056932434284, -1.0164874928964454, -0.007037927472901481, -1.0470470097713185, -0.024551789719484532] for duration 2
2023-06-20 14:25:29,358 | INFO | Current peak 506
2023-06-20 14:25:29,860 | INFO | Good expert min 1672.0744405106968 All expert min 1467.7720178030456
2023-06-20 14:25:30,343 | INFO | Good expert min 2048.4320882748593 All expert min 2048.4320882748593
2023-06-20 14:25:30,881 | INFO | Good expert min 2318.4378842960205 All expert min 2239.421382070038
2023-06-20 14:25:31,374 | INFO | Good expert min 2044.8633616853685 All expert min 2044.8633616853685
2023-06-20 14:25:31,405 | INFO | Actual Duration 4.063035, Average Expert Duration 3.073079411764706
2023-06-20 14:25:31,456 | INFO | {'speed': 'good', 'correction': ['high range of motion right shoulder', 'bad left shoulder', 'bad right elbow', 'bad left elbow'], 'evaluation': [-1, -1, -1, -1]}
2023-06-20 14:25:31,508 | INFO | Evaluation case  with message - 
2023-06-20 14:25:31,554 | INFO | Speed case 4b with message - 
2023-06-20 14:25:31,610 | INFO | Moving from [-0.05951382709859381, -1.1100962789257, -0.0018264805122460287, -1.1879064950946705, -0.08737075540268467] to [-0.09587592511570174, -1.0748038767192263, -0.015892712300758616, -1.1697845420361723, 0.07022042697443176] for duration 2
2023-06-20 14:25:33,923 | INFO | Current peak 548
2023-06-20 14:25:34,430 | INFO | Good expert min 718.7382097852615 All expert min 718.7382097852615
2023-06-20 14:25:35,047 | INFO | Good expert min 1176.8627809154345 All expert min 1176.8627809154345
2023-06-20 14:25:35,518 | INFO | Good expert min 1562.324673386919 All expert min 1328.2323484361896
2023-06-20 14:25:35,996 | INFO | Good expert min 1389.8633002371341 All expert min 1389.8633002371341
2023-06-20 14:25:36,001 | INFO | Actual Duration 4.451242, Average Expert Duration 3.073079411764706
2023-06-20 14:25:36,001 | INFO | {'speed': 'good', 'correction': ['Good right shoulder', 'Good left shoulder', 'low range of motion right elbow', 'Good left elbow'], 'evaluation': [1, 1, -1, 1]}
2023-06-20 14:25:36,042 | INFO | Evaluation case  with message - 
2023-06-20 14:25:36,073 | INFO | Speed case  with message - 
2023-06-20 14:25:36,114 | INFO | Moving from [0.0908739317498197, -1.191871029758566, -0.05516998865459415, -1.1166725181335468, -0.07016850116127889] to [-0.0231257425646217, -1.1445580545293266, -0.09464710694864453, -1.1453606368605365, 0.05280280927880149] for duration 2
2023-06-20 14:25:37,982 | INFO | Current peak 579
2023-06-20 14:25:37,982 | INFO | -------------------Done with exercise
2023-06-20 14:25:37,983 | INFO | Robot says: Almost done.
2023-06-20 14:25:38,012 | INFO | Good expert min 1575.8154009481327 All expert min 1234.9965449791257
2023-06-20 14:25:38,039 | INFO | Good expert min 1884.7467185856335 All expert min 1884.7467185856335
2023-06-20 14:25:38,065 | INFO | Good expert min 2518.9677975825275 All expert min 2052.074036283528
2023-06-20 14:25:38,092 | INFO | Good expert min 2552.0036977691902 All expert min 2141.891719154007
2023-06-20 14:25:38,092 | INFO | Actual Duration 4.115794, Average Expert Duration 3.073079411764706
2023-06-20 14:25:38,092 | INFO | {'speed': 'good', 'correction': ['high range of motion right shoulder', 'ok left shoulder', 'bad right elbow', 'bad left elbow'], 'evaluation': [-1, 0, -1, -1]}
2023-06-20 14:25:38,092 | INFO | Evaluation case  with message - 
2023-06-20 14:25:38,092 | INFO | Speed case  with message - 
2023-06-20 14:25:38,093 | INFO | Moving from [0.054483941881649955, -1.0459521629325272, 0.02559955521904214, -1.1709088385887465, -0.0858117974479937] to [-0.055130698719007866, -1.0206489952293394, 0.04964031161818816, -1.198936310182318, -0.044593085156269474] for duration 2
2023-06-20 14:25:40,986 | INFO | Robot says: Rest.
2023-06-20 14:25:40,987 | INFO | Robot says: Using the scale next to you, how difficult was that last set, from 1 to 10?
2023-06-20 14:25:40,988 | INFO | Moving arm from sides to up
2023-06-20 14:25:40,988 | INFO | Moving from [0, -1.1, 0, -1.1, 0] to [1.7, -1.1, 0, -1.1, 0] for duration 4
2023-06-20 14:25:42,991 | INFO | Total Number of Reps 9
2023-06-20 14:25:42,991 | INFO | Total Angles 590
2023-06-20 14:25:42,991 | INFO | topic impl's ref count is zero, deleting topic /joint_angles...
2023-06-20 14:25:42,992 | INFO | topic[/joint_angles] removing connection to http://172.26.171.145:36849/
2023-06-20 14:25:43,003 | INFO | Saved file Participant_23_Round_1_Robot_1_Exercise_lateral_raises_Set_2.npz
2023-06-20 14:25:51,011 | INFO | Robot says: Please walk over to the researcher to fill out a survey.
2023-06-20 14:25:51,012 | INFO | signal_shutdown [atexit]
2023-06-20 14:25:51,134 | INFO | topic[/rosout] removing connection to /rosout
2023-06-20 14:25:51,135 | INFO | topic[/quori_sound] removing connection to /quori_sound
2023-06-20 14:25:51,135 | INFO | topic[/quori/joint_trajectory_controller/command] removing connection to /quori/quori_controller
2023-06-20 14:25:51,136 | INFO | topic[/quori/face_generator_emotion] removing connection to /rosbridge_websocket
2023-06-20 14:25:51,136 | INFO | atexit
