2023-06-09 13:26:14,643 | INFO | =====================================
2023-06-09 13:26:14,644 | INFO | STARTING SET 2 OF lateral_raises
2023-06-09 13:26:14,644 | INFO | =====================================
2023-06-09 13:26:14,644 | INFO | Moving arm from up to halfway
2023-06-09 13:26:14,644 | INFO | Moving from [1.7, -1.1, 0, -1.1, 0] to [1.1, -1.1, 0, -1.1, 0] for duration 4
2023-06-09 13:26:14,647 | INFO | topic[/joint_angles] adding connection to [http://quori.wifi.local.cmu.edu:36879/], count 0
2023-06-09 13:26:18,649 | INFO | Robot says: Get ready for set 2 out of 2 of lateral raises
2023-06-09 13:26:24,657 | INFO | -------------------Recording!
2023-06-09 13:26:24,657 | INFO | Moving arm from halfway to sides
2023-06-09 13:26:24,657 | INFO | Moving from [1.1, -1.1, 0, -1.1, 0] to [0, -1.1, 0, -1.1, 0] for duration 4
2023-06-09 13:26:26,660 | INFO | Robot says: Start lateral raises now
2023-06-09 13:26:29,755 | INFO | Current peak 73
2023-06-09 13:26:31,724 | INFO | Current peak 124
2023-06-09 13:26:31,993 | INFO | Good expert min 579.3683424245432 All expert min 579.3683424245432
2023-06-09 13:26:32,257 | INFO | Good expert min 529.6529804164277 All expert min 529.6529804164277
2023-06-09 13:26:32,514 | INFO | Good expert min 1081.6994437049757 All expert min 1081.6994437049757
2023-06-09 13:26:32,748 | INFO | Good expert min 1203.814234124136 All expert min 1203.814234124136
2023-06-09 13:26:32,790 | INFO | Actual Duration 2.060185, Average Expert Duration 3.073079411764706
2023-06-09 13:26:32,805 | INFO | {'speed': 'good', 'correction': ['Good right shoulder', 'Good left shoulder', 'Good right elbow', 'Good left elbow'], 'evaluation': [1, 1, 1, 1]}
2023-06-09 13:26:32,846 | INFO | Evaluation case  with message - 
2023-06-09 13:26:32,882 | INFO | Speed case  with message - 
2023-06-09 13:26:32,913 | INFO | Moving from [0.05409229613991512, -1.0881565347563333, -0.007362550495382411, -1.1351793969402542, -0.016293549313831646] to [-0.00529180621713457, -1.0397393802025325, -0.019228373189538114, -1.0259892590055437, 0.004856479415696849] for duration 2
2023-06-09 13:26:36,368 | INFO | Current peak 190
2023-06-09 13:26:36,656 | INFO | Good expert min 899.4008268372152 All expert min 899.4008268372152
2023-06-09 13:26:36,805 | INFO | Good expert min 659.974336530753 All expert min 659.974336530753
2023-06-09 13:26:37,055 | INFO | Good expert min 1701.3579413337766 All expert min 1701.3579413337766
2023-06-09 13:26:37,217 | INFO | Good expert min 1674.3102393736456 All expert min 1674.3102393736456
2023-06-09 13:26:37,263 | INFO | Actual Duration 4.457961, Average Expert Duration 3.073079411764706
2023-06-09 13:26:37,309 | INFO | {'speed': 'good', 'correction': ['Good right shoulder', 'Good left shoulder', 'ok right elbow', 'Good left elbow'], 'evaluation': [1, 1, 0, 1]}
2023-06-09 13:26:37,355 | INFO | Evaluation case  with message - 
2023-06-09 13:26:37,396 | INFO | Speed case  with message - 
2023-06-09 13:26:37,437 | INFO | Moving from [0.040151487937950314, -1.049617878295533, 0.08232550414295356, -1.194008784625517, -0.08102842839996097] to [-0.0888680753121413, -1.0960999996455445, -0.0006927601158269736, -1.1475700517741427, 0.07344510107270022] for duration 2
2023-06-09 13:26:40,486 | INFO | Current peak 260
2023-06-09 13:26:40,707 | INFO | Good expert min 1040.244183529894 All expert min 947.2605566465762
2023-06-09 13:26:40,882 | INFO | Good expert min 818.6093262810118 All expert min 818.6093262810118
2023-06-09 13:26:41,115 | INFO | Good expert min 1395.1844352036303 All expert min 1395.1844352036303
2023-06-09 13:26:41,323 | INFO | Good expert min 1928.1942815067487 All expert min 1928.1942815067487
2023-06-09 13:26:41,328 | INFO | Actual Duration 4.168394, Average Expert Duration 3.073079411764706
2023-06-09 13:26:41,329 | INFO | {'speed': 'good', 'correction': ['high range of motion right shoulder', 'Good left shoulder', 'Good right elbow', 'ok left elbow'], 'evaluation': [-1, 1, 1, 0]}
2023-06-09 13:26:41,329 | INFO | Evaluation case  with message - 
2023-06-09 13:26:41,354 | INFO | Speed case 4b with message - 
2023-06-09 13:26:41,380 | INFO | Moving from [-0.052309218715497985, -1.1204892484515987, 0.0020456374384408144, -1.198435450462766, -0.09015952105591225] to [0.028326848275070482, -1.1851201693649691, -0.08958626230499443, -1.0013055158609088, 0.04481817332093635] for duration 2
2023-06-09 13:26:44,762 | INFO | Current peak 340
2023-06-09 13:26:44,967 | INFO | Good expert min 1051.0561239291806 All expert min 1051.0561239291806
2023-06-09 13:26:45,211 | INFO | Good expert min 1116.5879928878865 All expert min 1116.5879928878865
2023-06-09 13:26:45,434 | INFO | Good expert min 1924.6814055715913 All expert min 1924.6814055715913
2023-06-09 13:26:45,653 | INFO | Good expert min 2205.2785961722666 All expert min 2205.2785961722666
2023-06-09 13:26:45,695 | INFO | Actual Duration 4.28808, Average Expert Duration 3.073079411764706
2023-06-09 13:26:45,730 | INFO | {'speed': 'good', 'correction': ['Good right shoulder', 'Good left shoulder', 'ok right elbow', 'bad left elbow'], 'evaluation': [1, 1, 0, -1]}
2023-06-09 13:26:45,777 | INFO | Evaluation case  with message - 
2023-06-09 13:26:45,813 | INFO | Speed case  with message - 
2023-06-09 13:26:45,844 | INFO | Moving from [-0.05725505612702839, -1.1442477431878741, 0.08163978820710047, -1.0457415572479127, 0.04252684514411059] to [0.013272915342015287, -1.1401835554423507, 0.03043801675065899, -1.0210837547932803, -0.0807109707235909] for duration 2
2023-06-09 13:26:48,864 | INFO | Current peak 402
2023-06-09 13:26:49,173 | INFO | Good expert min 843.2054864957144 All expert min 843.2054864957144
2023-06-09 13:26:49,410 | INFO | Good expert min 687.4479606444249 All expert min 687.4479606444249
2023-06-09 13:26:49,734 | INFO | Good expert min 1393.4388775396415 All expert min 1393.4388775396415
2023-06-09 13:26:50,027 | INFO | Good expert min 1510.97130309642 All expert min 1510.97130309642
2023-06-09 13:26:50,048 | INFO | Actual Duration 4.119545, Average Expert Duration 3.073079411764706
2023-06-09 13:26:50,074 | INFO | {'speed': 'good', 'correction': ['Good right shoulder', 'Good left shoulder', 'Good right elbow', 'Good left elbow'], 'evaluation': [1, 1, 1, 1]}
2023-06-09 13:26:50,125 | INFO | Evaluation case  with message - 
2023-06-09 13:26:50,172 | INFO | Speed case  with message - 
2023-06-09 13:26:50,218 | INFO | Moving from [0.01611389887758992, -1.1486905216844718, -0.045514016715020866, -1.1979913416779948, -0.06371136336346206] to [-0.006501836071263797, -1.1844962915296298, 0.049409751700074805, -1.1855372229324244, -0.056061119355729994] for duration 2
2023-06-09 13:26:52,914 | INFO | Current peak 453
2023-06-09 13:26:53,118 | INFO | Good expert min 813.4227123825509 All expert min 813.4227123825509
2023-06-09 13:26:53,337 | INFO | Good expert min 494.02157911720855 All expert min 494.02157911720855
2023-06-09 13:26:53,587 | INFO | Good expert min 1038.4675600686192 All expert min 1038.4675600686192
2023-06-09 13:26:53,833 | INFO | Good expert min 1265.5265100353295 All expert min 1265.5265100353295
2023-06-09 13:26:53,860 | INFO | Actual Duration 4.083941, Average Expert Duration 3.073079411764706
2023-06-09 13:26:53,891 | INFO | {'speed': 'good', 'correction': ['Good right shoulder', 'Good left shoulder', 'Good right elbow', 'Good left elbow'], 'evaluation': [1, 1, 1, 1]}
2023-06-09 13:26:53,922 | INFO | Evaluation case  with message - 
2023-06-09 13:26:53,952 | INFO | Speed case  with message - 
2023-06-09 13:26:53,993 | INFO | Moving from [0.09305377231205034, -1.1534685880671285, 0.09454342298762342, -1.110968483906935, 0.09549045783596771] to [-0.09116406602270033, -1.0032191856476744, -0.04237647111978891, -1.0226789516612718, 0.07740776641916566] for duration 2
2023-06-09 13:26:58,633 | INFO | Current peak 515
2023-06-09 13:26:58,802 | INFO | Good expert min 888.6362745884096 All expert min 888.6362745884096
2023-06-09 13:26:59,030 | INFO | Good expert min 786.4840033518952 All expert min 786.4840033518952
2023-06-09 13:26:59,279 | INFO | Good expert min 1422.453299408842 All expert min 1422.453299408842
2023-06-09 13:26:59,596 | INFO | Good expert min 1370.1243223803451 All expert min 1370.1243223803451
2023-06-09 13:26:59,637 | INFO | Actual Duration 4.197104, Average Expert Duration 3.073079411764706
2023-06-09 13:26:59,663 | INFO | {'speed': 'good', 'correction': ['Good right shoulder', 'Good left shoulder', 'Good right elbow', 'Good left elbow'], 'evaluation': [1, 1, 1, 1]}
2023-06-09 13:26:59,699 | INFO | Evaluation case 2b with message - 
2023-06-09 13:26:59,730 | INFO | Speed case 4b with message - 
2023-06-09 13:26:59,791 | INFO | Moving from [0.09873296102757753, -1.057612534109436, -0.0826798535481083, -1.1760615141181854, 0.07828616618644882] to [-0.025576226410278555, -1.1531654847895834, -0.01849409304691993, -1.1517179806622728, 0.08282550168424757] for duration 2
2023-06-09 13:27:00,932 | INFO | Current peak 531
2023-06-09 13:27:01,072 | INFO | Good expert min 1545.9666432184447 All expert min 1391.3575997520088
2023-06-09 13:27:01,353 | INFO | Good expert min 1471.2755139714043 All expert min 1471.2755139714043
2023-06-09 13:27:01,720 | INFO | Good expert min 2160.7247608676767 All expert min 1999.0882041677216
2023-06-09 13:27:01,889 | INFO | Good expert min 2372.983606361804 All expert min 2113.7868976746095
2023-06-09 13:27:01,925 | INFO | Actual Duration 0.628766, Average Expert Duration 3.073079411764706
2023-06-09 13:27:01,956 | INFO | {'speed': 'good', 'correction': ['high range of motion right shoulder', 'Good left shoulder', 'bad right elbow', 'bad left elbow'], 'evaluation': [-1, 1, -1, -1]}
2023-06-09 13:27:01,992 | INFO | Evaluation case  with message - 
2023-06-09 13:27:01,992 | INFO | Speed case  with message - 
2023-06-09 13:27:01,992 | INFO | Moving from [-0.014253319896421535, -1.068949693120635, 0.014339962801316636, -1.092353799529312, -0.008157659061091532] to [0.08045407204009095, -1.027666327526893, -0.09571046689059165, -1.0711125137298467, 0.05748807703180192] for duration 2
2023-06-09 13:27:03,775 | INFO | Current peak 554
2023-06-09 13:27:03,775 | INFO | -------------------Done with exercise
2023-06-09 13:27:03,776 | INFO | Robot says: Almost done.
2023-06-09 13:27:03,806 | INFO | Good expert min 420.32788143189964 All expert min 420.32788143189964
2023-06-09 13:27:03,833 | INFO | Good expert min 409.1761637967842 All expert min 297.80455009565014
2023-06-09 13:27:03,865 | INFO | Good expert min 1183.8396327284488 All expert min 900.6367913498503
2023-06-09 13:27:03,893 | INFO | Good expert min 935.10210527048 All expert min 691.0517007009986
2023-06-09 13:27:03,893 | INFO | Actual Duration 0.911061, Average Expert Duration 3.073079411764706
2023-06-09 13:27:03,893 | INFO | {'speed': 'good', 'correction': ['Good right shoulder', 'low range of motion left shoulder', 'low range of motion right elbow', 'low range of motion left elbow'], 'evaluation': [1, -1, -1, -1]}
2023-06-09 13:27:03,893 | INFO | Evaluation case  with message - 
2023-06-09 13:27:03,893 | INFO | Speed case  with message - 
2023-06-09 13:27:03,893 | INFO | Moving from [0.007829831889785671, -1.1632224083698872, -0.04952236738878282, -1.0704664367529282, -0.03832789001299517] to [0.07379803241959268, -1.1923471085441784, -0.06250981581041833, -1.0024928043493326, -0.04319530419140978] for duration 2
2023-06-09 13:27:04,928 | INFO | Good expert min 1661.8905889111159 All expert min 1373.982548039381
2023-06-09 13:27:04,959 | INFO | Good expert min 1332.4707874724998 All expert min 1332.4707874724998
2023-06-09 13:27:04,990 | INFO | Good expert min 2112.471637655394 All expert min 2112.471637655394
2023-06-09 13:27:05,020 | INFO | Good expert min 2355.841333766035 All expert min 2355.841333766035
2023-06-09 13:27:05,021 | INFO | Actual Duration -5.341972, Average Expert Duration 3.073079411764706
2023-06-09 13:27:05,021 | INFO | {'speed': 'fast', 'correction': ['high range of motion right shoulder', 'Good left shoulder', 'bad right elbow', 'bad left elbow'], 'evaluation': [-1, 1, -1, -1]}
2023-06-09 13:27:05,021 | INFO | Evaluation case  with message - 
2023-06-09 13:27:05,021 | INFO | Speed case  with message - 
2023-06-09 13:27:05,021 | INFO | Moving from [0.09764673760410056, -1.0675824931683942, 0.030753146562123745, -1.0352861177909247, 0.043515934241942084] to [0.061776530534137425, -1.17933059290764, -0.045984225064678474, -1.135426108285661, 0.00953278921059482] for duration 2
2023-06-09 13:27:06,777 | INFO | Robot says: Rest.
2023-06-09 13:27:06,778 | INFO | Robot says: Using the scale next to you, how difficult was that last set, from 1 to 10?
2023-06-09 13:27:06,778 | INFO | Moving arm from sides to up
2023-06-09 13:27:06,779 | INFO | Moving from [0, -1.1, 0, -1.1, 0] to [1.7, -1.1, 0, -1.1, 0] for duration 4
2023-06-09 13:27:08,782 | INFO | Total Number of Reps 10
2023-06-09 13:27:08,782 | INFO | Total Angles 600
2023-06-09 13:27:08,783 | INFO | topic impl's ref count is zero, deleting topic /joint_angles...
2023-06-09 13:27:08,783 | INFO | topic[/joint_angles] removing connection to http://quori.wifi.local.cmu.edu:36879/
2023-06-09 13:27:08,792 | INFO | Saved file Participant_8_Round_1_Robot_1_Exercise_lateral_raises_Set_2.npz
2023-06-09 13:27:16,800 | INFO | Robot says: Please walk over to the researcher to fill out a survey.
2023-06-09 13:27:55,287 | INFO | signal_shutdown [signal-2]
2023-06-09 13:27:55,399 | INFO | topic[/rosout] removing connection to /rosout
2023-06-09 13:27:55,400 | INFO | topic[/quori_sound] removing connection to /quori_sound
2023-06-09 13:27:55,400 | INFO | topic[/quori/joint_trajectory_controller/command] removing connection to /quori/quori_controller
2023-06-09 13:27:55,401 | INFO | topic[/quori/face_generator_emotion] removing connection to /rosbridge_websocket
2023-06-09 13:27:55,401 | INFO | signal-2
2023-06-09 13:27:57,022 | INFO | signal_shutdown [signal-2]
2023-06-09 13:27:57,326 | INFO | signal_shutdown [signal-2]
2023-06-09 13:27:57,550 | INFO | signal_shutdown [signal-2]
2023-06-09 13:27:57,750 | INFO | signal_shutdown [signal-2]
2023-06-09 13:27:57,966 | INFO | signal_shutdown [signal-2]
2023-06-09 13:27:58,174 | INFO | signal_shutdown [signal-2]
