2023-06-15 14:14:58,488 | INFO | =====================================
2023-06-15 14:14:58,489 | INFO | STARTING SET 1 OF lateral_raises
2023-06-15 14:14:58,489 | INFO | =====================================
2023-06-15 14:14:58,489 | INFO | Moving arm from up to halfway
2023-06-15 14:14:58,489 | INFO | Moving from [1.7, -1.1, 0, -1.1, 0.2] to [1.1, -1.1, 0, -1.1, 0.2] for duration 4
2023-06-15 14:14:58,492 | INFO | topic[/joint_angles] adding connection to [http://172.26.171.145:40103/], count 0
2023-06-15 14:15:02,494 | INFO | Robot says: Get ready for set 1 out of 2 of lateral raises
2023-06-15 14:15:04,497 | INFO | Robot smiling at intensity 0.6 for duration 4
2023-06-15 14:15:10,504 | INFO | -------------------Recording!
2023-06-15 14:15:10,505 | INFO | Moving arm from halfway to sides
2023-06-15 14:15:10,505 | INFO | Moving from [1.1, -1.1, 0, -1.1, 0.2] to [-0.2, -1.1, 0, -1.1, 0.2] for duration 4
2023-06-15 14:15:12,508 | INFO | Robot says: Start lateral raises now
2023-06-15 14:15:16,036 | INFO | Current peak 90
2023-06-15 14:15:17,945 | INFO | Current peak 145
2023-06-15 14:15:18,490 | INFO | Good expert min 1653.549715255559 All expert min 1637.9019110208933
2023-06-15 14:15:19,058 | INFO | Good expert min 1886.6275591415858 All expert min 1886.6275591415858
2023-06-15 14:15:19,579 | INFO | Good expert min 1090.6229222938082 All expert min 1090.6229222938082
2023-06-15 14:15:20,160 | INFO | Good expert min 1942.2388437003856 All expert min 1880.7516427054286
2023-06-15 14:15:20,196 | INFO | Actual Duration 2.080001, Average Expert Duration 3.073079411764706
2023-06-15 14:15:20,237 | INFO | {'speed': 'good', 'correction': ['high range of motion right shoulder', 'ok left shoulder', 'Good right elbow', 'bad left elbow'], 'evaluation': [-1, 0, 1, -1]}
2023-06-15 14:15:20,273 | INFO | Evaluation case  with message - 
2023-06-15 14:15:20,309 | INFO | Speed case  with message - 
2023-06-15 14:15:20,345 | INFO | Moving from [-0.10639443882989738, -1.096662272379624, -0.07205603106048242, -1.1998766117515922, 0.13690998862100298] to [-0.17509937267543854, -1.0538080234260778, -0.07820779805118497, -1.1937606092727366, 0.19631923677000265] for duration 2
2023-06-15 14:15:22,238 | INFO | Current peak 173
2023-06-15 14:15:22,807 | INFO | Good expert min 1325.729476796276 All expert min 1325.729476796276
2023-06-15 14:15:23,192 | INFO | Good expert min 1416.5678371562028 All expert min 1416.5678371562028
2023-06-15 14:15:23,711 | INFO | Good expert min 1177.6218131182343 All expert min 980.6948639580395
2023-06-15 14:15:24,269 | INFO | Good expert min 867.8277841240389 All expert min 867.8277841240389
2023-06-15 14:15:24,275 | INFO | Actual Duration 4.160259, Average Expert Duration 3.073079411764706
2023-06-15 14:15:24,275 | INFO | {'speed': 'good', 'correction': ['Good right shoulder', 'Good left shoulder', 'low range of motion right elbow', 'Good left elbow'], 'evaluation': [1, 1, -1, 1]}
2023-06-15 14:15:24,306 | INFO | Evaluation case  with message - 
2023-06-15 14:15:24,347 | INFO | Speed case  with message - 
2023-06-15 14:15:24,387 | INFO | Moving from [-0.12225072433473871, -1.0951100738405835, 0.03576841348423318, -1.1445697622046564, 0.2434878856077677] to [-0.1593136310371656, -1.0079028069229874, -0.07844919020977369, -1.0089683410848067, 0.1454057183322622] for duration 2
2023-06-15 14:15:26,172 | INFO | Current peak 200
2023-06-15 14:15:26,689 | INFO | Good expert min 1095.9882144747758 All expert min 1095.9882144747758
2023-06-15 14:15:27,272 | INFO | Good expert min 1272.826563641706 All expert min 1272.826563641706
2023-06-15 14:15:27,813 | INFO | Good expert min 1093.327109507127 All expert min 803.8255311873761
2023-06-15 14:15:28,400 | INFO | Good expert min 1028.9544180346247 All expert min 1028.9544180346247
2023-06-15 14:15:28,441 | INFO | Actual Duration 3.943214, Average Expert Duration 3.073079411764706
2023-06-15 14:15:28,492 | INFO | {'speed': 'good', 'correction': ['Good right shoulder', 'Good left shoulder', 'low range of motion right elbow', 'Good left elbow'], 'evaluation': [1, 1, -1, 1]}
2023-06-15 14:15:28,538 | INFO | Evaluation case 1a with message - Focus on fully extending your right arm to 90 degrees.
2023-06-15 14:15:28,569 | INFO | Speed case 4b with message - Good speed, keep it up.
2023-06-15 14:15:28,605 | INFO | Robot says: Focus on fully extending your right arm to 90 degrees.
2023-06-15 14:15:28,641 | INFO | Moving from [-0.2, -1.1, 0, -1.1, -0.1175] to [-0.2, -1.1, 0, -1.1, -0.1175] for duration 4
2023-06-15 14:15:32,686 | INFO | Robot frowning at intensity 0.5 for duration 4
2023-06-15 14:15:34,094 | INFO | Current peak 251
2023-06-15 14:15:34,422 | INFO | Good expert min 1415.6272080630533 All expert min 1415.6272080630533
2023-06-15 14:15:34,905 | INFO | Good expert min 1821.2101480052934 All expert min 1821.2101480052934
2023-06-15 14:15:35,460 | INFO | Good expert min 1233.917842302348 All expert min 1233.917842302348
2023-06-15 14:15:35,968 | INFO | Good expert min 2208.564938163345 All expert min 2208.564938163345
2023-06-15 14:15:35,994 | INFO | Actual Duration 7.911427, Average Expert Duration 3.073079411764706
2023-06-15 14:15:36,035 | INFO | {'speed': 'good', 'correction': ['Good right shoulder', 'ok left shoulder', 'Good right elbow', 'bad left elbow'], 'evaluation': [1, 0, 1, -1]}
2023-06-15 14:15:36,071 | INFO | Evaluation case  with message - 
2023-06-15 14:15:36,106 | INFO | Speed case  with message - 
2023-06-15 14:15:36,152 | INFO | Moving from [-0.24183513737869727, -1.1363642855680742, 0.004706260359162523, -1.1192344849927731, -0.18475423900748544] to [-0.22532188615892304, -1.1544022731159174, -0.07653688918049131, -1.054818046908089, -0.08364175525507123] for duration 2
2023-06-15 14:15:44,194 | INFO | Current peak 433
2023-06-15 14:15:44,711 | INFO | Good expert min 7313.023765818564 All expert min 7313.023765818564
2023-06-15 14:15:45,217 | INFO | Good expert min 6952.14618991843 All expert min 6952.14618991843
2023-06-15 14:15:45,658 | INFO | Good expert min 8669.853895449574 All expert min 8669.853895449574
2023-06-15 14:15:46,232 | INFO | Good expert min 8706.39634295982 All expert min 8706.39634295982
2023-06-15 14:15:46,253 | INFO | Actual Duration 10.048231, Average Expert Duration 3.073079411764706
2023-06-15 14:15:46,294 | INFO | {'speed': 'good', 'correction': ['bad right shoulder', 'bad left shoulder', 'bad right elbow', 'bad left elbow'], 'evaluation': [-1, -1, -1, -1]}
2023-06-15 14:15:46,340 | INFO | Evaluation case  with message - 
2023-06-15 14:15:46,376 | INFO | Speed case  with message - 
2023-06-15 14:15:46,417 | INFO | Moving from [-0.19517593043202006, -1.17668188158116, -0.08832004498750552, -1.0475514570145892, -0.07485894823507136] to [-0.13796016437161804, -1.0813783672722836, -0.0018861553414660504, -1.1927803703759556, -0.19992904946921336] for duration 2
2023-06-15 14:15:48,216 | INFO | Current peak 462
2023-06-15 14:15:48,788 | INFO | Good expert min 520.934079597441 All expert min 518.1386233776769
2023-06-15 14:15:49,323 | INFO | Good expert min 812.2355414328368 All expert min 812.2355414328368
2023-06-15 14:15:49,829 | INFO | Good expert min 1316.2243290446827 All expert min 976.0929554922303
2023-06-15 14:15:50,340 | INFO | Good expert min 1137.7696886984995 All expert min 1137.7696886984995
2023-06-15 14:15:50,371 | INFO | Actual Duration 4.104119, Average Expert Duration 3.073079411764706
2023-06-15 14:15:50,417 | INFO | {'speed': 'good', 'correction': ['low range of motion right shoulder', 'Good left shoulder', 'low range of motion right elbow', 'Good left elbow'], 'evaluation': [-1, 1, -1, 1]}
2023-06-15 14:15:50,463 | INFO | Evaluation case  with message - 
2023-06-15 14:15:50,504 | INFO | Speed case  with message - 
2023-06-15 14:15:50,545 | INFO | Moving from [-0.23691721807612903, -1.1296765835322966, 0.004687264128993826, -1.0738797495846801, -0.021039354864256093] to [-0.14687967322138623, -1.1058904135680727, 0.03461598294710849, -1.1182380829438834, -0.05034697323784293] for duration 2
2023-06-15 14:15:52,372 | INFO | Current peak 491
2023-06-15 14:15:52,939 | INFO | Good expert min 594.8720614566904 All expert min 594.8720614566904
2023-06-15 14:15:53,527 | INFO | Good expert min 680.0771525915305 All expert min 680.0771525915305
2023-06-15 14:15:53,925 | INFO | Good expert min 1311.9007889956533 All expert min 1158.5414778223796
2023-06-15 14:15:54,415 | INFO | Good expert min 1104.1855509379943 All expert min 1103.6831947958513
2023-06-15 14:15:54,452 | INFO | Actual Duration 4.155914, Average Expert Duration 3.073079411764706
2023-06-15 14:15:54,503 | INFO | {'speed': 'good', 'correction': ['Good right shoulder', 'Good left shoulder', 'low range of motion right elbow', 'low range of motion left elbow'], 'evaluation': [1, 1, -1, -1]}
2023-06-15 14:15:54,549 | INFO | Evaluation case 1a with message - Make sure your right arm reaches 90 degrees
2023-06-15 14:15:54,595 | INFO | Speed case 4b with message - Good speed, keep it up.
2023-06-15 14:15:54,641 | INFO | Robot says: Make sure your right arm reaches 90 degrees
2023-06-15 14:15:54,693 | INFO | Moving from [-0.2, -1.1, 0, -1.1, -0.1175] to [-0.2, -1.1, 0, -1.1, -0.1175] for duration 4
2023-06-15 14:15:58,753 | INFO | Robot frowning at intensity 0.5 for duration 4
2023-06-15 14:16:00,075 | INFO | Current peak 528
2023-06-15 14:16:00,421 | INFO | Good expert min 1914.854898667884 All expert min 1593.5913038866295
2023-06-15 14:16:00,504 | INFO | -------------------Done with exercise
2023-06-15 14:16:00,507 | INFO | Robot says: Almost done.
2023-06-15 14:16:00,530 | INFO | Good expert min 1710.6736073536697 All expert min 1635.0916109420582
2023-06-15 14:16:00,559 | INFO | Good expert min 2302.690747228227 All expert min 1905.7244033389463
2023-06-15 14:16:00,587 | INFO | Good expert min 2998.793481659263 All expert min 2659.7774047132825
2023-06-15 14:16:00,587 | INFO | Actual Duration 7.450773, Average Expert Duration 3.073079411764706
2023-06-15 14:16:00,587 | INFO | {'speed': 'good', 'correction': ['high range of motion right shoulder', 'high range of motion left shoulder', 'bad right elbow', 'bad left elbow'], 'evaluation': [-1, -1, -1, -1]}
2023-06-15 14:16:00,587 | INFO | Evaluation case  with message - 
2023-06-15 14:16:00,587 | INFO | Speed case  with message - 
2023-06-15 14:16:00,588 | INFO | Moving from [-0.29636864798564083, -1.1992824567984934, 0.09525628842171402, -1.023537147752381, -0.11201843205305585] to [-0.1769472774164246, -1.0145438750967428, 0.06011215843246995, -1.037772979092976, -0.145044056208224] for duration 2
2023-06-15 14:16:03,517 | INFO | Robot says: Rest.
2023-06-15 14:16:05,520 | INFO | Robot smiling at intensity 0.6 for duration 4
2023-06-15 14:16:05,520 | INFO | Robot says: Using the scale next to you, how difficult was that last set, from 1 to 10?
2023-06-15 14:16:05,521 | INFO | Moving arm from sides to up
2023-06-15 14:16:05,521 | INFO | Moving from [-0.2, -1.1, 0, -1.1, -0.1175] to [1.7, -1.1, 0, -1.1, -0.1175] for duration 4
2023-06-15 14:16:07,524 | INFO | Total Number of Reps 8
2023-06-15 14:16:07,524 | INFO | Total Angles 540
2023-06-15 14:16:07,525 | INFO | topic impl's ref count is zero, deleting topic /joint_angles...
2023-06-15 14:16:07,525 | INFO | topic[/joint_angles] removing connection to http://172.26.171.145:40103/
2023-06-15 14:16:07,532 | INFO | Saved file Participant_19_Round_2_Robot_2_Exercise_lateral_raises_Set_1.npz
2023-06-15 14:16:25,520 | INFO | Robot says: Rest for 20 more seconds.
2023-06-15 14:16:45,561 | INFO | =====================================
2023-06-15 14:16:45,561 | INFO | STARTING SET 2 OF lateral_raises
2023-06-15 14:16:45,562 | INFO | =====================================
2023-06-15 14:16:45,562 | INFO | Moving arm from up to halfway
2023-06-15 14:16:45,563 | INFO | Moving from [1.7, -1.1, 0, -1.1, 0.2] to [1.1, -1.1, 0, -1.1, 0.2] for duration 4
2023-06-15 14:16:45,566 | INFO | topic[/joint_angles] adding connection to [http://172.26.171.145:40103/], count 0
2023-06-15 14:16:49,568 | INFO | Robot says: Get ready for set 2 out of 2 of lateral raises
2023-06-15 14:16:51,571 | INFO | Robot smiling at intensity 0.6 for duration 4
2023-06-15 14:16:57,578 | INFO | -------------------Recording!
2023-06-15 14:16:57,578 | INFO | Moving arm from halfway to sides
2023-06-15 14:16:57,579 | INFO | Moving from [1.1, -1.1, 0, -1.1, 0.2] to [-0.2, -1.1, 0, -1.1, 0.2] for duration 4
2023-06-15 14:16:59,582 | INFO | Robot says: Start lateral raises now
2023-06-15 14:17:03,603 | INFO | Current peak 90
2023-06-15 14:17:05,144 | INFO | Current peak 136
2023-06-15 14:17:05,670 | INFO | Good expert min 1451.3564384886483 All expert min 1451.3564384886483
2023-06-15 14:17:06,153 | INFO | Good expert min 1641.3399841495948 All expert min 1641.3399841495948
2023-06-15 14:17:06,758 | INFO | Good expert min 1090.2859609622292 All expert min 1090.2859609622292
2023-06-15 14:17:07,322 | INFO | Good expert min 1742.435212833614 All expert min 1742.435212833614
2023-06-15 14:17:07,373 | INFO | Actual Duration 1.806981, Average Expert Duration 3.073079411764706
2023-06-15 14:17:07,419 | INFO | {'speed': 'good', 'correction': ['Good right shoulder', 'Good left shoulder', 'Good right elbow', 'ok left elbow'], 'evaluation': [1, 1, 1, 0]}
2023-06-15 14:17:07,470 | INFO | Evaluation case  with message - 
2023-06-15 14:17:07,516 | INFO | Speed case  with message - 
2023-06-15 14:17:07,552 | INFO | Moving from [-0.19745604323279994, -1.1714149410597552, -0.02106043121565704, -1.1608620370477318, 0.12951147655220452] to [-0.24543641466339108, -1.1188552639682487, -0.05383618056456703, -1.1374346854690571, 0.24201908784115353] for duration 2
2023-06-15 14:17:08,983 | INFO | Current peak 151
2023-06-15 14:17:09,485 | INFO | Good expert min 724.0871655332373 All expert min 610.8026480570347
2023-06-15 14:17:10,015 | INFO | Good expert min 787.5771191974466 All expert min 673.3846136947093
2023-06-15 14:17:10,613 | INFO | Good expert min 1147.3244370156347 All expert min 698.2379025504644
2023-06-15 14:17:11,132 | INFO | Good expert min 1050.591503455175 All expert min 1005.2923942840146
2023-06-15 14:17:11,168 | INFO | Actual Duration 3.702875, Average Expert Duration 3.073079411764706
2023-06-15 14:17:11,225 | INFO | {'speed': 'good', 'correction': ['low range of motion right shoulder', 'low range of motion left shoulder', 'low range of motion right elbow', 'low range of motion left elbow'], 'evaluation': [-1, -1, -1, -1]}
2023-06-15 14:17:11,281 | INFO | Evaluation case  with message - 
2023-06-15 14:17:11,338 | INFO | Speed case  with message - 
2023-06-15 14:17:11,389 | INFO | Moving from [-0.16233015221933902, -1.1288864179189135, -0.06900559065254178, -1.17110292205545, 0.17035050235976365] to [-0.11843520009692052, -1.024162433869654, -0.0807282866666526, -1.1727718016511195, 0.27599572767060654] for duration 2
2023-06-15 14:17:12,504 | INFO | Current peak 167
2023-06-15 14:17:13,068 | INFO | Good expert min 834.5457675435005 All expert min 774.7577567293058
2023-06-15 14:17:13,632 | INFO | Good expert min 1113.4769546031864 All expert min 1113.4769546031864
2023-06-15 14:17:14,208 | INFO | Good expert min 799.6812452603073 All expert min 799.6812452603073
2023-06-15 14:17:14,709 | INFO | Good expert min 1164.770959395866 All expert min 1164.770959395866
2023-06-15 14:17:14,746 | INFO | Actual Duration 3.743559, Average Expert Duration 3.073079411764706
2023-06-15 14:17:14,797 | INFO | {'speed': 'good', 'correction': ['low range of motion right shoulder', 'Good left shoulder', 'Good right elbow', 'Good left elbow'], 'evaluation': [-1, 1, 1, 1]}
2023-06-15 14:17:14,854 | INFO | Evaluation case 1a with message - Focus on fully extending your right arm to 90 degrees.
2023-06-15 14:17:14,910 | INFO | Speed case 4b with message - Good speed, keep it up.
2023-06-15 14:17:14,956 | INFO | Robot says: Focus on fully extending your right arm to 90 degrees.
2023-06-15 14:17:15,008 | INFO | Moving from [-0.2, -1.1, 0, -1.1, -0.1175] to [-0.2, -1.1, 0, -1.1, -0.1175] for duration 4
2023-06-15 14:17:19,079 | INFO | Robot frowning at intensity 0.5 for duration 4
2023-06-15 14:17:19,970 | INFO | Current peak 196
2023-06-15 14:17:20,542 | INFO | Good expert min 853.6356806421315 All expert min 853.6356806421315
2023-06-15 14:17:21,143 | INFO | Good expert min 1223.5331723157178 All expert min 1223.5331723157178
2023-06-15 14:17:21,763 | INFO | Good expert min 964.5464688174117 All expert min 964.5464688174117
2023-06-15 14:17:22,197 | INFO | Good expert min 1501.9591531466947 All expert min 1501.9591531466947
2023-06-15 14:17:22,197 | INFO | Actual Duration 7.325804, Average Expert Duration 3.073079411764706
2023-06-15 14:17:22,197 | INFO | {'speed': 'good', 'correction': ['Good right shoulder', 'Good left shoulder', 'Good right elbow', 'Good left elbow'], 'evaluation': [1, 1, 1, 1]}
2023-06-15 14:17:22,238 | INFO | Evaluation case 2a with message - Form is good, keep it up.
2023-06-15 14:17:22,289 | INFO | Speed case  with message - 
2023-06-15 14:17:22,340 | INFO | Skipping Form is good, keep it up.
2023-06-15 14:17:22,391 | INFO | Moving from [0, -0.8, 0, -0.8, 0.0525] to [-0.2, -1.1, 0, -1.1, -0.1175] for duration 4
2023-06-15 14:17:26,452 | INFO | Robot smiling at intensity 0.6 for duration 4
2023-06-15 14:17:29,619 | INFO | Current peak 298
2023-06-15 14:17:30,190 | INFO | Good expert min 3038.21136453094 All expert min 3038.21136453094
2023-06-15 14:17:30,793 | INFO | Good expert min 3167.859620686934 All expert min 3167.859620686934
2023-06-15 14:17:31,430 | INFO | Good expert min 3784.9704212459746 All expert min 3784.9704212459746
2023-06-15 14:17:31,755 | INFO | Good expert min 4295.127357461225 All expert min 4295.127357461225
2023-06-15 14:17:31,796 | INFO | Actual Duration 9.68735, Average Expert Duration 3.073079411764706
2023-06-15 14:17:31,847 | INFO | {'speed': 'good', 'correction': ['bad right shoulder', 'bad left shoulder', 'bad right elbow', 'bad left elbow'], 'evaluation': [-1, -1, -1, -1]}
2023-06-15 14:17:31,904 | INFO | Evaluation case  with message - 
2023-06-15 14:17:31,955 | INFO | Speed case  with message - 
2023-06-15 14:17:32,001 | INFO | Moving from [-0.2632350314182434, -1.0939953997066278, -0.06310376675224667, -1.130190773345765, -0.17421542970296544] to [-0.1934243894903601, -1.093653883755721, -0.030032154499272434, -1.0607534776736232, -0.06384839510997647] for duration 2
2023-06-15 14:17:37,658 | INFO | Current peak 424
2023-06-15 14:17:38,161 | INFO | Good expert min 4833.469159989084 All expert min 4498.568767949494
2023-06-15 14:17:38,738 | INFO | Good expert min 4176.353906868335 All expert min 4176.353906868335
2023-06-15 14:17:39,129 | INFO | Good expert min 5921.802740331167 All expert min 5720.42105175842
2023-06-15 14:17:39,718 | INFO | Good expert min 5780.018198954659 All expert min 5780.018198954659
2023-06-15 14:17:39,719 | INFO | Actual Duration 7.844968, Average Expert Duration 3.073079411764706
2023-06-15 14:17:39,760 | INFO | {'speed': 'good', 'correction': ['bad right shoulder', 'bad left shoulder', 'bad right elbow', 'bad left elbow'], 'evaluation': [-1, -1, -1, -1]}
2023-06-15 14:17:39,801 | INFO | Evaluation case 1i with message - Focus on getting a full range of motion in your shoulders.
2023-06-15 14:17:39,846 | INFO | Speed case  with message - 
2023-06-15 14:17:39,892 | INFO | Robot says: Focus on getting a full range of motion in your shoulders.
2023-06-15 14:17:39,949 | INFO | Moving from [-0.2, -1.1, 0, -1.1, -0.1175] to [-0.2, -1.1, 0, -1.1, -0.1175] for duration 4
2023-06-15 14:17:44,014 | INFO | Robot frowning at intensity 0.5 for duration 4
2023-06-15 14:17:45,572 | INFO | Current peak 476
2023-06-15 14:17:46,013 | INFO | Good expert min 1141.8913686538554 All expert min 1141.3124149608107
2023-06-15 14:17:46,396 | INFO | Good expert min 1540.56973885301 All expert min 1540.56973885301
2023-06-15 14:17:46,919 | INFO | Good expert min 1293.1144105434253 All expert min 1293.1144105434253
2023-06-15 14:17:47,451 | INFO | Good expert min 1926.7301885499091 All expert min 1926.7301885499091
2023-06-15 14:17:47,492 | INFO | Actual Duration 8.065664, Average Expert Duration 3.073079411764706
2023-06-15 14:17:47,548 | INFO | {'speed': 'good', 'correction': ['high range of motion right shoulder', 'Good left shoulder', 'Good right elbow', 'ok left elbow'], 'evaluation': [-1, 1, 1, 0]}
2023-06-15 14:17:47,578 | INFO | -------------------Done with exercise
2023-06-15 14:17:47,578 | INFO | Evaluation case  with message - 
2023-06-15 14:17:47,578 | INFO | Robot says: Almost done.
2023-06-15 14:17:47,579 | INFO | Speed case 4b with message - Good speed, keep it up.
2023-06-15 14:17:47,579 | INFO | Skipping Good speed, keep it up.
2023-06-15 14:17:47,579 | INFO | Moving from [0, -0.8, 0, -0.8, 0.0525] to [-0.2, -1.1, 0, -1.1, -0.1175] for duration 4
2023-06-15 14:17:50,582 | INFO | Robot says: Rest.
2023-06-15 14:17:51,584 | INFO | Robot smiling at intensity 0.6 for duration 4
2023-06-15 14:17:52,586 | INFO | Robot smiling at intensity 0.6 for duration 4
2023-06-15 14:17:52,586 | INFO | Robot says: Using the scale next to you, how difficult was that last set, from 1 to 10?
2023-06-15 14:17:52,587 | INFO | Moving arm from sides to up
2023-06-15 14:17:52,588 | INFO | Moving from [-0.2, -1.1, 0, -1.1, -0.1175] to [1.7, -1.1, 0, -1.1, -0.1175] for duration 4
2023-06-15 14:17:54,591 | INFO | Total Number of Reps 7
2023-06-15 14:17:54,591 | INFO | Total Angles 480
2023-06-15 14:17:54,592 | INFO | topic impl's ref count is zero, deleting topic /joint_angles...
2023-06-15 14:17:54,593 | INFO | topic[/joint_angles] removing connection to http://172.26.171.145:40103/
2023-06-15 14:17:54,604 | INFO | Saved file Participant_19_Round_2_Robot_2_Exercise_lateral_raises_Set_2.npz
2023-06-15 14:18:02,606 | INFO | Robot says: Please walk over to the researcher to fill out a survey.
2023-06-15 14:18:02,607 | INFO | signal_shutdown [atexit]
2023-06-15 14:18:02,660 | INFO | topic[/rosout] removing connection to /rosout
2023-06-15 14:18:02,661 | INFO | topic[/quori_sound] removing connection to /quori_sound
2023-06-15 14:18:02,661 | INFO | topic[/quori/joint_trajectory_controller/command] removing connection to /quori/quori_controller
2023-06-15 14:18:02,662 | INFO | topic[/quori/face_generator_emotion] removing connection to /rosbridge_websocket
2023-06-15 14:18:02,663 | INFO | atexit
