2023-06-14 15:08:36,268 | INFO | =====================================
2023-06-14 15:08:36,268 | INFO | STARTING SET 1 OF lateral_raises
2023-06-14 15:08:36,269 | INFO | =====================================
2023-06-14 15:08:36,269 | INFO | Moving arm from up to halfway
2023-06-14 15:08:36,269 | INFO | Moving from [1.7, -1.1, 0, -1.1, -0.2] to [1.1, -1.1, 0, -1.1, -0.2] for duration 4
2023-06-14 15:08:36,272 | INFO | topic[/joint_angles] adding connection to [http://172.26.171.145:35663/], count 0
2023-06-14 15:08:40,274 | INFO | Robot says: Get ready for set 1 out of 2 of lateral raises
2023-06-14 15:08:42,277 | INFO | Robot smiling at intensity 0.8 for duration 4
2023-06-14 15:08:48,284 | INFO | -------------------Recording!
2023-06-14 15:08:48,284 | INFO | Moving arm from halfway to sides
2023-06-14 15:08:48,285 | INFO | Moving from [1.1, -1.1, 0, -1.1, -0.2] to [0.2, -1.1, 0, -1.1, -0.2] for duration 4
2023-06-14 15:08:50,288 | INFO | Robot says: Start lateral raises now
2023-06-14 15:08:53,067 | INFO | Current peak 61
2023-06-14 15:08:55,492 | INFO | Current peak 120
2023-06-14 15:08:55,989 | INFO | Good expert min 627.8302620317417 All expert min 627.8302620317417
2023-06-14 15:08:56,460 | INFO | Good expert min 565.1745236929052 All expert min 565.1745236929052
2023-06-14 15:08:57,054 | INFO | Good expert min 886.7150101904159 All expert min 886.7150101904159
2023-06-14 15:08:57,619 | INFO | Good expert min 762.7518130740567 All expert min 762.7518130740567
2023-06-14 15:08:57,625 | INFO | Actual Duration 2.371012, Average Expert Duration 3.073079411764706
2023-06-14 15:08:57,625 | INFO | {'speed': 'good', 'correction': ['Good right shoulder', 'Good left shoulder', 'Good right elbow', 'Good left elbow'], 'evaluation': [1, 1, 1, 1]}
2023-06-14 15:08:57,640 | INFO | Evaluation case  with message - 
2023-06-14 15:08:57,681 | INFO | Speed case  with message - 
2023-06-14 15:08:57,717 | INFO | Moving from [0.2532004681883173, -1.0017180454998238, -0.07190038516638689, -1.0039007304072318, -0.2693928695888009] to [0.23335621336626503, -1.1211077597650345, 0.03829281309884136, -1.0670762310218629, -0.18032268946581653] for duration 2
2023-06-14 15:09:00,377 | INFO | Current peak 166
2023-06-14 15:09:00,953 | INFO | Good expert min 359.64179919454926 All expert min 359.64179919454926
2023-06-14 15:09:01,539 | INFO | Good expert min 513.0551061569206 All expert min 513.0551061569206
2023-06-14 15:09:02,058 | INFO | Good expert min 716.0121716638097 All expert min 716.0121716638097
2023-06-14 15:09:02,567 | INFO | Good expert min 653.3420871418791 All expert min 653.3420871418791
2023-06-14 15:09:02,616 | INFO | Actual Duration 4.669739, Average Expert Duration 3.073079411764706
2023-06-14 15:09:02,651 | INFO | {'speed': 'good', 'correction': ['Good right shoulder', 'Good left shoulder', 'Good right elbow', 'Good left elbow'], 'evaluation': [1, 1, 1, 1]}
2023-06-14 15:09:02,687 | INFO | Evaluation case  with message - 
2023-06-14 15:09:02,723 | INFO | Speed case  with message - 
2023-06-14 15:09:02,759 | INFO | Moving from [0.10910337946640261, -1.0761993998370296, -0.008575313829121356, -1.1672002029812776, -0.29610738309176776] to [0.1540909107304506, -1.0812689789807324, 0.012659621993958092, -1.116009657434511, -0.16648809298372044] for duration 2
2023-06-14 15:09:05,226 | INFO | Current peak 223
2023-06-14 15:09:05,748 | INFO | Good expert min 459.42571602461277 All expert min 459.42571602461277
2023-06-14 15:09:06,357 | INFO | Good expert min 601.1855138004488 All expert min 601.1855138004488
2023-06-14 15:09:06,865 | INFO | Good expert min 849.5195803153733 All expert min 849.5195803153733
2023-06-14 15:09:07,389 | INFO | Good expert min 769.1397566680033 All expert min 769.1397566680033
2023-06-14 15:09:07,421 | INFO | Actual Duration 5.143073, Average Expert Duration 3.073079411764706
2023-06-14 15:09:07,467 | INFO | {'speed': 'good', 'correction': ['Good right shoulder', 'Good left shoulder', 'Good right elbow', 'Good left elbow'], 'evaluation': [1, 1, 1, 1]}
2023-06-14 15:09:07,508 | INFO | Evaluation case 2b with message - Looks good, great job!
2023-06-14 15:09:07,543 | INFO | Speed case 4b with message - Great work, nice pace.
2023-06-14 15:09:07,604 | INFO | Robot says: Looks good, great job!
2023-06-14 15:09:07,646 | INFO | Moving from [0, -0.8, 0, -0.8, 0.084] to [0.2, -1.1, 0, -1.1, -0.2] for duration 4
2023-06-14 15:09:11,706 | INFO | Robot smiling at intensity 0.9 for duration 4
2023-06-14 15:09:12,191 | INFO | Current peak 242
2023-06-14 15:09:12,755 | INFO | Good expert min 493.9751024836313 All expert min 488.68147118253495
2023-06-14 15:09:13,310 | INFO | Good expert min 359.33575620667034 All expert min 288.8455072528559
2023-06-14 15:09:13,849 | INFO | Good expert min 745.3689417251393 All expert min 745.3689417251393
2023-06-14 15:09:14,441 | INFO | Good expert min 784.5198880861277 All expert min 521.355419938936
2023-06-14 15:09:14,472 | INFO | Actual Duration 6.894685, Average Expert Duration 3.073079411764706
2023-06-14 15:09:14,518 | INFO | {'speed': 'slow', 'correction': ['low range of motion right shoulder', 'low range of motion left shoulder', 'Good right elbow', 'low range of motion left elbow'], 'evaluation': [-1, -1, 1, -1]}
2023-06-14 15:09:14,559 | INFO | Evaluation case  with message - 
2023-06-14 15:09:14,589 | INFO | Speed case  with message - 
2023-06-14 15:09:14,626 | INFO | Moving from [0.23920866861288945, -1.1710296521638455, -0.04626147575861575, -1.101413534960483, -0.16585610020577105] to [0.2008418919127408, -1.1709707780591911, -0.017579258191073227, -1.07705851700159, -0.25363985773681474] for duration 2
2023-06-14 15:09:16,968 | INFO | Current peak 282
2023-06-14 15:09:17,555 | INFO | Good expert min 436.2387192335012 All expert min 186.65064329358748
2023-06-14 15:09:18,061 | INFO | Good expert min 531.4269190552789 All expert min 364.71882774535266
2023-06-14 15:09:18,525 | INFO | Good expert min 1089.6776515583163 All expert min 401.3051034658273
2023-06-14 15:09:19,098 | INFO | Good expert min 844.0055899715486 All expert min 442.91993977122695
2023-06-14 15:09:19,134 | INFO | Actual Duration 4.77297, Average Expert Duration 3.073079411764706
2023-06-14 15:09:19,180 | INFO | {'speed': 'good', 'correction': ['low range of motion right shoulder', 'low range of motion left shoulder', 'low range of motion right elbow', 'low range of motion left elbow'], 'evaluation': [-1, -1, -1, -1]}
2023-06-14 15:09:19,226 | INFO | Evaluation case 1c with message - Great job, try to reach your arms closer to 90 degrees.
2023-06-14 15:09:19,267 | INFO | Speed case  with message - 
2023-06-14 15:09:19,313 | INFO | Robot says: Great job, try to reach your arms closer to 90 degrees.
2023-06-14 15:09:19,354 | INFO | Moving from [0.2, -1.1, 0, -1.1, -0.188] to [0.2, -1.1, 0, -1.1, -0.188] for duration 4
2023-06-14 15:09:23,405 | INFO | Robot frowning at intensity 0.0 for duration 4
2023-06-14 15:09:31,173 | INFO | Current peak 312
2023-06-14 15:09:31,713 | INFO | Good expert min 342.8178710581904 All expert min 239.64741377539346
2023-06-14 15:09:32,258 | INFO | Good expert min 439.70932213063213 All expert min 321.8284551526775
2023-06-14 15:09:32,860 | INFO | Good expert min 1092.9178388018083 All expert min 524.4226974119202
2023-06-14 15:09:33,349 | INFO | Good expert min 893.233739989888 All expert min 466.53385235640025
2023-06-14 15:09:33,374 | INFO | Actual Duration 7.213376, Average Expert Duration 3.073079411764706
2023-06-14 15:09:33,415 | INFO | {'speed': 'good', 'correction': ['low range of motion right shoulder', 'low range of motion left shoulder', 'low range of motion right elbow', 'low range of motion left elbow'], 'evaluation': [-1, -1, -1, -1]}
2023-06-14 15:09:33,451 | INFO | Evaluation case  with message - 
2023-06-14 15:09:33,482 | INFO | Speed case  with message - 
2023-06-14 15:09:33,523 | INFO | Moving from [0.25654938580509246, -1.0867813185393445, 0.09286510777592233, -1.0952244115449856, -0.18753100005631995] to [0.11034270190927561, -1.1173375375789858, -0.08895426642492726, -1.0273369791082938, -0.151626400704611] for duration 2
2023-06-14 15:09:34,575 | INFO | Current peak 346
2023-06-14 15:09:35,143 | INFO | Good expert min 1184.7717490947573 All expert min 1184.7717490947573
2023-06-14 15:09:35,739 | INFO | Good expert min 1010.5580812563852 All expert min 1010.5580812563852
2023-06-14 15:09:36,267 | INFO | Good expert min 2473.965408888709 All expert min 2473.965408888709
2023-06-14 15:09:36,843 | INFO | Good expert min 1903.2141143905278 All expert min 1620.9756025954182
2023-06-14 15:09:36,874 | INFO | Actual Duration 1.115293, Average Expert Duration 3.073079411764706
2023-06-14 15:09:36,900 | INFO | {'speed': 'good', 'correction': ['Good right shoulder', 'Good left shoulder', 'bad right elbow', 'high range of motion left elbow'], 'evaluation': [1, 1, -1, -1]}
2023-06-14 15:09:36,921 | INFO | Evaluation case  with message - 
2023-06-14 15:09:36,967 | INFO | Speed case 4b with message - Great work, nice pace.
2023-06-14 15:09:37,013 | INFO | Robot says: Great work, nice pace.
2023-06-14 15:09:37,054 | INFO | Moving from [0, -0.8, 0, -0.8, 0.084] to [0.2, -1.1, 0, -1.1, -0.188] for duration 4
2023-06-14 15:09:38,284 | INFO | -------------------Done with exercise
2023-06-14 15:09:38,284 | INFO | Robot says: Almost done.
2023-06-14 15:09:41,095 | INFO | Robot smiling at intensity 0.9 for duration 4
2023-06-14 15:09:41,149 | INFO | Good expert min 6113.3172967338905 All expert min 6113.3172967338905
2023-06-14 15:09:41,191 | INFO | Good expert min 5794.143026608563 All expert min 5794.143026608563
2023-06-14 15:09:41,232 | INFO | Good expert min 7292.520412224375 All expert min 7292.520412224375
2023-06-14 15:09:41,274 | INFO | Good expert min 6123.288033341281 All expert min 6123.288033341281
2023-06-14 15:09:41,274 | INFO | Actual Duration -6.147954, Average Expert Duration 3.073079411764706
2023-06-14 15:09:41,275 | INFO | {'speed': 'fast', 'correction': ['bad right shoulder', 'bad left shoulder', 'bad right elbow', 'bad left elbow'], 'evaluation': [-1, -1, -1, -1]}
2023-06-14 15:09:41,275 | INFO | Evaluation case 1g with message - You are doing great, can you focus a bit more on your right side?
2023-06-14 15:09:41,275 | INFO | Speed case  with message - 
2023-06-14 15:09:41,275 | INFO | Skipping You are doing great, can you focus a bit more on your right side?
2023-06-14 15:09:41,275 | INFO | Moving from [0.2, -1.1, 0, -1.1, -0.188] to [0.2, -1.1, 0, -1.1, -0.188] for duration 4
2023-06-14 15:09:41,286 | INFO | Robot says: Rest.
2023-06-14 15:09:43,289 | INFO | Robot smiling at intensity 0.8 for duration 4
2023-06-14 15:09:43,289 | INFO | Robot says: Using the scale next to you, how difficult was that last set, from 1 to 10?
2023-06-14 15:09:43,290 | INFO | Moving arm from sides to up
2023-06-14 15:09:43,290 | INFO | Moving from [0.2, -1.1, 0, -1.1, -0.188] to [1.7, -1.1, 0, -1.1, -0.188] for duration 4
2023-06-14 15:09:45,280 | INFO | Robot frowning at intensity 0.0 for duration 4
2023-06-14 15:09:45,292 | INFO | Total Number of Reps 8
2023-06-14 15:09:45,292 | INFO | Total Angles 530
2023-06-14 15:09:45,293 | INFO | topic impl's ref count is zero, deleting topic /joint_angles...
2023-06-14 15:09:45,293 | INFO | topic[/joint_angles] removing connection to http://172.26.171.145:35663/
2023-06-14 15:09:45,299 | INFO | Saved file Participant_16_Round_2_Robot_3_Exercise_lateral_raises_Set_1.npz
2023-06-14 15:10:03,289 | INFO | Robot says: Rest for 20 more seconds.
2023-06-14 15:10:23,379 | INFO | =====================================
2023-06-14 15:10:23,379 | INFO | STARTING SET 2 OF lateral_raises
2023-06-14 15:10:23,380 | INFO | =====================================
2023-06-14 15:10:23,380 | INFO | Moving arm from up to halfway
2023-06-14 15:10:23,380 | INFO | Moving from [1.7, -1.1, 0, -1.1, -0.2] to [1.1, -1.1, 0, -1.1, -0.2] for duration 4
2023-06-14 15:10:23,383 | INFO | topic[/joint_angles] adding connection to [http://172.26.171.145:35663/], count 0
2023-06-14 15:10:27,384 | INFO | Robot says: Get ready for set 2 out of 2 of lateral raises
2023-06-14 15:10:29,387 | INFO | Robot smiling at intensity 0.8 for duration 4
2023-06-14 15:10:35,394 | INFO | -------------------Recording!
2023-06-14 15:10:35,394 | INFO | Moving arm from halfway to sides
2023-06-14 15:10:35,395 | INFO | Moving from [1.1, -1.1, 0, -1.1, -0.2] to [0.2, -1.1, 0, -1.1, -0.2] for duration 4
2023-06-14 15:10:37,398 | INFO | Robot says: Start lateral raises now
2023-06-14 15:10:43,294 | INFO | Current peak 139
2023-06-14 15:10:48,389 | INFO | Current peak 294
2023-06-14 15:10:48,999 | INFO | Good expert min 5084.537662541092 All expert min 5084.537662541092
2023-06-14 15:10:49,535 | INFO | Good expert min 5606.598205744728 All expert min 5606.598205744728
2023-06-14 15:10:50,056 | INFO | Good expert min 6226.3181229899865 All expert min 6226.3181229899865
2023-06-14 15:10:50,435 | INFO | Good expert min 5562.504244107607 All expert min 5562.504244107607
2023-06-14 15:10:50,471 | INFO | Actual Duration 5.187436, Average Expert Duration 3.073079411764706
2023-06-14 15:10:50,527 | INFO | {'speed': 'good', 'correction': ['bad right shoulder', 'bad left shoulder', 'bad right elbow', 'bad left elbow'], 'evaluation': [-1, -1, -1, -1]}
2023-06-14 15:10:50,584 | INFO | Evaluation case  with message - 
2023-06-14 15:10:50,635 | INFO | Speed case  with message - 
2023-06-14 15:10:50,691 | INFO | Moving from [0.21037330599593537, -1.182318595761309, -0.092395739007756, -1.024981220572521, -0.2859667729880314] to [0.12466389301565448, -1.1427922976352392, 0.040648693550772164, -1.0466699351407889, -0.14118168665075131] for duration 2
2023-06-14 15:10:53,424 | INFO | Current peak 345
2023-06-14 15:10:53,915 | INFO | Good expert min 347.32017889983615 All expert min 347.32017889983615
2023-06-14 15:10:54,509 | INFO | Good expert min 485.5087538853957 All expert min 485.5087538853957
2023-06-14 15:10:55,037 | INFO | Good expert min 833.1766513416725 All expert min 833.1766513416725
2023-06-14 15:10:55,620 | INFO | Good expert min 745.1137795538432 All expert min 745.1137795538432
2023-06-14 15:10:55,667 | INFO | Actual Duration 5.095295, Average Expert Duration 3.073079411764706
2023-06-14 15:10:55,703 | INFO | {'speed': 'good', 'correction': ['Good right shoulder', 'Good left shoulder', 'Good right elbow', 'Good left elbow'], 'evaluation': [1, 1, 1, 1]}
2023-06-14 15:10:55,738 | INFO | Evaluation case  with message - 
2023-06-14 15:10:55,779 | INFO | Speed case  with message - 
2023-06-14 15:10:55,836 | INFO | Moving from [0.1945380287124814, -1.012599991374448, 0.04680698852977541, -1.0471844040455185, -0.2568945704278538] to [0.17620430720307753, -1.0443231365486922, 0.09049832831296462, -1.018056569907861, -0.20520660946967545] for duration 2
2023-06-14 15:10:58,134 | INFO | Current peak 388
2023-06-14 15:10:58,665 | INFO | Good expert min 449.2230501892759 All expert min 282.8634601704855
2023-06-14 15:10:59,259 | INFO | Good expert min 540.470629690556 All expert min 419.85480517427396
2023-06-14 15:10:59,893 | INFO | Good expert min 1071.6389701430874 All expert min 653.1070569818579
2023-06-14 15:11:00,521 | INFO | Good expert min 1101.9065007906308 All expert min 709.5510791881296
2023-06-14 15:11:00,527 | INFO | Actual Duration 4.853557, Average Expert Duration 3.073079411764706
2023-06-14 15:11:00,527 | INFO | {'speed': 'good', 'correction': ['low range of motion right shoulder', 'low range of motion left shoulder', 'low range of motion right elbow', 'low range of motion left elbow'], 'evaluation': [-1, -1, -1, -1]}
2023-06-14 15:11:00,552 | INFO | Evaluation case  with message - 
2023-06-14 15:11:00,603 | INFO | Speed case 4b with message - Great work, nice pace.
2023-06-14 15:11:00,629 | INFO | Robot says: Great work, nice pace.
2023-06-14 15:11:00,675 | INFO | Moving from [0, -0.8, 0, -0.8, 0.084] to [0.2, -1.1, 0, -1.1, -0.2] for duration 4
2023-06-14 15:11:04,741 | INFO | Robot smiling at intensity 0.9 for duration 4
2023-06-14 15:11:05,845 | INFO | Current peak 427
2023-06-14 15:11:06,376 | INFO | Good expert min 774.8268876485444 All expert min 514.5734506312396
2023-06-14 15:11:06,954 | INFO | Good expert min 899.4642379988761 All expert min 463.9036500822161
2023-06-14 15:11:07,445 | INFO | Good expert min 1410.8975481038756 All expert min 614.2939410590171
2023-06-14 15:11:07,964 | INFO | Good expert min 1113.730307583195 All expert min 545.8699308177025
2023-06-14 15:11:08,005 | INFO | Actual Duration 7.655591, Average Expert Duration 3.073079411764706
2023-06-14 15:11:08,061 | INFO | {'speed': 'good', 'correction': ['low range of motion right shoulder', 'low range of motion left shoulder', 'low range of motion right elbow', 'low range of motion left elbow'], 'evaluation': [-1, -1, -1, -1]}
2023-06-14 15:11:08,107 | INFO | Evaluation case 1c with message - Great job, try to reach your arms closer to 90 degrees.
2023-06-14 15:11:08,158 | INFO | Speed case  with message - 
2023-06-14 15:11:08,204 | INFO | Robot says: Great job, try to reach your arms closer to 90 degrees.
2023-06-14 15:11:08,255 | INFO | Moving from [0.2, -1.1, 0, -1.1, -0.188] to [0.2, -1.1, 0, -1.1, -0.188] for duration 4
2023-06-14 15:11:12,319 | INFO | Robot frowning at intensity 0.0 for duration 4
2023-06-14 15:11:13,593 | INFO | Current peak 462
2023-06-14 15:11:14,159 | INFO | Good expert min 329.2996545088808 All expert min 187.20535356367546
2023-06-14 15:11:14,738 | INFO | Good expert min 509.6422970500142 All expert min 329.5302346463222
2023-06-14 15:11:15,355 | INFO | Good expert min 1010.2386491735643 All expert min 401.391099482032
2023-06-14 15:11:15,953 | INFO | Good expert min 940.4370659185854 All expert min 541.8019584321444
2023-06-14 15:11:15,984 | INFO | Actual Duration 7.547373, Average Expert Duration 3.073079411764706
2023-06-14 15:11:16,036 | INFO | {'speed': 'good', 'correction': ['low range of motion right shoulder', 'low range of motion left shoulder', 'low range of motion right elbow', 'low range of motion left elbow'], 'evaluation': [-1, -1, -1, -1]}
2023-06-14 15:11:16,102 | INFO | Evaluation case  with message - 
2023-06-14 15:11:16,153 | INFO | Speed case  with message - 
2023-06-14 15:11:16,204 | INFO | Moving from [0.17224082958315903, -1.1955104918857318, -0.06385667355581644, -1.1598465733547778, -0.17677827693856615] to [0.2635957788863553, -1.02672520723939, 0.02774680813078828, -1.0675708283640495, -0.10565985667543468] for duration 2
2023-06-14 15:11:18,879 | INFO | Current peak 486
2023-06-14 15:11:19,336 | INFO | Good expert min 350.1002088729452 All expert min 202.69128512693214
2023-06-14 15:11:19,622 | INFO | Good expert min 499.42734449503746 All expert min 364.72448737397593
2023-06-14 15:11:20,182 | INFO | Good expert min 974.9184133067598 All expert min 521.1039085180305
2023-06-14 15:11:20,784 | INFO | Good expert min 787.3236420704493 All expert min 563.4098537949624
2023-06-14 15:11:20,835 | INFO | Actual Duration 4.230568, Average Expert Duration 3.073079411764706
2023-06-14 15:11:20,881 | INFO | {'speed': 'good', 'correction': ['low range of motion right shoulder', 'low range of motion left shoulder', 'low range of motion right elbow', 'low range of motion left elbow'], 'evaluation': [-1, -1, -1, -1]}
2023-06-14 15:11:20,932 | INFO | Evaluation case  with message - 
2023-06-14 15:11:20,984 | INFO | Speed case  with message - 
2023-06-14 15:11:21,035 | INFO | Moving from [0.2518210461952255, -1.159306374210041, 0.06476514645557468, -1.1182646810569818, -0.15187267580818076] to [0.1066402474925029, -1.1116777643413884, -0.04809458391964583, -1.0054008763663547, -0.1134579690312092] for duration 2
2023-06-14 15:11:22,524 | INFO | Current peak 505
2023-06-14 15:11:23,104 | INFO | Good expert min 1103.2709188310405 All expert min 589.6403764096601
2023-06-14 15:11:23,649 | INFO | Good expert min 946.4768538233689 All expert min 554.5154471247433
2023-06-14 15:11:24,195 | INFO | Good expert min 1842.3496315327152 All expert min 939.2161534011137
2023-06-14 15:11:24,716 | INFO | Good expert min 1521.8464142046444 All expert min 969.166891853625
2023-06-14 15:11:24,757 | INFO | Actual Duration 0.776292, Average Expert Duration 3.073079411764706
2023-06-14 15:11:24,808 | INFO | {'speed': 'good', 'correction': ['low range of motion right shoulder', 'low range of motion left shoulder', 'low range of motion right elbow', 'low range of motion left elbow'], 'evaluation': [-1, -1, -1, -1]}
2023-06-14 15:11:24,859 | INFO | Evaluation case 1c with message - Nice, can you reach your arms closer to 90 degrees?
2023-06-14 15:11:24,920 | INFO | Speed case 4b with message - Nice job, great speed.
2023-06-14 15:11:24,971 | INFO | Robot says: Nice, can you reach your arms closer to 90 degrees?
2023-06-14 15:11:25,033 | INFO | Moving from [0.2, -1.1, 0, -1.1, -0.188] to [0.2, -1.1, 0, -1.1, -0.188] for duration 4
2023-06-14 15:11:25,394 | INFO | -------------------Done with exercise
2023-06-14 15:11:25,394 | INFO | Robot says: Almost done.
2023-06-14 15:11:28,398 | INFO | Robot says: Rest.
2023-06-14 15:11:29,089 | INFO | Robot frowning at intensity 0.0 for duration 4
2023-06-14 15:11:29,122 | INFO | Good expert min 366.68553958372837 All expert min 366.68553958372837
2023-06-14 15:11:29,147 | INFO | Good expert min 469.7549672203594 All expert min 469.7549672203594
2023-06-14 15:11:29,177 | INFO | Good expert min 603.2604655731127 All expert min 603.2604655731127
2023-06-14 15:11:29,207 | INFO | Good expert min 537.9108847943403 All expert min 537.9108847943403
2023-06-14 15:11:29,208 | INFO | Actual Duration -4.193045, Average Expert Duration 3.073079411764706
2023-06-14 15:11:29,208 | INFO | {'speed': 'fast', 'correction': ['Good right shoulder', 'Good left shoulder', 'Good right elbow', 'Good left elbow'], 'evaluation': [1, 1, 1, 1]}
2023-06-14 15:11:29,208 | INFO | Evaluation case 2a with message - Looks good, great job!
2023-06-14 15:11:29,208 | INFO | Speed case  with message - 
2023-06-14 15:11:29,208 | INFO | Skipping Looks good, great job!
2023-06-14 15:11:29,208 | INFO | Moving from [0, -0.8, 0, -0.8, 0.084] to [0.2, -1.1, 0, -1.1, -0.188] for duration 4
2023-06-14 15:11:30,401 | INFO | Robot smiling at intensity 0.8 for duration 4
2023-06-14 15:11:30,402 | INFO | Robot says: Using the scale next to you, how difficult was that last set, from 1 to 10?
2023-06-14 15:11:30,402 | INFO | Moving arm from sides to up
2023-06-14 15:11:30,403 | INFO | Moving from [0.2, -1.1, 0, -1.1, -0.188] to [1.7, -1.1, 0, -1.1, -0.188] for duration 4
2023-06-14 15:11:32,406 | INFO | Total Number of Reps 8
2023-06-14 15:11:32,407 | INFO | Total Angles 540
2023-06-14 15:11:32,407 | INFO | topic impl's ref count is zero, deleting topic /joint_angles...
2023-06-14 15:11:32,408 | INFO | topic[/joint_angles] removing connection to http://172.26.171.145:35663/
2023-06-14 15:11:32,421 | INFO | Saved file Participant_16_Round_2_Robot_3_Exercise_lateral_raises_Set_2.npz
2023-06-14 15:11:33,213 | INFO | Robot smiling at intensity 0.9 for duration 4
2023-06-14 15:11:40,430 | INFO | Robot says: Please walk over to the researcher to fill out a survey.
2023-06-14 15:11:40,431 | INFO | signal_shutdown [atexit]
2023-06-14 15:11:40,784 | INFO | topic[/rosout] removing connection to /rosout
2023-06-14 15:11:40,784 | INFO | topic[/quori_sound] removing connection to /quori_sound
2023-06-14 15:11:40,785 | INFO | topic[/quori/joint_trajectory_controller/command] removing connection to /quori/quori_controller
2023-06-14 15:11:40,785 | INFO | topic[/quori/face_generator_emotion] removing connection to /rosbridge_websocket
2023-06-14 15:11:40,786 | INFO | atexit
