2023-06-15 11:17:33,675 | INFO | =====================================
2023-06-15 11:17:33,676 | INFO | STARTING SET 2 OF lateral_raises
2023-06-15 11:17:33,677 | INFO | =====================================
2023-06-15 11:17:33,677 | INFO | Moving arm from up to halfway
2023-06-15 11:17:33,677 | INFO | Moving from [1.7, -1.1, 0, -1.1, -0.2] to [1.1, -1.1, 0, -1.1, -0.2] for duration 4
2023-06-15 11:17:33,679 | INFO | topic[/joint_angles] adding connection to [http://172.26.171.145:40103/], count 0
2023-06-15 11:17:37,681 | INFO | Robot says: Get ready for set 2 out of 2 of lateral raises
2023-06-15 11:17:39,683 | INFO | Robot smiling at intensity 0.8 for duration 4
2023-06-15 11:17:45,687 | INFO | -------------------Recording!
2023-06-15 11:17:45,687 | INFO | Moving arm from halfway to sides
2023-06-15 11:17:45,687 | INFO | Moving from [1.1, -1.1, 0, -1.1, -0.2] to [0.2, -1.1, 0, -1.1, -0.2] for duration 4
2023-06-15 11:17:47,690 | INFO | Robot says: Start lateral raises now
2023-06-15 11:17:49,726 | INFO | Current peak 53
2023-06-15 11:17:51,284 | INFO | Current peak 94
2023-06-15 11:17:51,865 | INFO | Good expert min 601.3180408479656 All expert min 601.3180408479656
2023-06-15 11:17:52,253 | INFO | Good expert min 572.4746270708678 All expert min 572.4746270708678
2023-06-15 11:17:52,825 | INFO | Good expert min 740.1016493853322 All expert min 740.1016493853322
2023-06-15 11:17:53,191 | INFO | Good expert min 825.9778478873637 All expert min 825.9778478873637
2023-06-15 11:17:53,222 | INFO | Actual Duration 1.569385, Average Expert Duration 3.073079411764706
2023-06-15 11:17:53,273 | INFO | {'speed': 'good', 'correction': ['Good right shoulder', 'Good left shoulder', 'Good right elbow', 'Good left elbow'], 'evaluation': [1, 1, 1, 1]}
2023-06-15 11:17:53,324 | INFO | Evaluation case  with message - 
2023-06-15 11:17:53,375 | INFO | Speed case  with message - 
2023-06-15 11:17:53,426 | INFO | Moving from [0.17900640941232762, -1.0273980493534929, 0.09809089898848444, -1.1562218144389471, -0.2803492263997616] to [0.15577780529175297, -1.1013436521221267, 0.03274921002903111, -1.1161823582914512, -0.2354427333552546] for duration 2
2023-06-15 11:17:54,919 | INFO | Current peak 114
2023-06-15 11:17:55,490 | INFO | Good expert min 484.93093036789867 All expert min 371.5618532518392
2023-06-15 11:17:56,103 | INFO | Good expert min 461.950061380922 All expert min 357.25276699164624
2023-06-15 11:17:56,685 | INFO | Good expert min 1068.5467159986401 All expert min 453.1706292547231
2023-06-15 11:17:57,267 | INFO | Good expert min 769.4659588037089 All expert min 481.2896480607543
2023-06-15 11:17:57,319 | INFO | Actual Duration 3.60502, Average Expert Duration 3.073079411764706
2023-06-15 11:17:57,380 | INFO | {'speed': 'good', 'correction': ['low range of motion right shoulder', 'low range of motion left shoulder', 'low range of motion right elbow', 'low range of motion left elbow'], 'evaluation': [-1, -1, -1, -1]}
2023-06-15 11:17:57,436 | INFO | Evaluation case  with message - 
2023-06-15 11:17:57,487 | INFO | Speed case  with message - 
2023-06-15 11:17:57,533 | INFO | Moving from [0.10863257679728211, -1.1828039545684175, -0.0427419510207427, -1.1155026035068245, -0.23287525236982706] to [0.17947679682408743, -1.1423055847604964, -0.0049947709875837465, -1.019525794627693, -0.12843822035644992] for duration 2
2023-06-15 11:18:00,219 | INFO | Current peak 162
2023-06-15 11:18:00,707 | INFO | Good expert min 501.581769669632 All expert min 501.581769669632
2023-06-15 11:18:01,201 | INFO | Good expert min 797.8430679370351 All expert min 797.8430679370351
2023-06-15 11:18:01,689 | INFO | Good expert min 1218.1707117135966 All expert min 1218.1707117135966
2023-06-15 11:18:02,222 | INFO | Good expert min 1015.5547789778296 All expert min 1015.5547789778296
2023-06-15 11:18:02,223 | INFO | Actual Duration 5.200231, Average Expert Duration 3.073079411764706
2023-06-15 11:18:02,223 | INFO | {'speed': 'good', 'correction': ['Good right shoulder', 'Good left shoulder', 'Good right elbow', 'Good left elbow'], 'evaluation': [1, 1, 1, 1]}
2023-06-15 11:18:02,264 | INFO | Evaluation case  with message - 
2023-06-15 11:18:02,315 | INFO | Speed case 4b with message - Great work, nice pace.
2023-06-15 11:18:02,361 | INFO | Robot says: Great work, nice pace.
2023-06-15 11:18:02,412 | INFO | Moving from [0, -0.8, 0, -0.8, 0.084] to [0.2, -1.1, 0, -1.1, -0.2] for duration 4
2023-06-15 11:18:06,458 | INFO | Robot smiling at intensity 0.9 for duration 4
2023-06-15 11:18:06,882 | INFO | Current peak 188
2023-06-15 11:18:07,426 | INFO | Good expert min 550.9179409153483 All expert min 550.9179409153483
2023-06-15 11:18:08,038 | INFO | Good expert min 733.7686514450231 All expert min 677.4919254799861
2023-06-15 11:18:08,523 | INFO | Good expert min 897.6272522002197 All expert min 897.6272522002197
2023-06-15 11:18:09,100 | INFO | Good expert min 881.9620363972849 All expert min 657.7794908873851
2023-06-15 11:18:09,146 | INFO | Actual Duration 6.91384, Average Expert Duration 3.073079411764706
2023-06-15 11:18:09,203 | INFO | {'speed': 'slow', 'correction': ['Good right shoulder', 'low range of motion left shoulder', 'Good right elbow', 'low range of motion left elbow'], 'evaluation': [1, -1, 1, -1]}
2023-06-15 11:18:09,259 | INFO | Evaluation case  with message - 
2023-06-15 11:18:09,310 | INFO | Speed case  with message - 
2023-06-15 11:18:09,361 | INFO | Moving from [0.12929781120394196, -1.0656057991152652, -0.030883728970140648, -1.0629191086776866, -0.1750065910912359] to [0.24006058985196996, -1.10661480473948, -0.07686396605733739, -1.0586464365098511, -0.12046509472008782] for duration 2
2023-06-15 11:18:12,270 | INFO | Current peak 245
2023-06-15 11:18:12,791 | INFO | Good expert min 864.3520006484803 All expert min 864.3520006484803
2023-06-15 11:18:13,330 | INFO | Good expert min 1054.5536755747182 All expert min 1054.5536755747182
2023-06-15 11:18:13,837 | INFO | Good expert min 1123.2072543994152 All expert min 1123.2072543994152
2023-06-15 11:18:14,309 | INFO | Good expert min 1112.7743668287942 All expert min 1112.7743668287942
2023-06-15 11:18:14,360 | INFO | Actual Duration 5.225476, Average Expert Duration 3.073079411764706
2023-06-15 11:18:14,411 | INFO | {'speed': 'good', 'correction': ['Good right shoulder', 'Good left shoulder', 'Good right elbow', 'Good left elbow'], 'evaluation': [1, 1, 1, 1]}
2023-06-15 11:18:14,462 | INFO | Evaluation case  with message - 
2023-06-15 11:18:14,513 | INFO | Speed case  with message - 
2023-06-15 11:18:14,564 | INFO | Moving from [0.26797171220679095, -1.1387792184191188, -0.0946985366516373, -1.00075170046953, -0.22146281756525904] to [0.10456111415479499, -1.1755308792946075, 0.09816274439326314, -1.0288619575551463, -0.295622358809973] for duration 2
2023-06-15 11:18:19,351 | INFO | Current peak 341
2023-06-15 11:18:19,948 | INFO | Good expert min 1667.148403647076 All expert min 1667.148403647076
2023-06-15 11:18:20,341 | INFO | Good expert min 2242.6795223816935 All expert min 2242.6795223816935
2023-06-15 11:18:20,940 | INFO | Good expert min 1604.2349987802309 All expert min 1604.2349987802309
2023-06-15 11:18:21,549 | INFO | Good expert min 2051.851041531044 All expert min 2051.851041531044
2023-06-15 11:18:21,600 | INFO | Actual Duration 6.96082, Average Expert Duration 3.073079411764706
2023-06-15 11:18:21,651 | INFO | {'speed': 'slow', 'correction': ['Good right shoulder', 'bad left shoulder', 'Good right elbow', 'bad left elbow'], 'evaluation': [1, -1, 1, -1]}
2023-06-15 11:18:21,702 | INFO | Evaluation case  with message - 
2023-06-15 11:18:21,748 | INFO | Speed case  with message - 
2023-06-15 11:18:21,794 | INFO | Moving from [0.2979937612014968, -1.1588233512620414, 0.003236052911977788, -1.177336238216097, -0.2967231706000986] to [0.22947169807772258, -1.1180233219720765, 0.01778105031156066, -1.1648353561088356, -0.17767629610199842] for duration 2
2023-06-15 11:18:24,384 | INFO | Current peak 392
2023-06-15 11:18:24,881 | INFO | Good expert min 731.9099351105325 All expert min 731.9099351105325
2023-06-15 11:18:25,457 | INFO | Good expert min 1121.9965335913346 All expert min 1121.9965335913346
2023-06-15 11:18:25,774 | INFO | Good expert min 809.2692585850731 All expert min 809.2692585850731
2023-06-15 11:18:26,211 | INFO | Good expert min 1056.5889791108193 All expert min 1056.5889791108193
2023-06-15 11:18:26,257 | INFO | Actual Duration 5.096337, Average Expert Duration 3.073079411764706
2023-06-15 11:18:26,303 | INFO | {'speed': 'good', 'correction': ['Good right shoulder', 'Good left shoulder', 'Good right elbow', 'Good left elbow'], 'evaluation': [1, 1, 1, 1]}
2023-06-15 11:18:26,349 | INFO | Evaluation case  with message - 
2023-06-15 11:18:26,395 | INFO | Speed case  with message - 
2023-06-15 11:18:26,440 | INFO | Moving from [0.1934537798931439, -1.1800954336445781, -0.053278393562090215, -1.1612642436129093, -0.1342933318024326] to [0.16157615944383982, -1.1484478405813978, -0.056010049360080694, -1.1115914881260684, -0.22994289203810372] for duration 2
2023-06-15 11:18:29,655 | INFO | Current peak 464
2023-06-15 11:18:30,103 | INFO | Good expert min 2266.0786055882295 All expert min 2266.0786055882295
2023-06-15 11:18:30,650 | INFO | Good expert min 3099.9639433556117 All expert min 3099.9639433556117
2023-06-15 11:18:31,176 | INFO | Good expert min 2817.3277056434326 All expert min 2592.5980651614364
2023-06-15 11:18:31,816 | INFO | Good expert min 1682.9716186938163 All expert min 1474.394297262109
2023-06-15 11:18:31,867 | INFO | Actual Duration 5.305852, Average Expert Duration 3.073079411764706
2023-06-15 11:18:31,918 | INFO | {'speed': 'good', 'correction': ['bad right shoulder', 'bad left shoulder', 'bad right elbow', 'low range of motion left elbow'], 'evaluation': [-1, -1, -1, -1]}
2023-06-15 11:18:31,949 | INFO | Evaluation case  with message - 
2023-06-15 11:18:31,985 | INFO | Speed case  with message - 
2023-06-15 11:18:32,031 | INFO | Moving from [0.1903910437660157, -1.1999872776603335, -0.05558750469827592, -1.0175149510268469, -0.1837915869164053] to [0.25070103723886983, -1.0578017031183606, 0.04198275730798373, -1.1311534523625466, -0.1495698514472096] for duration 2
2023-06-15 11:18:33,930 | INFO | Current peak 492
2023-06-15 11:18:33,930 | INFO | -------------------Done with exercise
2023-06-15 11:18:33,931 | INFO | Robot says: Almost done.
2023-06-15 11:18:33,961 | INFO | Good expert min 436.96491488417786 All expert min 436.96491488417786
2023-06-15 11:18:33,988 | INFO | Good expert min 508.7273601228918 All expert min 508.7273601228918
2023-06-15 11:18:34,013 | INFO | Good expert min 581.159075522157 All expert min 581.159075522157
2023-06-15 11:18:34,040 | INFO | Good expert min 747.0969627818611 All expert min 641.4517100045712
2023-06-15 11:18:34,041 | INFO | Actual Duration 4.188444, Average Expert Duration 3.073079411764706
2023-06-15 11:18:34,041 | INFO | {'speed': 'good', 'correction': ['Good right shoulder', 'Good left shoulder', 'Good right elbow', 'low range of motion left elbow'], 'evaluation': [1, 1, 1, -1]}
2023-06-15 11:18:34,041 | INFO | Evaluation case 1b with message - Great job, try to reach your left arm closer to 90 degrees.
2023-06-15 11:18:34,041 | INFO | Speed case 4b with message - Nice job, great speed.
2023-06-15 11:18:34,041 | INFO | Skipping Great job, try to reach your left arm closer to 90 degrees.
2023-06-15 11:18:34,041 | INFO | Moving from [0.2, -1.1, 0, -1.1, -0.188] to [0.2, -1.1, 0, -1.1, -0.188] for duration 4
2023-06-15 11:18:36,935 | INFO | Robot says: Rest.
2023-06-15 11:18:38,047 | INFO | Robot frowning at intensity 0.0 for duration 4
2023-06-15 11:18:38,938 | INFO | Robot smiling at intensity 0.8 for duration 4
2023-06-15 11:18:38,938 | INFO | Robot says: Using the scale next to you, how difficult was that last set, from 1 to 10?
2023-06-15 11:18:38,939 | INFO | Moving arm from sides to up
2023-06-15 11:18:38,939 | INFO | Moving from [0.2, -1.1, 0, -1.1, -0.188] to [1.7, -1.1, 0, -1.1, -0.188] for duration 4
2023-06-15 11:18:40,942 | INFO | Total Number of Reps 9
2023-06-15 11:18:40,943 | INFO | Total Angles 500
2023-06-15 11:18:40,943 | INFO | topic impl's ref count is zero, deleting topic /joint_angles...
2023-06-15 11:18:40,944 | INFO | topic[/joint_angles] removing connection to http://172.26.171.145:40103/
2023-06-15 11:18:40,951 | INFO | Saved file Participant_17_Round_3_Robot_3_Exercise_lateral_raises_Set_2.npz
2023-06-15 11:18:48,959 | INFO | Robot says: Please walk over to the researcher to fill out a survey.
2023-06-15 11:18:48,991 | INFO | signal_shutdown [atexit]
2023-06-15 11:18:49,034 | INFO | topic[/rosout] removing connection to /rosout
2023-06-15 11:18:49,034 | INFO | topic[/quori_sound] removing connection to /quori_sound
2023-06-15 11:18:49,034 | INFO | topic[/quori/joint_trajectory_controller/command] removing connection to /quori/quori_controller
2023-06-15 11:18:49,035 | INFO | topic[/quori/face_generator_emotion] removing connection to /rosbridge_websocket
2023-06-15 11:18:49,035 | INFO | atexit
