2023-06-13 15:42:30,039 | INFO | =====================================
2023-06-13 15:42:30,039 | INFO | STARTING SET 1 OF lateral_raises
2023-06-13 15:42:30,040 | INFO | =====================================
2023-06-13 15:42:30,040 | INFO | Moving arm from up to halfway
2023-06-13 15:42:30,040 | INFO | Moving from [1.7, -1.1, 0, -1.1, 0.2] to [1.1, -1.1, 0, -1.1, 0.2] for duration 4
2023-06-13 15:42:30,044 | INFO | topic[/joint_angles] adding connection to [http://172.26.171.145:41569/], count 0
2023-06-13 15:42:34,045 | INFO | Robot says: Get ready for set 1 out of 2 of lateral raises
2023-06-13 15:42:36,048 | INFO | Robot smiling at intensity 0.6 for duration 4
2023-06-13 15:42:42,055 | INFO | -------------------Recording!
2023-06-13 15:42:42,055 | INFO | Moving arm from halfway to sides
2023-06-13 15:42:42,055 | INFO | Moving from [1.1, -1.1, 0, -1.1, 0.2] to [-0.2, -1.1, 0, -1.1, 0.2] for duration 4
2023-06-13 15:42:44,058 | INFO | Robot says: Start lateral raises now
2023-06-13 15:42:45,560 | INFO | Current peak 29
2023-06-13 15:42:48,802 | INFO | Current peak 111
2023-06-13 15:42:49,364 | INFO | Good expert min 1606.1959022170329 All expert min 1140.3181701838716
2023-06-13 15:42:49,878 | INFO | Good expert min 2034.645250253494 All expert min 1685.1983667343893
2023-06-13 15:42:50,331 | INFO | Good expert min 4065.183797634783 All expert min 3628.136340191467
2023-06-13 15:42:50,945 | INFO | Good expert min 3911.1501962118928 All expert min 3911.1501962118928
2023-06-13 15:42:50,986 | INFO | Actual Duration 3.314009, Average Expert Duration 3.073079411764706
2023-06-13 15:42:51,022 | INFO | {'speed': 'good', 'correction': ['low range of motion right shoulder', 'low range of motion left shoulder', 'bad right elbow', 'bad left elbow'], 'evaluation': [-1, -1, -1, -1]}
2023-06-13 15:42:51,063 | INFO | Evaluation case  with message - 
2023-06-13 15:42:51,104 | INFO | Speed case  with message - 
2023-06-13 15:42:51,145 | INFO | Moving from [-0.20610406985910806, -1.140807802485362, -0.031186127430211014, -1.0187104883642604, 0.2077984658066562] to [-0.18016088864629876, -1.0669681575602217, -0.017589221612303765, -1.1583091380670782, 0.19797337119337224] for duration 2
2023-06-13 15:42:52,290 | INFO | Current peak 125
2023-06-13 15:42:52,891 | INFO | Good expert min 1079.63873024906 All expert min 630.6506448954974
2023-06-13 15:42:53,424 | INFO | Good expert min 1335.6405163718782 All expert min 889.9527443300515
2023-06-13 15:42:53,979 | INFO | Good expert min 1563.4271320222836 All expert min 845.7111647753406
2023-06-13 15:42:54,579 | INFO | Good expert min 1018.7987323965474 All expert min 904.4239960714687
2023-06-13 15:42:54,620 | INFO | Actual Duration 3.780918, Average Expert Duration 3.073079411764706
2023-06-13 15:42:54,661 | INFO | {'speed': 'good', 'correction': ['low range of motion right shoulder', 'low range of motion left shoulder', 'low range of motion right elbow', 'low range of motion left elbow'], 'evaluation': [-1, -1, -1, -1]}
2023-06-13 15:42:54,707 | INFO | Evaluation case 1c with message - Focus on fully extending your arms to 90 degrees.
2023-06-13 15:42:54,748 | INFO | Speed case  with message - 
2023-06-13 15:42:54,784 | INFO | Robot says: Focus on fully extending your arms to 90 degrees.
2023-06-13 15:42:54,830 | INFO | Moving from [-0.2, -1.1, 0, -1.1, -0.1175] to [-0.2, -1.1, 0, -1.1, -0.1175] for duration 4
2023-06-13 15:42:58,896 | INFO | Robot frowning at intensity 0.5 for duration 4
2023-06-13 15:42:59,967 | INFO | Current peak 160
2023-06-13 15:43:00,560 | INFO | Good expert min 1201.7690167583805 All expert min 732.1134237063203
2023-06-13 15:43:01,142 | INFO | Good expert min 1467.4532904018542 All expert min 1039.4951635713207
2023-06-13 15:43:01,651 | INFO | Good expert min 1827.1581839098633 All expert min 1035.1334398117854
2023-06-13 15:43:02,230 | INFO | Good expert min 1879.9713114213284 All expert min 1879.9713114213284
2023-06-13 15:43:02,261 | INFO | Actual Duration 7.384794, Average Expert Duration 3.073079411764706
2023-06-13 15:43:02,307 | INFO | {'speed': 'good', 'correction': ['low range of motion right shoulder', 'low range of motion left shoulder', 'low range of motion right elbow', 'ok left elbow'], 'evaluation': [-1, -1, -1, 0]}
2023-06-13 15:43:02,358 | INFO | Evaluation case  with message - 
2023-06-13 15:43:02,399 | INFO | Speed case 4b with message - Good speed, keep it up.
2023-06-13 15:43:02,440 | INFO | Skipping Good speed, keep it up.
2023-06-13 15:43:02,486 | INFO | Moving from [0, -0.8, 0, -0.8, 0.0525] to [-0.2, -1.1, 0, -1.1, -0.1175] for duration 4
2023-06-13 15:43:06,527 | INFO | Robot smiling at intensity 0.6 for duration 4
2023-06-13 15:43:07,058 | INFO | Current peak 176
2023-06-13 15:43:07,612 | INFO | Good expert min 956.1280192983686 All expert min 618.1515847486972
2023-06-13 15:43:08,199 | INFO | Good expert min 1320.0878653338434 All expert min 872.8335008625511
2023-06-13 15:43:08,751 | INFO | Good expert min 1628.614849292496 All expert min 847.1434950149828
2023-06-13 15:43:09,242 | INFO | Good expert min 1290.7908893685155 All expert min 1287.692085671365
2023-06-13 15:43:09,263 | INFO | Actual Duration 6.996716, Average Expert Duration 3.073079411764706
2023-06-13 15:43:09,309 | INFO | {'speed': 'slow', 'correction': ['low range of motion right shoulder', 'low range of motion left shoulder', 'low range of motion right elbow', 'low range of motion left elbow'], 'evaluation': [-1, -1, -1, -1]}
2023-06-13 15:43:09,355 | INFO | Evaluation case  with message - 
2023-06-13 15:43:09,396 | INFO | Speed case  with message - 
2023-06-13 15:43:09,442 | INFO | Moving from [-0.15097350009700672, -1.094932238042775, -0.018715373881673686, -1.013987811468021, -0.1917647502699812] to [-0.2513856228654443, -1.0498167441085722, -0.0992184167010149, -1.015929918612955, -0.13452008313963254] for duration 2
2023-06-13 15:43:10,903 | INFO | Current peak 206
2023-06-13 15:43:11,477 | INFO | Good expert min 864.9371998556605 All expert min 747.1201091178392
2023-06-13 15:43:12,070 | INFO | Good expert min 1381.9500815892068 All expert min 956.3725187431849
2023-06-13 15:43:12,610 | INFO | Good expert min 1675.6031713333825 All expert min 975.1202691328646
2023-06-13 15:43:13,181 | INFO | Good expert min 2903.8908032113577 All expert min 2893.3144228594642
2023-06-13 15:43:13,192 | INFO | Actual Duration 4.129736, Average Expert Duration 3.073079411764706
2023-06-13 15:43:13,233 | INFO | {'speed': 'good', 'correction': ['low range of motion right shoulder', 'low range of motion left shoulder', 'low range of motion right elbow', 'bad left elbow'], 'evaluation': [-1, -1, -1, -1]}
2023-06-13 15:43:13,274 | INFO | Evaluation case 1c with message - Make sure your arms reach 90 degrees
2023-06-13 15:43:13,315 | INFO | Speed case  with message - 
2023-06-13 15:43:13,361 | INFO | Robot says: Make sure your arms reach 90 degrees
2023-06-13 15:43:13,407 | INFO | Moving from [-0.2, -1.1, 0, -1.1, -0.1175] to [-0.2, -1.1, 0, -1.1, -0.1175] for duration 4
2023-06-13 15:43:17,467 | INFO | Robot frowning at intensity 0.5 for duration 4
2023-06-13 15:43:18,993 | INFO | Current peak 249
2023-06-13 15:43:19,525 | INFO | Good expert min 1100.3301434862399 All expert min 779.4150672239722
2023-06-13 15:43:20,020 | INFO | Good expert min 1619.0988638222923 All expert min 1200.674400291864
2023-06-13 15:43:20,555 | INFO | Good expert min 2108.724322726202 All expert min 1328.6320679699727
2023-06-13 15:43:21,065 | INFO | Good expert min 3348.073232760892 All expert min 3348.073232760892
2023-06-13 15:43:21,091 | INFO | Actual Duration 7.826194, Average Expert Duration 3.073079411764706
2023-06-13 15:43:21,142 | INFO | {'speed': 'good', 'correction': ['low range of motion right shoulder', 'low range of motion left shoulder', 'low range of motion right elbow', 'bad left elbow'], 'evaluation': [-1, -1, -1, -1]}
2023-06-13 15:43:21,183 | INFO | Evaluation case  with message - 
2023-06-13 15:43:21,224 | INFO | Speed case  with message - 
2023-06-13 15:43:21,265 | INFO | Moving from [-0.1401217969951348, -1.0563281013957306, 0.029855490057088707, -1.1567297218409536, -0.04079015546837464] to [-0.12452348336571226, -1.135738980185147, 0.058268604634048454, -1.1419068171578486, -0.03662346036177183] for duration 2
2023-06-13 15:43:23,038 | INFO | Current peak 281
2023-06-13 15:43:23,553 | INFO | Good expert min 1240.1972570098549 All expert min 787.8002211637622
2023-06-13 15:43:24,049 | INFO | Good expert min 1419.3218133456078 All expert min 975.6845317894996
2023-06-13 15:43:24,496 | INFO | Good expert min 1358.6551525560403 All expert min 1079.456908225623
2023-06-13 15:43:24,961 | INFO | Good expert min 1736.0625911962466 All expert min 1736.0625911962466
2023-06-13 15:43:24,992 | INFO | Actual Duration 4.164977, Average Expert Duration 3.073079411764706
2023-06-13 15:43:25,043 | INFO | {'speed': 'good', 'correction': ['low range of motion right shoulder', 'low range of motion left shoulder', 'low range of motion right elbow', 'ok left elbow'], 'evaluation': [-1, -1, -1, 0]}
2023-06-13 15:43:25,084 | INFO | Evaluation case  with message - 
2023-06-13 15:43:25,130 | INFO | Speed case 4b with message - Good speed, keep it up.
2023-06-13 15:43:25,171 | INFO | Robot says: Good speed, keep it up.
2023-06-13 15:43:25,212 | INFO | Moving from [0, -0.8, 0, -0.8, 0.0525] to [-0.2, -1.1, 0, -1.1, -0.1175] for duration 4
2023-06-13 15:43:29,271 | INFO | Robot smiling at intensity 0.6 for duration 4
2023-06-13 15:43:29,452 | INFO | Current peak 297
2023-06-13 15:43:30,020 | INFO | Good expert min 700.1123906399707 All expert min 451.80545132080334
2023-06-13 15:43:30,557 | INFO | Good expert min 722.2377223471926 All expert min 674.7510833570432
2023-06-13 15:43:31,096 | INFO | Good expert min 1502.0334646289127 All expert min 752.9520442889989
2023-06-13 15:43:31,600 | INFO | Good expert min 2032.2564600853877 All expert min 1926.1608341403469
2023-06-13 15:43:31,626 | INFO | Actual Duration 6.633158, Average Expert Duration 3.073079411764706
2023-06-13 15:43:31,667 | INFO | {'speed': 'slow', 'correction': ['low range of motion right shoulder', 'low range of motion left shoulder', 'low range of motion right elbow', 'bad left elbow'], 'evaluation': [-1, -1, -1, -1]}
2023-06-13 15:43:31,703 | INFO | Evaluation case 1c with message - Focus on fully extending your arms to 90 degrees.
2023-06-13 15:43:31,739 | INFO | Speed case  with message - 
2023-06-13 15:43:31,780 | INFO | Robot says: Focus on fully extending your arms to 90 degrees.
2023-06-13 15:43:31,831 | INFO | Moving from [-0.2, -1.1, 0, -1.1, -0.1175] to [-0.2, -1.1, 0, -1.1, -0.1175] for duration 4
2023-06-13 15:43:32,055 | INFO | -------------------Done with exercise
2023-06-13 15:43:32,055 | INFO | Robot says: Almost done.
2023-06-13 15:43:35,089 | INFO | Robot says: Rest.
2023-06-13 15:43:35,878 | INFO | Robot frowning at intensity 0.5 for duration 4
2023-06-13 15:43:37,091 | INFO | Robot smiling at intensity 0.6 for duration 4
2023-06-13 15:43:37,122 | INFO | Robot says: Using the scale next to you, how difficult was that last set, from 1 to 10?
2023-06-13 15:43:37,122 | INFO | Moving arm from sides to up
2023-06-13 15:43:37,122 | INFO | Moving from [-0.2, -1.1, 0, -1.1, -0.1175] to [1.7, -1.1, 0, -1.1, -0.1175] for duration 4
2023-06-13 15:43:39,125 | INFO | Total Number of Reps 8
2023-06-13 15:43:39,126 | INFO | Total Angles 300
2023-06-13 15:43:39,126 | INFO | topic impl's ref count is zero, deleting topic /joint_angles...
2023-06-13 15:43:39,127 | INFO | topic[/joint_angles] removing connection to http://172.26.171.145:41569/
2023-06-13 15:43:39,134 | INFO | Saved file Participant_13_Round_2_Robot_2_Exercise_lateral_raises_Set_1.npz
2023-06-13 15:43:57,122 | INFO | Robot says: Rest for 20 more seconds.
2023-06-13 15:44:17,152 | INFO | =====================================
2023-06-13 15:44:17,153 | INFO | STARTING SET 2 OF lateral_raises
2023-06-13 15:44:17,153 | INFO | =====================================
2023-06-13 15:44:17,153 | INFO | Moving arm from up to halfway
2023-06-13 15:44:17,153 | INFO | Moving from [1.7, -1.1, 0, -1.1, 0.2] to [1.1, -1.1, 0, -1.1, 0.2] for duration 4
2023-06-13 15:44:17,155 | INFO | topic[/joint_angles] adding connection to [http://172.26.171.145:41569/], count 0
2023-06-13 15:44:21,158 | INFO | Robot says: Get ready for set 2 out of 2 of lateral raises
2023-06-13 15:44:23,161 | INFO | Robot smiling at intensity 0.6 for duration 4
2023-06-13 15:44:29,168 | INFO | -------------------Recording!
2023-06-13 15:44:29,169 | INFO | Moving arm from halfway to sides
2023-06-13 15:44:29,170 | INFO | Moving from [1.1, -1.1, 0, -1.1, 0.2] to [-0.2, -1.1, 0, -1.1, 0.2] for duration 4
2023-06-13 15:44:31,173 | INFO | Robot says: Start lateral raises now
2023-06-13 15:44:32,395 | INFO | Current peak 26
2023-06-13 15:44:33,958 | INFO | Current peak 65
2023-06-13 15:44:34,450 | INFO | Good expert min 1226.9511176903873 All expert min 778.1125334779183
2023-06-13 15:44:34,965 | INFO | Good expert min 1491.1527360574112 All expert min 1070.9733933749014
2023-06-13 15:44:35,483 | INFO | Good expert min 1683.388034407717 All expert min 1232.029046410746
2023-06-13 15:44:36,070 | INFO | Good expert min 2133.7557889735276 All expert min 2133.7557889735276
2023-06-13 15:44:36,101 | INFO | Actual Duration 1.542018, Average Expert Duration 3.073079411764706
2023-06-13 15:44:36,157 | INFO | {'speed': 'good', 'correction': ['low range of motion right shoulder', 'low range of motion left shoulder', 'low range of motion right elbow', 'bad left elbow'], 'evaluation': [-1, -1, -1, -1]}
2023-06-13 15:44:36,213 | INFO | Evaluation case  with message - 
2023-06-13 15:44:36,270 | INFO | Speed case  with message - 
2023-06-13 15:44:36,321 | INFO | Moving from [-0.10290352694157906, -1.0748091783708211, 0.001310587229748722, -1.0426047017544957, 0.12456654143862811] to [-0.23838921036752697, -1.0099232681164358, 0.09640703797695577, -1.074546492289924, 0.2813501990544618] for duration 2
2023-06-13 15:44:37,708 | INFO | Current peak 83
2023-06-13 15:44:38,241 | INFO | Good expert min 1155.598756633746 All expert min 691.2716775686599
2023-06-13 15:44:38,804 | INFO | Good expert min 1384.4420606535919 All expert min 936.3966748958942
2023-06-13 15:44:39,393 | INFO | Good expert min 1319.9985843320032 All expert min 885.8596905613725
2023-06-13 15:44:39,916 | INFO | Good expert min 1147.0066266592814 All expert min 1147.0066266592814
2023-06-13 15:44:39,952 | INFO | Actual Duration 3.682323, Average Expert Duration 3.073079411764706
2023-06-13 15:44:39,998 | INFO | {'speed': 'good', 'correction': ['low range of motion right shoulder', 'low range of motion left shoulder', 'low range of motion right elbow', 'Good left elbow'], 'evaluation': [-1, -1, -1, 1]}
2023-06-13 15:44:40,045 | INFO | Evaluation case 1c with message - Focus on fully extending your arms to 90 degrees.
2023-06-13 15:44:40,096 | INFO | Speed case  with message - 
2023-06-13 15:44:40,147 | INFO | Robot says: Focus on fully extending your arms to 90 degrees.
2023-06-13 15:44:40,193 | INFO | Moving from [-0.2, -1.1, 0, -1.1, -0.1175] to [-0.2, -1.1, 0, -1.1, -0.1175] for duration 4
2023-06-13 15:44:44,249 | INFO | Robot frowning at intensity 0.5 for duration 4
2023-06-13 15:44:45,408 | INFO | Current peak 126
2023-06-13 15:44:45,995 | INFO | Good expert min 1263.774486006528 All expert min 785.0006719513261
2023-06-13 15:44:46,554 | INFO | Good expert min 1558.3472675285707 All expert min 1137.7813011241108
2023-06-13 15:44:47,141 | INFO | Good expert min 1966.3576263276418 All expert min 1306.8244417383526
2023-06-13 15:44:47,627 | INFO | Good expert min 3068.644629427534 All expert min 3068.644629427534
2023-06-13 15:44:47,673 | INFO | Actual Duration 7.808061, Average Expert Duration 3.073079411764706
2023-06-13 15:44:47,730 | INFO | {'speed': 'good', 'correction': ['low range of motion right shoulder', 'low range of motion left shoulder', 'low range of motion right elbow', 'bad left elbow'], 'evaluation': [-1, -1, -1, -1]}
2023-06-13 15:44:47,786 | INFO | Evaluation case  with message - 
2023-06-13 15:44:47,837 | INFO | Speed case 4b with message - Good speed, keep it up.
2023-06-13 15:44:47,883 | INFO | Skipping Good speed, keep it up.
2023-06-13 15:44:47,929 | INFO | Moving from [0, -0.8, 0, -0.8, 0.0525] to [-0.2, -1.1, 0, -1.1, -0.1175] for duration 4
2023-06-13 15:44:51,995 | INFO | Robot smiling at intensity 0.6 for duration 4
2023-06-13 15:44:52,492 | INFO | Current peak 146
2023-06-13 15:44:52,945 | INFO | Good expert min 943.6711773738375 All expert min 696.6629423508174
2023-06-13 15:44:53,475 | INFO | Good expert min 1342.122896610411 All expert min 901.9630594074497
2023-06-13 15:44:53,924 | INFO | Good expert min 1519.4488333725199 All expert min 905.0108318592833
2023-06-13 15:44:54,497 | INFO | Good expert min 2924.6284385679364 All expert min 2629.607454945122
2023-06-13 15:44:54,548 | INFO | Actual Duration 7.018667, Average Expert Duration 3.073079411764706
2023-06-13 15:44:54,584 | INFO | {'speed': 'good', 'correction': ['low range of motion right shoulder', 'low range of motion left shoulder', 'low range of motion right elbow', 'bad left elbow'], 'evaluation': [-1, -1, -1, -1]}
2023-06-13 15:44:54,635 | INFO | Evaluation case  with message - 
2023-06-13 15:44:54,681 | INFO | Speed case  with message - 
2023-06-13 15:44:54,732 | INFO | Moving from [-0.16509076396996752, -1.1039486371484264, 0.042399708646611634, -1.1562677455253223, -0.21718812754155536] to [-0.11895467321588771, -1.0851634643953718, -0.058933776364399476, -1.038625921857526, -0.025685864605309416] for duration 2
2023-06-13 15:44:56,144 | INFO | Current peak 167
2023-06-13 15:44:56,733 | INFO | Good expert min 980.116974550354 All expert min 611.3672248237513
2023-06-13 15:44:57,300 | INFO | Good expert min 1322.4037181195029 All expert min 894.0500949504512
2023-06-13 15:44:57,826 | INFO | Good expert min 1773.5395832752945 All expert min 954.3085680491369
2023-06-13 15:44:58,364 | INFO | Good expert min 2336.9089996905695 All expert min 2288.734418430046
2023-06-13 15:44:58,406 | INFO | Actual Duration 3.715405, Average Expert Duration 3.073079411764706
2023-06-13 15:44:58,452 | INFO | {'speed': 'good', 'correction': ['low range of motion right shoulder', 'low range of motion left shoulder', 'low range of motion right elbow', 'bad left elbow'], 'evaluation': [-1, -1, -1, -1]}
2023-06-13 15:44:58,498 | INFO | Evaluation case 1c with message - Make sure your arms reach 90 degrees
2023-06-13 15:44:58,549 | INFO | Speed case  with message - 
2023-06-13 15:44:58,600 | INFO | Robot says: Make sure your arms reach 90 degrees
2023-06-13 15:44:58,676 | INFO | Moving from [-0.2, -1.1, 0, -1.1, -0.1175] to [-0.2, -1.1, 0, -1.1, -0.1175] for duration 4
2023-06-13 15:45:02,742 | INFO | Robot frowning at intensity 0.5 for duration 4
2023-06-13 15:45:03,841 | INFO | Current peak 206
2023-06-13 15:45:04,385 | INFO | Good expert min 847.974763376373 All expert min 724.8812720693338
2023-06-13 15:45:04,944 | INFO | Good expert min 1475.8576570175426 All expert min 1043.5048247982834
2023-06-13 15:45:05,483 | INFO | Good expert min 1698.5567452083076 All expert min 1316.1340662105126
2023-06-13 15:45:06,116 | INFO | Good expert min 3764.6203306338 All expert min 3356.465578123431
2023-06-13 15:45:06,167 | INFO | Actual Duration 7.661473, Average Expert Duration 3.073079411764706
2023-06-13 15:45:06,213 | INFO | {'speed': 'good', 'correction': ['low range of motion right shoulder', 'low range of motion left shoulder', 'low range of motion right elbow', 'bad left elbow'], 'evaluation': [-1, -1, -1, -1]}
2023-06-13 15:45:06,264 | INFO | Evaluation case  with message - 
2023-06-13 15:45:06,315 | INFO | Speed case  with message - 
2023-06-13 15:45:06,366 | INFO | Moving from [-0.281944774743774, -1.162534122438846, 0.07553001481919261, -1.1554828796483956, -0.040457179820126726] to [-0.20469222000002563, -1.1377948354310357, 0.059858727207663054, -1.0948149893174735, -0.10211532370569104] for duration 2
2023-06-13 15:45:07,888 | INFO | Current peak 225
2023-06-13 15:45:08,372 | INFO | Good expert min 1125.3994800795695 All expert min 647.9537886577667
2023-06-13 15:45:08,904 | INFO | Good expert min 1384.9878129509893 All expert min 946.1511873470412
2023-06-13 15:45:09,304 | INFO | Good expert min 1724.3642156761728 All expert min 918.8562978055478
2023-06-13 15:45:09,939 | INFO | Good expert min 1477.7720692448845 All expert min 1477.7720692448845
2023-06-13 15:45:09,980 | INFO | Actual Duration 3.973717, Average Expert Duration 3.073079411764706
2023-06-13 15:45:10,032 | INFO | {'speed': 'good', 'correction': ['low range of motion right shoulder', 'low range of motion left shoulder', 'low range of motion right elbow', 'Good left elbow'], 'evaluation': [-1, -1, -1, 1]}
2023-06-13 15:45:10,093 | INFO | Evaluation case  with message - 
2023-06-13 15:45:10,144 | INFO | Speed case 4b with message - Good speed, keep it up.
2023-06-13 15:45:10,200 | INFO | Robot says: Good speed, keep it up.
2023-06-13 15:45:10,257 | INFO | Moving from [0, -0.8, 0, -0.8, 0.0525] to [-0.2, -1.1, 0, -1.1, -0.1175] for duration 4
2023-06-13 15:45:14,322 | INFO | Robot smiling at intensity 0.6 for duration 4
2023-06-13 15:45:16,048 | INFO | Current peak 272
2023-06-13 15:45:16,615 | INFO | Good expert min 1552.0914825757477 All expert min 1101.3643801656663
2023-06-13 15:45:17,175 | INFO | Good expert min 1599.0137932066161 All expert min 1194.8167935748136
2023-06-13 15:45:17,760 | INFO | Good expert min 1710.0171146300634 All expert min 1063.025471957355
2023-06-13 15:45:18,338 | INFO | Good expert min 4237.067084222751 All expert min 4028.3790721843743
2023-06-13 15:45:18,338 | INFO | Actual Duration 8.027817, Average Expert Duration 3.073079411764706
2023-06-13 15:45:18,338 | INFO | {'speed': 'good', 'correction': ['low range of motion right shoulder', 'low range of motion left shoulder', 'low range of motion right elbow', 'bad left elbow'], 'evaluation': [-1, -1, -1, -1]}
2023-06-13 15:45:18,384 | INFO | Evaluation case 1c with message - Focus on fully extending your arms to 90 degrees.
2023-06-13 15:45:18,425 | INFO | Speed case  with message - 
2023-06-13 15:45:18,476 | INFO | Robot says: Focus on fully extending your arms to 90 degrees.
2023-06-13 15:45:18,517 | INFO | Moving from [-0.2, -1.1, 0, -1.1, -0.1175] to [-0.2, -1.1, 0, -1.1, -0.1175] for duration 4
2023-06-13 15:45:19,168 | INFO | -------------------Done with exercise
2023-06-13 15:45:19,169 | INFO | Robot says: Almost done.
2023-06-13 15:45:22,172 | INFO | Robot says: Rest.
2023-06-13 15:45:22,574 | INFO | Robot frowning at intensity 0.5 for duration 4
2023-06-13 15:45:24,175 | INFO | Robot smiling at intensity 0.6 for duration 4
2023-06-13 15:45:24,176 | INFO | Robot says: Using the scale next to you, how difficult was that last set, from 1 to 10?
2023-06-13 15:45:24,176 | INFO | Moving arm from sides to up
2023-06-13 15:45:24,177 | INFO | Moving from [-0.2, -1.1, 0, -1.1, -0.1175] to [1.7, -1.1, 0, -1.1, -0.1175] for duration 4
2023-06-13 15:45:26,180 | INFO | Total Number of Reps 8
2023-06-13 15:45:26,180 | INFO | Total Angles 280
2023-06-13 15:45:26,181 | INFO | topic impl's ref count is zero, deleting topic /joint_angles...
2023-06-13 15:45:26,182 | INFO | topic[/joint_angles] removing connection to http://172.26.171.145:41569/
2023-06-13 15:45:26,193 | INFO | Saved file Participant_13_Round_2_Robot_2_Exercise_lateral_raises_Set_2.npz
2023-06-13 15:45:34,202 | INFO | Robot says: Please walk over to the researcher to fill out a survey.
2023-06-13 15:45:34,204 | INFO | signal_shutdown [atexit]
2023-06-13 15:45:34,248 | INFO | topic[/rosout] removing connection to /rosout
2023-06-13 15:45:34,248 | INFO | topic[/quori_sound] removing connection to /quori_sound
2023-06-13 15:45:34,249 | INFO | topic[/quori/joint_trajectory_controller/command] removing connection to /quori/quori_controller
2023-06-13 15:45:34,249 | INFO | topic[/quori/face_generator_emotion] removing connection to /rosbridge_websocket
2023-06-13 15:45:34,249 | INFO | atexit
