2023-06-09 13:37:11,573 | INFO | =====================================
2023-06-09 13:37:11,574 | INFO | STARTING SET 1 OF bicep_curls
2023-06-09 13:37:11,574 | INFO | =====================================
2023-06-09 13:37:11,574 | INFO | Moving arm from up to halfway
2023-06-09 13:37:11,574 | INFO | Moving from [1.7, -1.1, 0, -1.1, 0.2] to [1.1, -1.1, 0, -1.1, 0.2] for duration 4
2023-06-09 13:37:11,577 | INFO | topic[/joint_angles] adding connection to [http://quori.wifi.local.cmu.edu:36879/], count 0
2023-06-09 13:37:11,577 | INFO | topic[/quori_sound] adding connection to [/quori_sound], count 0
2023-06-09 13:37:11,583 | INFO | topic[/quori/face_generator_emotion] adding connection to [/rosbridge_websocket], count 0
2023-06-09 13:37:11,765 | INFO | topic[/rosout] adding connection to [/rosout], count 0
2023-06-09 13:37:11,767 | INFO | topic[/quori/joint_trajectory_controller/command] adding connection to [/quori/quori_controller], count 0
2023-06-09 13:37:15,579 | INFO | Robot says: Get ready for set 1 out of 2 of bicep curls
2023-06-09 13:37:17,594 | INFO | Robot smiling at intensity 0.6 for duration 4
2023-06-09 13:37:23,600 | INFO | -------------------Recording!
2023-06-09 13:37:23,601 | INFO | Moving arm from halfway to sides
2023-06-09 13:37:23,601 | INFO | Moving from [1.1, -1.1, 0, -1.1, 0.2] to [-0.2, -1.1, 0, -1.1, 0.2] for duration 4
2023-06-09 13:37:25,604 | INFO | Robot says: Start bicep curls now
2023-06-09 13:37:27,478 | INFO | Current peak 42
2023-06-09 13:37:29,482 | INFO | Current peak 95
2023-06-09 13:37:29,709 | INFO | Good expert min 1053.2374987683202 All expert min 1053.2374987683202
2023-06-09 13:37:29,888 | INFO | Good expert min 1250.7832375059343 All expert min 1006.8369615378576
2023-06-09 13:37:30,133 | INFO | Good expert min 709.9861716829096 All expert min 709.9861716829096
2023-06-09 13:37:30,428 | INFO | Good expert min 904.5991015516069 All expert min 904.5991015516069
2023-06-09 13:37:30,444 | INFO | Actual Duration 2.118507, Average Expert Duration 2.71982825
2023-06-09 13:37:30,460 | INFO | {'speed': 'good', 'correction': ['Good right shoulder', 'low range of motion left shoulder', 'Good right elbow', 'Good left elbow'], 'evaluation': [1, -1, 1, 1]}
2023-06-09 13:37:30,475 | INFO | Evaluation case  with message - 
2023-06-09 13:37:30,491 | INFO | Speed case  with message - 
2023-06-09 13:37:30,491 | INFO | Moving from [-0.2347663462594238, -1.0503565480999628, -0.029731153988919012, -1.176839495888971, 0.21201491394885183] to [-0.1203249944079936, -1.0079821253638883, 0.015082640353226415, -1.11551429712602, 0.13936317534618617] for duration 2
2023-06-09 13:37:33,878 | INFO | Current peak 161
2023-06-09 13:37:34,114 | INFO | Good expert min 2340.3477849166775 All expert min 1993.2250920586025
2023-06-09 13:37:34,334 | INFO | Good expert min 1877.5069699059018 All expert min 1586.6109587358744
2023-06-09 13:37:34,600 | INFO | Good expert min 1808.3726602152421 All expert min 1808.3726602152421
2023-06-09 13:37:34,909 | INFO | Good expert min 1639.6509163229848 All expert min 1639.6509163229848
2023-06-09 13:37:34,930 | INFO | Actual Duration 4.198258, Average Expert Duration 2.71982825
2023-06-09 13:37:34,945 | INFO | {'speed': 'good', 'correction': ['bad right shoulder', 'bad left shoulder', 'ok right elbow', 'ok left elbow'], 'evaluation': [-1, -1, 0, 0]}
2023-06-09 13:37:34,961 | INFO | Evaluation case  with message - 
2023-06-09 13:37:34,976 | INFO | Speed case  with message - 
2023-06-09 13:37:34,991 | INFO | Moving from [-0.22469204846524993, -1.0663631561303668, -0.047482879483339714, -1.1716733310575416, 0.2991239999751043] to [-0.18734263093568926, -1.0939971626451022, -0.034329578901566404, -1.0352727045871508, 0.19395686672640508] for duration 2
2023-06-09 13:37:38,367 | INFO | Current peak 241
2023-06-09 13:37:38,619 | INFO | Good expert min 1811.3124139731804 All expert min 1811.3124139731804
2023-06-09 13:37:38,820 | INFO | Good expert min 2396.103734499592 All expert min 2359.414793872463
2023-06-09 13:37:39,069 | INFO | Good expert min 1684.803705737519 All expert min 1684.803705737519
2023-06-09 13:37:39,246 | INFO | Good expert min 1737.9576749751202 All expert min 1737.9576749751202
2023-06-09 13:37:39,267 | INFO | Actual Duration 4.542033, Average Expert Duration 2.71982825
2023-06-09 13:37:39,282 | INFO | {'speed': 'good', 'correction': ['ok right shoulder', 'bad left shoulder', 'ok right elbow', 'ok left elbow'], 'evaluation': [0, -1, 0, 0]}
2023-06-09 13:37:39,298 | INFO | Evaluation case 1h with message - Focus on your left side.
2023-06-09 13:37:39,318 | INFO | Speed case 4b with message - Good speed, keep it up.
2023-06-09 13:37:39,334 | INFO | Robot says: Focus on your left side.
2023-06-09 13:37:39,354 | INFO | Moving from [-0.2, -1.1, 0, -1.1, -0.1175] to [-0.2, -1.1, 0, -1.1, -0.1175] for duration 4
2023-06-09 13:37:43,384 | INFO | Robot frowning at intensity 0.5 for duration 4
2023-06-09 13:37:44,437 | INFO | Current peak 286
2023-06-09 13:37:44,684 | INFO | Good expert min 1977.3269751049502 All expert min 1977.3269751049502
2023-06-09 13:37:44,914 | INFO | Good expert min 797.7372543680283 All expert min 797.7372543680283
2023-06-09 13:37:45,084 | INFO | Good expert min 2207.7435391421814 All expert min 2207.7435391421814
2023-06-09 13:37:45,212 | INFO | Good expert min 1241.4023151951076 All expert min 1241.4023151951076
2023-06-09 13:37:45,223 | INFO | Actual Duration 6.230389, Average Expert Duration 2.71982825
2023-06-09 13:37:45,233 | INFO | {'speed': 'slow', 'correction': ['ok right shoulder', 'Good left shoulder', 'bad right elbow', 'Good left elbow'], 'evaluation': [0, 1, -1, 1]}
2023-06-09 13:37:45,244 | INFO | Evaluation case  with message - 
2023-06-09 13:37:45,254 | INFO | Speed case  with message - 
2023-06-09 13:37:45,264 | INFO | Moving from [-0.16848721289995827, -1.0015102278747494, 0.09205939794764781, -1.0507515761927164, -0.09512456181265348] to [-0.29005432079988014, -1.157361232097298, 0.01251381444230984, -1.022331337116087, -0.18959989910356034] for duration 2
2023-06-09 13:37:48,305 | INFO | Current peak 346
2023-06-09 13:37:48,558 | INFO | Good expert min 488.552918943261 All expert min 488.552918943261
2023-06-09 13:37:48,745 | INFO | Good expert min 774.7605289307786 All expert min 774.7605289307786
2023-06-09 13:37:48,936 | INFO | Good expert min 493.7184693745464 All expert min 493.7184693745464
2023-06-09 13:37:49,148 | INFO | Good expert min 736.9713476161606 All expert min 736.9713476161606
2023-06-09 13:37:49,164 | INFO | Actual Duration 3.825859, Average Expert Duration 2.71982825
2023-06-09 13:37:49,179 | INFO | {'speed': 'good', 'correction': ['Good right shoulder', 'Good left shoulder', 'Good right elbow', 'Good left elbow'], 'evaluation': [1, 1, 1, 1]}
2023-06-09 13:37:49,195 | INFO | Evaluation case  with message - 
2023-06-09 13:37:49,210 | INFO | Speed case  with message - 
2023-06-09 13:37:49,220 | INFO | Moving from [-0.13815787877277574, -1.1422198629728983, -0.06632169967955884, -1.0869476660058432, -0.17989694973223916] to [-0.1634519141442721, -1.0840066663480699, 0.022473684103789998, -1.0879004257290434, -0.20260260097960847] for duration 2
2023-06-09 13:37:51,054 | INFO | Current peak 367
2023-06-09 13:37:51,303 | INFO | Good expert min 728.1454350361822 All expert min 728.1454350361822
2023-06-09 13:37:51,438 | INFO | Good expert min 526.6007240462568 All expert min 449.53575325566703
2023-06-09 13:37:51,672 | INFO | Good expert min 1455.6489761809441 All expert min 657.285145145383
2023-06-09 13:37:51,876 | INFO | Good expert min 1051.713239689126 All expert min 501.321415291663
2023-06-09 13:37:51,892 | INFO | Actual Duration 2.398923, Average Expert Duration 2.71982825
2023-06-09 13:37:51,907 | INFO | {'speed': 'good', 'correction': ['Good right shoulder', 'low range of motion left shoulder', 'low range of motion right elbow', 'low range of motion left elbow'], 'evaluation': [1, -1, -1, -1]}
2023-06-09 13:37:51,922 | INFO | Evaluation case  with message - 
2023-06-09 13:37:51,923 | INFO | Speed case  with message - 
2023-06-09 13:37:51,923 | INFO | Moving from [-0.2944326997962302, -1.032122883193787, -0.06259867052618157, -1.1776997422670794, -0.06313775801763755] to [-0.24853893067556848, -1.0153121553510354, 0.02542360554871828, -1.080654591797857, -0.06340981900178849] for duration 2
2023-06-09 13:37:52,998 | INFO | Current peak 383
2023-06-09 13:37:53,196 | INFO | Good expert min 380.191203728421 All expert min 380.191203728421
2023-06-09 13:37:53,392 | INFO | Good expert min 314.50528070197646 All expert min 314.50528070197646
2023-06-09 13:37:53,611 | INFO | Good expert min 459.004266683156 All expert min 459.004266683156
2023-06-09 13:37:53,801 | INFO | Good expert min 491.7882358636243 All expert min 491.7882358636243
2023-06-09 13:37:53,816 | INFO | Actual Duration 2.417787, Average Expert Duration 2.71982825
2023-06-09 13:37:53,832 | INFO | {'speed': 'good', 'correction': ['Good right shoulder', 'Good left shoulder', 'Good right elbow', 'Good left elbow'], 'evaluation': [1, 1, 1, 1]}
2023-06-09 13:37:53,842 | INFO | Evaluation case  with message - 
2023-06-09 13:37:53,858 | INFO | Speed case 4b with message - Good speed, keep it up.
2023-06-09 13:37:53,873 | INFO | Robot says: Good speed, keep it up.
2023-06-09 13:37:53,889 | INFO | Moving from [0, -0.8, 0, -0.8, 0.0525] to [-0.2, -1.1, 0, -1.1, -0.1175] for duration 4
2023-06-09 13:37:57,901 | INFO | Robot smiling at intensity 0.6 for duration 4
2023-06-09 13:37:59,943 | INFO | Current peak 454
2023-06-09 13:38:00,064 | INFO | Good expert min 619.5694319677388 All expert min 619.5694319677388
2023-06-09 13:38:00,247 | INFO | Good expert min 838.9418935533838 All expert min 838.9418935533838
2023-06-09 13:38:00,411 | INFO | Good expert min 711.0895635204155 All expert min 711.0895635204155
2023-06-09 13:38:00,594 | INFO | Good expert min 1043.6613555944116 All expert min 1043.6613555944116
2023-06-09 13:38:00,615 | INFO | Actual Duration 6.756338, Average Expert Duration 2.71982825
2023-06-09 13:38:00,620 | INFO | {'speed': 'slow', 'correction': ['Good right shoulder', 'Good left shoulder', 'Good right elbow', 'Good left elbow'], 'evaluation': [1, 1, 1, 1]}
2023-06-09 13:38:00,620 | INFO | Evaluation case  with message - 
2023-06-09 13:38:00,620 | INFO | Speed case  with message - 
2023-06-09 13:38:00,620 | INFO | Moving from [-0.27009461976929805, -1.0109011156767174, 0.007915273610781884, -1.0358470896184122, -0.19085620397623465] to [-0.21023446001014862, -1.0422461744551474, -0.09118354348870361, -1.1208658992895173, -0.09258752539542671] for duration 2
2023-06-09 13:38:02,279 | INFO | Current peak 482
2023-06-09 13:38:02,279 | INFO | -------------------Done with exercise
2023-06-09 13:38:02,279 | INFO | Robot says: Almost done.
2023-06-09 13:38:02,311 | INFO | Good expert min 339.4942000827916 All expert min 339.4942000827916
2023-06-09 13:38:02,340 | INFO | Good expert min 445.33770980190775 All expert min 275.9113237748582
2023-06-09 13:38:02,368 | INFO | Good expert min 1108.8908308169678 All expert min 302.81994473657187
2023-06-09 13:38:02,398 | INFO | Good expert min 939.8116521147127 All expert min 353.00372210190136
2023-06-09 13:38:02,398 | INFO | Actual Duration 2.290122, Average Expert Duration 2.71982825
2023-06-09 13:38:02,398 | INFO | {'speed': 'good', 'correction': ['Good right shoulder', 'low range of motion left shoulder', 'low range of motion right elbow', 'low range of motion left elbow'], 'evaluation': [1, -1, -1, -1]}
2023-06-09 13:38:02,399 | INFO | Evaluation case  with message - 
2023-06-09 13:38:02,399 | INFO | Speed case  with message - 
2023-06-09 13:38:02,399 | INFO | Moving from [-0.24108590614599826, -1.1973768904909001, -0.03137269279756548, -1.1669062834293005, -0.10292763846060499] to [-0.2795486946385178, -1.1717771993264339, 0.08957039152764562, -1.079312897243694, -0.02712312273308845] for duration 2
2023-06-09 13:38:05,283 | INFO | Robot says: Rest.
2023-06-09 13:38:07,286 | INFO | Robot smiling at intensity 0.6 for duration 4
2023-06-09 13:38:07,287 | INFO | Robot says: Using the scale next to you, how difficult was that last set, from 1 to 10?
2023-06-09 13:38:07,287 | INFO | Moving arm from sides to up
2023-06-09 13:38:07,287 | INFO | Moving from [-0.2, -1.1, 0, -1.1, -0.1175] to [1.7, -1.1, 0, -1.1, -0.1175] for duration 4
2023-06-09 13:38:09,290 | INFO | Total Number of Reps 9
2023-06-09 13:38:09,291 | INFO | Total Angles 490
2023-06-09 13:38:09,291 | INFO | topic impl's ref count is zero, deleting topic /joint_angles...
2023-06-09 13:38:09,291 | INFO | topic[/joint_angles] removing connection to http://quori.wifi.local.cmu.edu:36879/
2023-06-09 13:38:09,298 | INFO | Saved file Participant_8_Round_3_Robot_2_Exercise_bicep_curls_Set_1.npz
2023-06-09 13:38:27,287 | INFO | Robot says: Rest for 20 more seconds.
2023-06-09 13:38:47,387 | INFO | =====================================
2023-06-09 13:38:47,388 | INFO | STARTING SET 2 OF bicep_curls
2023-06-09 13:38:47,388 | INFO | =====================================
2023-06-09 13:38:47,388 | INFO | Moving arm from up to halfway
2023-06-09 13:38:47,388 | INFO | Moving from [1.7, -1.1, 0, -1.1, 0.2] to [1.1, -1.1, 0, -1.1, 0.2] for duration 4
2023-06-09 13:38:47,396 | INFO | topic[/joint_angles] adding connection to [http://quori.wifi.local.cmu.edu:36879/], count 0
2023-06-09 13:38:51,393 | INFO | Robot says: Get ready for set 2 out of 2 of bicep curls
2023-06-09 13:38:53,395 | INFO | Robot smiling at intensity 0.6 for duration 4
2023-06-09 13:38:59,400 | INFO | -------------------Recording!
2023-06-09 13:38:59,401 | INFO | Moving arm from halfway to sides
2023-06-09 13:38:59,401 | INFO | Moving from [1.1, -1.1, 0, -1.1, 0.2] to [-0.2, -1.1, 0, -1.1, 0.2] for duration 4
2023-06-09 13:39:01,404 | INFO | Robot says: Start bicep curls now
2023-06-09 13:39:03,116 | INFO | Current peak 42
2023-06-09 13:39:05,178 | INFO | Current peak 105
2023-06-09 13:39:05,398 | INFO | Good expert min 1631.8960550071615 All expert min 1631.8960550071615
2023-06-09 13:39:05,684 | INFO | Good expert min 2082.2448692984985 All expert min 1955.452933501732
2023-06-09 13:39:05,892 | INFO | Good expert min 994.3347907056377 All expert min 994.3347907056377
2023-06-09 13:39:06,156 | INFO | Good expert min 725.6981367559432 All expert min 725.6981367559432
2023-06-09 13:39:06,172 | INFO | Actual Duration 2.13691, Average Expert Duration 2.71982825
2023-06-09 13:39:06,187 | INFO | {'speed': 'good', 'correction': ['ok right shoulder', 'bad left shoulder', 'Good right elbow', 'Good left elbow'], 'evaluation': [0, -1, 1, 1]}
2023-06-09 13:39:06,198 | INFO | Evaluation case  with message - 
2023-06-09 13:39:06,198 | INFO | Speed case  with message - 
2023-06-09 13:39:06,198 | INFO | Moving from [-0.2726171150319272, -1.0401791344919114, -0.0003397664452138016, -1.062618882289321, 0.16340359514336542] to [-0.2793198375741244, -1.1919905416745835, 0.007034660685669686, -1.1637244847717703, 0.17677134628771327] for duration 2
2023-06-09 13:39:09,628 | INFO | Current peak 174
2023-06-09 13:39:09,836 | INFO | Good expert min 1955.0451796438185 All expert min 1955.0451796438185
2023-06-09 13:39:10,095 | INFO | Good expert min 2304.881982177566 All expert min 1804.5332913342243
2023-06-09 13:39:10,381 | INFO | Good expert min 1659.837093859057 All expert min 1659.837093859057
2023-06-09 13:39:10,550 | INFO | Good expert min 1282.9664054655843 All expert min 1282.9664054655843
2023-06-09 13:39:10,576 | INFO | Actual Duration 4.400116, Average Expert Duration 2.71982825
2023-06-09 13:39:10,591 | INFO | {'speed': 'good', 'correction': ['ok right shoulder', 'bad left shoulder', 'ok right elbow', 'Good left elbow'], 'evaluation': [0, -1, 0, 1]}
2023-06-09 13:39:10,607 | INFO | Evaluation case 1h with message - Focus on your left side.
2023-06-09 13:39:10,622 | INFO | Speed case  with message - 
2023-06-09 13:39:10,638 | INFO | Robot says: Focus on your left side.
2023-06-09 13:39:10,653 | INFO | Moving from [-0.2, -1.1, 0, -1.1, -0.1175] to [-0.2, -1.1, 0, -1.1, -0.1175] for duration 4
2023-06-09 13:39:14,694 | INFO | Robot frowning at intensity 0.5 for duration 4
2023-06-09 13:39:16,922 | INFO | Current peak 244
2023-06-09 13:39:17,213 | INFO | Good expert min 673.193451090061 All expert min 673.193451090061
2023-06-09 13:39:17,428 | INFO | Good expert min 1006.6065549708662 All expert min 1006.6065549708662
2023-06-09 13:39:17,658 | INFO | Good expert min 671.0115494431889 All expert min 671.0115494431889
2023-06-09 13:39:17,863 | INFO | Good expert min 1107.3581452078588 All expert min 1107.3581452078588
2023-06-09 13:39:17,884 | INFO | Actual Duration 7.29056, Average Expert Duration 2.71982825
2023-06-09 13:39:17,909 | INFO | {'speed': 'slow', 'correction': ['Good right shoulder', 'Good left shoulder', 'Good right elbow', 'Good left elbow'], 'evaluation': [1, 1, 1, 1]}
2023-06-09 13:39:17,925 | INFO | Evaluation case 2a with message - Form is good, keep it up.
2023-06-09 13:39:17,945 | INFO | Speed case  with message - 
2023-06-09 13:39:17,971 | INFO | Robot says: Form is good, keep it up.
2023-06-09 13:39:17,997 | INFO | Moving from [0, -0.8, 0, -0.8, 0.0525] to [-0.2, -1.1, 0, -1.1, -0.1175] for duration 4
2023-06-09 13:39:22,027 | INFO | Robot smiling at intensity 0.6 for duration 4
2023-06-09 13:39:23,755 | INFO | Current peak 304
2023-06-09 13:39:23,984 | INFO | Good expert min 501.39067770665645 All expert min 501.39067770665645
2023-06-09 13:39:24,226 | INFO | Good expert min 653.6335778495674 All expert min 653.6335778495674
2023-06-09 13:39:24,423 | INFO | Good expert min 499.3528447589479 All expert min 499.3528447589479
2023-06-09 13:39:24,596 | INFO | Good expert min 572.9494065505938 All expert min 572.9494065505938
2023-06-09 13:39:24,612 | INFO | Actual Duration 6.823829, Average Expert Duration 2.71982825
2023-06-09 13:39:24,638 | INFO | {'speed': 'slow', 'correction': ['Good right shoulder', 'Good left shoulder', 'Good right elbow', 'Good left elbow'], 'evaluation': [1, 1, 1, 1]}
2023-06-09 13:39:24,664 | INFO | Evaluation case  with message - 
2023-06-09 13:39:24,700 | INFO | Speed case 3b with message - Try to speed up.
2023-06-09 13:39:24,725 | INFO | Robot says: Try to speed up.
2023-06-09 13:39:24,746 | INFO | Moving from [-0.2, -1.1, 0, -1.1, -0.1175] to [-0.2, -1.1, 0, -1.1, -0.1175] for duration 4
2023-06-09 13:39:28,781 | INFO | Robot frowning at intensity 0.5 for duration 4
2023-06-09 13:39:30,001 | INFO | Current peak 348
2023-06-09 13:39:30,224 | INFO | Good expert min 403.90788137420583 All expert min 403.90788137420583
2023-06-09 13:39:30,585 | INFO | Good expert min 731.0207150332584 All expert min 731.0207150332584
2023-06-09 13:39:30,823 | INFO | Good expert min 444.9793531762568 All expert min 444.9793531762568
2023-06-09 13:39:30,985 | INFO | Good expert min 840.3555961494808 All expert min 840.3555961494808
2023-06-09 13:39:31,016 | INFO | Actual Duration 6.403533, Average Expert Duration 2.71982825
2023-06-09 13:39:31,037 | INFO | {'speed': 'slow', 'correction': ['Good right shoulder', 'Good left shoulder', 'Good right elbow', 'Good left elbow'], 'evaluation': [1, 1, 1, 1]}
2023-06-09 13:39:31,058 | INFO | Evaluation case 2b with message - Form looks good, keep going.
2023-06-09 13:39:31,078 | INFO | Speed case 3b with message - Make sure you do not go too slow.
2023-06-09 13:39:31,089 | INFO | Robot says: Form looks good, keep going.
2023-06-09 13:39:31,089 | INFO | Moving from [0, -0.8, 0, -0.8, 0.0525] to [-0.2, -1.1, 0, -1.1, -0.1175] for duration 4
2023-06-09 13:39:35,104 | INFO | Robot smiling at intensity 0.6 for duration 4
2023-06-09 13:39:36,329 | INFO | Current peak 386
2023-06-09 13:39:36,492 | INFO | Good expert min 381.4220817245707 All expert min 381.4220817245707
2023-06-09 13:39:36,715 | INFO | Good expert min 400.59682615911106 All expert min 400.59682615911106
2023-06-09 13:39:36,910 | INFO | Good expert min 445.1614367526767 All expert min 445.1614367526767
2023-06-09 13:39:37,167 | INFO | Good expert min 604.3895809198775 All expert min 604.3895809198775
2023-06-09 13:39:37,183 | INFO | Actual Duration 6.28657, Average Expert Duration 2.71982825
2023-06-09 13:39:37,209 | INFO | {'speed': 'slow', 'correction': ['Good right shoulder', 'Good left shoulder', 'Good right elbow', 'Good left elbow'], 'evaluation': [1, 1, 1, 1]}
2023-06-09 13:39:37,229 | INFO | Evaluation case  with message - 
2023-06-09 13:39:37,250 | INFO | Speed case 3b with message - Make sure you do not go too slow.
2023-06-09 13:39:37,275 | INFO | Robot says: Make sure you do not go too slow.
2023-06-09 13:39:37,301 | INFO | Moving from [-0.2, -1.1, 0, -1.1, -0.1175] to [-0.2, -1.1, 0, -1.1, -0.1175] for duration 4
2023-06-09 13:39:41,342 | INFO | Robot frowning at intensity 0.5 for duration 4
2023-06-09 13:39:42,726 | INFO | Current peak 432
2023-06-09 13:39:43,081 | INFO | Good expert min 422.69603554876426 All expert min 422.69603554876426
2023-06-09 13:39:43,335 | INFO | Good expert min 384.8522518974279 All expert min 384.8522518974279
2023-06-09 13:39:43,564 | INFO | Good expert min 479.39564291569616 All expert min 479.39564291569616
2023-06-09 13:39:43,710 | INFO | Good expert min 471.63574337052904 All expert min 471.63574337052904
2023-06-09 13:39:43,736 | INFO | Actual Duration 6.227828, Average Expert Duration 2.71982825
2023-06-09 13:39:43,762 | INFO | {'speed': 'slow', 'correction': ['Good right shoulder', 'Good left shoulder', 'Good right elbow', 'Good left elbow'], 'evaluation': [1, 1, 1, 1]}
2023-06-09 13:39:43,793 | INFO | Evaluation case  with message - 
2023-06-09 13:39:43,839 | INFO | Speed case 3b with message - Try to speed up.
2023-06-09 13:39:43,870 | INFO | Skipping Try to speed up.
2023-06-09 13:39:43,890 | INFO | Moving from [-0.2, -1.1, 0, -1.1, -0.1175] to [-0.2, -1.1, 0, -1.1, -0.1175] for duration 4
2023-06-09 13:39:47,925 | INFO | Robot frowning at intensity 0.5 for duration 4
2023-06-09 13:39:48,780 | INFO | Current peak 461
2023-06-09 13:39:49,001 | INFO | Good expert min 344.8540306712602 All expert min 344.8540306712602
2023-06-09 13:39:49,175 | INFO | Good expert min 475.27211834950504 All expert min 475.27211834950504
2023-06-09 13:39:49,400 | INFO | -------------------Done with exercise
2023-06-09 13:39:49,401 | INFO | Robot says: Almost done.
2023-06-09 13:39:49,401 | INFO | Good expert min 391.37666448400336 All expert min 391.37666448400336
2023-06-09 13:39:49,435 | INFO | Good expert min 516.6909768178563 All expert min 516.6909768178563
2023-06-09 13:39:49,435 | INFO | Actual Duration 5.967781, Average Expert Duration 2.71982825
2023-06-09 13:39:49,436 | INFO | {'speed': 'slow', 'correction': ['Good right shoulder', 'Good left shoulder', 'Good right elbow', 'Good left elbow'], 'evaluation': [1, 1, 1, 1]}
2023-06-09 13:39:49,436 | INFO | Evaluation case  with message - 
2023-06-09 13:39:49,436 | INFO | Speed case 3b with message - Try to speed up.
2023-06-09 13:39:49,436 | INFO | Skipping Try to speed up.
2023-06-09 13:39:49,436 | INFO | Moving from [-0.2, -1.1, 0, -1.1, -0.1175] to [-0.2, -1.1, 0, -1.1, -0.1175] for duration 4
2023-06-09 13:39:52,404 | INFO | Robot says: Rest.
2023-06-09 13:39:53,439 | INFO | Robot frowning at intensity 0.5 for duration 4
2023-06-09 13:39:54,407 | INFO | Robot smiling at intensity 0.6 for duration 4
2023-06-09 13:39:54,408 | INFO | Robot says: Using the scale next to you, how difficult was that last set, from 1 to 10?
2023-06-09 13:39:54,408 | INFO | Moving arm from sides to up
2023-06-09 13:39:54,409 | INFO | Moving from [-0.2, -1.1, 0, -1.1, -0.1175] to [1.7, -1.1, 0, -1.1, -0.1175] for duration 4
2023-06-09 13:39:56,412 | INFO | Total Number of Reps 8
2023-06-09 13:39:56,412 | INFO | Total Angles 470
2023-06-09 13:39:56,412 | INFO | topic impl's ref count is zero, deleting topic /joint_angles...
2023-06-09 13:39:56,413 | INFO | topic[/joint_angles] removing connection to http://quori.wifi.local.cmu.edu:36879/
2023-06-09 13:39:56,420 | INFO | Saved file Participant_8_Round_3_Robot_2_Exercise_bicep_curls_Set_2.npz
2023-06-09 13:40:14,408 | INFO | Robot says: Rest for 20 more seconds.
2023-06-09 13:40:34,495 | INFO | =====================================
2023-06-09 13:40:34,495 | INFO | STARTING SET 1 OF lateral_raises
2023-06-09 13:40:34,496 | INFO | =====================================
2023-06-09 13:40:34,496 | INFO | Moving arm from up to halfway
2023-06-09 13:40:34,496 | INFO | Moving from [1.7, -1.1, 0, -1.1, 0.2] to [1.1, -1.1, 0, -1.1, 0.2] for duration 4
2023-06-09 13:40:34,500 | INFO | topic[/joint_angles] adding connection to [http://quori.wifi.local.cmu.edu:36879/], count 0
2023-06-09 13:40:38,501 | INFO | Robot says: Get ready for set 1 out of 2 of lateral raises
2023-06-09 13:40:40,504 | INFO | Robot smiling at intensity 0.6 for duration 4
2023-06-09 13:40:46,511 | INFO | -------------------Recording!
2023-06-09 13:40:46,512 | INFO | Moving arm from halfway to sides
2023-06-09 13:40:46,512 | INFO | Moving from [1.1, -1.1, 0, -1.1, 0.2] to [-0.2, -1.1, 0, -1.1, 0.2] for duration 4
2023-06-09 13:40:48,515 | INFO | Robot says: Start lateral raises now
2023-06-09 13:40:51,304 | INFO | Current peak 64
2023-06-09 13:40:55,646 | INFO | Current peak 167
2023-06-09 13:40:55,828 | INFO | Good expert min 3659.3993362993697 All expert min 3659.3993362993697
2023-06-09 13:40:56,045 | INFO | Good expert min 3541.0310209902204 All expert min 3541.0310209902204
2023-06-09 13:40:56,319 | INFO | Good expert min 4536.29838065854 All expert min 4536.29838065854
2023-06-09 13:40:56,536 | INFO | Good expert min 3821.80753338027 All expert min 3821.80753338027
2023-06-09 13:40:56,572 | INFO | Actual Duration 4.108046, Average Expert Duration 3.073079411764706
2023-06-09 13:40:56,613 | INFO | {'speed': 'good', 'correction': ['bad right shoulder', 'bad left shoulder', 'bad right elbow', 'bad left elbow'], 'evaluation': [-1, -1, -1, -1]}
2023-06-09 13:40:56,644 | INFO | Evaluation case  with message - 
2023-06-09 13:40:56,670 | INFO | Speed case  with message - 
2023-06-09 13:40:56,706 | INFO | Moving from [-0.28538261831303935, -1.1170006752132358, 0.03048532278201821, -1.1328241908117005, 0.24235778821662615] to [-0.2506490605034699, -1.1853278212759162, 0.09834225454367237, -1.0844893470950348, 0.12113580830317991] for duration 2
2023-06-09 13:41:01,405 | INFO | Current peak 292
2023-06-09 13:41:01,642 | INFO | Good expert min 5258.737250317614 All expert min 5146.404414390349
2023-06-09 13:41:01,846 | INFO | Good expert min 4306.0331419405575 All expert min 4306.0331419405575
2023-06-09 13:41:02,126 | INFO | Good expert min 5712.339340938995 All expert min 5325.387497824102
2023-06-09 13:41:02,344 | INFO | Good expert min 4199.728723926074 All expert min 4199.728723926074
2023-06-09 13:41:02,380 | INFO | Actual Duration 5.94408, Average Expert Duration 3.073079411764706
2023-06-09 13:41:02,411 | INFO | {'speed': 'good', 'correction': ['bad right shoulder', 'bad left shoulder', 'bad right elbow', 'bad left elbow'], 'evaluation': [-1, -1, -1, -1]}
2023-06-09 13:41:02,447 | INFO | Evaluation case 1i with message - Focus on getting a full range of motion in your shoulders.
2023-06-09 13:41:02,467 | INFO | Speed case  with message - 
2023-06-09 13:41:02,498 | INFO | Robot says: Focus on getting a full range of motion in your shoulders.
2023-06-09 13:41:02,519 | INFO | Moving from [-0.2, -1.1, 0, -1.1, -0.1175] to [-0.2, -1.1, 0, -1.1, -0.1175] for duration 4
2023-06-09 13:41:06,557 | INFO | Robot frowning at intensity 0.5 for duration 4
2023-06-09 13:41:07,749 | INFO | Current peak 333
2023-06-09 13:41:07,986 | INFO | Good expert min 678.3271184516187 All expert min 678.3271184516187
2023-06-09 13:41:08,162 | INFO | Good expert min 590.8622963425836 All expert min 590.8622963425836
2023-06-09 13:41:08,382 | INFO | Good expert min 1001.2428283413585 All expert min 1001.2428283413585
2023-06-09 13:41:08,597 | INFO | Good expert min 942.9568164714714 All expert min 942.9568164714714
2023-06-09 13:41:08,638 | INFO | Actual Duration 6.345908, Average Expert Duration 3.073079411764706
2023-06-09 13:41:08,669 | INFO | {'speed': 'slow', 'correction': ['Good right shoulder', 'Good left shoulder', 'Good right elbow', 'Good left elbow'], 'evaluation': [1, 1, 1, 1]}
2023-06-09 13:41:08,695 | INFO | Evaluation case 2a with message - Form is good, keep it up.
2023-06-09 13:41:08,720 | INFO | Speed case  with message - 
2023-06-09 13:41:08,751 | INFO | Skipping Form is good, keep it up.
2023-06-09 13:41:08,782 | INFO | Moving from [0, -0.8, 0, -0.8, 0.0525] to [-0.2, -1.1, 0, -1.1, -0.1175] for duration 4
2023-06-09 13:41:12,817 | INFO | Robot smiling at intensity 0.6 for duration 4
2023-06-09 13:41:18,072 | INFO | Current peak 482
2023-06-09 13:41:18,280 | INFO | Good expert min 5376.595835861091 All expert min 5376.595835861091
2023-06-09 13:41:18,506 | INFO | Good expert min 5572.806156429972 All expert min 5572.806156429972
2023-06-09 13:41:18,768 | INFO | Good expert min 6911.147224330113 All expert min 6911.147224330113
2023-06-09 13:41:19,025 | INFO | Good expert min 6297.6271342447535 All expert min 6297.6271342447535
2023-06-09 13:41:19,056 | INFO | Actual Duration 10.323822, Average Expert Duration 3.073079411764706
2023-06-09 13:41:19,086 | INFO | {'speed': 'slow', 'correction': ['bad right shoulder', 'bad left shoulder', 'bad right elbow', 'bad left elbow'], 'evaluation': [-1, -1, -1, -1]}
2023-06-09 13:41:19,117 | INFO | Evaluation case  with message - 
2023-06-09 13:41:19,148 | INFO | Speed case 3b with message - Try to speed up.
2023-06-09 13:41:19,174 | INFO | Robot says: Try to speed up.
2023-06-09 13:41:19,195 | INFO | Moving from [-0.2, -1.1, 0, -1.1, -0.1175] to [-0.2, -1.1, 0, -1.1, -0.1175] for duration 4
2023-06-09 13:41:23,241 | INFO | Robot frowning at intensity 0.5 for duration 4
2023-06-09 13:41:24,307 | INFO | Current peak 515
2023-06-09 13:41:24,462 | INFO | Good expert min 594.3264693408491 All expert min 594.3264693408491
2023-06-09 13:41:24,636 | INFO | Good expert min 535.496363063666 All expert min 419.1453037516169
2023-06-09 13:41:24,787 | INFO | Good expert min 1412.5357871371575 All expert min 940.3797470522969
2023-06-09 13:41:24,956 | INFO | Good expert min 1004.7067168500167 All expert min 654.5042577685435
2023-06-09 13:41:24,976 | INFO | Actual Duration 6.020571, Average Expert Duration 3.073079411764706
2023-06-09 13:41:25,012 | INFO | {'speed': 'good', 'correction': ['Good right shoulder', 'low range of motion left shoulder', 'low range of motion right elbow', 'low range of motion left elbow'], 'evaluation': [1, -1, -1, -1]}
2023-06-09 13:41:25,043 | INFO | Evaluation case  with message - 
2023-06-09 13:41:25,069 | INFO | Speed case  with message - 
2023-06-09 13:41:25,089 | INFO | Moving from [-0.2012913239349483, -1.0390461354989289, -0.01655641661182239, -1.1483905607006508, -0.09270355813771113] to [-0.11996807055389896, -1.0782886204939188, 0.0013644517386657007, -1.1107412836467625, -0.11571682500625315] for duration 2
2023-06-09 13:41:26,567 | INFO | Current peak 532
2023-06-09 13:41:26,767 | INFO | Good expert min 1470.9923024248867 All expert min 1049.2398593086136
2023-06-09 13:41:27,015 | INFO | Good expert min 1065.9382988128248 All expert min 1065.9382988128248
2023-06-09 13:41:27,230 | INFO | Good expert min 1525.128829144683 All expert min 1387.8106556410285
2023-06-09 13:41:27,459 | INFO | Good expert min 1536.9491226102234 All expert min 1350.9214358733905
2023-06-09 13:41:27,490 | INFO | Actual Duration 2.32342, Average Expert Duration 3.073079411764706
2023-06-09 13:41:27,496 | INFO | {'speed': 'good', 'correction': ['high range of motion right shoulder', 'Good left shoulder', 'high range of motion right elbow', 'high range of motion left elbow'], 'evaluation': [-1, 1, -1, -1]}
2023-06-09 13:41:27,496 | INFO | Evaluation case  with message - 
2023-06-09 13:41:27,516 | INFO | Speed case 4a with message - Good speed, keep it up.
2023-06-09 13:41:27,537 | INFO | Robot says: Good speed, keep it up.
2023-06-09 13:41:27,542 | INFO | Moving from [0, -0.8, 0, -0.8, 0.0525] to [-0.2, -1.1, 0, -1.1, -0.1175] for duration 4
2023-06-09 13:41:31,586 | INFO | Robot smiling at intensity 0.6 for duration 4
2023-06-09 13:41:32,022 | INFO | Current peak 552
2023-06-09 13:41:32,238 | INFO | Good expert min 525.0189115207921 All expert min 524.1306712405404
2023-06-09 13:41:32,377 | INFO | Good expert min 526.5284640152341 All expert min 526.5284640152341
2023-06-09 13:41:32,610 | INFO | Good expert min 816.7609699295975 All expert min 816.7609699295975
2023-06-09 13:41:32,803 | INFO | Good expert min 906.1421190967859 All expert min 906.1421190967859
2023-06-09 13:41:32,839 | INFO | Actual Duration 5.520544, Average Expert Duration 3.073079411764706
2023-06-09 13:41:32,875 | INFO | {'speed': 'good', 'correction': ['high range of motion right shoulder', 'Good left shoulder', 'Good right elbow', 'Good left elbow'], 'evaluation': [-1, 1, 1, 1]}
2023-06-09 13:41:32,901 | INFO | Evaluation case 1d with message - Focus on stopping your right arm at 90 degrees.
2023-06-09 13:41:32,926 | INFO | Speed case 4b with message - Nice speed, keep going.
2023-06-09 13:41:32,926 | INFO | Skipping Focus on stopping your right arm at 90 degrees.
2023-06-09 13:41:32,927 | INFO | Moving from [-0.2, -1.1, 0, -1.1, -0.1175] to [-0.2, -1.1, 0, -1.1, -0.1175] for duration 4
2023-06-09 13:41:36,511 | INFO | -------------------Done with exercise
2023-06-09 13:41:36,511 | INFO | Robot says: Almost done.
2023-06-09 13:41:36,945 | INFO | Robot frowning at intensity 0.5 for duration 4
2023-06-09 13:41:39,515 | INFO | Robot says: Rest.
2023-06-09 13:41:41,518 | INFO | Robot smiling at intensity 0.6 for duration 4
2023-06-09 13:41:41,519 | INFO | Robot says: Using the scale next to you, how difficult was that last set, from 1 to 10?
2023-06-09 13:41:41,520 | INFO | Moving arm from sides to up
2023-06-09 13:41:41,520 | INFO | Moving from [-0.2, -1.1, 0, -1.1, -0.1175] to [1.7, -1.1, 0, -1.1, -0.1175] for duration 4
2023-06-09 13:41:43,523 | INFO | Total Number of Reps 7
2023-06-09 13:41:43,523 | INFO | Total Angles 570
2023-06-09 13:41:43,524 | INFO | topic impl's ref count is zero, deleting topic /joint_angles...
2023-06-09 13:41:43,524 | INFO | topic[/joint_angles] removing connection to http://quori.wifi.local.cmu.edu:36879/
2023-06-09 13:41:43,531 | INFO | Saved file Participant_8_Round_3_Robot_2_Exercise_lateral_raises_Set_1.npz
2023-06-09 13:42:01,519 | INFO | Robot says: Rest for 20 more seconds.
2023-06-09 13:42:21,604 | INFO | =====================================
2023-06-09 13:42:21,605 | INFO | STARTING SET 2 OF lateral_raises
2023-06-09 13:42:21,605 | INFO | =====================================
2023-06-09 13:42:21,605 | INFO | Moving arm from up to halfway
2023-06-09 13:42:21,605 | INFO | Moving from [1.7, -1.1, 0, -1.1, 0.2] to [1.1, -1.1, 0, -1.1, 0.2] for duration 4
2023-06-09 13:42:21,611 | INFO | topic[/joint_angles] adding connection to [http://quori.wifi.local.cmu.edu:36879/], count 0
2023-06-09 13:42:25,611 | INFO | Robot says: Get ready for set 2 out of 2 of lateral raises
2023-06-09 13:42:27,614 | INFO | Robot smiling at intensity 0.6 for duration 4
2023-06-09 13:42:33,621 | INFO | -------------------Recording!
2023-06-09 13:42:33,622 | INFO | Moving arm from halfway to sides
2023-06-09 13:42:33,622 | INFO | Moving from [1.1, -1.1, 0, -1.1, 0.2] to [-0.2, -1.1, 0, -1.1, 0.2] for duration 4
2023-06-09 13:42:35,625 | INFO | Robot says: Start lateral raises now
2023-06-09 13:42:38,655 | INFO | Current peak 80
2023-06-09 13:42:46,079 | INFO | Current peak 295
2023-06-09 13:42:46,378 | INFO | Good expert min 8555.864029805663 All expert min 8555.864029805663
2023-06-09 13:42:46,600 | INFO | Good expert min 9609.068721174626 All expert min 9609.068721174626
2023-06-09 13:42:46,825 | INFO | Good expert min 11916.338019745664 All expert min 11916.338019745664
2023-06-09 13:42:47,069 | INFO | Good expert min 9497.356913221549 All expert min 9497.356913221549
2023-06-09 13:42:47,120 | INFO | Actual Duration 7.495582, Average Expert Duration 3.073079411764706
2023-06-09 13:42:47,156 | INFO | {'speed': 'slow', 'correction': ['bad right shoulder', 'bad left shoulder', 'bad right elbow', 'bad left elbow'], 'evaluation': [-1, -1, -1, -1]}
2023-06-09 13:42:47,197 | INFO | Evaluation case  with message - 
2023-06-09 13:42:47,208 | INFO | Speed case  with message - 
2023-06-09 13:42:47,254 | INFO | Moving from [-0.21759185323607896, -1.1863093039491055, -0.043057002603016016, -1.091649880166273, 0.24820848149971028] to [-0.2853275556124262, -1.0470604987822474, -0.026948549056991733, -1.0641658258498938, 0.1579264349714701] for duration 2
2023-06-09 13:42:49,911 | INFO | Current peak 342
2023-06-09 13:42:50,123 | INFO | Good expert min 671.0266581175564 All expert min 671.0266581175564
2023-06-09 13:42:50,328 | INFO | Good expert min 682.106566055603 All expert min 682.106566055603
2023-06-09 13:42:50,584 | INFO | Good expert min 1304.1249198267974 All expert min 1304.1249198267974
2023-06-09 13:42:50,825 | INFO | Good expert min 810.0360465031154 All expert min 810.0360465031154
2023-06-09 13:42:50,866 | INFO | Actual Duration 3.685597, Average Expert Duration 3.073079411764706
2023-06-09 13:42:50,902 | INFO | {'speed': 'good', 'correction': ['Good right shoulder', 'Good left shoulder', 'Good right elbow', 'Good left elbow'], 'evaluation': [1, 1, 1, 1]}
2023-06-09 13:42:50,938 | INFO | Evaluation case  with message - 
2023-06-09 13:42:50,979 | INFO | Speed case  with message - 
2023-06-09 13:42:51,010 | INFO | Moving from [-0.1070619519693724, -1.0193902832578332, -0.018148914728611285, -1.1565866121176875, 0.17312636575429394] to [-0.28289716938410325, -1.087390590528716, -0.07406250886640285, -1.09381878100484, 0.271117893904372] for duration 2
2023-06-09 13:42:55,993 | INFO | Current peak 450
2023-06-09 13:42:56,320 | INFO | Good expert min 3862.0933143444445 All expert min 3862.0933143444445
2023-06-09 13:42:56,471 | INFO | Good expert min 3597.5015754066912 All expert min 3597.5015754066912
2023-06-09 13:42:56,771 | INFO | Good expert min 4941.956073731093 All expert min 4866.565733412358
2023-06-09 13:42:56,973 | INFO | Good expert min 3472.0230392203785 All expert min 3472.0230392203785
2023-06-09 13:42:57,035 | INFO | Actual Duration 6.011021, Average Expert Duration 3.073079411764706
2023-06-09 13:42:57,071 | INFO | {'speed': 'good', 'correction': ['bad right shoulder', 'bad left shoulder', 'bad right elbow', 'bad left elbow'], 'evaluation': [-1, -1, -1, -1]}
2023-06-09 13:42:57,102 | INFO | Evaluation case  with message - 
2023-06-09 13:42:57,127 | INFO | Speed case  with message - 
2023-06-09 13:42:57,133 | INFO | Moving from [-0.195522056741364, -1.173777642004993, 0.01541936275396523, -1.0819331672075339, 0.13497921654709463] to [-0.23260030226043346, -1.1672060957833639, -0.03773636395282507, -1.1935263585926346, 0.21378689732554887] for duration 2
2023-06-09 13:43:00,154 | INFO | Current peak 482
2023-06-09 13:43:00,427 | INFO | Good expert min 1787.1094150383967 All expert min 1453.0567328826633
2023-06-09 13:43:00,596 | INFO | Good expert min 1286.8345740222956 All expert min 1286.8345740222956
2023-06-09 13:43:00,818 | INFO | Good expert min 2188.0066525410584 All expert min 2086.263631042437
2023-06-09 13:43:00,948 | INFO | Good expert min 1926.4260507253737 All expert min 1806.749883868359
2023-06-09 13:43:00,999 | INFO | Actual Duration 2.973579, Average Expert Duration 3.073079411764706
2023-06-09 13:43:01,035 | INFO | {'speed': 'good', 'correction': ['high range of motion right shoulder', 'Good left shoulder', 'bad right elbow', 'bad left elbow'], 'evaluation': [-1, 1, -1, -1]}
2023-06-09 13:43:01,071 | INFO | Evaluation case 1i with message - Focus on getting a full range of motion in your shoulders.
2023-06-09 13:43:01,117 | INFO | Speed case 4b with message - Good speed, keep it up.
2023-06-09 13:43:01,158 | INFO | Robot says: Focus on getting a full range of motion in your shoulders.
2023-06-09 13:43:01,184 | INFO | Moving from [-0.2, -1.1, 0, -1.1, -0.1175] to [-0.2, -1.1, 0, -1.1, -0.1175] for duration 4
2023-06-09 13:43:05,245 | INFO | Robot frowning at intensity 0.5 for duration 4
2023-06-09 13:43:06,102 | INFO | Current peak 509
2023-06-09 13:43:06,295 | INFO | Good expert min 761.1666976868906 All expert min 665.9671640293411
2023-06-09 13:43:06,484 | INFO | Good expert min 711.7176489266467 All expert min 555.1817460173768
2023-06-09 13:43:06,662 | INFO | Good expert min 1222.7791892723549 All expert min 833.1372829944196
2023-06-09 13:43:06,876 | INFO | Good expert min 823.4444434025467 All expert min 508.33489645912795
2023-06-09 13:43:06,912 | INFO | Actual Duration 0.920181, Average Expert Duration 3.073079411764706
2023-06-09 13:43:06,953 | INFO | {'speed': 'good', 'correction': ['low range of motion right shoulder', 'low range of motion left shoulder', 'low range of motion right elbow', 'low range of motion left elbow'], 'evaluation': [-1, -1, -1, -1]}
2023-06-09 13:43:06,994 | INFO | Evaluation case  with message - 
2023-06-09 13:43:07,035 | INFO | Speed case  with message - 
2023-06-09 13:43:07,066 | INFO | Moving from [-0.11261751516563628, -1.105181335417507, -0.08572663763392317, -1.038745763211033, -0.14600784127524954] to [-0.2009181268429316, -1.0923229679176838, 0.04417915327836999, -1.0658731965632682, -0.1311622349675049] for duration 2
2023-06-09 13:43:09,328 | INFO | Current peak 551
2023-06-09 13:43:09,529 | INFO | Good expert min 832.1548409573097 All expert min 832.1548409573097
2023-06-09 13:43:09,692 | INFO | Good expert min 848.4676923957552 All expert min 848.4676923957552
2023-06-09 13:43:09,958 | INFO | Good expert min 1154.7753877188024 All expert min 1154.7753877188024
2023-06-09 13:43:10,136 | INFO | Good expert min 990.5241420777568 All expert min 990.5241420777568
2023-06-09 13:43:10,183 | INFO | Actual Duration 6.242617, Average Expert Duration 3.073079411764706
2023-06-09 13:43:10,224 | INFO | {'speed': 'slow', 'correction': ['Good right shoulder', 'Good left shoulder', 'Good right elbow', 'Good left elbow'], 'evaluation': [1, 1, 1, 1]}
2023-06-09 13:43:10,270 | INFO | Evaluation case 2a with message - Form is good, keep it up.
2023-06-09 13:43:10,311 | INFO | Speed case  with message - 
2023-06-09 13:43:10,347 | INFO | Skipping Form is good, keep it up.
2023-06-09 13:43:10,388 | INFO | Moving from [0, -0.8, 0, -0.8, 0.0525] to [-0.2, -1.1, 0, -1.1, -0.1175] for duration 4
2023-06-09 13:43:14,449 | INFO | Robot smiling at intensity 0.6 for duration 4
2023-06-09 13:43:15,897 | INFO | Current peak 599
2023-06-09 13:43:16,161 | INFO | Good expert min 1178.6527316439683 All expert min 1096.4093802175275
2023-06-09 13:43:16,335 | INFO | Good expert min 910.274471617109 All expert min 910.274471617109
2023-06-09 13:43:16,608 | INFO | Good expert min 1551.5024756906757 All expert min 1507.077084694661
2023-06-09 13:43:16,865 | INFO | Good expert min 1501.8676375071184 All expert min 1501.8676375071184
2023-06-09 13:43:16,921 | INFO | Actual Duration 3.546004, Average Expert Duration 3.073079411764706
2023-06-09 13:43:16,967 | INFO | {'speed': 'good', 'correction': ['high range of motion right shoulder', 'Good left shoulder', 'high range of motion right elbow', 'Good left elbow'], 'evaluation': [-1, 1, -1, 1]}
2023-06-09 13:43:17,013 | INFO | Evaluation case  with message - 
2023-06-09 13:43:17,059 | INFO | Speed case  with message - 
2023-06-09 13:43:17,106 | INFO | Moving from [-0.19733923520386543, -1.1849488334728757, 0.0787642646296301, -1.0915273290869394, -0.1818199295430456] to [-0.2892216134617618, -1.1489371922760911, -0.04255373115048991, -1.022044702437501, -0.09466564288501203] for duration 2
2023-06-09 13:43:19,193 | INFO | Current peak 642
2023-06-09 13:43:19,461 | INFO | Good expert min 846.5457501995131 All expert min 676.1582606515851
2023-06-09 13:43:19,650 | INFO | Good expert min 714.6733790038853 All expert min 714.6733790038853
2023-06-09 13:43:19,866 | INFO | Good expert min 1165.2012388193657 All expert min 1165.2012388193657
2023-06-09 13:43:19,992 | INFO | Good expert min 1370.4350055881514 All expert min 1370.4350055881514
2023-06-09 13:43:20,023 | INFO | Actual Duration 6.336463, Average Expert Duration 3.073079411764706
2023-06-09 13:43:20,049 | INFO | {'speed': 'slow', 'correction': ['high range of motion right shoulder', 'Good left shoulder', 'Good right elbow', 'Good left elbow'], 'evaluation': [-1, 1, 1, 1]}
2023-06-09 13:43:20,090 | INFO | Evaluation case 1d with message - Focus on stopping your right arm at 90 degrees.
2023-06-09 13:43:20,126 | INFO | Speed case  with message - 
2023-06-09 13:43:20,156 | INFO | Robot says: Focus on stopping your right arm at 90 degrees.
2023-06-09 13:43:20,198 | INFO | Moving from [-0.2, -1.1, 0, -1.1, -0.1175] to [-0.2, -1.1, 0, -1.1, -0.1175] for duration 4
2023-06-09 13:43:23,621 | INFO | -------------------Done with exercise
2023-06-09 13:43:23,621 | INFO | Robot says: Almost done.
2023-06-09 13:43:24,233 | INFO | Robot frowning at intensity 0.5 for duration 4
2023-06-09 13:43:24,268 | INFO | Good expert min 1888.2392160105478 All expert min 1533.870251010698
2023-06-09 13:43:24,297 | INFO | Good expert min 1292.9026856136065 All expert min 1292.9026856136065
2023-06-09 13:43:24,329 | INFO | Good expert min 2396.4710560040494 All expert min 2212.9016513092256
2023-06-09 13:43:24,358 | INFO | Good expert min 2163.914288504786 All expert min 2074.690898468646
2023-06-09 13:43:24,358 | INFO | Actual Duration -3.544174, Average Expert Duration 3.073079411764706
2023-06-09 13:43:24,358 | INFO | {'speed': 'fast', 'correction': ['high range of motion right shoulder', 'Good left shoulder', 'bad right elbow', 'bad left elbow'], 'evaluation': [-1, 1, -1, -1]}
2023-06-09 13:43:24,358 | INFO | Evaluation case  with message - 
2023-06-09 13:43:24,358 | INFO | Speed case  with message - 
2023-06-09 13:43:24,358 | INFO | Moving from [-0.1918246365197694, -1.0315980680263344, 0.03824755674245589, -1.002031135884467, -0.06261804996489759] to [-0.2012376780983502, -1.1740412965070681, -0.07795054533218344, -1.1394941615820358, -0.07972048787305364] for duration 2
2023-06-09 13:43:26,625 | INFO | Robot says: Rest.
2023-06-09 13:43:28,629 | INFO | Robot smiling at intensity 0.6 for duration 4
2023-06-09 13:43:28,629 | INFO | Robot says: Using the scale next to you, how difficult was that last set, from 1 to 10?
2023-06-09 13:43:28,630 | INFO | Moving arm from sides to up
2023-06-09 13:43:28,630 | INFO | Moving from [-0.2, -1.1, 0, -1.1, -0.1175] to [1.7, -1.1, 0, -1.1, -0.1175] for duration 4
2023-06-09 13:43:30,632 | INFO | Total Number of Reps 9
2023-06-09 13:43:30,632 | INFO | Total Angles 690
2023-06-09 13:43:30,633 | INFO | topic impl's ref count is zero, deleting topic /joint_angles...
2023-06-09 13:43:30,633 | INFO | topic[/joint_angles] removing connection to http://quori.wifi.local.cmu.edu:36879/
2023-06-09 13:43:30,648 | INFO | Saved file Participant_8_Round_3_Robot_2_Exercise_lateral_raises_Set_2.npz
2023-06-09 13:43:38,652 | INFO | Robot says: Please walk over to the researcher to fill out a survey.
2023-06-09 13:43:38,653 | INFO | signal_shutdown [atexit]
2023-06-09 13:43:38,705 | INFO | topic[/rosout] removing connection to /rosout
2023-06-09 13:43:38,705 | INFO | topic[/quori_sound] removing connection to /quori_sound
2023-06-09 13:43:38,705 | INFO | topic[/quori/joint_trajectory_controller/command] removing connection to /quori/quori_controller
2023-06-09 13:43:38,706 | INFO | topic[/quori/face_generator_emotion] removing connection to /rosbridge_websocket
2023-06-09 13:43:38,706 | INFO | atexit
