2023-06-15 11:07:01,871 | INFO | =====================================
2023-06-15 11:07:01,872 | INFO | STARTING SET 1 OF lateral_raises
2023-06-15 11:07:01,872 | INFO | =====================================
2023-06-15 11:07:01,872 | INFO | Moving arm from up to halfway
2023-06-15 11:07:01,873 | INFO | Moving from [1.7, -1.1, 0, -1.1, 0.2] to [1.1, -1.1, 0, -1.1, 0.2] for duration 4
2023-06-15 11:07:01,875 | INFO | topic[/joint_angles] adding connection to [http://172.26.171.145:40103/], count 0
2023-06-15 11:07:05,878 | INFO | Robot says: Get ready for set 1 out of 2 of lateral raises
2023-06-15 11:07:07,881 | INFO | Robot smiling at intensity 0.6 for duration 4
2023-06-15 11:07:13,885 | INFO | -------------------Recording!
2023-06-15 11:07:13,886 | INFO | Moving arm from halfway to sides
2023-06-15 11:07:13,886 | INFO | Moving from [1.1, -1.1, 0, -1.1, 0.2] to [-0.2, -1.1, 0, -1.1, 0.2] for duration 4
2023-06-15 11:07:15,889 | INFO | Robot says: Start lateral raises now
2023-06-15 11:07:18,672 | INFO | Current peak 65
2023-06-15 11:07:20,689 | INFO | Current peak 110
2023-06-15 11:07:21,000 | INFO | Good expert min 1087.9386333995963 All expert min 1087.9386333995963
2023-06-15 11:07:21,630 | INFO | Good expert min 1183.4681273841006 All expert min 1183.4681273841006
2023-06-15 11:07:22,162 | INFO | Good expert min 733.2866730370033 All expert min 733.2866730370033
2023-06-15 11:07:22,690 | INFO | Good expert min 832.3941783919846 All expert min 832.3941783919846
2023-06-15 11:07:22,726 | INFO | Actual Duration 1.831729, Average Expert Duration 3.073079411764706
2023-06-15 11:07:22,772 | INFO | {'speed': 'good', 'correction': ['Good right shoulder', 'Good left shoulder', 'Good right elbow', 'Good left elbow'], 'evaluation': [1, 1, 1, 1]}
2023-06-15 11:07:22,818 | INFO | Evaluation case  with message - 
2023-06-15 11:07:22,848 | INFO | Speed case  with message - 
2023-06-15 11:07:22,884 | INFO | Moving from [-0.16518034999011258, -1.0158089154600236, -0.03478445559000394, -1.1367815111073902, 0.20065655166824195] to [-0.2877104269954337, -1.0367472484183975, 0.07969836315946335, -1.0514722042519942, 0.12688194424159585] for duration 2
2023-06-15 11:07:24,367 | INFO | Current peak 134
2023-06-15 11:07:24,832 | INFO | Good expert min 706.8849909480216 All expert min 654.3634774636561
2023-06-15 11:07:25,442 | INFO | Good expert min 813.6093174300711 All expert min 770.6783371522449
2023-06-15 11:07:26,008 | INFO | Good expert min 701.7478005756827 All expert min 701.7478005756827
2023-06-15 11:07:26,521 | INFO | Good expert min 748.5985903551193 All expert min 571.5218793173124
2023-06-15 11:07:26,562 | INFO | Actual Duration 3.794383, Average Expert Duration 3.073079411764706
2023-06-15 11:07:26,603 | INFO | {'speed': 'good', 'correction': ['low range of motion right shoulder', 'low range of motion left shoulder', 'Good right elbow', 'low range of motion left elbow'], 'evaluation': [-1, -1, 1, -1]}
2023-06-15 11:07:26,654 | INFO | Evaluation case  with message - 
2023-06-15 11:07:26,695 | INFO | Speed case  with message - 
2023-06-15 11:07:26,736 | INFO | Moving from [-0.23785200791243696, -1.0367594395529476, 0.030005466064912445, -1.0220453414233, 0.18551640664266109] to [-0.21370104330766868, -1.0264125564866429, -0.025987908722865757, -1.1874410584243689, 0.18248947235641796] for duration 2
2023-06-15 11:07:28,473 | INFO | Current peak 162
2023-06-15 11:07:29,037 | INFO | Good expert min 950.9598494231309 All expert min 596.8655147105095
2023-06-15 11:07:29,546 | INFO | Good expert min 763.1480317463831 All expert min 514.4120333604275
2023-06-15 11:07:30,092 | INFO | Good expert min 1117.9850681781525 All expert min 287.3603286537127
2023-06-15 11:07:30,610 | INFO | Good expert min 692.8196745483126 All expert min 330.08272276790757
2023-06-15 11:07:30,641 | INFO | Actual Duration 4.07165, Average Expert Duration 3.073079411764706
2023-06-15 11:07:30,676 | INFO | {'speed': 'good', 'correction': ['low range of motion right shoulder', 'low range of motion left shoulder', 'low range of motion right elbow', 'low range of motion left elbow'], 'evaluation': [-1, -1, -1, -1]}
2023-06-15 11:07:30,712 | INFO | Evaluation case 1c with message - Focus on fully extending your arms to 90 degrees.
2023-06-15 11:07:30,748 | INFO | Speed case 4b with message - Good speed, keep it up.
2023-06-15 11:07:30,784 | INFO | Robot says: Focus on fully extending your arms to 90 degrees.
2023-06-15 11:07:30,820 | INFO | Moving from [-0.2, -1.1, 0, -1.1, -0.1175] to [-0.2, -1.1, 0, -1.1, -0.1175] for duration 4
2023-06-15 11:07:34,875 | INFO | Robot frowning at intensity 0.5 for duration 4
2023-06-15 11:07:36,177 | INFO | Current peak 206
2023-06-15 11:07:36,606 | INFO | Good expert min 586.0484944408881 All expert min 586.0484944408881
2023-06-15 11:07:37,215 | INFO | Good expert min 543.4624747467552 All expert min 543.4624747467552
2023-06-15 11:07:37,751 | INFO | Good expert min 673.413902845733 All expert min 673.413902845733
2023-06-15 11:07:38,290 | INFO | Good expert min 951.8954579954457 All expert min 951.8954579954457
2023-06-15 11:07:38,347 | INFO | Actual Duration 7.787056, Average Expert Duration 3.073079411764706
2023-06-15 11:07:38,383 | INFO | {'speed': 'good', 'correction': ['Good right shoulder', 'Good left shoulder', 'Good right elbow', 'Good left elbow'], 'evaluation': [1, 1, 1, 1]}
2023-06-15 11:07:38,419 | INFO | Evaluation case 2a with message - Form is good, keep it up.
2023-06-15 11:07:38,444 | INFO | Speed case  with message - 
2023-06-15 11:07:38,485 | INFO | Skipping Form is good, keep it up.
2023-06-15 11:07:38,521 | INFO | Moving from [0, -0.8, 0, -0.8, 0.0525] to [-0.2, -1.1, 0, -1.1, -0.1175] for duration 4
2023-06-15 11:07:42,571 | INFO | Robot smiling at intensity 0.6 for duration 4
2023-06-15 11:07:45,805 | INFO | Current peak 305
2023-06-15 11:07:46,367 | INFO | Good expert min 1987.982622058276 All expert min 1987.982622058276
2023-06-15 11:07:46,939 | INFO | Good expert min 2782.5375171370843 All expert min 2782.5375171370843
2023-06-15 11:07:47,511 | INFO | Good expert min 4527.663580116538 All expert min 4527.663580116538
2023-06-15 11:07:48,056 | INFO | Good expert min 4050.993817337948 All expert min 4050.993817337948
2023-06-15 11:07:48,097 | INFO | Actual Duration 9.541806, Average Expert Duration 3.073079411764706
2023-06-15 11:07:48,138 | INFO | {'speed': 'good', 'correction': ['ok right shoulder', 'bad left shoulder', 'bad right elbow', 'bad left elbow'], 'evaluation': [0, -1, -1, -1]}
2023-06-15 11:07:48,164 | INFO | Evaluation case  with message - 
2023-06-15 11:07:48,199 | INFO | Speed case  with message - 
2023-06-15 11:07:48,235 | INFO | Moving from [-0.29263488123685516, -1.044564517600025, 0.06785010755061002, -1.0144015566433748, -0.14680426929331558] to [-0.17977176496094394, -1.0536932566191395, 0.09144224397484743, -1.0286363187160874, -0.18019535333615966] for duration 2
2023-06-15 11:07:53,659 | INFO | Current peak 428
2023-06-15 11:07:54,212 | INFO | Good expert min 2638.177073599185 All expert min 2638.177073599185
2023-06-15 11:07:54,828 | INFO | Good expert min 3429.7845538142005 All expert min 3429.7845538142005
2023-06-15 11:07:55,314 | INFO | Good expert min 4932.417273448349 All expert min 4932.417273448349
2023-06-15 11:07:55,901 | INFO | Good expert min 4410.121429999371 All expert min 4410.121429999371
2023-06-15 11:07:55,942 | INFO | Actual Duration 7.508957, Average Expert Duration 3.073079411764706
2023-06-15 11:07:55,983 | INFO | {'speed': 'good', 'correction': ['bad right shoulder', 'bad left shoulder', 'bad right elbow', 'bad left elbow'], 'evaluation': [-1, -1, -1, -1]}
2023-06-15 11:07:56,019 | INFO | Evaluation case 1i with message - Focus on getting a full range of motion in your shoulders.
2023-06-15 11:07:56,050 | INFO | Speed case  with message - 
2023-06-15 11:07:56,085 | INFO | Robot says: Focus on getting a full range of motion in your shoulders.
2023-06-15 11:07:56,127 | INFO | Moving from [-0.2, -1.1, 0, -1.1, -0.1175] to [-0.2, -1.1, 0, -1.1, -0.1175] for duration 4
2023-06-15 11:08:00,182 | INFO | Robot frowning at intensity 0.5 for duration 4
2023-06-15 11:08:00,672 | INFO | Current peak 449
2023-06-15 11:08:01,207 | INFO | Good expert min 345.0451379651459 All expert min 345.0451379651459
2023-06-15 11:08:01,711 | INFO | Good expert min 748.0513189403987 All expert min 748.0513189403987
2023-06-15 11:08:02,204 | INFO | Good expert min 916.0912517219276 All expert min 916.0912517219276
2023-06-15 11:08:02,811 | INFO | Good expert min 937.8539767186612 All expert min 825.0555806578172
2023-06-15 11:08:02,842 | INFO | Actual Duration 7.265112, Average Expert Duration 3.073079411764706
2023-06-15 11:08:02,878 | INFO | {'speed': 'good', 'correction': ['Good right shoulder', 'Good left shoulder', 'Good right elbow', 'low range of motion left elbow'], 'evaluation': [1, 1, 1, -1]}
2023-06-15 11:08:02,914 | INFO | Evaluation case  with message - 
2023-06-15 11:08:02,950 | INFO | Speed case 4b with message - Good speed, keep it up.
2023-06-15 11:08:02,991 | INFO | Skipping Good speed, keep it up.
2023-06-15 11:08:03,031 | INFO | Moving from [0, -0.8, 0, -0.8, 0.0525] to [-0.2, -1.1, 0, -1.1, -0.1175] for duration 4
2023-06-15 11:08:03,885 | INFO | -------------------Done with exercise
2023-06-15 11:08:03,917 | INFO | Robot says: Almost done.
2023-06-15 11:08:06,921 | INFO | Robot says: Rest.
2023-06-15 11:08:07,077 | INFO | Robot smiling at intensity 0.6 for duration 4
2023-06-15 11:08:08,923 | INFO | Robot smiling at intensity 0.6 for duration 4
2023-06-15 11:08:08,923 | INFO | Robot says: Using the scale next to you, how difficult was that last set, from 1 to 10?
2023-06-15 11:08:08,924 | INFO | Moving arm from sides to up
2023-06-15 11:08:08,924 | INFO | Moving from [-0.2, -1.1, 0, -1.1, -0.1175] to [1.7, -1.1, 0, -1.1, -0.1175] for duration 4
2023-06-15 11:08:10,927 | INFO | Total Number of Reps 7
2023-06-15 11:08:10,928 | INFO | Total Angles 460
2023-06-15 11:08:10,928 | INFO | topic impl's ref count is zero, deleting topic /joint_angles...
2023-06-15 11:08:10,928 | INFO | topic[/joint_angles] removing connection to http://172.26.171.145:40103/
2023-06-15 11:08:10,936 | INFO | Saved file Participant_17_Round_2_Robot_2_Exercise_lateral_raises_Set_1.npz
2023-06-15 11:08:28,923 | INFO | Robot says: Rest for 20 more seconds.
2023-06-15 11:08:48,981 | INFO | =====================================
2023-06-15 11:08:48,981 | INFO | STARTING SET 2 OF lateral_raises
2023-06-15 11:08:48,981 | INFO | =====================================
2023-06-15 11:08:48,982 | INFO | Moving arm from up to halfway
2023-06-15 11:08:48,983 | INFO | topic[/joint_angles] adding connection to [http://172.26.171.145:40103/], count 0
2023-06-15 11:08:48,983 | INFO | Moving from [1.7, -1.1, 0, -1.1, 0.2] to [1.1, -1.1, 0, -1.1, 0.2] for duration 4
2023-06-15 11:08:52,988 | INFO | Robot says: Get ready for set 2 out of 2 of lateral raises
2023-06-15 11:08:54,991 | INFO | Robot smiling at intensity 0.6 for duration 4
2023-06-15 11:09:00,995 | INFO | -------------------Recording!
2023-06-15 11:09:00,995 | INFO | Moving arm from halfway to sides
2023-06-15 11:09:00,996 | INFO | Moving from [1.1, -1.1, 0, -1.1, 0.2] to [-0.2, -1.1, 0, -1.1, 0.2] for duration 4
2023-06-15 11:09:02,999 | INFO | Robot says: Start lateral raises now
2023-06-15 11:09:07,611 | INFO | Current peak 123
2023-06-15 11:09:09,260 | INFO | Current peak 175
2023-06-15 11:09:09,786 | INFO | Good expert min 1113.5972954065123 All expert min 1113.5972954065123
2023-06-15 11:09:10,398 | INFO | Good expert min 1090.6682936626876 All expert min 1090.6682936626876
2023-06-15 11:09:10,980 | INFO | Good expert min 841.6096866950489 All expert min 841.6096866950489
2023-06-15 11:09:11,496 | INFO | Good expert min 851.5070668376652 All expert min 851.5070668376652
2023-06-15 11:09:11,542 | INFO | Actual Duration 1.71678, Average Expert Duration 3.073079411764706
2023-06-15 11:09:11,588 | INFO | {'speed': 'good', 'correction': ['Good right shoulder', 'Good left shoulder', 'Good right elbow', 'Good left elbow'], 'evaluation': [1, 1, 1, 1]}
2023-06-15 11:09:11,639 | INFO | Evaluation case  with message - 
2023-06-15 11:09:11,685 | INFO | Speed case  with message - 
2023-06-15 11:09:11,731 | INFO | Moving from [-0.25549930404690496, -1.1663177560291342, -0.019165352326858898, -1.1881455860751287, 0.18621659375722469] to [-0.2717303630066176, -1.025664152855897, -0.045024182018336203, -1.0782946831868887, 0.2932959531280268] for duration 2
2023-06-15 11:09:16,737 | INFO | Current peak 280
2023-06-15 11:09:17,302 | INFO | Good expert min 2321.078268396207 All expert min 2027.5819880224578
2023-06-15 11:09:17,877 | INFO | Good expert min 2830.4297398801436 All expert min 2830.4297398801436
2023-06-15 11:09:18,370 | INFO | Good expert min 3992.1370034040015 All expert min 3992.1370034040015
2023-06-15 11:09:18,973 | INFO | Good expert min 3141.830889699834 All expert min 3141.830889699834
2023-06-15 11:09:19,019 | INFO | Actual Duration 7.315698, Average Expert Duration 3.073079411764706
2023-06-15 11:09:19,075 | INFO | {'speed': 'good', 'correction': ['bad right shoulder', 'bad left shoulder', 'bad right elbow', 'bad left elbow'], 'evaluation': [-1, -1, -1, -1]}
2023-06-15 11:09:19,132 | INFO | Evaluation case  with message - 
2023-06-15 11:09:19,183 | INFO | Speed case  with message - 
2023-06-15 11:09:19,234 | INFO | Moving from [-0.16395175804144643, -1.0464501937873378, 0.06313551004314877, -1.0955653005739934, 0.2987988697140985] to [-0.10963224579698655, -1.0305287134000012, 0.05524150021777682, -1.0035058238663417, 0.20398491963840862] for duration 2
2023-06-15 11:09:21,953 | INFO | Current peak 331
2023-06-15 11:09:22,510 | INFO | Good expert min 1089.108697167096 All expert min 1089.108697167096
2023-06-15 11:09:23,122 | INFO | Good expert min 1289.250219376509 All expert min 1289.250219376509
2023-06-15 11:09:23,612 | INFO | Good expert min 1092.952694083503 All expert min 1092.952694083503
2023-06-15 11:09:24,083 | INFO | Good expert min 1162.9678431454638 All expert min 1162.9678431454638
2023-06-15 11:09:24,124 | INFO | Actual Duration 5.210511, Average Expert Duration 3.073079411764706
2023-06-15 11:09:24,175 | INFO | {'speed': 'good', 'correction': ['Good right shoulder', 'Good left shoulder', 'Good right elbow', 'Good left elbow'], 'evaluation': [1, 1, 1, 1]}
2023-06-15 11:09:24,221 | INFO | Evaluation case  with message - 
2023-06-15 11:09:24,267 | INFO | Speed case 4b with message - Good speed, keep it up.
2023-06-15 11:09:24,313 | INFO | Robot says: Good speed, keep it up.
2023-06-15 11:09:24,360 | INFO | Moving from [0, -0.8, 0, -0.8, 0.0525] to [-0.2, -1.1, 0, -1.1, 0.2] for duration 4
2023-06-15 11:09:28,435 | INFO | Robot smiling at intensity 0.6 for duration 4
2023-06-15 11:09:30,555 | INFO | Current peak 405
2023-06-15 11:09:31,117 | INFO | Good expert min 1487.581591595746 All expert min 1145.3336656308416
2023-06-15 11:09:31,692 | INFO | Good expert min 1248.1472437989057 All expert min 1121.523664272466
2023-06-15 11:09:32,330 | INFO | Good expert min 1399.5820914881901 All expert min 1164.2870213527021
2023-06-15 11:09:32,831 | INFO | Good expert min 1606.455422112498 All expert min 1139.6752422983052
2023-06-15 11:09:32,882 | INFO | Actual Duration 8.758599, Average Expert Duration 3.073079411764706
2023-06-15 11:09:32,933 | INFO | {'speed': 'good', 'correction': ['low range of motion right shoulder', 'low range of motion left shoulder', 'low range of motion right elbow', 'low range of motion left elbow'], 'evaluation': [-1, -1, -1, -1]}
2023-06-15 11:09:32,989 | INFO | Evaluation case  with message - 
2023-06-15 11:09:33,040 | INFO | Speed case  with message - 
2023-06-15 11:09:33,091 | INFO | Moving from [-0.2278221306940306, -1.1212087718410682, -0.06819333763173999, -1.1716682237474303, 0.16062072403733005] to [-0.22029751036626438, -1.0383276871800025, -0.06555488615732821, -1.1486774124369128, 0.24489407328553356] for duration 2
2023-06-15 11:09:36,224 | INFO | Current peak 460
2023-06-15 11:09:36,787 | INFO | Good expert min 1264.112272326429 All expert min 1264.112272326429
2023-06-15 11:09:37,390 | INFO | Good expert min 1402.2266387365105 All expert min 1402.2266387365105
2023-06-15 11:09:37,805 | INFO | Good expert min 1327.3505103843106 All expert min 1327.3505103843106
2023-06-15 11:09:38,378 | INFO | Good expert min 1713.5175044059567 All expert min 1713.5175044059567
2023-06-15 11:09:38,419 | INFO | Actual Duration 5.504445, Average Expert Duration 3.073079411764706
2023-06-15 11:09:38,471 | INFO | {'speed': 'good', 'correction': ['Good right shoulder', 'Good left shoulder', 'Good right elbow', 'ok left elbow'], 'evaluation': [1, 1, 1, 0]}
2023-06-15 11:09:38,522 | INFO | Evaluation case  with message - 
2023-06-15 11:09:38,568 | INFO | Speed case  with message - 
2023-06-15 11:09:38,619 | INFO | Moving from [-0.16167985864585488, -1.098762258656089, 0.08987781447565191, -1.017679492837582, 0.20717732212661974] to [-0.13342349212344903, -1.0415793534758981, -0.0008763795406847297, -1.1883504086058787, 0.14243437420889074] for duration 2
2023-06-15 11:09:40,961 | INFO | Current peak 485
2023-06-15 11:09:41,442 | INFO | Good expert min 1570.6930335741595 All expert min 1570.6930335741595
2023-06-15 11:09:42,081 | INFO | Good expert min 1817.3507960936904 All expert min 1817.3507960936904
2023-06-15 11:09:42,652 | INFO | Good expert min 2174.16796042652 All expert min 2174.16796042652
2023-06-15 11:09:43,179 | INFO | Good expert min 2024.5952588301438 All expert min 2024.5952588301438
2023-06-15 11:09:43,225 | INFO | Actual Duration 4.070368, Average Expert Duration 3.073079411764706
2023-06-15 11:09:43,276 | INFO | {'speed': 'good', 'correction': ['Good right shoulder', 'ok left shoulder', 'bad right elbow', 'bad left elbow'], 'evaluation': [1, 0, -1, -1]}
2023-06-15 11:09:43,322 | INFO | Evaluation case  with message - 
2023-06-15 11:09:43,363 | INFO | Speed case  with message - 
2023-06-15 11:09:43,419 | INFO | Moving from [-0.16256385007909077, -1.1678190116590932, 0.030385533687471794, -1.091426229738702, 0.21521643822478467] to [-0.2118594601165229, -1.0954596971632786, -0.08725356051482187, -1.0967035527856643, 0.22569259341453066] for duration 2
2023-06-15 11:09:44,953 | INFO | Current peak 504
2023-06-15 11:09:45,503 | INFO | Good expert min 760.132052565288 All expert min 760.132052565288
2023-06-15 11:09:46,051 | INFO | Good expert min 797.884698808629 All expert min 797.884698808629
2023-06-15 11:09:46,669 | INFO | Good expert min 1095.3703629700067 All expert min 1087.9133563069283
2023-06-15 11:09:47,243 | INFO | Good expert min 917.320647319524 All expert min 805.8020708696038
2023-06-15 11:09:47,279 | INFO | Actual Duration 0.74145, Average Expert Duration 3.073079411764706
2023-06-15 11:09:47,335 | INFO | {'speed': 'good', 'correction': ['Good right shoulder', 'Good left shoulder', 'low range of motion right elbow', 'low range of motion left elbow'], 'evaluation': [1, 1, -1, -1]}
2023-06-15 11:09:47,376 | INFO | Evaluation case  with message - 
2023-06-15 11:09:47,422 | INFO | Speed case 4b with message - Nice speed, keep going.
2023-06-15 11:09:47,463 | INFO | Robot says: Nice speed, keep going.
2023-06-15 11:09:47,509 | INFO | Moving from [0, -0.8, 0, -0.8, 0.0525] to [-0.2, -1.1, 0, -1.1, 0.2] for duration 4
2023-06-15 11:09:50,995 | INFO | -------------------Done with exercise
2023-06-15 11:09:50,995 | INFO | Robot says: Almost done.
2023-06-15 11:09:51,570 | INFO | Robot smiling at intensity 0.6 for duration 4
2023-06-15 11:09:51,602 | INFO | Good expert min 861.7329849095515 All expert min 701.6771801413587
2023-06-15 11:09:51,626 | INFO | Good expert min 831.5003690446447 All expert min 710.089239443862
2023-06-15 11:09:51,653 | INFO | Good expert min 1563.7604483883674 All expert min 869.9969095692765
2023-06-15 11:09:51,679 | INFO | Good expert min 1753.171113876732 All expert min 1175.6036256228265
2023-06-15 11:09:51,679 | INFO | Actual Duration -4.224611, Average Expert Duration 3.073079411764706
2023-06-15 11:09:51,679 | INFO | {'speed': 'fast', 'correction': ['low range of motion right shoulder', 'low range of motion left shoulder', 'low range of motion right elbow', 'low range of motion left elbow'], 'evaluation': [-1, -1, -1, -1]}
2023-06-15 11:09:51,679 | INFO | Evaluation case 1c with message - Focus on fully extending your arms to 90 degrees.
2023-06-15 11:09:51,679 | INFO | Speed case  with message - 
2023-06-15 11:09:51,680 | INFO | Skipping Focus on fully extending your arms to 90 degrees.
2023-06-15 11:09:51,680 | INFO | Moving from [-0.2, -1.1, 0, -1.1, -0.1175] to [-0.2, -1.1, 0, -1.1, -0.1175] for duration 4
2023-06-15 11:09:53,999 | INFO | Robot says: Rest.
2023-06-15 11:09:55,685 | INFO | Robot frowning at intensity 0.5 for duration 4
2023-06-15 11:09:56,002 | INFO | Robot smiling at intensity 0.6 for duration 4
2023-06-15 11:09:56,003 | INFO | Robot says: Using the scale next to you, how difficult was that last set, from 1 to 10?
2023-06-15 11:09:56,003 | INFO | Moving arm from sides to up
2023-06-15 11:09:56,004 | INFO | Moving from [-0.2, -1.1, 0, -1.1, -0.1175] to [1.7, -1.1, 0, -1.1, -0.1175] for duration 4
2023-06-15 11:09:58,007 | INFO | Total Number of Reps 8
2023-06-15 11:09:58,007 | INFO | Total Angles 530
2023-06-15 11:09:58,008 | INFO | topic impl's ref count is zero, deleting topic /joint_angles...
2023-06-15 11:09:58,008 | INFO | topic[/joint_angles] removing connection to http://172.26.171.145:40103/
2023-06-15 11:09:58,018 | INFO | Saved file Participant_17_Round_2_Robot_2_Exercise_lateral_raises_Set_2.npz
2023-06-15 11:10:06,027 | INFO | Robot says: Please walk over to the researcher to fill out a survey.
2023-06-15 11:10:06,029 | INFO | signal_shutdown [atexit]
2023-06-15 11:10:06,079 | INFO | topic[/rosout] removing connection to /rosout
2023-06-15 11:10:06,079 | INFO | topic[/quori_sound] removing connection to /quori_sound
2023-06-15 11:10:06,080 | INFO | topic[/quori/joint_trajectory_controller/command] removing connection to /quori/quori_controller
2023-06-15 11:10:06,080 | INFO | topic[/quori/face_generator_emotion] removing connection to /rosbridge_websocket
2023-06-15 11:10:06,080 | INFO | atexit
