2023-06-13 15:10:04,236 | INFO | =====================================
2023-06-13 15:10:04,237 | INFO | STARTING SET 2 OF lateral_raises
2023-06-13 15:10:04,237 | INFO | =====================================
2023-06-13 15:10:04,237 | INFO | Moving arm from up to halfway
2023-06-13 15:10:04,238 | INFO | Moving from [1.7, -1.1, 0, -1.1, 0.2] to [1.1, -1.1, 0, -1.1, 0.2] for duration 4
2023-06-13 15:10:04,242 | INFO | topic[/joint_angles] adding connection to [http://172.26.171.145:41569/], count 0
2023-06-13 15:10:08,243 | INFO | Robot says: Get ready for set 2 out of 2 of lateral raises
2023-06-13 15:10:10,246 | INFO | Robot smiling at intensity 0.6 for duration 4
2023-06-13 15:10:16,253 | INFO | -------------------Recording!
2023-06-13 15:10:16,253 | INFO | Moving arm from halfway to sides
2023-06-13 15:10:16,253 | INFO | Moving from [1.1, -1.1, 0, -1.1, 0.2] to [-0.2, -1.1, 0, -1.1, 0.2] for duration 4
2023-06-13 15:10:18,256 | INFO | Robot says: Start lateral raises now
2023-06-13 15:10:21,154 | INFO | Current peak 62
2023-06-13 15:10:24,247 | INFO | Current peak 138
2023-06-13 15:10:24,810 | INFO | Good expert min 1015.2585788516739 All expert min 1015.2585788516739
2023-06-13 15:10:25,301 | INFO | Good expert min 1049.7642420367006 All expert min 1049.7642420367006
2023-06-13 15:10:25,802 | INFO | Good expert min 1525.2214657883658 All expert min 1525.2214657883658
2023-06-13 15:10:26,330 | INFO | Good expert min 1543.6004670830953 All expert min 1543.6004670830953
2023-06-13 15:10:26,371 | INFO | Actual Duration 2.975664, Average Expert Duration 3.073079411764706
2023-06-13 15:10:26,417 | INFO | {'speed': 'good', 'correction': ['Good right shoulder', 'Good left shoulder', 'Good right elbow', 'Good left elbow'], 'evaluation': [1, 1, 1, 1]}
2023-06-13 15:10:26,473 | INFO | Evaluation case  with message - 
2023-06-13 15:10:26,514 | INFO | Speed case  with message - 
2023-06-13 15:10:26,561 | INFO | Moving from [-0.15092435841893714, -1.1627079965434588, 0.08934759657513161, -1.1983226865995407, 0.2020421208878824] to [-0.1564850706438311, -1.1864570905949918, -0.07006341568420303, -1.1233940417180868, 0.20015373342443263] for duration 2
2023-06-13 15:10:29,659 | INFO | Current peak 218
2023-06-13 15:10:30,142 | INFO | Good expert min 1230.2067909395505 All expert min 1230.2067909395505
2023-06-13 15:10:30,746 | INFO | Good expert min 1138.735801585876 All expert min 1138.735801585876
2023-06-13 15:10:31,387 | INFO | Good expert min 1680.3131587224816 All expert min 1680.3131587224816
2023-06-13 15:10:31,972 | INFO | Good expert min 1353.374456004791 All expert min 1353.374456004791
2023-06-13 15:10:32,014 | INFO | Actual Duration 5.791092, Average Expert Duration 3.073079411764706
2023-06-13 15:10:32,065 | INFO | {'speed': 'good', 'correction': ['Good right shoulder', 'Good left shoulder', 'Good right elbow', 'Good left elbow'], 'evaluation': [1, 1, 1, 1]}
2023-06-13 15:10:32,116 | INFO | Evaluation case  with message - 
2023-06-13 15:10:32,162 | INFO | Speed case  with message - 
2023-06-13 15:10:32,208 | INFO | Moving from [-0.1960559978328107, -1.1099225009569147, -0.016605061130673615, -1.0251268392011499, 0.19815471272137045] to [-0.2526080290751568, -1.0855756998817563, 0.015966904832342865, -1.004414438306024, 0.27860186376742613] for duration 2
2023-06-13 15:10:35,323 | INFO | Current peak 271
2023-06-13 15:10:35,604 | INFO | Good expert min 980.0548724585249 All expert min 880.8482998760318
2023-06-13 15:10:36,150 | INFO | Good expert min 1333.6933115399613 All expert min 1333.6933115399613
2023-06-13 15:10:36,660 | INFO | Good expert min 746.5697449805361 All expert min 746.5697449805361
2023-06-13 15:10:37,236 | INFO | Good expert min 874.8290440654044 All expert min 874.8290440654044
2023-06-13 15:10:37,272 | INFO | Actual Duration 5.40006, Average Expert Duration 3.073079411764706
2023-06-13 15:10:37,323 | INFO | {'speed': 'good', 'correction': ['high range of motion right shoulder', 'Good left shoulder', 'Good right elbow', 'Good left elbow'], 'evaluation': [-1, 1, 1, 1]}
2023-06-13 15:10:37,379 | INFO | Evaluation case  with message - 
2023-06-13 15:10:37,430 | INFO | Speed case 4b with message - Good speed, keep it up.
2023-06-13 15:10:37,471 | INFO | Robot says: Good speed, keep it up.
2023-06-13 15:10:37,512 | INFO | Moving from [0, -0.8, 0, -0.8, 0.0525] to [-0.2, -1.1, 0, -1.1, 0.2] for duration 4
2023-06-13 15:10:41,578 | INFO | Robot smiling at intensity 0.6 for duration 4
2023-06-13 15:10:43,237 | INFO | Current peak 318
2023-06-13 15:10:43,726 | INFO | Good expert min 661.492869559399 All expert min 435.7781203091687
2023-06-13 15:10:44,210 | INFO | Good expert min 703.6044578797697 All expert min 602.8686504291688
2023-06-13 15:10:44,703 | INFO | Good expert min 914.5213553408175 All expert min 914.5213553408175
2023-06-13 15:10:45,275 | INFO | Good expert min 990.4387636385749 All expert min 711.4386176721295
2023-06-13 15:10:45,311 | INFO | Actual Duration 7.774727, Average Expert Duration 3.073079411764706
2023-06-13 15:10:45,362 | INFO | {'speed': 'good', 'correction': ['low range of motion right shoulder', 'low range of motion left shoulder', 'Good right elbow', 'low range of motion left elbow'], 'evaluation': [-1, -1, 1, -1]}
2023-06-13 15:10:45,408 | INFO | Evaluation case  with message - 
2023-06-13 15:10:45,454 | INFO | Speed case  with message - 
2023-06-13 15:10:45,510 | INFO | Moving from [-0.281831831136381, -1.0096720471904377, -0.09281295225884685, -1.0993823917701153, 0.1767403946260472] to [-0.12841721495043365, -1.1164334724660447, 0.058696824059183805, -1.1095789331001553, 0.15896703173411506] for duration 2
2023-06-13 15:10:47,606 | INFO | Current peak 364
2023-06-13 15:10:48,176 | INFO | Good expert min 514.9494059830221 All expert min 461.73674059763795
2023-06-13 15:10:48,725 | INFO | Good expert min 812.4168389991056 All expert min 719.1001977645084
2023-06-13 15:10:49,197 | INFO | Good expert min 927.1848228255467 All expert min 927.1848228255467
2023-06-13 15:10:49,729 | INFO | Good expert min 843.7929607108874 All expert min 805.1512998052154
2023-06-13 15:10:49,776 | INFO | Actual Duration 4.640832, Average Expert Duration 3.073079411764706
2023-06-13 15:10:49,827 | INFO | {'speed': 'good', 'correction': ['low range of motion right shoulder', 'low range of motion left shoulder', 'Good right elbow', 'low range of motion left elbow'], 'evaluation': [-1, -1, 1, -1]}
2023-06-13 15:10:49,873 | INFO | Evaluation case 1c with message - Focus on fully extending your arms to 90 degrees.
2023-06-13 15:10:49,929 | INFO | Speed case  with message - 
2023-06-13 15:10:49,980 | INFO | Robot says: Focus on fully extending your arms to 90 degrees.
2023-06-13 15:10:50,032 | INFO | Moving from [-0.2, -1.1, 0, -1.1, -0.1175] to [-0.2, -1.1, 0, -1.1, -0.1175] for duration 4
2023-06-13 15:10:54,102 | INFO | Robot frowning at intensity 0.5 for duration 4
2023-06-13 15:10:54,613 | INFO | Current peak 387
2023-06-13 15:10:55,187 | INFO | Good expert min 489.28579699331715 All expert min 385.79499418688556
2023-06-13 15:10:55,685 | INFO | Good expert min 811.7768373490774 All expert min 397.3874153587482
2023-06-13 15:10:56,232 | INFO | Good expert min 1303.500792432185 All expert min 595.5455289836165
2023-06-13 15:10:56,872 | INFO | Good expert min 889.8814097648111 All expert min 622.3561156636853
2023-06-13 15:10:56,923 | INFO | Actual Duration 7.072134, Average Expert Duration 3.073079411764706
2023-06-13 15:10:56,969 | INFO | {'speed': 'good', 'correction': ['low range of motion right shoulder', 'low range of motion left shoulder', 'low range of motion right elbow', 'low range of motion left elbow'], 'evaluation': [-1, -1, -1, -1]}
2023-06-13 15:10:57,020 | INFO | Evaluation case  with message - 
2023-06-13 15:10:57,071 | INFO | Speed case  with message - 
2023-06-13 15:10:57,122 | INFO | Moving from [-0.218097393166063, -1.1481026996889132, 0.046977862165786394, -1.0824324574252866, -0.06192910322969605] to [-0.12669157708567302, -1.084581645709518, 0.05355851515704477, -1.1047702970879254, -0.06807862064094017] for duration 2
2023-06-13 15:10:59,046 | INFO | Current peak 413
2023-06-13 15:10:59,543 | INFO | Good expert min 300.19550430266145 All expert min 300.19550430266145
2023-06-13 15:11:00,164 | INFO | Good expert min 594.664212074829 All expert min 264.06455949840836
2023-06-13 15:11:00,762 | INFO | Good expert min 1030.025972630453 All expert min 686.7574473761637
2023-06-13 15:11:01,320 | INFO | Good expert min 819.4550766511054 All expert min 552.0106983661061
2023-06-13 15:11:01,356 | INFO | Actual Duration 4.315757, Average Expert Duration 3.073079411764706
2023-06-13 15:11:01,397 | INFO | {'speed': 'good', 'correction': ['Good right shoulder', 'low range of motion left shoulder', 'low range of motion right elbow', 'low range of motion left elbow'], 'evaluation': [1, -1, -1, -1]}
2023-06-13 15:11:01,448 | INFO | Evaluation case  with message - 
2023-06-13 15:11:01,499 | INFO | Speed case 4b with message - Nice speed, keep going.
2023-06-13 15:11:01,545 | INFO | Robot says: Nice speed, keep going.
2023-06-13 15:11:01,607 | INFO | Moving from [0, -0.8, 0, -0.8, 0.0525] to [-0.2, -1.1, 0, -1.1, -0.1175] for duration 4
2023-06-13 15:11:05,667 | INFO | Robot smiling at intensity 0.6 for duration 4
2023-06-13 15:11:06,253 | INFO | -------------------Done with exercise
2023-06-13 15:11:06,253 | INFO | Robot says: Almost done.
2023-06-13 15:11:06,299 | INFO | Good expert min 348.9711983356188 All expert min 348.9711983356188
2023-06-13 15:11:06,325 | INFO | Good expert min 498.40231043269 All expert min 225.11570215420076
2023-06-13 15:11:06,349 | INFO | Good expert min 1115.5521980494361 All expert min 679.8714739752186
2023-06-13 15:11:06,391 | INFO | Good expert min 820.1496039995205 All expert min 464.63113670598807
2023-06-13 15:11:06,391 | INFO | Actual Duration -7.510462, Average Expert Duration 3.073079411764706
2023-06-13 15:11:06,392 | INFO | {'speed': 'fast', 'correction': ['Good right shoulder', 'low range of motion left shoulder', 'low range of motion right elbow', 'low range of motion left elbow'], 'evaluation': [1, -1, -1, -1]}
2023-06-13 15:11:06,392 | INFO | Evaluation case 1c with message - Make sure your arms reach 90 degrees
2023-06-13 15:11:06,392 | INFO | Speed case  with message - 
2023-06-13 15:11:06,392 | INFO | Skipping Make sure your arms reach 90 degrees
2023-06-13 15:11:06,392 | INFO | Moving from [-0.2, -1.1, 0, -1.1, -0.1175] to [-0.2, -1.1, 0, -1.1, -0.1175] for duration 4
2023-06-13 15:11:09,257 | INFO | Robot says: Rest.
2023-06-13 15:11:10,397 | INFO | Robot frowning at intensity 0.5 for duration 4
2023-06-13 15:11:11,259 | INFO | Robot smiling at intensity 0.6 for duration 4
2023-06-13 15:11:11,259 | INFO | Robot says: Using the scale next to you, how difficult was that last set, from 1 to 10?
2023-06-13 15:11:11,259 | INFO | Moving arm from sides to up
2023-06-13 15:11:11,260 | INFO | Moving from [-0.2, -1.1, 0, -1.1, -0.1175] to [1.7, -1.1, 0, -1.1, -0.1175] for duration 4
2023-06-13 15:11:13,263 | INFO | Total Number of Reps 8
2023-06-13 15:11:13,263 | INFO | Total Angles 446
2023-06-13 15:11:13,264 | INFO | topic impl's ref count is zero, deleting topic /joint_angles...
2023-06-13 15:11:13,265 | INFO | topic[/joint_angles] removing connection to http://172.26.171.145:41569/
2023-06-13 15:11:13,273 | INFO | Saved file Participant_12_Round_3_Robot_2_Exercise_lateral_raises_Set_2.npz
2023-06-13 15:11:21,282 | INFO | Robot says: Please walk over to the researcher to fill out a survey.
2023-06-13 15:11:21,284 | INFO | signal_shutdown [atexit]
2023-06-13 15:11:21,543 | INFO | topic[/rosout] removing connection to /rosout
2023-06-13 15:11:21,543 | INFO | topic[/quori_sound] removing connection to /quori_sound
2023-06-13 15:11:21,543 | INFO | topic[/quori/joint_trajectory_controller/command] removing connection to /quori/quori_controller
2023-06-13 15:11:21,544 | INFO | topic[/quori/face_generator_emotion] removing connection to /rosbridge_websocket
2023-06-13 15:11:21,544 | INFO | atexit
