2023-06-20 13:19:34,442 | INFO | =====================================
2023-06-20 13:19:34,442 | INFO | STARTING SET 2 OF lateral_raises
2023-06-20 13:19:34,443 | INFO | =====================================
2023-06-20 13:19:34,443 | INFO | Moving arm from up to halfway
2023-06-20 13:19:34,443 | INFO | Moving from [1.7, -1.1, 0, -1.1, 0] to [1.1, -1.1, 0, -1.1, 0] for duration 4
2023-06-20 13:19:34,446 | INFO | topic[/joint_angles] adding connection to [http://172.26.171.145:36849/], count 0
2023-06-20 13:19:38,449 | INFO | Robot says: Get ready for set 2 out of 2 of lateral raises
2023-06-20 13:19:44,456 | INFO | -------------------Recording!
2023-06-20 13:19:44,456 | INFO | Moving arm from halfway to sides
2023-06-20 13:19:44,456 | INFO | Moving from [1.1, -1.1, 0, -1.1, 0] to [0, -1.1, 0, -1.1, 0] for duration 4
2023-06-20 13:19:46,459 | INFO | Robot says: Start lateral raises now
2023-06-20 13:19:51,711 | INFO | Current peak 117
2023-06-20 13:20:05,694 | INFO | Current peak 494
2023-06-20 13:20:34,456 | INFO | -------------------Done with exercise
2023-06-20 13:20:34,456 | INFO | Robot says: Almost done.
2023-06-20 13:20:37,459 | INFO | Robot says: Rest.
2023-06-20 13:20:37,459 | INFO | Robot says: Using the scale next to you, how difficult was that last set, from 1 to 10?
2023-06-20 13:20:37,460 | INFO | Moving arm from sides to up
2023-06-20 13:20:37,460 | INFO | Moving from [0, -1.1, 0, -1.1, 0] to [1.7, -1.1, 0, -1.1, 0] for duration 4
2023-06-20 13:20:39,463 | INFO | Total Number of Reps 1
2023-06-20 13:20:39,463 | INFO | Total Angles 520
2023-06-20 13:20:39,464 | INFO | topic impl's ref count is zero, deleting topic /joint_angles...
2023-06-20 13:20:39,464 | INFO | topic[/joint_angles] removing connection to http://172.26.171.145:36849/
2023-06-20 13:20:39,471 | INFO | Saved file Participant_22_Round_1_Robot_1_Exercise_lateral_raises_Set_2.npz
2023-06-20 13:20:47,480 | INFO | Robot says: Please walk over to the researcher to fill out a survey.
2023-06-20 13:21:02,744 | INFO | signal_shutdown [signal-2]
2023-06-20 13:21:02,744 | INFO | signal_shutdown [signal-2]
2023-06-20 13:21:02,806 | WARNING | unclean shutdown
Traceback (most recent call last):
  File "/opt/ros/noetic/lib/python3/dist-packages/rospy/impl/registration.py", line 375, in cleanup
    multi()
  File "/usr/lib/python3.8/xmlrpc/client.py", line 879, in __call__
    return MultiCallIterator(self.__server.system.multicall(marshalled_list))
  File "/usr/lib/python3.8/xmlrpc/client.py", line 1109, in __call__
    return self.__send(self.__name, args)
  File "/opt/ros/noetic/lib/python3/dist-packages/rospy/core.py", line 669, in _ServerProxy__request
    return xmlrpcclient.ServerProxy._ServerProxy__request(
  File "/usr/lib/python3.8/xmlrpc/client.py", line 1450, in __request
    response = self.__transport.request(
  File "/usr/lib/python3.8/xmlrpc/client.py", line 1153, in request
    return self.single_request(host, handler, request_body, verbose)
  File "/usr/lib/python3.8/xmlrpc/client.py", line 1169, in single_request
    return self.parse_response(resp)
  File "/usr/lib/python3.8/xmlrpc/client.py", line 1341, in parse_response
    return u.close()
  File "/usr/lib/python3.8/xmlrpc/client.py", line 655, in close
    raise Fault(**self._stack[0])
xmlrpc.client.Fault: <Fault 1: "<class 'xml.parsers.expat.ExpatError'>:syntax error: line 1, column 0">

2023-06-20 13:21:02,807 | INFO | topic[/rosout] removing connection to /rosout
2023-06-20 13:21:02,807 | WARNING | unclean shutdown
Traceback (most recent call last):
  File "/opt/ros/noetic/lib/python3/dist-packages/rospy/impl/registration.py", line 375, in cleanup
    multi()
  File "/usr/lib/python3.8/xmlrpc/client.py", line 879, in __call__
    return MultiCallIterator(self.__server.system.multicall(marshalled_list))
  File "/usr/lib/python3.8/xmlrpc/client.py", line 1109, in __call__
    return self.__send(self.__name, args)
  File "/opt/ros/noetic/lib/python3/dist-packages/rospy/core.py", line 669, in _ServerProxy__request
    return xmlrpcclient.ServerProxy._ServerProxy__request(
  File "/usr/lib/python3.8/xmlrpc/client.py", line 1450, in __request
    response = self.__transport.request(
  File "/usr/lib/python3.8/xmlrpc/client.py", line 1153, in request
    return self.single_request(host, handler, request_body, verbose)
  File "/usr/lib/python3.8/xmlrpc/client.py", line 1166, in single_request
    resp = http_conn.getresponse()
  File "/usr/lib/python3.8/http/client.py", line 1348, in getresponse
    response.begin()
  File "/usr/lib/python3.8/http/client.py", line 316, in begin
    version, status, reason = self._read_status()
  File "/usr/lib/python3.8/http/client.py", line 298, in _read_status
    raise BadStatusLine(line)
http.client.BadStatusLine: <!DOCTYPE HTML PUBLIC "-//W3C//DTD HTML 4.01//EN"


2023-06-20 13:21:02,807 | INFO | topic[/quori_sound] removing connection to /quori_sound
2023-06-20 13:21:02,808 | INFO | topic[/rosout] removing connection to /rosout
2023-06-20 13:21:02,808 | INFO | topic[/quori_sound] removing connection to /quori_sound
2023-06-20 13:21:02,808 | INFO | topic[/quori/joint_trajectory_controller/command] removing connection to /quori/quori_controller
2023-06-20 13:21:02,808 | INFO | topic[/quori/joint_trajectory_controller/command] removing connection to /quori/quori_controller
2023-06-20 13:21:02,808 | INFO | topic[/quori/face_generator_emotion] removing connection to /rosbridge_websocket
2023-06-20 13:21:02,809 | INFO | topic[/quori/face_generator_emotion] removing connection to /rosbridge_websocket
2023-06-20 13:21:02,809 | INFO | signal-2
2023-06-20 13:21:02,809 | INFO | topic[/joint_angles] removing connection to http://172.26.171.145:36849/
2023-06-20 13:21:02,809 | INFO | signal-2
