2023-06-20 13:17:53,884 | INFO | =====================================
2023-06-20 13:17:53,885 | INFO | STARTING SET 1 OF lateral_raises
2023-06-20 13:17:53,885 | INFO | =====================================
2023-06-20 13:17:53,885 | INFO | Moving arm from up to halfway
2023-06-20 13:17:53,885 | INFO | Moving from [1.7, -1.1, 0, -1.1, 0] to [1.1, -1.1, 0, -1.1, 0] for duration 4
2023-06-20 13:17:53,886 | INFO | topic[/joint_angles] adding connection to [http://172.26.171.145:36849/], count 0
2023-06-20 13:17:57,889 | INFO | Robot says: Get ready for set 1 out of 2 of lateral raises
2023-06-20 13:18:03,890 | INFO | -------------------Recording!
2023-06-20 13:18:03,891 | INFO | Moving arm from halfway to sides
2023-06-20 13:18:03,891 | INFO | Moving from [1.1, -1.1, 0, -1.1, 0] to [0, -1.1, 0, -1.1, 0] for duration 4
2023-06-20 13:18:05,894 | INFO | Robot says: Start lateral raises now
2023-06-20 13:18:15,893 | INFO | Current peak 244
2023-06-20 13:18:17,807 | INFO | Current peak 308
2023-06-20 13:18:18,304 | INFO | Good expert min 765.825187328605 All expert min 487.40997194911023
2023-06-20 13:18:18,819 | INFO | Good expert min 684.5937898139131 All expert min 684.5937898139131
2023-06-20 13:18:19,421 | INFO | Good expert min 1326.3184952868319 All expert min 730.0172713787965
2023-06-20 13:18:19,883 | INFO | Good expert min 1050.6292732586235 All expert min 812.0228359319518
2023-06-20 13:18:19,903 | INFO | Actual Duration 2.120067, Average Expert Duration 3.073079411764706
2023-06-20 13:18:19,939 | INFO | {'speed': 'good', 'correction': ['low range of motion right shoulder', 'Good left shoulder', 'low range of motion right elbow', 'low range of motion left elbow'], 'evaluation': [-1, 1, -1, -1]}
2023-06-20 13:18:19,980 | INFO | Evaluation case  with message - 
2023-06-20 13:18:20,021 | INFO | Speed case  with message - 
2023-06-20 13:18:20,057 | INFO | Moving from [-0.024191691991541073, -1.1920500540370087, 0.014114832451879902, -1.023495476363508, -0.05014774034924743] to [0.06485051500399108, -1.19806004621234, 0.08211138706516094, -1.0423606775877166, -0.081866004044917] for duration 2
2023-06-20 13:18:22,172 | INFO | Current peak 343
2023-06-20 13:18:22,740 | INFO | Good expert min 650.3445542957595 All expert min 308.2452862150482
2023-06-20 13:18:23,339 | INFO | Good expert min 572.4935618628494 All expert min 336.86914194253546
2023-06-20 13:18:23,793 | INFO | Good expert min 1268.8150327969151 All expert min 449.69793387923926
2023-06-20 13:18:24,257 | INFO | Good expert min 781.7361392354015 All expert min 443.2409783695152
2023-06-20 13:18:24,283 | INFO | Actual Duration 4.200083, Average Expert Duration 3.073079411764706
2023-06-20 13:18:24,324 | INFO | {'speed': 'good', 'correction': ['low range of motion right shoulder', 'low range of motion left shoulder', 'low range of motion right elbow', 'low range of motion left elbow'], 'evaluation': [-1, -1, -1, -1]}
2023-06-20 13:18:24,365 | INFO | Evaluation case 1c with message - 
2023-06-20 13:18:24,401 | INFO | Speed case  with message - 
2023-06-20 13:18:24,441 | INFO | Moving from [0.05977429347509658, -1.1359698007002335, -0.07571484899547393, -1.054826150012741, -0.08974249153140264] to [-0.07281969735719851, -1.1321425545064872, -0.05856422989939221, -1.1647443499200363, 0.05180058720263442] for duration 2
2023-06-20 13:18:26,361 | INFO | Current peak 371
2023-06-20 13:18:26,887 | INFO | Good expert min 688.1846597923039 All expert min 306.29036060275445
2023-06-20 13:18:27,426 | INFO | Good expert min 543.5257320536467 All expert min 349.80871595543573
2023-06-20 13:18:27,969 | INFO | Good expert min 1322.9395335702302 All expert min 437.2764738194617
2023-06-20 13:18:28,490 | INFO | Good expert min 764.8234562734373 All expert min 346.73739672518974
2023-06-20 13:18:28,516 | INFO | Actual Duration 4.098529, Average Expert Duration 3.073079411764706
2023-06-20 13:18:28,552 | INFO | {'speed': 'good', 'correction': ['low range of motion right shoulder', 'low range of motion left shoulder', 'low range of motion right elbow', 'low range of motion left elbow'], 'evaluation': [-1, -1, -1, -1]}
2023-06-20 13:18:28,593 | INFO | Evaluation case  with message - 
2023-06-20 13:18:28,633 | INFO | Speed case 4b with message - 
2023-06-20 13:18:28,669 | INFO | Moving from [-0.06575679345415449, -1.0388057285182928, 0.085595082556672, -1.0993719833655538, -0.03843320690479597] to [0.07455509704520244, -1.100437547631079, -0.050049063095050396, -1.011224032965223, -0.09969959923395406] for duration 2
2023-06-20 13:18:30,197 | INFO | Current peak 390
2023-06-20 13:18:30,778 | INFO | Good expert min 400.670148476552 All expert min 247.28143298074497
2023-06-20 13:18:31,276 | INFO | Good expert min 443.96616605524747 All expert min 329.2945129444403
2023-06-20 13:18:31,768 | INFO | Good expert min 1013.2625818702336 All expert min 434.1001069966373
2023-06-20 13:18:32,290 | INFO | Good expert min 764.6124537868021 All expert min 403.962456415714
2023-06-20 13:18:32,331 | INFO | Actual Duration 3.890848, Average Expert Duration 3.073079411764706
2023-06-20 13:18:32,367 | INFO | {'speed': 'good', 'correction': ['low range of motion right shoulder', 'low range of motion left shoulder', 'low range of motion right elbow', 'low range of motion left elbow'], 'evaluation': [-1, -1, -1, -1]}
2023-06-20 13:18:32,403 | INFO | Evaluation case  with message - 
2023-06-20 13:18:32,444 | INFO | Speed case  with message - 
2023-06-20 13:18:32,490 | INFO | Moving from [0.090528364546966, -1.028861214528452, -0.05732607941704404, -1.1789363985272325, 0.023107462690273667] to [0.05355668873455627, -1.1249998209694638, 0.07131597216250898, -1.0332174799004792, 0.021802118894993214] for duration 2
2023-06-20 13:18:34,403 | INFO | Current peak 423
2023-06-20 13:18:34,976 | INFO | Good expert min 510.7535717236544 All expert min 251.59527186080248
2023-06-20 13:18:35,531 | INFO | Good expert min 492.11346690850183 All expert min 296.9155532082816
2023-06-20 13:18:36,043 | INFO | Good expert min 1180.9046890288034 All expert min 439.1546093325667
2023-06-20 13:18:36,636 | INFO | Good expert min 706.4777871393665 All expert min 293.6943535339478
2023-06-20 13:18:36,672 | INFO | Actual Duration 4.194695, Average Expert Duration 3.073079411764706
2023-06-20 13:18:36,713 | INFO | {'speed': 'good', 'correction': ['low range of motion right shoulder', 'low range of motion left shoulder', 'low range of motion right elbow', 'low range of motion left elbow'], 'evaluation': [-1, -1, -1, -1]}
2023-06-20 13:18:36,754 | INFO | Evaluation case 1c with message - 
2023-06-20 13:18:36,795 | INFO | Speed case  with message - 
2023-06-20 13:18:36,836 | INFO | Moving from [-0.08719395154950699, -1.0776843777799292, -0.06811534555490406, -1.1118056701235643, -0.08655360301221607] to [0.018981097464607438, -1.1692549124251153, 0.034694584430051606, -1.0212910109558413, 0.014255880050749667] for duration 2
2023-06-20 13:18:38,654 | INFO | Current peak 459
2023-06-20 13:18:39,187 | INFO | Good expert min 625.2387117742944 All expert min 347.62589678137317
2023-06-20 13:18:39,688 | INFO | Good expert min 808.575238595768 All expert min 471.06885285235177
2023-06-20 13:18:40,187 | INFO | Good expert min 1393.0652238602088 All expert min 516.4749134836027
2023-06-20 13:18:40,719 | INFO | Good expert min 975.9237132515843 All expert min 409.57765395282183
2023-06-20 13:18:40,750 | INFO | Actual Duration 4.463892, Average Expert Duration 3.073079411764706
2023-06-20 13:18:40,791 | INFO | {'speed': 'good', 'correction': ['low range of motion right shoulder', 'low range of motion left shoulder', 'low range of motion right elbow', 'low range of motion left elbow'], 'evaluation': [-1, -1, -1, -1]}
2023-06-20 13:18:40,832 | INFO | Evaluation case  with message - 
2023-06-20 13:18:40,873 | INFO | Speed case  with message - 
2023-06-20 13:18:40,919 | INFO | Moving from [-0.006664318627614671, -1.087442145166625, -0.09247309868999605, -1.1918376200673524, -0.0835909332125068] to [0.007998295829789975, -1.0601358671613965, -0.07612067475156566, -1.1262168827372188, -0.043557167345751414] for duration 2
2023-06-20 13:18:43,044 | INFO | Current peak 495
2023-06-20 13:18:43,530 | INFO | Good expert min 545.9896624529102 All expert min 264.23376503823414
2023-06-20 13:18:44,175 | INFO | Good expert min 646.4034526079877 All expert min 356.897822463161
2023-06-20 13:18:44,835 | INFO | Good expert min 1247.8089565646078 All expert min 523.838318989472
2023-06-20 13:18:45,378 | INFO | Good expert min 825.331831047169 All expert min 301.24050826414856
2023-06-20 13:18:45,414 | INFO | Actual Duration 4.286821, Average Expert Duration 3.073079411764706
2023-06-20 13:18:45,455 | INFO | {'speed': 'good', 'correction': ['low range of motion right shoulder', 'low range of motion left shoulder', 'low range of motion right elbow', 'low range of motion left elbow'], 'evaluation': [-1, -1, -1, -1]}
2023-06-20 13:18:45,491 | INFO | Evaluation case  with message - 
2023-06-20 13:18:45,532 | INFO | Speed case 4b with message - 
2023-06-20 13:18:45,578 | INFO | Moving from [-0.025663128737218655, -1.0900125321725762, -0.09773373546343928, -1.0018299193321172, -0.08192192070578819] to [0.0721977690351285, -1.067513742394462, 0.0019538849984003653, -1.1993188848761394, -0.0005286684770360595] for duration 2
2023-06-20 13:18:47,539 | INFO | Current peak 528
2023-06-20 13:18:48,093 | INFO | Good expert min 494.62714417208923 All expert min 205.7963553255346
2023-06-20 13:18:48,494 | INFO | Good expert min 578.3054785380004 All expert min 322.5436798869059
2023-06-20 13:18:49,129 | INFO | Good expert min 1114.2911770167184 All expert min 313.9412128353825
2023-06-20 13:18:49,629 | INFO | Good expert min 823.5454462282516 All expert min 322.9231704898183
2023-06-20 13:18:49,665 | INFO | Actual Duration 4.539502, Average Expert Duration 3.073079411764706
2023-06-20 13:18:49,701 | INFO | {'speed': 'good', 'correction': ['low range of motion right shoulder', 'low range of motion left shoulder', 'low range of motion right elbow', 'low range of motion left elbow'], 'evaluation': [-1, -1, -1, -1]}
2023-06-20 13:18:49,737 | INFO | Evaluation case 1c with message - 
2023-06-20 13:18:49,777 | INFO | Speed case  with message - 
2023-06-20 13:18:49,808 | INFO | Moving from [-0.05597772201634526, -1.0831409203426752, 0.07861300393552467, -1.1748145545896111, -0.04356508780395057] to [-0.03958837968141651, -1.0570703923755087, -0.04689041081753201, -1.157755136289035, -0.04240857656503039] for duration 2
2023-06-20 13:18:51,308 | INFO | Current peak 547
2023-06-20 13:18:51,308 | INFO | -------------------Done with exercise
2023-06-20 13:18:51,308 | INFO | Robot says: Almost done.
2023-06-20 13:18:51,338 | INFO | Good expert min 666.3409309932708 All expert min 287.3961018576799
2023-06-20 13:18:51,363 | INFO | Good expert min 641.6363078262294 All expert min 315.0264793056489
2023-06-20 13:18:51,388 | INFO | Good expert min 1252.2862132933435 All expert min 356.5453592967982
2023-06-20 13:18:51,416 | INFO | Good expert min 678.6790641539477 All expert min 260.85527296015806
2023-06-20 13:18:51,416 | INFO | Actual Duration 3.800093, Average Expert Duration 3.073079411764706
2023-06-20 13:18:51,416 | INFO | {'speed': 'good', 'correction': ['low range of motion right shoulder', 'low range of motion left shoulder', 'low range of motion right elbow', 'low range of motion left elbow'], 'evaluation': [-1, -1, -1, -1]}
2023-06-20 13:18:51,417 | INFO | Evaluation case  with message - 
2023-06-20 13:18:51,417 | INFO | Speed case  with message - 
2023-06-20 13:18:51,417 | INFO | Moving from [0.08056984492802419, -1.081431893794213, 0.06226892612939244, -1.0033317625823148, -0.012375871065180608] to [0.06440823693074413, -1.1773341780997868, 0.03812788446186979, -1.0845681122370248, 0.08883089578819856] for duration 2
2023-06-20 13:18:54,315 | INFO | Robot says: Rest.
2023-06-20 13:18:54,316 | INFO | Robot says: Using the scale next to you, how difficult was that last set, from 1 to 10?
2023-06-20 13:18:54,317 | INFO | Moving arm from sides to up
2023-06-20 13:18:54,317 | INFO | Moving from [0, -1.1, 0, -1.1, 0] to [1.7, -1.1, 0, -1.1, 0] for duration 4
2023-06-20 13:18:56,319 | INFO | Total Number of Reps 9
2023-06-20 13:18:56,319 | INFO | Total Angles 550
2023-06-20 13:18:56,319 | INFO | topic impl's ref count is zero, deleting topic /joint_angles...
2023-06-20 13:18:56,320 | INFO | topic[/joint_angles] removing connection to http://172.26.171.145:36849/
2023-06-20 13:18:56,320 | INFO | topic[/joint_angles] removing connection to http://172.26.171.145:36849/
2023-06-20 13:18:56,327 | INFO | Saved file Participant_22_Round_1_Robot_1_Exercise_lateral_raises_Set_1.npz
2023-06-20 13:19:14,316 | INFO | Robot says: Rest for 20 more seconds.
2023-06-20 13:19:34,442 | INFO | =====================================
2023-06-20 13:19:34,442 | INFO | STARTING SET 2 OF lateral_raises
2023-06-20 13:19:34,443 | INFO | =====================================
2023-06-20 13:19:34,443 | INFO | Moving arm from up to halfway
2023-06-20 13:19:34,443 | INFO | Moving from [1.7, -1.1, 0, -1.1, 0] to [1.1, -1.1, 0, -1.1, 0] for duration 4
2023-06-20 13:19:34,446 | INFO | topic[/joint_angles] adding connection to [http://172.26.171.145:36849/], count 0
2023-06-20 13:19:38,449 | INFO | Robot says: Get ready for set 2 out of 2 of lateral raises
2023-06-20 13:19:44,456 | INFO | -------------------Recording!
2023-06-20 13:19:44,456 | INFO | Moving arm from halfway to sides
2023-06-20 13:19:44,456 | INFO | Moving from [1.1, -1.1, 0, -1.1, 0] to [0, -1.1, 0, -1.1, 0] for duration 4
2023-06-20 13:19:46,459 | INFO | Robot says: Start lateral raises now
2023-06-20 13:19:51,711 | INFO | Current peak 117
2023-06-20 13:20:05,694 | INFO | Current peak 494
2023-06-20 13:20:34,456 | INFO | -------------------Done with exercise
2023-06-20 13:20:34,456 | INFO | Robot says: Almost done.
2023-06-20 13:20:37,459 | INFO | Robot says: Rest.
2023-06-20 13:20:37,459 | INFO | Robot says: Using the scale next to you, how difficult was that last set, from 1 to 10?
2023-06-20 13:20:37,460 | INFO | Moving arm from sides to up
2023-06-20 13:20:37,460 | INFO | Moving from [0, -1.1, 0, -1.1, 0] to [1.7, -1.1, 0, -1.1, 0] for duration 4
2023-06-20 13:20:39,463 | INFO | Total Number of Reps 1
2023-06-20 13:20:39,463 | INFO | Total Angles 520
2023-06-20 13:20:39,464 | INFO | topic impl's ref count is zero, deleting topic /joint_angles...
2023-06-20 13:20:39,464 | INFO | topic[/joint_angles] removing connection to http://172.26.171.145:36849/
2023-06-20 13:20:39,471 | INFO | Saved file Participant_22_Round_1_Robot_1_Exercise_lateral_raises_Set_2.npz
2023-06-20 13:20:47,480 | INFO | Robot says: Please walk over to the researcher to fill out a survey.
2023-06-20 13:21:02,744 | INFO | signal_shutdown [signal-2]
2023-06-20 13:21:02,744 | INFO | signal_shutdown [signal-2]
2023-06-20 13:21:02,806 | WARNING | unclean shutdown
Traceback (most recent call last):
  File "/opt/ros/noetic/lib/python3/dist-packages/rospy/impl/registration.py", line 375, in cleanup
    multi()
  File "/usr/lib/python3.8/xmlrpc/client.py", line 879, in __call__
    return MultiCallIterator(self.__server.system.multicall(marshalled_list))
  File "/usr/lib/python3.8/xmlrpc/client.py", line 1109, in __call__
    return self.__send(self.__name, args)
  File "/opt/ros/noetic/lib/python3/dist-packages/rospy/core.py", line 669, in _ServerProxy__request
    return xmlrpcclient.ServerProxy._ServerProxy__request(
  File "/usr/lib/python3.8/xmlrpc/client.py", line 1450, in __request
    response = self.__transport.request(
  File "/usr/lib/python3.8/xmlrpc/client.py", line 1153, in request
    return self.single_request(host, handler, request_body, verbose)
  File "/usr/lib/python3.8/xmlrpc/client.py", line 1169, in single_request
    return self.parse_response(resp)
  File "/usr/lib/python3.8/xmlrpc/client.py", line 1341, in parse_response
    return u.close()
  File "/usr/lib/python3.8/xmlrpc/client.py", line 655, in close
    raise Fault(**self._stack[0])
xmlrpc.client.Fault: <Fault 1: "<class 'xml.parsers.expat.ExpatError'>:syntax error: line 1, column 0">

2023-06-20 13:21:02,807 | INFO | topic[/rosout] removing connection to /rosout
2023-06-20 13:21:02,807 | WARNING | unclean shutdown
Traceback (most recent call last):
  File "/opt/ros/noetic/lib/python3/dist-packages/rospy/impl/registration.py", line 375, in cleanup
    multi()
  File "/usr/lib/python3.8/xmlrpc/client.py", line 879, in __call__
    return MultiCallIterator(self.__server.system.multicall(marshalled_list))
  File "/usr/lib/python3.8/xmlrpc/client.py", line 1109, in __call__
    return self.__send(self.__name, args)
  File "/opt/ros/noetic/lib/python3/dist-packages/rospy/core.py", line 669, in _ServerProxy__request
    return xmlrpcclient.ServerProxy._ServerProxy__request(
  File "/usr/lib/python3.8/xmlrpc/client.py", line 1450, in __request
    response = self.__transport.request(
  File "/usr/lib/python3.8/xmlrpc/client.py", line 1153, in request
    return self.single_request(host, handler, request_body, verbose)
  File "/usr/lib/python3.8/xmlrpc/client.py", line 1166, in single_request
    resp = http_conn.getresponse()
  File "/usr/lib/python3.8/http/client.py", line 1348, in getresponse
    response.begin()
  File "/usr/lib/python3.8/http/client.py", line 316, in begin
    version, status, reason = self._read_status()
  File "/usr/lib/python3.8/http/client.py", line 298, in _read_status
    raise BadStatusLine(line)
http.client.BadStatusLine: <!DOCTYPE HTML PUBLIC "-//W3C//DTD HTML 4.01//EN"


2023-06-20 13:21:02,807 | INFO | topic[/quori_sound] removing connection to /quori_sound
2023-06-20 13:21:02,808 | INFO | topic[/rosout] removing connection to /rosout
2023-06-20 13:21:02,808 | INFO | topic[/quori_sound] removing connection to /quori_sound
2023-06-20 13:21:02,808 | INFO | topic[/quori/joint_trajectory_controller/command] removing connection to /quori/quori_controller
2023-06-20 13:21:02,808 | INFO | topic[/quori/joint_trajectory_controller/command] removing connection to /quori/quori_controller
2023-06-20 13:21:02,808 | INFO | topic[/quori/face_generator_emotion] removing connection to /rosbridge_websocket
2023-06-20 13:21:02,809 | INFO | topic[/quori/face_generator_emotion] removing connection to /rosbridge_websocket
2023-06-20 13:21:02,809 | INFO | signal-2
2023-06-20 13:21:02,809 | INFO | topic[/joint_angles] removing connection to http://172.26.171.145:36849/
2023-06-20 13:21:02,809 | INFO | signal-2
